ccollections
defaultdict
p0
(c__builtin__
list
p1
tp2
Rp3
Vlimited
p4
(lp5
(I67
I1
tp6
asVcode
p7
(lp8
(I10
I2
tp9
asVjason
p10
(lp11
(I22
I1
tp12
asVremarkable
p13
(lp14
(I1
I2
tp15
asVsquats
p16
(lp17
(I6
I1
tp18
asVbelieved
p19
(lp20
(I6
I1
tp21
asVbcbishop
p22
(lp23
(I22
I1
tp24
asVreal-time
p25
(lp26
(I1
I1
tp27
asVresults
p28
(lp29
(I6
I1
tp30
asVfour
p31
(lp32
(I22
I1
tp33
a(I6
I1
tp34
a(I67
I1
tp35
asVsleep
p36
(lp37
(I67
I1
tp38
asV/
p39
(lp40
(I67
I1
tp41
asV165
p42
(lp43
(I6
I1
tp44
asVphoto-sharing
p45
(lp46
(I3
I1
tp47
asVactivates
p48
(lp49
(I67
I1
tp50
asVdisplaying
p51
(lp52
(I3
I1
tp53
asVcompetition
p54
(lp55
(I67
I1
tp56
asVseemed
p57
(lp58
(I22
I1
tp59
asVextra
p60
(lp61
(I6
I1
tp62
asVcertainly
p63
(lp64
(I22
I2
tp65
a(I67
I1
tp66
asVapartment
p67
(lp68
(I22
I51
tp69
asVthemes
p70
(lp71
(I67
I1
tp72
asVphysiological
p73
(lp74
(I6
I1
tp75
asVcrunches
p76
(lp77
(I6
I1
tp78
asVtweet
p79
(lp80
(I10
I1
tp81
a(I22
I1
tp82
a(I3
I1
tp83
a(I6
I1
tp84
a(I67
I1
tp85
asVworth
p86
(lp87
(I10
I1
tp88
a(I67
I1
tp89
asVsend
p90
(lp91
(I67
I1
tp92
asVcommon
p93
(lp94
(I3
I1
tp95
asVfinally
p96
(lp97
(I3
I1
tp98
a(I6
I1
tp99
asVprogram
p100
(lp101
(I6
I1
tp102
asVdevice
p103
(lp104
(I6
I2
tp105
a(I67
I2
tp106
asVbarely
p107
(lp108
(I6
I2
tp109
asVsustain
p110
(lp111
(I6
I1
tp112
asVlawmakers
p113
(lp114
(I3
I1
tp115
asVsubscription
p116
(lp117
(I25
I50
tp118
asVdramatically
p119
(lp120
(I1
I2
tp121
asVsent
p122
(lp123
(I22
I51
tp124
asV@
p125
(lp126
(I10
I1
tp127
a(I22
I3
tp128
asVupdated
p129
(lp130
(I3
I1
tp131
asVunfortunately
p132
(lp133
(I67
I2
tp134
asVrisk
p135
(lp136
(I3
I1
tp137
asVbroadly
p138
(lp139
(I6
I1
tp140
asVoutside
p141
(lp142
(I22
I2
tp143
a(I3
I1
tp144
asVmicrosoft
p145
(lp146
(I6
I52
tp147
asVkeeping
p148
(lp149
(I10
I1
tp150
asVedgerton
p151
(lp152
(I22
I2
tp153
asVfacebook
p154
(lp155
(I10
I1
tp156
a(I17
I6
tp157
a(I22
I1
tp158
a(I25
I6
tp159
a(I3
I1
tp160
a(I32
I6
tp161
a(I6
I1
tp162
a(I67
I1
tp163
asVwo
p164
(lp165
(I6
I2
tp166
asVsurprise
p167
(lp168
(I10
I1
tp169
asVg.
p170
(lp171
(I22
I1
tp172
asVminute
p173
(lp174
(I6
I9
tp175
asVcool
p176
(lp177
(I22
I1
tp178
asVentire
p179
(lp180
(I22
I1
tp181
asVperceived
p182
(lp183
(I22
I2
tp184
asVimpressive
p185
(lp186
(I6
I1
tp187
asVlevel
p188
(lp189
(I6
I1
tp190
asVturns
p191
(lp192
(I22
I1
tp193
a(I6
I1
tp194
asVjoel
p195
(lp196
(I22
I1
tp197
asVtrackers
p198
(lp199
(I6
I1
tp200
asVposts
p201
(lp202
(I22
I1
tp203
asVprolonged
p204
(lp205
(I6
I1
tp206
asVlarge
p207
(lp208
(I22
I1
tp209
asVbrutal
p210
(lp211
(I6
I50
tp212
asVadjust
p213
(lp214
(I67
I1
tp215
asVdemonstrated
p216
(lp217
(I10
I1
tp218
asVquick
p219
(lp220
(I22
I1
tp221
asVmovie
p222
(lp223
(I22
I4
tp224
asVguy
p225
(lp226
(I22
I1
tp227
asVauthenticating
p228
(lp229
(I17
I1
tp230
a(I25
I1
tp231
a(I32
I1
tp232
asVprevent
p233
(lp234
(I3
I1
tp235
asVoverdo
p236
(lp237
(I6
I1
tp238
asVsays
p239
(lp240
(I67
I2
tp241
asVinstagram
p242
(lp243
(I22
I2
tp244
a(I3
I1
tp245
asVten
p246
(lp247
(I6
I1
tp248
asVmail
p249
(lp250
(I67
I1
tp251
asVsign
p252
(lp253
(I17
I1
tp254
a(I25
I1
tp255
a(I32
I1
tp256
asVpast
p257
(lp258
(I22
I1
tp259
asVrate
p260
(lp261
(I6
I10
tp262
a(I67
I1
tp263
asVvideo
p264
(lp265
(I1
I3
tp266
a(I17
I50
tp267
asVbooth
p268
(lp269
(I3
I1
tp270
asVcorner
p271
(lp272
(I10
I1
tp273
asVdownload
p274
(lp275
(I1
I1
tp276
asVnoticeably
p277
(lp278
(I6
I1
tp279
asVair
p280
(lp281
(I67
I1
tp282
asV11:49
p283
(lp284
(I1
I1
tp285
asVchair
p286
(lp287
(I6
I4
tp288
asVeven
p289
(lp290
(I10
I2
tp291
a(I22
I3
tp292
a(I3
I1
tp293
a(I6
I2
tp294
asVneo
p295
(lp296
(I22
I1
tp297
asVplays
p298
(lp299
(I6
I1
tp300
asVappear
p301
(lp302
(I67
I1
tp303
asVclock
p304
(lp305
(I6
I1
tp306
asVsaw
p307
(lp308
(I3
I1
tp309
asVschedule
p310
(lp311
(I6
I1
tp312
asVself-torture
p313
(lp314
(I6
I1
tp315
asVbrief
p316
(lp317
(I1
I50
tp318
a(I6
I2
tp319
asVcell
p320
(lp321
(I22
I1
tp322
asVconsistently
p323
(lp324
(I6
I1
tp325
asVwaiting
p326
(lp327
(I22
I1
tp328
asVversion
p329
(lp330
(I6
I1
tp331
asVcompanion
p332
(lp333
(I67
I1
tp334
asVusb
p335
(lp336
(I67
I1
tp337
asVnew
p338
(lp339
(I1
I3
tp340
a(I10
I2
tp341
a(I22
I1
tp342
a(I3
I5
tp343
a(I6
I3
tp344
a(I67
I50
tp345
asVoaks
p346
(lp347
(I22
I1
tp348
asVever
p349
(lp350
(I22
I1
tp351
a(I6
I1
tp352
a(I67
I2
tp353
asVmarketer
p354
(lp355
(I22
I50
tp356
asVfilled
p357
(lp358
(I3
I1
tp359
asVbody
p360
(lp361
(I6
I2
tp362
asVunsurprisingly
p363
(lp364
(I10
I1
tp365
asVhero
p366
(lp367
(I22
I1
tp368
asVbuzzes
p369
(lp370
(I6
I1
tp371
asVnotable
p372
(lp373
(I67
I2
tp374
asVnever
p375
(lp376
(I22
I1
tp377
asVwrapping
p378
(lp379
(I22
I1
tp380
asVvotes
p381
(lp382
(I3
I1
tp383
asVhours
p384
(lp385
(I22
I1
tp386
asVfollowing
p387
(lp388
(I22
I1
tp389
asVsealed
p390
(lp391
(I22
I1
tp392
asVoperating
p393
(lp394
(I1
I2
tp395
asVgroups
p396
(lp397
(I6
I1
tp398
asVothers
p399
(lp400
(I10
I1
tp401
asValong
p402
(lp403
(I22
I1
tp404
asVquite
p405
(lp406
(I67
I2
tp407
asVappears
p408
(lp409
(I1
I1
tp410
a(I67
I2
tp411
asVbox
p412
(lp413
(I22
I2
tp414
asVboy
p415
(lp416
(I22
I3
tp417
asVsearch
p418
(lp419
(I22
I1
tp420
a(I67
I1
tp421
asVbalance
p422
(lp423
(I6
I1
tp424
asVthirty
p425
(lp426
(I6
I1
tp427
asVbuckled
p428
(lp429
(I6
I1
tp430
asVreceive
p431
(lp432
(I17
I1
tp433
a(I22
I1
tp434
a(I25
I1
tp435
a(I32
I1
tp436
asVinvolved
p437
(lp438
(I6
I1
tp439
asV31
p440
(lp441
(I22
I1
tp442
asVchanged
p443
(lp444
(I1
I2
tp445
a(I10
I1
tp446
a(I22
I1
tp447
asVexperience
p448
(lp449
(I17
I2
tp450
a(I22
I1
tp451
a(I25
I2
tp452
a(I32
I2
tp453
asVbow
p454
(lp455
(I22
I1
tp456
asVpublished
p457
(lp458
(I6
I1
tp459
asVrule
p460
(lp461
(I6
I1
tp462
asVmenu
p463
(lp464
(I67
I1
tp465
asVgear
p466
(lp467
(I6
I1
tp468
asVpick
p469
(lp470
(I22
I1
tp471
a(I67
I1
tp472
asVi\u2019ve
p473
(lp474
(I22
I3
tp475
asVopinion
p476
(lp477
(I6
I1
tp478
asVweird
p479
(lp480
(I10
I1
tp481
asV12-month
p482
(lp483
(I25
I50
tp484
asVoptions
p485
(lp486
(I67
I3
tp487
asVyork
p488
(lp489
(I6
I1
tp490
asVprints
p491
(lp492
(I22
I1
tp493
asVapple
p494
(lp495
(I32
I50
tp496
a(I67
I4
tp497
asVcampaign
p498
(lp499
(I22
I1
tp500
asVstatewide
p501
(lp502
(I3
I1
tp503
asVcollected
p504
(lp505
(I67
I1
tp506
asVimportant
p507
(lp508
(I6
I1
tp509
asVmanage
p510
(lp511
(I6
I1
tp512
a(I67
I1
tp513
asVmarked
p514
(lp515
(I3
I1
tp516
asVjolt
p517
(lp518
(I22
I1
tp519
asVcontrols
p520
(lp521
(I67
I1
tp522
asVverge
p523
(lp524
(I1
I51
tp525
a(I10
I50
tp526
a(I17
I51
tp527
a(I22
I50
tp528
a(I25
I51
tp529
a(I3
I50
tp530
a(I32
I51
tp531
a(I6
I50
tp532
a(I67
I50
tp533
asVperhaps
p534
(lp535
(I67
I1
tp536
asVproprietary
p537
(lp538
(I67
I1
tp539
asVcoercion
p540
(lp541
(I3
I1
tp542
asVmarket
p543
(lp544
(I22
I1
tp545
a(I67
I1
tp546
asVvoter
p547
(lp548
(I3
I1
tp549
asVuse
p550
(lp551
(I22
I4
tp552
a(I67
I6
tp553
asVcharge
p554
(lp555
(I67
I1
tp556
asVeye
p557
(lp558
(I10
I1
tp559
asVmarketers
p560
(lp561
(I22
I1
tp562
asVwould
p563
(lp564
(I17
I1
tp565
a(I22
I1
tp566
a(I25
I1
tp567
a(I32
I1
tp568
asVremains
p569
(lp570
(I3
I1
tp571
asVillegal
p572
(lp573
(I3
I1
tp574
asVprofessional-grade
p575
(lp576
(I6
I1
tp577
asVvisit
p578
(lp579
(I22
I1
tp580
asVtwo
p581
(lp582
(I6
I2
tp583
a(I67
I3
tp584
asVnext
p585
(lp586
(I10
I1
tp587
a(I22
I1
tp588
asVworn
p589
(lp590
(I6
I1
tp591
asVcamera
p592
(lp593
(I67
I1
tp594
asVcall
p595
(lp596
(I10
I54
tp597
asViphone
p598
(lp599
(I67
I50
tp600
asV6
p601
(lp602
(I1
I2
tp603
a(I6
I1
tp604
asVmysterious
p605
(lp606
(I10
I1
tp607
a(I22
I1
tp608
asVstep-up
p609
(lp610
(I6
I1
tp611
asVtoday
p612
(lp613
(I32
I50
tp614
asVflat
p615
(lp616
(I6
I1
tp617
asV``
p618
(lp619
(I22
I5
tp620
a(I3
I1
tp621
a(I6
I3
tp622
a(I67
I2
tp623
asVsharing
p624
(lp625
(I17
I1
tp626
a(I25
I1
tp627
a(I32
I1
tp628
asVdoor
p629
(lp630
(I22
I3
tp631
asVjournalists
p632
(lp633
(I22
I1
tp634
asVupcoming
p635
(lp636
(I67
I1
tp637
asVbrings
p638
(lp639
(I6
I1
tp640
a(I67
I1
tp641
asVcompany
p642
(lp643
(I22
I1
tp644
a(I67
I1
tp645
asVenvelope
p646
(lp647
(I22
I2
tp648
asVdammit
p649
(lp650
(I22
I2
tp651
asVgyroscope
p652
(lp653
(I67
I1
tp654
asVphone
p655
(lp656
(I1
I1
tp657
a(I22
I1
tp658
a(I67
I7
tp659
asVteaser
p660
(lp661
(I10
I1
tp662
asVtrain
p663
(lp664
(I6
I1
tp665
asVeverywhere
p666
(lp667
(I6
I1
tp668
asVashamed
p669
(lp670
(I22
I1
tp671
asVparticular
p672
(lp673
(I10
I1
tp674
asVprofessor
p675
(lp676
(I6
I1
tp677
asVcases
p678
(lp679
(I3
I1
tp680
asVhold
p681
(lp682
(I6
I2
tp683
asVeffort
p684
(lp685
(I6
I2
tp686
asVoverdoing
p687
(lp688
(I6
I1
tp689
asVcircumstances
p690
(lp691
(I22
I1
tp692
a(I67
I1
tp693
asVstates
p694
(lp695
(I3
I1
tp696
asVaccount
p697
(lp698
(I10
I1
tp699
a(I17
I4
tp700
a(I25
I4
tp701
a(I32
I4
tp702
asVinclude
p703
(lp704
(I6
I1
tp705
asVwore
p706
(lp707
(I6
I1
tp708
asVhour
p709
(lp710
(I22
I1
tp711
a(I6
I1
tp712
asVrights
p713
(lp714
(I3
I1
tp715
asVwork
p716
(lp717
(I22
I2
tp718
a(I6
I1
tp719
a(I67
I2
tp720
asVpour
p721
(lp722
(I22
I1
tp723
asVcat
p724
(lp725
(I22
I55
tp726
asVdonut
p727
(lp728
(I1
I1
tp729
asVobvious
p730
(lp731
(I22
I1
tp732
a(I6
I1
tp733
asVthin
p734
(lp735
(I22
I1
tp736
asVlearn
p737
(lp738
(I17
I1
tp739
a(I25
I1
tp740
a(I32
I1
tp741
asVgrowing
p742
(lp743
(I22
I1
tp744
asVmeet
p745
(lp746
(I22
I1
tp747
asVmetal
p748
(lp749
(I67
I2
tp750
asVvoice-activated
p751
(lp752
(I67
I1
tp753
asVone-arm
p754
(lp755
(I6
I1
tp756
asVhistory
p757
(lp758
(I1
I51
tp759
asVcontrol
p760
(lp761
(I67
I1
tp762
asVheart
p763
(lp764
(I6
I10
tp765
a(I67
I1
tp766
asVdedicated
p767
(lp768
(I17
I1
tp769
a(I25
I1
tp770
a(I32
I1
tp771
asV172
p772
(lp773
(I6
I1
tp774
asVnipple_nicholas
p775
(lp776
(I10
I1
tp777
asVdecember
p778
(lp779
(I1
I1
tp780
asVnewsletters
p781
(lp782
(I17
I1
tp783
a(I25
I1
tp784
a(I32
I1
tp785
asVshare
p786
(lp787
(I10
I3
tp788
a(I17
I1
tp789
a(I22
I4
tp790
a(I25
I1
tp791
a(I3
I3
tp792
a(I32
I1
tp793
a(I6
I3
tp794
a(I67
I3
tp795
asVtopic
p796
(lp797
(I3
I1
tp798
asVn't
p799
(lp800
(I10
I1
tp801
a(I22
I1
tp802
a(I6
I4
tp803
a(I67
I7
tp804
asVknees
p805
(lp806
(I6
I1
tp807
asVsomething
p808
(lp809
(I22
I1
tp810
a(I67
I1
tp811
asVwant
p812
(lp813
(I22
I2
tp814
asVsense
p815
(lp816
(I22
I1
tp817
a(I6
I1
tp818
asVsought
p819
(lp820
(I3
I1
tp821
asVevery
p822
(lp823
(I22
I2
tp824
a(I67
I2
tp825
asVgordo
p826
(lp827
(I22
I2
tp828
asVstory
p829
(lp830
(I22
I1
tp831
asV!
p832
(lp833
(I17
I1
tp834
a(I25
I1
tp835
a(I32
I1
tp836
a(I6
I4
tp837
asV5.1
p838
(lp839
(I1
I1
tp840
asVneeds
p841
(lp842
(I6
I1
tp843
a(I67
I1
tp844
asVunited
p845
(lp846
(I3
I1
tp847
asVmonitoring
p848
(lp849
(I67
I1
tp850
asVawkward
p851
(lp852
(I22
I1
tp853
a(I67
I2
tp854
asVsit
p855
(lp856
(I6
I1
tp857
asVprovide
p858
(lp859
(I17
I2
tp860
a(I25
I2
tp861
a(I32
I2
tp862
asVmeans
p863
(lp864
(I22
I1
tp865
a(I3
I1
tp866
asVfeature
p867
(lp868
(I1
I1
tp869
a(I67
I1
tp870
asVhampshire
p871
(lp872
(I3
I5
tp873
asVmaps
p874
(lp875
(I10
I1
tp876
asVamazing
p877
(lp878
(I22
I1
tp879
asVvital
p880
(lp881
(I6
I1
tp882
asVoption
p883
(lp884
(I67
I1
tp885
asVendorsement
p886
(lp887
(I22
I1
tp888
asVinstead
p889
(lp890
(I17
I4
tp891
a(I22
I1
tp892
a(I25
I4
tp893
a(I32
I4
tp894
asVh7
p895
(lp896
(I6
I1
tp897
asVcharging
p898
(lp899
(I67
I1
tp900
asVsweat
p901
(lp902
(I6
I2
tp903
asV144
p904
(lp905
(I6
I1
tp906
asVokay
p907
(lp908
(I22
I1
tp909
asVtried
p910
(lp911
(I67
I1
tp912
asVinformation
p913
(lp914
(I17
I1
tp915
a(I25
I1
tp916
a(I32
I1
tp917
asVreps
p918
(lp919
(I6
I2
tp920
asVearlier
p921
(lp922
(I10
I1
tp923
asVsponsors
p924
(lp925
(I17
I1
tp926
a(I25
I1
tp927
a(I32
I1
tp928
asVfueled
p929
(lp930
(I6
I1
tp931
asVplane
p932
(lp933
(I22
I1
tp934
asVwrist
p935
(lp936
(I67
I2
tp937
asVdesigned
p938
(lp939
(I6
I2
tp940
asVcoming
p941
(lp942
(I10
I1
tp943
a(I67
I1
tp944
asVimproving
p945
(lp946
(I6
I1
tp947
asVsuing
p948
(lp949
(I3
I1
tp950
asVlaw
p951
(lp952
(I3
I2
tp953
asVrevealed
p954
(lp955
(I22
I1
tp956
a(I67
I1
tp957
asVexcited
p958
(lp959
(I22
I3
tp960
asVshort
p961
(lp962
(I6
I1
tp963
asVremember
p964
(lp965
(I22
I1
tp966
a(I6
I1
tp967
asVthird
p968
(lp969
(I22
I1
tp970
asVonto
p971
(lp972
(I6
I2
tp973
asVseconds
p974
(lp975
(I6
I3
tp976
asVfeels
p977
(lp978
(I6
I1
tp979
a(I67
I2
tp980
asVfictional
p981
(lp982
(I22
I1
tp983
asVvibe
p984
(lp985
(I22
I1
tp986
asVmaintain
p987
(lp988
(I6
I1
tp989
asVgreen
p990
(lp991
(I22
I3
tp992
asVallow
p993
(lp994
(I6
I1
tp995
asVkeeps
p996
(lp997
(I1
I1
tp998
asVfan
p999
(lp1000
(I22
I2
tp1001
asVegg
p1002
(lp1003
(I10
I51
tp1004
asVorder
p1005
(lp1006
(I17
I1
tp1007
a(I25
I1
tp1008
a(I32
I1
tp1009
a(I6
I1
tp1010
asVstandard-issue
p1011
(lp1012
(I10
I1
tp1013
asVcute
p1014
(lp1015
(I10
I1
tp1016
asVaforementioned
p1017
(lp1018
(I67
I1
tp1019
asVconstitutionally-protected
p1020
(lp1021
(I3
I1
tp1022
asVindeed
p1023
(lp1024
(I6
I1
tp1025
asVfall
p1026
(lp1027
(I6
I1
tp1028
asVvary
p1029
(lp1030
(I6
I1
tp1031
asVsoon
p1032
(lp1033
(I1
I1
tp1034
asVyears
p1035
(lp1036
(I1
I2
tp1037
a(I22
I1
tp1038
a(I3
I1
tp1039
asVstride
p1040
(lp1041
(I6
I1
tp1042
asVincluding
p1043
(lp1044
(I3
I1
tp1045
asVdirects
p1046
(lp1047
(I22
I1
tp1048
asVfalling
p1049
(lp1050
(I6
I1
tp1051
asVmentioned
p1052
(lp1053
(I22
I1
tp1054
asVhell
p1055
(lp1056
(I22
I1
tp1057
a(I6
I50
tp1058
asVstill
p1059
(lp1060
(I22
I1
tp1061
a(I6
I1
tp1062
asVcardiovascular
p1063
(lp1064
(I6
I1
tp1065
asVperfect
p1066
(lp1067
(I32
I50
tp1068
asVstyle
p1069
(lp1070
(I6
I1
tp1071
a(I67
I1
tp1072
asVpolice
p1073
(lp1074
(I3
I1
tp1075
asVthank
p1076
(lp1077
(I22
I1
tp1078
asVpersonal
p1079
(lp1080
(I22
I1
tp1081
asVsucceeds
p1082
(lp1083
(I3
I1
tp1084
asVcouldn\u2019t
p1085
(lp1086
(I22
I2
tp1087
asV,
p1088
(lp1089
(I1
I11
tp1090
a(I10
I14
tp1091
a(I17
I9
tp1092
a(I22
I47
tp1093
a(I25
I59
tp1094
a(I3
I11
tp1095
a(I32
I9
tp1096
a(I6
I64
tp1097
a(I67
I47
tp1098
asVhandheld
p1099
(lp1100
(I22
I1
tp1101
asVactually
p1102
(lp1103
(I22
I1
tp1104
a(I3
I1
tp1105
asVbetter
p1106
(lp1107
(I17
I1
tp1108
a(I25
I1
tp1109
a(I32
I1
tp1110
a(I67
I1
tp1111
asVplatform
p1112
(lp1113
(I1
I1
tp1114
asVwindow
p1115
(lp1116
(I22
I1
tp1117
asVoccasionally
p1118
(lp1119
(I6
I1
tp1120
a(I67
I1
tp1121
asVchoose
p1122
(lp1123
(I17
I1
tp1124
a(I25
I1
tp1125
a(I32
I1
tp1126
asV2015
p1127
(lp1128
(I1
I1
tp1129
a(I10
I1
tp1130
a(I22
I1
tp1131
a(I67
I1
tp1132
asV2014
p1133
(lp1134
(I1
I1
tp1135
asVhidden
p1136
(lp1137
(I67
I1
tp1138
asVmain
p1139
(lp1140
(I67
I2
tp1141
asVmight
p1142
(lp1143
(I10
I1
tp1144
a(I22
I1
tp1145
a(I67
I1
tp1146
asVfines
p1147
(lp1148
(I3
I2
tp1149
asV2012
p1150
(lp1151
(I10
I1
tp1152
a(I3
I1
tp1153
asVbusy
p1154
(lp1155
(I6
I1
tp1156
asVcoffee
p1157
(lp1158
(I22
I2
tp1159
asVsomeone
p1160
(lp1161
(I22
I1
tp1162
asVsomebody
p1163
(lp1164
(I22
I1
tp1165
asVsimilar
p1166
(lp1167
(I67
I1
tp1168
asVworkout
p1169
(lp1170
(I6
I63
tp1171
asVsafe
p1172
(lp1173
(I22
I1
tp1174
asVruns
p1175
(lp1176
(I6
I1
tp1177
asVcupcake
p1178
(lp1179
(I1
I1
tp1180
asVband
p1181
(lp1182
(I6
I53
tp1183
a(I67
I1
tp1184
asVbang
p1185
(lp1186
(I6
I1
tp1187
asVces
p1188
(lp1189
(I22
I1
tp1190
a(I67
I1
tp1191
asV\u201880s
p1192
(lp1193
(I22
I2
tp1194
asVdocumented
p1195
(lp1196
(I22
I1
tp1197
asVtraveled
p1198
(lp1199
(I67
I1
tp1200
asVday
p1201
(lp1202
(I22
I1
tp1203
a(I6
I1
tp1204
a(I67
I2
tp1205
asVrunners
p1206
(lp1207
(I6
I1
tp1208
asVbryan
p1209
(lp1210
(I22
I1
tp1211
asVgets
p1212
(lp1213
(I3
I1
tp1214
a(I6
I1
tp1215
asVname
p1216
(lp1217
(I22
I1
tp1218
a(I3
I1
tp1219
asVtampering
p1220
(lp1221
(I3
I1
tp1222
asValways
p1223
(lp1224
(I22
I2
tp1225
asVdelicate
p1226
(lp1227
(I6
I1
tp1228
asVroutines
p1229
(lp1230
(I6
I1
tp1231
asVexercise-enthusiast
p1232
(lp1233
(I6
I1
tp1234
asVgoofy
p1235
(lp1236
(I67
I1
tp1237
asVfitness
p1238
(lp1239
(I6
I2
tp1240
asVmicro-textured
p1241
(lp1242
(I67
I1
tp1243
asVfound
p1244
(lp1245
(I10
I1
tp1246
a(I3
I1
tp1247
asVfeeds
p1248
(lp1249
(I22
I1
tp1250
asVside
p1251
(lp1252
(I22
I1
tp1253
a(I6
I2
tp1254
asVtrailer
p1255
(lp1256
(I22
I1
tp1257
asVnotify
p1258
(lp1259
(I67
I1
tp1260
asVeh
p1261
(lp1262
(I6
I1
tp1263
asVindependent
p1264
(lp1265
(I3
I1
tp1266
asVhouse
p1267
(lp1268
(I22
I2
tp1269
asVhard
p1270
(lp1271
(I6
I3
tp1272
asVessentially
p1273
(lp1274
(I6
I1
tp1275
asVidea
p1276
(lp1277
(I22
I1
tp1278
asVgroup
p1279
(lp1280
(I6
I1
tp1281
asVcarry
p1282
(lp1283
(I6
I1
tp1284
asVfinish
p1285
(lp1286
(I6
I2
tp1287
asVforgot
p1288
(lp1289
(I17
I4
tp1290
a(I25
I4
tp1291
a(I32
I4
tp1292
asVlogo
p1293
(lp1294
(I22
I1
tp1295
asVghosts
p1296
(lp1297
(I10
I1
tp1298
asVreally
p1299
(lp1300
(I22
I1
tp1301
asVtry
p1302
(lp1303
(I17
I2
tp1304
a(I25
I2
tp1305
a(I32
I2
tp1306
asVgiven
p1307
(lp1308
(I67
I1
tp1309
asVbateman\u2019s
p1310
(lp1311
(I22
I1
tp1312
asVmatrix
p1313
(lp1314
(I22
I1
tp1315
asV'
p1316
(lp1317
(I1
I1
tp1318
a(I3
I1
tp1319
a(I32
I50
tp1320
a(I67
I2
tp1321
asVentertainment
p1322
(lp1323
(I22
I1
tp1324
asVannounces
p1325
(lp1326
(I17
I50
tp1327
asVjump
p1328
(lp1329
(I6
I1
tp1330
asVsince
p1331
(lp1332
(I22
I1
tp1333
a(I6
I1
tp1334
asVtomorrow
p1335
(lp1336
(I25
I50
tp1337
asVkeys
p1338
(lp1339
(I67
I1
tp1340
asVseriously
p1341
(lp1342
(I6
I1
tp1343
asVhealth
p1344
(lp1345
(I6
I1
tp1346
a(I67
I2
tp1347
asV7
p1348
(lp1349
(I10
I1
tp1350
a(I6
I53
tp1351
asVinternet
p1352
(lp1353
(I22
I1
tp1354
a(I3
I1
tp1355
asVgot
p1356
(lp1357
(I1
I1
tp1358
a(I10
I1
tp1359
a(I22
I3
tp1360
a(I6
I2
tp1361
asV170
p1362
(lp1363
(I6
I1
tp1364
asVred
p1365
(lp1366
(I67
I1
tp1367
asVshows
p1368
(lp1369
(I10
I1
tp1370
asVe-
p1371
(lp1372
(I67
I1
tp1373
asVsxsw
p1374
(lp1375
(I22
I1
tp1376
asVgibola
p1377
(lp1378
(I6
I1
tp1379
asVstate
p1380
(lp1381
(I3
I2
tp1382
asVlunges
p1383
(lp1384
(I6
I2
tp1385
asVguess
p1386
(lp1387
(I10
I1
tp1388
asVgroupthink
p1389
(lp1390
(I22
I1
tp1391
asVstrap
p1392
(lp1393
(I6
I5
tp1394
asVsmall
p1395
(lp1396
(I22
I1
tp1397
a(I67
I3
tp1398
asVreason
p1399
(lp1400
(I22
I2
tp1401
asVconditioning
p1402
(lp1403
(I6
I1
tp1404
asVjacks
p1405
(lp1406
(I6
I3
tp1407
asVlatest
p1408
(lp1409
(I67
I1
tp1410
asVask
p1411
(lp1412
(I17
I1
tp1413
a(I25
I1
tp1414
a(I32
I1
tp1415
asVtraining
p1416
(lp1417
(I6
I2
tp1418
asVattendant
p1419
(lp1420
(I10
I1
tp1421
asV149
p1422
(lp1423
(I67
I1
tp1424
asVbeginning
p1425
(lp1426
(I1
I1
tp1427
a(I6
I1
tp1428
asVlollipop
p1429
(lp1430
(I1
I1
tp1431
asVe3
p1432
(lp1433
(I10
I1
tp1434
asVcare
p1435
(lp1436
(I10
I1
tp1437
a(I22
I1
tp1438
a(I6
I1
tp1439
asVcode-like
p1440
(lp1441
(I10
I1
tp1442
asVbefriended
p1443
(lp1444
(I10
I1
tp1445
asVperform
p1446
(lp1447
(I6
I1
tp1448
asVbenefits
p1449
(lp1450
(I6
I1
tp1451
asVslice
p1452
(lp1453
(I67
I1
tp1454
asVdeleting
p1455
(lp1456
(I22
I1
tp1457
asVcould
p1458
(lp1459
(I22
I2
tp1460
a(I3
I1
tp1461
a(I6
I4
tp1462
asVmessages
p1463
(lp1464
(I3
I1
tp1465
asVdays
p1466
(lp1467
(I22
I1
tp1468
a(I6
I1
tp1469
a(I67
I2
tp1470
asVtimes
p1471
(lp1472
(I22
I1
tp1473
a(I6
I1
tp1474
asVthing
p1475
(lp1476
(I22
I2
tp1477
asVamerican
p1478
(lp1479
(I3
I1
tp1480
asVjumping
p1481
(lp1482
(I6
I6
tp1483
asVplace
p1484
(lp1485
(I22
I1
tp1486
asVcircuit
p1487
(lp1488
(I6
I1
tp1489
asVswiping
p1490
(lp1491
(I67
I1
tp1492
asVapp
p1493
(lp1494
(I67
I2
tp1495
asVpleasant
p1496
(lp1497
(I6
I1
tp1498
asVthink
p1499
(lp1500
(I22
I1
tp1501
a(I6
I1
tp1502
a(I67
I1
tp1503
asV'd
p1504
(lp1505
(I6
I1
tp1506
a(I67
I1
tp1507
asVfirst
p1508
(lp1509
(I22
I2
tp1510
a(I67
I2
tp1511
asVfeed
p1512
(lp1513
(I22
I1
tp1514
asVinfo
p1515
(lp1516
(I67
I1
tp1517
asVintuition
p1518
(lp1519
(I6
I1
tp1520
asValready
p1521
(lp1522
(I3
I1
tp1523
a(I6
I1
tp1524
asVfeatures
p1525
(lp1526
(I67
I2
tp1527
asVscanning
p1528
(lp1529
(I10
I1
tp1530
asVfeel
p1531
(lp1532
(I22
I1
tp1533
a(I6
I1
tp1534
a(I67
I1
tp1535
asVquestion
p1536
(lp1537
(I6
I1
tp1538
asVpowerful
p1539
(lp1540
(I3
I1
tp1541
asVmisplace
p1542
(lp1543
(I67
I1
tp1544
asVone
p1545
(lp1546
(I1
I3
tp1547
a(I22
I2
tp1548
a(I3
I1
tp1549
a(I6
I51
tp1550
asVprice
p1551
(lp1552
(I67
I1
tp1553
asVimprovements
p1554
(lp1555
(I6
I1
tp1556
asVdone
p1557
(lp1558
(I17
I1
tp1559
a(I25
I1
tp1560
a(I32
I1
tp1561
asVlong
p1562
(lp1563
(I3
I1
tp1564
a(I6
I1
tp1565
asVanother
p1566
(lp1567
(I17
I2
tp1568
a(I22
I2
tp1569
a(I25
I2
tp1570
a(I3
I1
tp1571
a(I32
I2
tp1572
a(I67
I1
tp1573
asVvote
p1574
(lp1575
(I3
I3
tp1576
asVanonymity
p1577
(lp1578
(I3
I1
tp1579
asVring
p1580
(lp1581
(I67
I1
tp1582
asVprecisely
p1583
(lp1584
(I10
I1
tp1585
asVopen
p1586
(lp1587
(I22
I1
tp1588
asVhey
p1589
(lp1590
(I22
I1
tp1591
asVsize
p1592
(lp1593
(I22
I1
tp1594
asVlittle
p1595
(lp1596
(I10
I1
tp1597
a(I22
I1
tp1598
a(I67
I1
tp1599
asVnecessarily
p1600
(lp1601
(I6
I1
tp1602
asVchecked
p1603
(lp1604
(I6
I1
tp1605
asVmonkey
p1606
(lp1607
(I22
I1
tp1608
asVprivacy
p1609
(lp1610
(I17
I1
tp1611
a(I25
I1
tp1612
a(I32
I1
tp1613
asVdata
p1614
(lp1615
(I17
I2
tp1616
a(I25
I2
tp1617
a(I32
I2
tp1618
a(I6
I1
tp1619
a(I67
I1
tp1620
asVtop
p1621
(lp1622
(I6
I1
tp1623
asVengagement
p1624
(lp1625
(I3
I1
tp1626
asVsystem
p1627
(lp1628
(I1
I3
tp1629
asVleast
p1630
(lp1631
(I3
I1
tp1632
a(I6
I3
tp1633
a(I67
I2
tp1634
asVplank
p1635
(lp1636
(I6
I3
tp1637
asVanyone
p1638
(lp1639
(I10
I1
tp1640
a(I6
I1
tp1641
asVconfirming
p1642
(lp1643
(I17
I1
tp1644
a(I25
I1
tp1645
a(I32
I1
tp1646
asV2
p1647
(lp1648
(I10
I51
tp1649
asVsteep
p1650
(lp1651
(I3
I1
tp1652
asVwrapped
p1653
(lp1654
(I22
I1
tp1655
asVwhite
p1656
(lp1657
(I22
I2
tp1658
a(I67
I1
tp1659
asVfinal
p1660
(lp1661
(I22
I1
tp1662
asVstore
p1663
(lp1664
(I17
I1
tp1665
a(I25
I1
tp1666
a(I32
I1
tp1667
asVphotoshopped
p1668
(lp1669
(I22
I1
tp1670
asVpervasive
p1671
(lp1672
(I1
I2
tp1673
asVexcellent
p1674
(lp1675
(I3
I1
tp1676
asVselling
p1677
(lp1678
(I22
I1
tp1679
asVlot
p1680
(lp1681
(I22
I1
tp1682
a(I3
I1
tp1683
asVrelationship
p1684
(lp1685
(I3
I1
tp1686
asVbehind
p1687
(lp1688
(I22
I1
tp1689
asVcompass
p1690
(lp1691
(I67
I1
tp1692
asVcompleted
p1693
(lp1694
(I3
I4
tp1695
asVsuit
p1696
(lp1697
(I3
I1
tp1698
asVimprinted
p1699
(lp1700
(I22
I1
tp1701
asVvibrate
p1702
(lp1703
(I67
I1
tp1704
asVwronging
p1705
(lp1706
(I22
I1
tp1707
asVdozen
p1708
(lp1709
(I6
I1
tp1710
asVtranslation
p1711
(lp1712
(I1
I1
tp1713
asVwaking
p1714
(lp1715
(I22
I1
tp1716
asVstairs
p1717
(lp1718
(I22
I1
tp1719
asVneck
p1720
(lp1721
(I6
I1
tp1722
asVloved
p1723
(lp1724
(I22
I1
tp1725
asVkind
p1726
(lp1727
(I22
I1
tp1728
asV\u203a
p1729
(lp1730
(I67
I1
tp1731
asVeffective
p1732
(lp1733
(I22
I1
tp1734
asVtaken
p1735
(lp1736
(I67
I1
tp1737
asVoutlaw
p1738
(lp1739
(I3
I1
tp1740
asVlegalize
p1741
(lp1742
(I3
I1
tp1743
asVsub-130
p1744
(lp1745
(I6
I1
tp1746
asVoptimism
p1747
(lp1748
(I6
I2
tp1749
asVphotographing
p1750
(lp1751
(I3
I1
tp1752
asVproject
p1753
(lp1754
(I3
I1
tp1755
asVmatter
p1756
(lp1757
(I22
I1
tp1758
asVfuture
p1759
(lp1760
(I6
I2
tp1761
asVfriend
p1762
(lp1763
(I10
I1
tp1764
a(I22
I1
tp1765
asVloves
p1766
(lp1767
(I22
I1
tp1768
asVfeeling
p1769
(lp1770
(I3
I1
tp1771
a(I6
I1
tp1772
asVstx
p1773
(lp1774
(I22
I1
tp1775
asVrunners\u2019
p1776
(lp1777
(I6
I1
tp1778
asVparticipation
p1779
(lp1780
(I3
I1
tp1781
asVmotivation
p1782
(lp1783
(I6
I1
tp1784
asVnavigate
p1785
(lp1786
(I67
I1
tp1787
asVturned
p1788
(lp1789
(I6
I1
tp1790
asVmeasure
p1791
(lp1792
(I67
I1
tp1793
asVinvalidated
p1794
(lp1795
(I3
I1
tp1796
asVcomfortable
p1797
(lp1798
(I22
I1
tp1799
asVtalking
p1800
(lp1801
(I22
I1
tp1802
asVsmaller
p1803
(lp1804
(I67
I1
tp1805
asVrap
p1806
(lp1807
(I32
I50
tp1808
asVcrank
p1809
(lp1810
(I6
I1
tp1811
asVseen
p1812
(lp1813
(I67
I1
tp1814
asVseem
p1815
(lp1816
(I6
I1
tp1817
asVwell\u2026
p1818
(lp1819
(I22
I1
tp1820
asVapparently
p1821
(lp1822
(I10
I1
tp1823
asVtells
p1824
(lp1825
(I1
I1
tp1826
asVrelatively
p1827
(lp1828
(I6
I1
tp1829
asVspeaking
p1830
(lp1831
(I6
I1
tp1832
asVpush-ups
p1833
(lp1834
(I6
I1
tp1835
asVmio
p1836
(lp1837
(I6
I1
tp1838
asVperson
p1839
(lp1840
(I3
I1
tp1841
asVconvenient
p1842
(lp1843
(I6
I1
tp1844
asVoffer
p1845
(lp1846
(I67
I1
tp1847
asV-
p1848
(lp1849
(I22
I1
tp1850
asVgravity
p1851
(lp1852
(I6
I1
tp1853
asVincentive
p1854
(lp1855
(I6
I1
tp1856
asVport
p1857
(lp1858
(I67
I1
tp1859
asVnote
p1860
(lp1861
(I22
I2
tp1862
asValso
p1863
(lp1864
(I10
I1
tp1865
a(I17
I1
tp1866
a(I22
I2
tp1867
a(I25
I1
tp1868
a(I3
I1
tp1869
a(I32
I1
tp1870
a(I6
I1
tp1871
a(I67
I2
tp1872
asVhigh
p1873
(lp1874
(I6
I5
tp1875
asVpotential
p1876
(lp1877
(I22
I1
tp1878
asVdrift0r
p1879
(lp1880
(I10
I2
tp1881
asVtake
p1882
(lp1883
(I6
I1
tp1884
asVonline
p1885
(lp1886
(I22
I2
tp1887
a(I3
I1
tp1888
asVperformance
p1889
(lp1890
(I6
I1
tp1891
asVpersonalized
p1892
(lp1893
(I22
I1
tp1894
asVregistered
p1895
(lp1896
(I17
I1
tp1897
a(I25
I1
tp1898
a(I32
I1
tp1899
asVcosby
p1900
(lp1901
(I22
I2
tp1902
asVbegin
p1903
(lp1904
(I6
I1
tp1905
asVpain
p1906
(lp1907
(I6
I3
tp1908
asVthough
p1909
(lp1910
(I1
I2
tp1911
a(I6
I1
tp1912
a(I67
I2
tp1913
asVtrack
p1914
(lp1915
(I6
I1
tp1916
asVglob
p1917
(lp1918
(I22
I1
tp1919
asVsherman
p1920
(lp1921
(I22
I1
tp1922
asVclearer
p1923
(lp1924
(I22
I1
tp1925
asVexercise-grade
p1926
(lp1927
(I6
I1
tp1928
asVwasn\u2019t
p1929
(lp1930
(I22
I1
tp1931
asVprinted
p1932
(lp1933
(I22
I1
tp1934
asVkitkat
p1935
(lp1936
(I1
I1
tp1937
asVentry
p1938
(lp1939
(I67
I1
tp1940
asVnothing
p1941
(lp1942
(I10
I1
tp1943
a(I22
I1
tp1944
a(I6
I1
tp1945
asVexerciser
p1946
(lp1947
(I6
I1
tp1948
asV49.90
p1949
(lp1950
(I25
I50
tp1951
asVmacbook
p1952
(lp1953
(I32
I50
tp1954
asVthriller
p1955
(lp1956
(I22
I1
tp1957
asVso-called
p1958
(lp1959
(I6
I1
tp1960
asVforever
p1961
(lp1962
(I6
I1
tp1963
asVespecially
p1964
(lp1965
(I22
I1
tp1966
asVnotifications
p1967
(lp1968
(I67
I2
tp1969
asVmobile
p1970
(lp1971
(I1
I4
tp1972
asVathletes
p1973
(lp1974
(I6
I1
tp1975
asVaverage
p1976
(lp1977
(I6
I1
tp1978
asVlater
p1979
(lp1980
(I22
I1
tp1981
a(I67
I1
tp1982
asVupset
p1983
(lp1984
(I22
I1
tp1985
asVdog
p1986
(lp1987
(I3
I1
tp1988
asVface
p1989
(lp1990
(I67
I1
tp1991
asVlooked
p1992
(lp1993
(I22
I1
tp1994
asVways
p1995
(lp1996
(I67
I1
tp1997
asVpoints
p1998
(lp1999
(I10
I1
tp2000
asVsnapshot
p2001
(lp2002
(I22
I1
tp2003
asVpictures
p2004
(lp2005
(I22
I6
tp2006
asVlink
p2007
(lp2008
(I17
I1
tp2009
a(I25
I1
tp2010
a(I32
I1
tp2011
asVvoting
p2012
(lp2013
(I3
I52
tp2014
asVbateman
p2015
(lp2016
(I22
I1
tp2017
asVfact
p2018
(lp2019
(I22
I1
tp2020
a(I67
I1
tp2021
asVstrenuous
p2022
(lp2023
(I6
I1
tp2024
asVperspective
p2025
(lp2026
(I67
I2
tp2027
asVincorporate
p2028
(lp2029
(I6
I1
tp2030
asVmultimedia
p2031
(lp2032
(I67
I2
tp2033
asVset
p2034
(lp2035
(I67
I1
tp2036
asVintensity
p2037
(lp2038
(I6
I3
tp2039
asVfilled-out
p2040
(lp2041
(I3
I1
tp2042
asVviolation
p2043
(lp2044
(I22
I1
tp2045
a(I3
I1
tp2046
asVable
p2047
(lp2048
(I6
I1
tp2049
asVdiscovered
p2050
(lp2051
(I10
I1
tp2052
a(I6
I1
tp2053
asVsanctity
p2054
(lp2055
(I3
I1
tp2056
asVcolors
p2057
(lp2058
(I67
I1
tp2059
asVsubtle
p2060
(lp2061
(I10
I1
tp2062
asVdoesn\u2019t
p2063
(lp2064
(I22
I1
tp2065
asVfine
p2066
(lp2067
(I67
I1
tp2068
asVfind
p2069
(lp2070
(I6
I1
tp2071
asVground
p2072
(lp2073
(I6
I1
tp2074
asVpartners
p2075
(lp2076
(I17
I1
tp2077
a(I25
I1
tp2078
a(I32
I1
tp2079
asVexercise
p2080
(lp2081
(I6
I4
tp2082
asVslow
p2083
(lp2084
(I6
I1
tp2085
asVnice
p2086
(lp2087
(I67
I1
tp2088
asVtitle
p2089
(lp2090
(I10
I1
tp2091
asV(
p2092
(lp2093
(I10
I1
tp2094
a(I22
I4
tp2095
a(I3
I2
tp2096
a(I6
I4
tp2097
a(I67
I3
tp2098
asVwrites
p2099
(lp2100
(I22
I1
tp2101
a(I3
I1
tp2102
asVit\u2019s
p2103
(lp2104
(I22
I4
tp2105
asV3
p2106
(lp2107
(I10
I2
tp2108
asVsketchy-looking
p2109
(lp2110
(I22
I2
tp2111
asVgoing
p2112
(lp2113
(I10
I1
tp2114
a(I22
I2
tp2115
a(I6
I1
tp2116
asVblack
p2117
(lp2118
(I10
I52
tp2119
a(I67
I1
tp2120
asVjudged
p2121
(lp2122
(I22
I1
tp2123
asVpretty
p2124
(lp2125
(I10
I1
tp2126
a(I22
I2
tp2127
asVfolks
p2128
(lp2129
(I22
I2
tp2130
asVthey\u2019re
p2131
(lp2132
(I22
I1
tp2133
asVdreaded
p2134
(lp2135
(I6
I1
tp2136
asVthird-party
p2137
(lp2138
(I67
I1
tp2139
asVmeant
p2140
(lp2141
(I6
I1
tp2142
asVcount
p2143
(lp2144
(I6
I1
tp2145
asVsued
p2146
(lp2147
(I3
I1
tp2148
asVhandle
p2149
(lp2150
(I22
I1
tp2151
a(I6
I1
tp2152
asVcolorful
p2153
(lp2154
(I67
I1
tp2155
asVget
p2156
(lp2157
(I10
I1
tp2158
a(I22
I1
tp2159
a(I6
I3
tp2160
a(I67
I3
tp2161
asVstreamer
p2162
(lp2163
(I10
I1
tp2164
asVrich
p2165
(lp2166
(I67
I1
tp2167
asVoverall
p2168
(lp2169
(I17
I1
tp2170
a(I25
I1
tp2171
a(I32
I1
tp2172
asVphotograph
p2173
(lp2174
(I3
I1
tp2175
asVcheaper
p2176
(lp2177
(I67
I50
tp2178
asVpocket
p2179
(lp2180
(I1
I1
tp2181
asVamazon
p2182
(lp2183
(I17
I50
tp2184
a(I67
I1
tp2185
asVsues
p2186
(lp2187
(I3
I51
tp2188
asVnearly
p2189
(lp2190
(I67
I1
tp2191
asVlighter
p2192
(lp2193
(I67
I1
tp2194
asVdespite
p2195
(lp2196
(I22
I1
tp2197
asVmidterms
p2198
(lp2199
(I3
I1
tp2200
asVworkouts
p2201
(lp2202
(I6
I3
tp2203
asV;
p2204
(lp2205
(I10
I1
tp2206
a(I6
I3
tp2207
asVaren\u2019t
p2208
(lp2209
(I22
I1
tp2210
asVevolution
p2211
(lp2212
(I1
I1
tp2213
asVqr
p2214
(lp2215
(I10
I2
tp2216
asVversions
p2217
(lp2218
(I67
I1
tp2219
asVdips
p2220
(lp2221
(I6
I4
tp2222
asVborrow
p2223
(lp2224
(I22
I1
tp2225
asVacross
p2226
(lp2227
(I22
I1
tp2228
a(I3
I2
tp2229
asVcoincidence
p2230
(lp2231
(I22
I1
tp2232
asVdefault
p2233
(lp2234
(I6
I1
tp2235
asVexercises
p2236
(lp2237
(I6
I1
tp2238
asVpeople\u2019s
p2239
(lp2240
(I22
I1
tp2241
asVactivity
p2242
(lp2243
(I6
I1
tp2244
asVban
p2245
(lp2246
(I3
I2
tp2247
asVdpm
p2248
(lp2249
(I6
I1
tp2250
asVcycles
p2251
(lp2252
(I67
I1
tp2253
asVwrote
p2254
(lp2255
(I6
I1
tp2256
asVview
p2257
(lp2258
(I67
I1
tp2259
asVreveals
p2260
(lp2261
(I1
I1
tp2262
asVcollapse-to-the-floor
p2263
(lp2264
(I6
I1
tp2265
asVburst
p2266
(lp2267
(I6
I1
tp2268
asVgenerally
p2269
(lp2270
(I67
I2
tp2271
asVhinted
p2272
(lp2273
(I67
I1
tp2274
asVblurred
p2275
(lp2276
(I22
I2
tp2277
asVfurever
p2278
(lp2279
(I1
I1
tp2280
asVresponsive
p2281
(lp2282
(I67
I1
tp2283
asVsee
p2284
(lp2285
(I22
I2
tp2286
a(I6
I1
tp2287
a(I67
I1
tp2288
asVinjecting
p2289
(lp2290
(I22
I1
tp2291
asVus
p2292
(lp2293
(I1
I1
tp2294
a(I22
I1
tp2295
a(I3
I2
tp2296
a(I67
I1
tp2297
asVarg
p2298
(lp2299
(I22
I1
tp2300
asVanything
p2301
(lp2302
(I6
I1
tp2303
asVdisturbing
p2304
(lp2305
(I22
I1
tp2306
asVpebble
p2307
(lp2308
(I6
I1
tp2309
a(I67
I1
tp2310
asValternative
p2311
(lp2312
(I6
I1
tp2313
asVbest
p2314
(lp2315
(I17
I1
tp2316
a(I25
I1
tp2317
a(I32
I1
tp2318
asVcloser
p2319
(lp2320
(I6
I1
tp2321
asVpreparation
p2322
(lp2323
(I6
I1
tp2324
asVknowing
p2325
(lp2326
(I22
I1
tp2327
asVsaid
p2328
(lp2329
(I67
I1
tp2330
asVpressured
p2331
(lp2332
(I3
I1
tp2333
asV24/7
p2334
(lp2335
(I6
I1
tp2336
asVdistinctive
p2337
(lp2338
(I10
I2
tp2339
asVaway
p2340
(lp2341
(I22
I1
tp2342
a(I67
I1
tp2343
asVcurrently
p2344
(lp2345
(I67
I1
tp2346
asVplease
p2347
(lp2348
(I17
I4
tp2349
a(I25
I4
tp2350
a(I32
I4
tp2351
asVincreased
p2352
(lp2353
(I6
I1
tp2354
asVsmartwatches
p2355
(lp2356
(I67
I1
tp2357
asVcase
p2358
(lp2359
(I3
I1
tp2360
asVmug
p2361
(lp2362
(I22
I2
tp2363
asVvarious
p2364
(lp2365
(I3
I1
tp2366
asVmcmaster
p2367
(lp2368
(I6
I1
tp2369
asVroutine
p2370
(lp2371
(I6
I1
tp2372
asVprobably
p2373
(lp2374
(I10
I1
tp2375
a(I6
I1
tp2376
asVburned
p2377
(lp2378
(I67
I1
tp2379
asVemail
p2380
(lp2381
(I17
I4
tp2382
a(I25
I4
tp2383
a(I32
I4
tp2384
a(I6
I1
tp2385
asV360
p2386
(lp2387
(I67
I51
tp2388
asVavailable
p2389
(lp2390
(I17
I1
tp2391
a(I25
I1
tp2392
a(I32
I1
tp2393
a(I67
I1
tp2394
asVbasis
p2395
(lp2396
(I6
I51
tp2397
asVterms
p2398
(lp2399
(I17
I1
tp2400
a(I25
I1
tp2401
a(I32
I1
tp2402
asVwagon
p2403
(lp2404
(I6
I1
tp2405
asVmissing
p2406
(lp2407
(I67
I1
tp2408
asVrolled
p2409
(lp2410
(I10
I1
tp2411
asVedge
p2412
(lp2413
(I6
I1
tp2414
a(I67
I1
tp2415
asVscreen
p2416
(lp2417
(I67
I3
tp2418
asVantics
p2419
(lp2420
(I22
I1
tp2421
asVgym
p2422
(lp2423
(I6
I1
tp2424
asVtacit
p2425
(lp2426
(I22
I1
tp2427
asVhowever
p2428
(lp2429
(I67
I1
tp2430
asVwear
p2431
(lp2432
(I67
I6
tp2433
asVkey
p2434
(lp2435
(I6
I2
tp2436
asVtrade-off
p2437
(lp2438
(I6
I1
tp2439
asVinterface
p2440
(lp2441
(I67
I4
tp2442
asVarticle
p2443
(lp2444
(I22
I1
tp2445
asVprecious
p2446
(lp2447
(I6
I1
tp2448
asVpackages
p2449
(lp2450
(I22
I1
tp2451
asVcome
p2452
(lp2453
(I10
I1
tp2454
a(I6
I1
tp2455
a(I67
I1
tp2456
asVmonitor
p2457
(lp2458
(I67
I1
tp2459
asVreceived
p2460
(lp2461
(I22
I2
tp2462
asVprotect
p2463
(lp2464
(I3
I1
tp2465
asVcryptic
p2466
(lp2467
(I10
I1
tp2468
asVinstant
p2469
(lp2470
(I17
I50
tp2471
asVtriggers
p2472
(lp2473
(I6
I1
tp2474
asVcrawl
p2475
(lp2476
(I22
I1
tp2477
a(I6
I1
tp2478
asVmany
p2479
(lp2480
(I22
I1
tp2481
a(I3
I2
tp2482
a(I6
I2
tp2483
asVtaking
p2484
(lp2485
(I3
I2
tp2486
asVconclusions
p2487
(lp2488
(I3
I1
tp2489
asVpreviously
p2490
(lp2491
(I6
I1
tp2492
asVplayers
p2493
(lp2494
(I10
I1
tp2495
asVlet
p2496
(lp2497
(I22
I1
tp2498
a(I3
I51
tp2499
asVlogin
p2500
(lp2501
(I17
I6
tp2502
a(I25
I6
tp2503
a(I32
I6
tp2504
asVduty
p2505
(lp2506
(I10
I54
tp2507
asVliked
p2508
(lp2509
(I22
I2
tp2510
asVwall
p2511
(lp2512
(I6
I1
tp2513
asVcharacter
p2514
(lp2515
(I22
I1
tp2516
asVca
p2517
(lp2518
(I22
I1
tp2519
a(I67
I1
tp2520
asVfiling
p2521
(lp2522
(I3
I1
tp2523
asVnostalgia
p2524
(lp2525
(I22
I1
tp2526
asVrunning
p2527
(lp2528
(I22
I1
tp2529
a(I6
I1
tp2530
asVsimply
p2531
(lp2532
(I22
I1
tp2533
asVonetouch
p2534
(lp2535
(I67
I2
tp2536
asVnews
p2537
(lp2538
(I32
I50
tp2539
a(I67
I1
tp2540
asVwriting
p2541
(lp2542
(I22
I1
tp2543
asVsecond
p2544
(lp2545
(I6
I1
tp2546
asVundercuts
p2547
(lp2548
(I67
I1
tp2549
asVraise
p2550
(lp2551
(I67
I1
tp2552
asVbeef
p2553
(lp2554
(I22
I1
tp2555
asVmajor
p2556
(lp2557
(I6
I1
tp2558
asVstamp
p2559
(lp2560
(I10
I1
tp2561
asVcreate
p2562
(lp2563
(I22
I1
tp2564
asVpolitical
p2565
(lp2566
(I3
I2
tp2567
asVadd
p2568
(lp2569
(I10
I1
tp2570
asV.
p2571
(lp2572
(I1
I4
tp2573
a(I10
I9
tp2574
a(I17
I11
tp2575
a(I22
I44
tp2576
a(I25
I11
tp2577
a(I3
I11
tp2578
a(I32
I11
tp2579
a(I6
I51
tp2580
a(I67
I23
tp2581
asVpc
p2582
(lp2583
(I10
I1
tp2584
asVmuch
p2585
(lp2586
(I1
I2
tp2587
a(I22
I1
tp2588
a(I67
I3
tp2589
asVdamn
p2590
(lp2591
(I6
I1
tp2592
asVgrade
p2593
(lp2594
(I6
I1
tp2595
asVexpected
p2596
(lp2597
(I67
I1
tp2598
asVslightly
p2599
(lp2600
(I6
I1
tp2601
asVexhaustion
p2602
(lp2603
(I6
I3
tp2604
asVusername
p2605
(lp2606
(I17
I3
tp2607
a(I25
I3
tp2608
a(I32
I3
tp2609
asVresting
p2610
(lp2611
(I6
I1
tp2612
asVsqueak
p2613
(lp2614
(I6
I1
tp2615
asVeasy
p2616
(lp2617
(I6
I2
tp2618
asVchance
p2619
(lp2620
(I67
I1
tp2621
asVporing
p2622
(lp2623
(I22
I1
tp2624
asVplaystation
p2625
(lp2626
(I10
I1
tp2627
asV30-second
p2628
(lp2629
(I6
I1
tp2630
asV173
p2631
(lp2632
(I6
I1
tp2633
asVgreat
p2634
(lp2635
(I17
I1
tp2636
a(I25
I1
tp2637
a(I32
I1
tp2638
a(I67
I1
tp2639
asVsmartwatch
p2640
(lp2641
(I6
I1
tp2642
a(I67
I53
tp2643
asVpolicy
p2644
(lp2645
(I17
I1
tp2646
a(I25
I1
tp2647
a(I32
I1
tp2648
asVboston.com
p2649
(lp2650
(I3
I1
tp2651
asVwatches
p2652
(lp2653
(I67
I1
tp2654
asVcovered
p2655
(lp2656
(I6
I1
tp2657
asVdetails
p2658
(lp2659
(I67
I2
tp2660
asVlast
p2661
(lp2662
(I22
I2
tp2663
a(I67
I1
tp2664
asVoverturn
p2665
(lp2666
(I3
I2
tp2667
asVruby
p2668
(lp2669
(I22
I3
tp2670
asVformer
p2671
(lp2672
(I3
I1
tp2673
asVsound
p2674
(lp2675
(I22
I1
tp2676
asVexception
p2677
(lp2678
(I67
I1
tp2679
asVsmartphones
p2680
(lp2681
(I1
I2
tp2682
asVwatch
p2683
(lp2684
(I6
I2
tp2685
a(I67
I21
tp2686
asVlook
p2687
(lp2688
(I1
I1
tp2689
a(I22
I2
tp2690
a(I6
I1
tp2691
a(I67
I1
tp2692
asVunlike
p2693
(lp2694
(I10
I1
tp2695
asVendlessly
p2696
(lp2697
(I22
I1
tp2698
asVleave
p2699
(lp2700
(I22
I1
tp2701
asVbill
p2702
(lp2703
(I22
I2
tp2704
asVharder
p2705
(lp2706
(I6
I1
tp2707
asVkodak
p2708
(lp2709
(I1
I1
tp2710
asVtrick
p2711
(lp2712
(I10
I1
tp2713
asVinstitute
p2714
(lp2715
(I6
I1
tp2716
asVnear
p2717
(lp2718
(I67
I1
tp2719
asVproves
p2720
(lp2721
(I6
I1
tp2722
asVshutter
p2723
(lp2724
(I67
I1
tp2725
asV'friends
p2726
(lp2727
(I1
I1
tp2728
asVcountry
p2729
(lp2730
(I3
I1
tp2731
asVfun
p2732
(lp2733
(I22
I3
tp2734
asVvoice
p2735
(lp2736
(I1
I1
tp2737
asVfrustrating
p2738
(lp2739
(I67
I1
tp2740
asVelaborate
p2741
(lp2742
(I22
I1
tp2743
asVperiods
p2744
(lp2745
(I6
I1
tp2746
asVseven
p2747
(lp2748
(I6
I1
tp2749
asVlarger
p2750
(lp2751
(I22
I1
tp2752
asVproduct
p2753
(lp2754
(I67
I1
tp2755
asVplayed
p2756
(lp2757
(I22
I1
tp2758
asValmost
p2759
(lp2760
(I17
I1
tp2761
a(I25
I1
tp2762
a(I32
I1
tp2763
asVblood
p2764
(lp2765
(I67
I1
tp2766
asVmoto
p2767
(lp2768
(I67
I51
tp2769
asVdisappointing
p2770
(lp2771
(I67
I1
tp2772
asVneed
p2773
(lp2774
(I67
I1
tp2775
asVgood
p2776
(lp2777
(I22
I1
tp2778
a(I6
I2
tp2779
asV'gold
p2780
(lp2781
(I32
I50
tp2782
asVcreepy
p2783
(lp2784
(I22
I53
tp2785
asVpartner
p2786
(lp2787
(I22
I1
tp2788
asVtechnology
p2789
(lp2790
(I6
I1
tp2791
asVmovements
p2792
(lp2793
(I6
I1
tp2794
asVgrown
p2795
(lp2796
(I1
I2
tp2797
asVembracing
p2798
(lp2799
(I6
I1
tp2800
asVbaseline
p2801
(lp2802
(I6
I1
tp2803
asVapril
p2804
(lp2805
(I10
I1
tp2806
asV)
p2807
(lp2808
(I10
I1
tp2809
a(I22
I4
tp2810
a(I3
I2
tp2811
a(I6
I4
tp2812
a(I67
I3
tp2813
asVthings
p2814
(lp2815
(I22
I1
tp2816
a(I67
I1
tp2817
asVmake
p2818
(lp2819
(I6
I2
tp2820
a(I67
I1
tp2821
asVgovernment
p2822
(lp2823
(I3
I1
tp2824
asVshort-burst
p2825
(lp2826
(I6
I1
tp2827
asVcheck
p2828
(lp2829
(I67
I1
tp2830
asVi\u2019m
p2831
(lp2832
(I22
I5
tp2833
asVparts
p2834
(lp2835
(I3
I1
tp2836
asVspeech
p2837
(lp2838
(I3
I1
tp2839
asVpushup
p2840
(lp2841
(I6
I1
tp2842
asVdocks
p2843
(lp2844
(I67
I1
tp2845
asV7-minute
p2846
(lp2847
(I6
I4
tp2848
asVparty
p2849
(lp2850
(I17
I4
tp2851
a(I25
I4
tp2852
a(I32
I4
tp2853
asVandroid
p2854
(lp2855
(I1
I58
tp2856
a(I67
I10
tp2857
asVseveral
p2858
(lp2859
(I22
I1
tp2860
asVdifficult
p2861
(lp2862
(I6
I1
tp2863
asVweek
p2864
(lp2865
(I10
I1
tp2866
asVfairly
p2867
(lp2868
(I10
I2
tp2869
asVinvestigated
p2870
(lp2871
(I3
I1
tp2872
asVthat\u2019s
p2873
(lp2874
(I22
I2
tp2875
asVclosest
p2876
(lp2877
(I6
I1
tp2878
asVnon-chest
p2879
(lp2880
(I6
I1
tp2881
asVwindows-style
p2882
(lp2883
(I67
I1
tp2884
asVsocial
p2885
(lp2886
(I3
I2
tp2887
asVios
p2888
(lp2889
(I67
I5
tp2890
asVyesterday
p2891
(lp2892
(I10
I1
tp2893
a(I22
I1
tp2894
asVhand
p2895
(lp2896
(I67
I1
tp2897
asVliberties
p2898
(lp2899
(I3
I1
tp2900
asVsteps
p2901
(lp2902
(I67
I1
tp2903
asVmoment
p2904
(lp2905
(I22
I1
tp2906
asVuser
p2907
(lp2908
(I17
I2
tp2909
a(I25
I2
tp2910
a(I32
I2
tp2911
a(I67
I1
tp2912
asVtotally
p2913
(lp2914
(I22
I1
tp2915
asVresidents
p2916
(lp2917
(I3
I1
tp2918
asVexudes
p2919
(lp2920
(I22
I1
tp2921
asVcycle
p2922
(lp2923
(I67
I1
tp2924
asVyo-yo
p2925
(lp2926
(I6
I1
tp2927
asVnewsletter
p2928
(lp2929
(I17
I1
tp2930
a(I25
I1
tp2931
a(I32
I1
tp2932
asVuseable
p2933
(lp2934
(I67
I1
tp2935
asVwell
p2936
(lp2937
(I3
I1
tp2938
a(I6
I1
tp2939
a(I67
I3
tp2940
asVanybody
p2941
(lp2942
(I22
I1
tp2943
asVwithout
p2944
(lp2945
(I6
I2
tp2946
asVthought
p2947
(lp2948
(I22
I1
tp2949
asVmedia
p2950
(lp2951
(I3
I3
tp2952
asVdirectly
p2953
(lp2954
(I67
I1
tp2955
asVcontact
p2956
(lp2957
(I10
I1
tp2958
asVsets
p2959
(lp2960
(I67
I1
tp2961
asVorganization
p2962
(lp2963
(I3
I1
tp2964
asVmuscle
p2965
(lp2966
(I6
I2
tp2967
asVresearchers
p2968
(lp2969
(I6
I1
tp2970
asVusual
p2971
(lp2972
(I67
I1
tp2973
asValcatel
p2974
(lp2975
(I67
I57
tp2976
asVfades
p2977
(lp2978
(I6
I1
tp2979
asVbottom
p2980
(lp2981
(I67
I3
tp2982
asVpowering
p2983
(lp2984
(I67
I1
tp2985
asVundue
p2986
(lp2987
(I3
I1
tp2988
asVless
p2989
(lp2990
(I6
I1
tp2991
asVmoments
p2992
(lp2993
(I22
I2
tp2994
asVphoto
p2995
(lp2996
(I10
I1
tp2997
a(I22
I50
tp2998
asVaccurate
p2999
(lp3000
(I6
I2
tp3001
asVhalf
p3002
(lp3003
(I6
I1
tp3004
asVnamed
p3005
(lp3006
(I22
I2
tp3007
asVrest
p3008
(lp3009
(I6
I3
tp3010
asVreviewed
p3011
(lp3012
(I1
I1
tp3013
asVcivic
p3014
(lp3015
(I3
I1
tp3016
asVintervals
p3017
(lp3018
(I6
I1
tp3019
asV\u2014
p3020
(lp3021
(I10
I3
tp3022
a(I22
I14
tp3023
a(I3
I1
tp3024
a(I6
I1
tp3025
a(I67
I5
tp3026
asVhuman
p3027
(lp3028
(I6
I1
tp3029
asVimmediately
p3030
(lp3031
(I10
I1
tp3032
a(I22
I1
tp3033
asVyes
p3034
(lp3035
(I17
I2
tp3036
a(I25
I2
tp3037
a(I32
I2
tp3038
asVlately
p3039
(lp3040
(I22
I1
tp3041
asVwearable
p3042
(lp3043
(I67
I1
tp3044
asVwearables
p3045
(lp3046
(I6
I2
tp3047
asVletting
p3048
(lp3049
(I22
I1
tp3050
asVadding
p3051
(lp3052
(I10
I1
tp3053
asVpolar
p3054
(lp3055
(I6
I2
tp3056
asV$
p3057
(lp3058
(I25
I50
tp3059
a(I3
I1
tp3060
a(I67
I1
tp3061
asVhint
p3062
(lp3063
(I10
I2
tp3064
a(I67
I1
tp3065
asVthinking
p3066
(lp3067
(I22
I2
tp3068
asVstopping
p3069
(lp3070
(I6
I1
tp3071
asValternate
p3072
(lp3073
(I22
I2
tp3074
asVseems
p3075
(lp3076
(I10
I2
tp3077
a(I22
I1
tp3078
asVchest
p3079
(lp3080
(I6
I4
tp3081
asVrealize
p3082
(lp3083
(I6
I3
tp3084
asVeager
p3085
(lp3086
(I6
I1
tp3087
asVlets
p3088
(lp3089
(I10
I1
tp3090
asVfluid
p3091
(lp3092
(I67
I1
tp3093
asV4
p3094
(lp3095
(I6
I1
tp3096
asVcollapse
p3097
(lp3098
(I6
I1
tp3099
asVcitizen
p3100
(lp3101
(I3
I1
tp3102
asVsnap
p3103
(lp3104
(I10
I1
tp3105
asVrole
p3106
(lp3107
(I6
I1
tp3108
asVballots
p3109
(lp3110
(I3
I4
tp3111
asVapart
p3112
(lp3113
(I67
I2
tp3114
asVeaster
p3115
(lp3116
(I10
I51
tp3117
asVtuesday
p3118
(lp3119
(I22
I1
tp3120
asVbuild
p3121
(lp3122
(I6
I1
tp3123
asVreal
p3124
(lp3125
(I6
I2
tp3126
asV...
p3127
(lp3128
(I1
I1
tp3129
asVthankfully
p3130
(lp3131
(I6
I1
tp3132
asVmarch
p3133
(lp3134
(I22
I1
tp3135
a(I67
I1
tp3136
asVaround
p3137
(lp3138
(I10
I1
tp3139
a(I22
I1
tp3140
asVops
p3141
(lp3142
(I10
I52
tp3143
asVread
p3144
(lp3145
(I17
I1
tp3146
a(I22
I2
tp3147
a(I25
I1
tp3148
a(I3
I1
tp3149
a(I32
I1
tp3150
asVbig
p3151
(lp3152
(I22
I2
tp3153
a(I3
I1
tp3154
a(I6
I1
tp3155
asVcouple
p3156
(lp3157
(I10
I1
tp3158
a(I22
I1
tp3159
asVpossible
p3160
(lp3161
(I17
I1
tp3162
a(I25
I1
tp3163
a(I32
I1
tp3164
a(I67
I1
tp3165
asVunveil
p3166
(lp3167
(I1
I1
tp3168
asVdepartment
p3169
(lp3170
(I67
I2
tp3171
asVgame
p3172
(lp3173
(I10
I3
tp3174
a(I22
I6
tp3175
asVfive
p3176
(lp3177
(I67
I1
tp3178
asVknow
p3179
(lp3180
(I22
I1
tp3181
a(I3
I1
tp3182
a(I6
I1
tp3183
a(I67
I1
tp3184
asVbackground
p3185
(lp3186
(I22
I1
tp3187
asVguide
p3188
(lp3189
(I3
I1
tp3190
asVusing
p3191
(lp3192
(I17
I5
tp3193
a(I25
I5
tp3194
a(I32
I5
tp3195
a(I67
I1
tp3196
asVbit
p3197
(lp3198
(I6
I1
tp3199
a(I67
I3
tp3200
asVpassword
p3201
(lp3202
(I17
I2
tp3203
a(I25
I2
tp3204
a(I32
I2
tp3205
asV167
p3206
(lp3207
(I6
I1
tp3208
asVyourfriendgordo
p3209
(lp3210
(I22
I2
tp3211
asVknock
p3212
(lp3213
(I22
I1
tp3214
asVmotorola
p3215
(lp3216
(I67
I1
tp3217
asVlike
p3218
(lp3219
(I17
I5
tp3220
a(I22
I3
tp3221
a(I25
I5
tp3222
a(I32
I5
tp3223
a(I6
I2
tp3224
a(I67
I5
tp3225
asVstranger
p3226
(lp3227
(I22
I1
tp3228
asVhigh-knee
p3229
(lp3230
(I6
I1
tp3231
asVbpm
p3232
(lp3233
(I6
I5
tp3234
asV50
p3235
(lp3236
(I25
I50
tp3237
asVresin
p3238
(lp3239
(I67
I1
tp3240
asV've
p3241
(lp3242
(I10
I1
tp3243
a(I67
I2
tp3244
asVspecific
p3245
(lp3246
(I10
I2
tp3247
a(I17
I1
tp3248
a(I25
I1
tp3249
a(I32
I1
tp3250
a(I6
I1
tp3251
asVaudience
p3252
(lp3253
(I17
I1
tp3254
a(I22
I1
tp3255
a(I25
I1
tp3256
a(I32
I1
tp3257
asV80
p3258
(lp3259
(I6
I1
tp3260
asVofficer
p3261
(lp3262
(I3
I1
tp3263
asVmartin
p3264
(lp3265
(I6
I1
tp3266
asVpopular
p3267
(lp3268
(I6
I1
tp3269
asVbecome
p3270
(lp3271
(I22
I1
tp3272
asVaccuracy
p3273
(lp3274
(I6
I1
tp3275
asVstationary
p3276
(lp3277
(I6
I1
tp3278
asVreduced
p3279
(lp3280
(I6
I1
tp3281
asVtwelve
p3282
(lp3283
(I6
I1
tp3284
asVattorney
p3285
(lp3286
(I3
I1
tp3287
asVgoogle
p3288
(lp3289
(I1
I6
tp3290
a(I22
I1
tp3291
a(I67
I1
tp3292
asVold
p3293
(lp3294
(I22
I1
tp3295
asVpic.twitter.com/rpkrihxkzj
p3296
(lp3297
(I22
I1
tp3298
asVpeople
p3299
(lp3300
(I22
I1
tp3301
a(I3
I3
tp3302
asVtwitter
p3303
(lp3304
(I10
I1
tp3305
a(I17
I4
tp3306
a(I22
I3
tp3307
a(I25
I4
tp3308
a(I32
I4
tp3309
asVback
p3310
(lp3311
(I1
I1
tp3312
a(I22
I4
tp3313
a(I3
I1
tp3314
asVdead
p3315
(lp3316
(I3
I1
tp3317
asVplatforms
p3318
(lp3319
(I1
I2
tp3320
asVelection
p3321
(lp3322
(I3
I2
tp3323
asVconveys
p3324
(lp3325
(I3
I1
tp3326
asVethical
p3327
(lp3328
(I22
I1
tp3329
asVxbox
p3330
(lp3331
(I10
I1
tp3332
a(I25
I50
tp3333
asVballot
p3334
(lp3335
(I3
I55
tp3336
asVviral
p3337
(lp3338
(I22
I51
tp3339
a(I6
I1
tp3340
asVand/or
p3341
(lp3342
(I17
I1
tp3343
a(I25
I1
tp3344
a(I32
I1
tp3345
asVrecently
p3346
(lp3347
(I3
I2
tp3348
asVreportedly
p3349
(lp3350
(I3
I1
tp3351
asVunlocked
p3352
(lp3353
(I1
I1
tp3354
asVpet
p3355
(lp3356
(I22
I1
tp3357
asVyou\u2019re
p3358
(lp3359
(I22
I4
tp3360
asVper
p3361
(lp3362
(I3
I1
tp3363
a(I6
I1
tp3364
asVeverything
p3365
(lp3366
(I22
I1
tp3367
asVoverrides
p3368
(lp3369
(I6
I1
tp3370
asVnon-profit
p3371
(lp3372
(I3
I1
tp3373
asVadorable
p3374
(lp3375
(I1
I1
tp3376
asVhand-written
p3377
(lp3378
(I22
I1
tp3379
asV?
p3380
(lp3381
(I17
I6
tp3382
a(I22
I8
tp3383
a(I25
I6
tp3384
a(I3
I1
tp3385
a(I32
I6
tp3386
a(I6
I2
tp3387
asVexercising
p3388
(lp3389
(I6
I1
tp3390
asVcan\u2019t
p3391
(lp3392
(I22
I2
tp3393
asVknew
p3394
(lp3395
(I22
I1
tp3396
asVrun
p3397
(lp3398
(I6
I1
tp3399
a(I67
I1
tp3400
asVscientific
p3401
(lp3402
(I6
I2
tp3403
asVsprint
p3404
(lp3405
(I6
I1
tp3406
asVintimate
p3407
(lp3408
(I22
I1
tp3409
asVremembered
p3410
(lp3411
(I22
I1
tp3412
asVmarketing
p3413
(lp3414
(I22
I2
tp3415
asVburn
p3416
(lp3417
(I6
I1
tp3418
asVcommunicate
p3419
(lp3420
(I67
I1
tp3421
asVfeelings
p3422
(lp3423
(I22
I1
tp3424
asVstep
p3425
(lp3426
(I22
I1
tp3427
asValthough
p3428
(lp3429
(I10
I1
tp3430
asVtetris
p3431
(lp3432
(I22
I5
tp3433
asVpost
p3434
(lp3435
(I3
I52
tp3436
asValtimeter
p3437
(lp3438
(I67
I1
tp3439
asVwent
p3440
(lp3441
(I6
I1
tp3442
asVhiding
p3443
(lp3444
(I10
I50
tp3445
asVmetrics
p3446
(lp3447
(I67
I1
tp3448
asVworks
p3449
(lp3450
(I67
I50
tp3451
asVaccelerometer
p3452
(lp3453
(I67
I1
tp3454
asVworld
p3455
(lp3456
(I22
I1
tp3457
asVgetting
p3458
(lp3459
(I3
I1
tp3460
a(I6
I1
tp3461
a(I67
I1
tp3462
asVhigh-intensity
p3463
(lp3464
(I6
I1
tp3465
asVmonths
p3466
(lp3467
(I10
I1
tp3468
asVcourtesy
p3469
(lp3470
(I22
I1
tp3471
asVrecognized
p3472
(lp3473
(I22
I1
tp3474
asVunion
p3475
(lp3476
(I3
I1
tp3477
asVmust
p3478
(lp3479
(I6
I1
tp3480
asVstand
p3481
(lp3482
(I22
I1
tp3483
a(I67
I1
tp3484
asVout\u2026
p3485
(lp3486
(I22
I1
tp3487
asV160
p3488
(lp3489
(I6
I1
tp3490
asVmessaging
p3491
(lp3492
(I67
I1
tp3493
asVadorableomgcuteness
p3494
(lp3495
(I22
I1
tp3496
asVautomatically
p3497
(lp3498
(I6
I1
tp3499
asVseeing
p3500
(lp3501
(I6
I1
tp3502
asVfortunately
p3503
(lp3504
(I6
I1
tp3505
asVpolished
p3506
(lp3507
(I67
I1
tp3508
asVharassed
p3509
(lp3510
(I22
I1
tp3511
asVcivil
p3512
(lp3513
(I3
I1
tp3514
asVimage
p3515
(lp3516
(I22
I1
tp3517
asVcommitment
p3518
(lp3519
(I6
I1
tp3520
asVsnapchat
p3521
(lp3522
(I10
I53
tp3523
asVthree
p3524
(lp3525
(I3
I1
tp3526
a(I6
I1
tp3527
asVfreaked
p3528
(lp3529
(I22
I1
tp3530
asVpolaroid-style
p3531
(lp3532
(I22
I1
tp3533
asVright
p3534
(lp3535
(I1
I1
tp3536
a(I22
I1
tp3537
a(I6
I1
tp3538
a(I67
I2
tp3539
asVpromise
p3540
(lp3541
(I6
I1
tp3542
asVbattery
p3543
(lp3544
(I67
I2
tp3545
asVi\u2019d
p3546
(lp3547
(I22
I3
tp3548
asValpha
p3549
(lp3550
(I6
I1
tp3551
asVquickly
p3552
(lp3553
(I6
I1
tp3554
asVcredibly
p3555
(lp3556
(I10
I1
tp3557
asV'm
p3558
(lp3559
(I6
I3
tp3560
asVtechnically
p3561
(lp3562
(I3
I1
tp3563
asVexisted
p3564
(lp3565
(I3
I1
tp3566
asVrely
p3567
(lp3568
(I6
I1
tp3569
asVfast
p3570
(lp3571
(I6
I2
tp3572
asVvan
p3573
(lp3574
(I22
I2
tp3575
asVdevices
p3576
(lp3577
(I6
I1
tp3578
a(I67
I2
tp3579
asVarea
p3580
(lp3581
(I67
I1
tp3582
asVspending
p3583
(lp3584
(I6
I1
tp3585
asVsupport
p3586
(lp3587
(I67
I3
tp3588
asVapps
p3589
(lp3590
(I1
I1
tp3591
a(I3
I1
tp3592
a(I6
I1
tp3593
a(I67
I3
tp3594
asVgift
p3595
(lp3596
(I22
I6
tp3597
asVspecifically
p3598
(lp3599
(I3
I1
tp3600
asVnoticed
p3601
(lp3602
(I22
I1
tp3603
asVgirlfriend\u2019s
p3604
(lp3605
(I22
I51
tp3606
asVcats
p3607
(lp3608
(I22
I1
tp3609
asVclasp
p3610
(lp3611
(I67
I1
tp3612
asVway
p3613
(lp3614
(I22
I1
tp3615
a(I3
I2
tp3616
a(I6
I3
tp3617
a(I67
I1
tp3618
asVwax
p3619
(lp3620
(I22
I1
tp3621
asVmusic
p3622
(lp3623
(I25
I50
tp3624
asVsale
p3625
(lp3626
(I67
I1
tp3627
asV:
p3628
(lp3629
(I1
I1
tp3630
a(I10
I53
tp3631
a(I22
I4
tp3632
a(I3
I2
tp3633
a(I6
I61
tp3634
a(I67
I2
tp3635
asVbuild-in
p3636
(lp3637
(I67
I1
tp3638
asVlaunching
p3639
(lp3640
(I1
I1
tp3641
asVallergic
p3642
(lp3643
(I22
I1
tp3644
asVfunction
p3645
(lp3646
(I6
I1
tp3647
asVghost
p3648
(lp3649
(I10
I1
tp3650
asVtoward
p3651
(lp3652
(I6
I1
tp3653
asVcomplete
p3654
(lp3655
(I17
I1
tp3656
a(I25
I1
tp3657
a(I32
I1
tp3658
asVform
p3659
(lp3660
(I3
I2
tp3661
a(I6
I1
tp3662
asVenough
p3663
(lp3664
(I67
I1
tp3665
asVposter
p3666
(lp3667
(I10
I1
tp3668
asVbecoming
p3669
(lp3670
(I17
I1
tp3671
a(I25
I1
tp3672
a(I32
I1
tp3673
asVspike
p3674
(lp3675
(I6
I1
tp3676
asVcommands
p3677
(lp3678
(I67
I1
tp3679
asVbeginners
p3680
(lp3681
(I6
I1
tp3682
asVstrike
p3683
(lp3684
(I6
I1
tp3685
asVunderstandable
p3686
(lp3687
(I10
I1
tp3688
asVgain
p3689
(lp3690
(I6
I1
tp3691
asVbeat
p3692
(lp3693
(I6
I1
tp3694
asVline
p3695
(lp3696
(I1
I1
tp3697
a(I22
I3
tp3698
a(I67
I1
tp3699
asVtrying
p3700
(lp3701
(I67
I1
tp3702
asVbuying
p3703
(lp3704
(I3
I1
tp3705
asVposted
p3706
(lp3707
(I22
I1
tp3708
asVreset
p3709
(lp3710
(I17
I1
tp3711
a(I25
I1
tp3712
a(I32
I1
tp3713
asVmade
p3714
(lp3715
(I22
I1
tp3716
a(I6
I1
tp3717
asVhappen
p3718
(lp3719
(I3
I1
tp3720
asVstreaming
p3721
(lp3722
(I17
I50
tp3723
asVwhether
p3724
(lp3725
(I22
I1
tp3726
a(I6
I2
tp3727
asVinside
p3728
(lp3729
(I22
I2
tp3730
asVmaximum
p3731
(lp3732
(I6
I3
tp3733
asVsigned
p3734
(lp3735
(I17
I4
tp3736
a(I22
I1
tp3737
a(I25
I4
tp3738
a(I32
I4
tp3739
asVplanet
p3740
(lp3741
(I1
I2
tp3742
asVrecord
p3743
(lp3744
(I6
I1
tp3745
asV're
p3746
(lp3747
(I10
I2
tp3748
a(I67
I3
tp3749
asVcalories
p3750
(lp3751
(I67
I1
tp3752
asVone-handed
p3753
(lp3754
(I6
I1
tp3755
asVminutes
p3756
(lp3757
(I6
I54
tp3758
asVcalled
p3759
(lp3760
(I22
I1
tp3761
asVdistance
p3762
(lp3763
(I67
I2
tp3764
asVstrongly
p3765
(lp3766
(I67
I1
tp3767
asVinterval
p3768
(lp3769
(I6
I1
tp3770
asVad
p3771
(lp3772
(I1
I1
tp3773
asVpin
p3774
(lp3775
(I10
I1
tp3776
a(I22
I1
tp3777
a(I3
I1
tp3778
a(I6
I1
tp3779
a(I67
I1
tp3780
asVcertain
p3781
(lp3782
(I3
I1
tp3783
a(I67
I1
tp3784
asVyear
p3785
(lp3786
(I22
I2
tp3787
a(I3
I2
tp3788
a(I67
I1
tp3789
asVinfluence
p3790
(lp3791
(I3
I1
tp3792
asVslowing
p3793
(lp3794
(I6
I1
tp3795
asVgeneral
p3796
(lp3797
(I3
I1
tp3798
asV''
p3799
(lp3800
(I22
I5
tp3801
a(I3
I1
tp3802
a(I6
I5
tp3803
a(I67
I2
tp3804
asVbeats
p3805
(lp3806
(I6
I1
tp3807
asVclever
p3808
(lp3809
(I6
I1
tp3810
asVwebsites
p3811
(lp3812
(I3
I1
tp3813
asVhome
p3814
(lp3815
(I67
I1
tp3816
asVgirlfriend
p3817
(lp3818
(I22
I1
tp3819
asVcontrolled
p3820
(lp3821
(I67
I2
tp3822
asV20
p3823
(lp3824
(I6
I1
tp3825
asVcables
p3826
(lp3827
(I67
I1
tp3828
asVbishop
p3829
(lp3830
(I22
I1
tp3831
asVfilm
p3832
(lp3833
(I22
I1
tp3834
asVposting
p3835
(lp3836
(I22
I1
tp3837
a(I3
I3
tp3838
asVhit
p3839
(lp3840
(I6
I2
tp3841
a(I67
I1
tp3842
asV1,000
p3843
(lp3844
(I3
I1
tp3845
asVcodes
p3846
(lp3847
(I10
I1
tp3848
asV'll
p3849
(lp3850
(I10
I1
tp3851
a(I17
I2
tp3852
a(I25
I2
tp3853
a(I32
I2
tp3854
a(I67
I4
tp3855
asVfloor
p3856
(lp3857
(I6
I1
tp3858
asVagreeing
p3859
(lp3860
(I17
I1
tp3861
a(I25
I1
tp3862
a(I32
I1
tp3863
asVtricep
p3864
(lp3865
(I6
I2
tp3866
asVpercent
p3867
(lp3868
(I25
I50
tp3869
a(I6
I2
tp3870
asVreality
p3871
(lp3872
(I22
I4
tp3873
asVoccasional
p3874
(lp3875
(I17
I1
tp3876
a(I25
I1
tp3877
a(I32
I1
tp3878
asVnick
p3879
(lp3880
(I10
I1
tp3881
asVdefinitely
p3882
(lp3883
(I6
I1
tp3884
asV5
p3885
(lp3886
(I1
I1
tp3887
a(I6
I1
tp3888
asVaclu
p3889
(lp3890
(I3
I54
tp3891
asVholding
p3892
(lp3893
(I6
I2
tp3894
asVdigital
p3895
(lp3896
(I3
I2
tp3897
asVtest
p3898
(lp3899
(I6
I1
tp3900
asVannouncements
p3901
(lp3902
(I10
I1
tp3903
asVsolely
p3904
(lp3905
(I6
I1
tp3906
asVclicks
p3907
(lp3908
(I22
I1
tp3909
asVconclusion
p3910
(lp3911
(I22
I1
tp3912
asVpicture
p3913
(lp3914
(I22
I2
tp3915
asV's
p3916
(lp3917
(I1
I8
tp3918
a(I10
I5
tp3919
a(I3
I4
tp3920
a(I32
I50
tp3921
a(I6
I3
tp3922
a(I67
I60
tp3923
asVusers
p3924
(lp3925
(I10
I1
tp3926
a(I17
I1
tp3927
a(I25
I1
tp3928
a(I32
I1
tp3929
a(I6
I1
tp3930
asVobsessed
p3931
(lp3932
(I22
I1
tp3933
asVmodels
p3934
(lp3935
(I67
I1
tp3936
asVsymbol
p3937
(lp3938
(I10
I1
tp3939
asVfelt
p3940
(lp3941
(I22
I1
tp3942
asV~80-85
p3943
(lp3944
(I6
I1
tp3945
asVupdate
p3946
(lp3947
(I1
I1
tp3948
a(I10
I2
tp3949
asVknee
p3950
(lp3951
(I6
I1
tp3952
asVheat-sensitive
p3953
(lp3954
(I22
I1
tp3955
asVpeak
p3956
(lp3957
(I6
I51
tp3958
asVprofessional
p3959
(lp3960
(I6
I1
tp3961
asVthroughout
p3962
(lp3963
(I6
I1
tp3964
asVsong
p3965
(lp3966
(I32
I50
tp3967
asVpushups
p3968
(lp3969
(I6
I2
tp3970
asVopened
p3971
(lp3972
(I22
I1
tp3973
asVago
p3974
(lp3975
(I10
I1
tp3976
a(I22
I2
tp3977
a(I67
I1
tp3978
asVyounger
p3979
(lp3980
(I22
I1
tp3981
asVremote
p3982
(lp3983
(I67
I1
tp3984
asV3rd
p3985
(lp3986
(I17
I4
tp3987
a(I25
I4
tp3988
a(I32
I4
tp3989
asVphotos
p3990
(lp3991
(I3
I56
tp3992
asVcame
p3993
(lp3994
(I22
I2
tp3995
asVrequired
p3996
(lp3997
(I17
I1
tp3998
a(I25
I1
tp3999
a(I32
I1
tp4000
asVmask
p4001
(lp4002
(I22
I1
tp4003
asVdaily
p4004
(lp4005
(I17
I1
tp4006
a(I25
I1
tp4007
a(I32
I1
tp4008
asVintentionally
p4009
(lp4010
(I22
I1
tp4011
asVreports
p4012
(lp4013
(I3
I1
tp4014
asVcarrying
p4015
(lp4016
(I6
I1
tp4017
asV4k
p4018
(lp4019
(I17
I50
tp4020
asVtime
p4021
(lp4022
(I22
I4
tp4023
a(I6
I5
tp4024
asVpush
p4025
(lp4026
(I6
I1
tp4027
a(I67
I1
tp4028
asVtapping
p4029
(lp4030
(I67
I3
tp4031
asVscroll
p4032
(lp4033
(I67
I1
tp4034
as.None
