ccollections
defaultdict
p0
(c__builtin__
list
p1
tp2
Rp3
Vsaver
p4
(lp5
(I78
I1
tp6
asVdesirable
p7
(lp8
(I56
I1
tp9
asVsleek
p10
(lp11
(I39
I1
tp12
asVslogs
p13
(lp14
(I18
I1
tp15
asVsleep
p16
(lp17
(I18
I1
tp18
asVforget
p19
(lp20
(I56
I1
tp21
asVrelationships
p22
(lp23
(I103
I1
tp24
asVwhose
p25
(lp26
(I56
I1
tp27
asVtherapeutics
p28
(lp29
(I103
I1
tp30
asVgranting
p31
(lp32
(I101
I1
tp33
asVtweet
p34
(lp35
(I101
I1
tp36
a(I103
I1
tp37
a(I18
I1
tp38
a(I38
I1
tp39
a(I39
I1
tp40
a(I56
I1
tp41
a(I59
I1
tp42
a(I64
I1
tp43
a(I78
I1
tp44
asV@
p45
(lp46
(I18
I4
tp47
asVrisk
p48
(lp49
(I103
I1
tp50
asV\u2018you\u2019ve
p51
(lp52
(I103
I1
tp53
asVdell
p54
(lp55
(I23
I50
tp56
asVevery
p57
(lp58
(I101
I1
tp59
asVjack
p60
(lp61
(I56
I1
tp62
asVbringing
p63
(lp64
(I39
I1
tp65
asVmonkeys
p66
(lp67
(I59
I52
tp68
asVvast
p69
(lp70
(I103
I1
tp71
a(I56
I2
tp72
asVbasics
p73
(lp74
(I78
I1
tp75
asVprize
p76
(lp77
(I103
I1
tp78
asVcustomizable
p79
(lp80
(I78
I1
tp81
asVcompanies
p82
(lp83
(I101
I3
tp84
a(I103
I4
tp85
asVroadblock
p86
(lp87
(I56
I1
tp88
asVkierkegaard
p89
(lp90
(I18
I1
tp91
asVparticularities
p92
(lp93
(I18
I1
tp94
asVforce
p95
(lp96
(I56
I1
tp97
asVleaders
p98
(lp99
(I101
I1
tp100
asVphones
p101
(lp102
(I39
I11
tp103
asVdirect
p104
(lp105
(I103
I2
tp106
asVeven
p107
(lp108
(I38
I1
tp109
a(I39
I1
tp110
a(I56
I6
tp111
a(I78
I1
tp112
asVhide
p113
(lp114
(I56
I1
tp115
asVconduct
p116
(lp117
(I103
I1
tp118
asVnew
p119
(lp120
(I103
I1
tp121
a(I23
I50
tp122
a(I38
I2
tp123
a(I39
I53
tp124
a(I54
I50
tp125
a(I56
I3
tp126
a(I78
I2
tp127
asVever
p128
(lp129
(I18
I3
tp130
asVbusload
p131
(lp132
(I101
I1
tp133
asVdisney
p134
(lp135
(I38
I2
tp136
asVtold
p137
(lp138
(I101
I1
tp139
asVweb-enabled
p140
(lp141
(I59
I1
tp142
asVnever
p143
(lp144
(I56
I1
tp145
a(I78
I3
tp146
asVtextured
p147
(lp148
(I56
I1
tp149
asVansari\u2019s
p150
(lp151
(I56
I1
tp152
asVstudy
p153
(lp154
(I103
I1
tp155
asVreports
p156
(lp157
(I64
I1
tp158
asVitunes
p159
(lp160
(I38
I51
tp161
a(I78
I1
tp162
asVbrowsing
p163
(lp164
(I56
I1
tp165
asVcomplicated
p166
(lp167
(I78
I1
tp168
asVcriticism
p169
(lp170
(I39
I1
tp171
asVgolden
p172
(lp173
(I56
I1
tp174
asVcounty
p175
(lp176
(I101
I1
tp177
asVguests
p178
(lp179
(I64
I2
tp180
asVforums
p181
(lp182
(I78
I1
tp183
asVunit
p184
(lp185
(I56
I1
tp186
asVdna
p187
(lp188
(I103
I1
tp189
asVspoke
p190
(lp191
(I103
I1
tp192
asVwould
p193
(lp194
(I103
I1
tp195
a(I18
I2
tp196
a(I23
I1
tp197
a(I28
I1
tp198
a(I54
I1
tp199
a(I59
I1
tp200
a(I64
I1
tp201
asVbrowse
p202
(lp203
(I56
I1
tp204
asVmusic
p205
(lp206
(I39
I1
tp207
a(I56
I1
tp208
asVasset
p209
(lp210
(I56
I1
tp211
asVrecommend
p212
(lp213
(I56
I1
tp214
asVstrike
p215
(lp216
(I103
I1
tp217
a(I59
I1
tp218
asVtype
p219
(lp220
(I101
I1
tp221
a(I56
I1
tp222
asVtell
p223
(lp224
(I18
I1
tp225
asVwars
p226
(lp227
(I38
I53
tp228
asVphone
p229
(lp230
(I39
I2
tp231
asVprogam
p232
(lp233
(I101
I1
tp234
asV90
p235
(lp236
(I64
I1
tp237
asVhold
p238
(lp239
(I101
I1
tp240
asVword
p241
(lp242
(I56
I1
tp243
asVroom
p244
(lp245
(I39
I1
tp246
a(I59
I3
tp247
a(I64
I2
tp248
asVrights
p249
(lp250
(I101
I1
tp251
a(I39
I1
tp252
asVwork
p253
(lp254
(I103
I1
tp255
a(I56
I3
tp256
a(I78
I1
tp257
asVmovies
p258
(lp259
(I38
I57
tp260
asVtemperatures
p261
(lp262
(I64
I1
tp263
asVendor
p264
(lp265
(I38
I1
tp266
asV16gb
p267
(lp268
(I56
I1
tp269
asVestate
p270
(lp271
(I56
I1
tp272
asVwant
p273
(lp274
(I103
I1
tp275
a(I18
I1
tp276
a(I38
I1
tp277
a(I56
I2
tp278
asVend
p279
(lp280
(I78
I1
tp281
asVturn
p282
(lp283
(I78
I1
tp284
asVprovide
p285
(lp286
(I23
I2
tp287
a(I28
I2
tp288
a(I54
I2
tp289
a(I59
I2
tp290
a(I64
I2
tp291
asVtravel
p292
(lp293
(I56
I1
tp294
asVfeature
p295
(lp296
(I56
I2
tp297
a(I59
I1
tp298
a(I78
I1
tp299
asVmachine
p300
(lp301
(I56
I1
tp302
asVanswer
p303
(lp304
(I39
I1
tp305
asVcharging
p306
(lp307
(I101
I1
tp308
asVbadly
p309
(lp310
(I56
I1
tp311
asV4:32pm
p312
(lp313
(I18
I1
tp314
asVfever
p315
(lp316
(I64
I1
tp317
asVundergoing
p318
(lp319
(I101
I1
tp320
asVlag
p321
(lp322
(I56
I1
tp323
asVconnects
p324
(lp325
(I59
I1
tp326
asVpresident
p327
(lp328
(I103
I1
tp329
a(I64
I1
tp330
asVlaw
p331
(lp332
(I101
I2
tp333
asVlap
p334
(lp335
(I56
I1
tp336
asVnagasaki
p337
(lp338
(I64
I1
tp339
asVfictional
p340
(lp341
(I18
I1
tp342
asVnascent
p343
(lp344
(I56
I1
tp345
asVcapitalist
p346
(lp347
(I18
I1
tp348
asVsuggest
p349
(lp350
(I56
I1
tp351
asVworst
p352
(lp353
(I56
I1
tp354
asVoperate
p355
(lp356
(I101
I1
tp357
asVorder
p358
(lp359
(I23
I1
tp360
a(I28
I1
tp361
a(I54
I1
tp362
a(I59
I1
tp363
a(I64
I1
tp364
asVoffice
p365
(lp366
(I18
I1
tp367
a(I56
I1
tp368
asVdeck
p369
(lp370
(I56
I1
tp371
asVhigh-res
p372
(lp373
(I56
I1
tp374
asVintangible
p375
(lp376
(I18
I1
tp377
asVkeyboard
p378
(lp379
(I56
I3
tp380
a(I78
I1
tp381
asVresponsive
p382
(lp383
(I56
I1
tp384
asVjapan
p385
(lp386
(I64
I53
tp387
asVmayor
p388
(lp389
(I101
I1
tp390
asVdigest
p391
(lp392
(I39
I1
tp393
asVpharma
p394
(lp395
(I103
I3
tp396
asVfit
p397
(lp398
(I56
I1
tp399
asVrankings
p400
(lp401
(I39
I1
tp402
asV,
p403
(lp404
(I101
I21
tp405
a(I103
I21
tp406
a(I18
I21
tp407
a(I23
I9
tp408
a(I28
I9
tp409
a(I38
I119
tp410
a(I39
I93
tp411
a(I54
I9
tp412
a(I56
I96
tp413
a(I59
I13
tp414
a(I64
I27
tp415
a(I78
I32
tp416
asVbetter
p417
(lp418
(I18
I2
tp419
a(I23
I1
tp420
a(I28
I1
tp421
a(I39
I1
tp422
a(I54
I1
tp423
a(I56
I2
tp424
a(I59
I2
tp425
a(I64
I1
tp426
a(I78
I1
tp427
asVproduction
p428
(lp429
(I38
I1
tp430
asV400
p431
(lp432
(I39
I1
tp433
a(I56
I1
tp434
asVweeks
p435
(lp436
(I56
I1
tp437
asV5ghz
p438
(lp439
(I56
I1
tp440
asVeventually
p441
(lp442
(I78
I1
tp443
asVcoffee
p444
(lp445
(I64
I1
tp446
asVworkhorse
p447
(lp448
(I56
I1
tp449
asVaffected
p450
(lp451
(I103
I1
tp452
asVdiseases
p453
(lp454
(I103
I4
tp455
asVwell-manicured
p456
(lp457
(I18
I1
tp458
asV7.5mm
p459
(lp460
(I39
I1
tp461
asVbread
p462
(lp463
(I39
I1
tp464
asVrepresents
p465
(lp466
(I56
I1
tp467
asVbackgrounds
p468
(lp469
(I56
I1
tp470
asVside
p471
(lp472
(I56
I3
tp473
asVbond
p474
(lp475
(I18
I1
tp476
asVafforded
p477
(lp478
(I56
I1
tp479
asVfairly
p480
(lp481
(I78
I1
tp482
asVseries
p483
(lp484
(I39
I1
tp485
a(I59
I52
tp486
asVtip
p487
(lp488
(I64
I1
tp489
asV2,500
p490
(lp491
(I56
I1
tp492
asVforgot
p493
(lp494
(I23
I4
tp495
a(I28
I4
tp496
a(I54
I4
tp497
a(I59
I4
tp498
a(I64
I4
tp499
asVsharknado
p500
(lp501
(I59
I1
tp502
asVdepress
p503
(lp504
(I56
I1
tp505
asVnetworked
p506
(lp507
(I56
I1
tp508
asVdriving
p509
(lp510
(I101
I1
tp511
asVcameras
p512
(lp513
(I39
I1
tp514
asVbonus
p515
(lp516
(I38
I1
tp517
asVgot
p518
(lp519
(I56
I1
tp520
asVperception
p521
(lp522
(I39
I1
tp523
asVassociate
p524
(lp525
(I39
I1
tp526
asVgiven
p527
(lp528
(I78
I1
tp529
asVfree
p530
(lp531
(I78
I1
tp532
asVappointments
p533
(lp534
(I39
I1
tp535
asVstruggle
p536
(lp537
(I18
I1
tp538
asVdetecting
p539
(lp540
(I64
I1
tp541
asVkit
p542
(lp543
(I103
I1
tp544
asV249
p545
(lp546
(I56
I1
tp547
asVlollipop
p548
(lp549
(I39
I1
tp550
asVcreated
p551
(lp552
(I18
I1
tp553
asVstarts
p554
(lp555
(I56
I1
tp556
asVinexpensive
p557
(lp558
(I39
I2
tp559
a(I56
I2
tp560
asVdays
p561
(lp562
(I18
I1
tp563
a(I78
I1
tp564
asVlousy
p565
(lp566
(I56
I2
tp567
asVmoving
p568
(lp569
(I56
I1
tp570
asVloud
p571
(lp572
(I39
I1
tp573
a(I56
I1
tp574
asVuser
p575
(lp576
(I23
I2
tp577
a(I28
I2
tp578
a(I39
I2
tp579
a(I54
I2
tp580
a(I59
I2
tp581
a(I64
I2
tp582
a(I78
I2
tp583
asVlaggy
p584
(lp585
(I56
I1
tp586
asValready
p587
(lp588
(I103
I1
tp589
a(I78
I2
tp590
asVfeatures
p591
(lp592
(I38
I1
tp593
a(I39
I55
tp594
a(I56
I2
tp595
a(I78
I1
tp596
asVchromebooks
p597
(lp598
(I56
I11
tp599
asVfeatured
p600
(lp601
(I59
I1
tp602
asVanother
p603
(lp604
(I23
I2
tp605
a(I28
I2
tp606
a(I54
I2
tp607
a(I56
I3
tp608
a(I59
I2
tp609
a(I64
I2
tp610
a(I78
I1
tp611
asVdrones
p612
(lp613
(I18
I1
tp614
asVthick
p615
(lp616
(I18
I1
tp617
a(I39
I1
tp618
asVhp\u2019s
p619
(lp620
(I56
I1
tp621
asVspinach
p622
(lp623
(I18
I1
tp624
asVtop
p625
(lp626
(I64
I1
tp627
asVwe\u2019d
p628
(lp629
(I64
I1
tp630
asVfiction
p631
(lp632
(I18
I1
tp633
asVconfirming
p634
(lp635
(I23
I1
tp636
a(I28
I1
tp637
a(I54
I1
tp638
a(I59
I1
tp639
a(I64
I1
tp640
asVtool
p641
(lp642
(I78
I2
tp643
asVrejected
p644
(lp645
(I101
I1
tp646
asVjapanese
p647
(lp648
(I64
I1
tp649
asV100gb
p650
(lp651
(I56
I1
tp652
asVtarget
p653
(lp654
(I103
I1
tp655
asVlegalize
p656
(lp657
(I101
I1
tp658
asVscenes
p659
(lp660
(I38
I1
tp661
asVmatter
p662
(lp663
(I39
I1
tp664
a(I56
I2
tp665
asVsilly
p666
(lp667
(I78
I1
tp668
asVendure
p669
(lp670
(I18
I1
tp671
asVfeeling
p672
(lp673
(I18
I1
tp674
asVbridge
p675
(lp676
(I59
I1
tp677
asVocta-core
p678
(lp679
(I39
I1
tp680
asVnavigate
p681
(lp682
(I39
I1
tp683
asVram
p684
(lp685
(I39
I1
tp686
a(I56
I3
tp687
asVmind
p688
(lp689
(I18
I1
tp690
a(I56
I1
tp691
a(I78
I1
tp692
asVspectrum
p693
(lp694
(I78
I1
tp695
asVseen
p696
(lp697
(I56
I1
tp698
asVseem
p699
(lp700
(I101
I1
tp701
a(I78
I4
tp702
asVdozen
p703
(lp704
(I78
I2
tp705
asV\u201d
p706
(lp707
(I56
I2
tp708
asVfitting
p709
(lp710
(I56
I1
tp711
asVsubjects
p712
(lp713
(I103
I1
tp714
asVclunky
p715
(lp716
(I56
I1
tp717
asVep
p718
(lp719
(I64
I1
tp720
asVthough
p721
(lp722
(I56
I1
tp723
asVplenty
p724
(lp725
(I39
I1
tp726
asVscripts
p727
(lp728
(I78
I1
tp729
asVmacbook
p730
(lp731
(I56
I9
tp732
asVclearance
p733
(lp734
(I103
I1
tp735
asVepisode
p736
(lp737
(I38
I1
tp738
asVconsumers
p739
(lp740
(I103
I2
tp741
asVneighborhoods
p742
(lp743
(I101
I1
tp744
asVdevastating
p745
(lp746
(I101
I1
tp747
asVpoints
p748
(lp749
(I39
I1
tp750
asVtech
p751
(lp752
(I101
I3
tp753
a(I59
I1
tp754
asVenterprise
p755
(lp756
(I103
I1
tp757
asVtechnicolor
p758
(lp759
(I39
I1
tp760
asVsaying
p761
(lp762
(I103
I1
tp763
asVcolors
p764
(lp765
(I56
I1
tp766
a(I59
I1
tp767
asVnetherlands-themed
p768
(lp769
(I64
I1
tp770
asVtouches
p771
(lp772
(I18
I1
tp773
asVmenu
p774
(lp775
(I18
I1
tp776
asVapologist
p777
(lp778
(I78
I1
tp779
asVon-screen
p780
(lp781
(I59
I2
tp782
asVtheme
p783
(lp784
(I64
I1
tp785
asVporeless
p786
(lp787
(I18
I1
tp788
asVscreening
p789
(lp790
(I103
I1
tp791
asVpersonality
p792
(lp793
(I18
I1
tp794
asVsense
p795
(lp796
(I78
I1
tp797
asVde
p798
(lp799
(I56
I1
tp800
asVwatch
p801
(lp802
(I38
I1
tp803
asVfluid
p804
(lp805
(I18
I1
tp806
asVblinking
p807
(lp808
(I64
I1
tp809
asVamazon
p810
(lp811
(I38
I1
tp812
asVunfortunately
p813
(lp814
(I38
I1
tp815
a(I78
I1
tp816
asVinfrequent
p817
(lp818
(I18
I1
tp819
asVruns
p820
(lp821
(I39
I1
tp822
a(I56
I2
tp823
asVespn\u2019s
p824
(lp825
(I56
I1
tp826
asVfavors
p827
(lp828
(I56
I1
tp829
asVsayin\u2019
p830
(lp831
(I18
I1
tp832
asVrespond
p833
(lp834
(I64
I1
tp835
asVfair
p836
(lp837
(I101
I1
tp838
asVsensitivity
p839
(lp840
(I103
I1
tp841
asVtesting
p842
(lp843
(I103
I54
tp844
asVgoodnight
p845
(lp846
(I18
I1
tp847
asVhomescreen
p848
(lp849
(I39
I1
tp850
asVresult
p851
(lp852
(I59
I1
tp853
asVbest
p854
(lp855
(I23
I1
tp856
a(I28
I1
tp857
a(I54
I1
tp858
a(I56
I3
tp859
a(I59
I1
tp860
a(I64
I1
tp861
asVsaid
p862
(lp863
(I101
I1
tp864
a(I103
I2
tp865
a(I18
I1
tp866
a(I64
I1
tp867
asVlots
p868
(lp869
(I39
I1
tp870
asVaway
p871
(lp872
(I78
I1
tp873
asVt-mobile
p874
(lp875
(I39
I1
tp876
asVfuture
p877
(lp878
(I56
I1
tp879
a(I64
I1
tp880
asVhumankind
p881
(lp882
(I18
I1
tp883
asVscorn
p884
(lp885
(I101
I1
tp886
asVletting
p887
(lp888
(I101
I51
tp889
asVterms
p890
(lp891
(I23
I1
tp892
a(I28
I1
tp893
a(I54
I1
tp894
a(I59
I1
tp895
a(I64
I1
tp896
asVwo
p897
(lp898
(I103
I1
tp899
a(I78
I1
tp900
asVhowever
p901
(lp902
(I56
I1
tp903
asVwear
p904
(lp905
(I18
I1
tp906
asVnews
p907
(lp908
(I39
I1
tp909
a(I64
I1
tp910
asVpicking
p911
(lp912
(I56
I1
tp913
asVsuggested
p914
(lp915
(I78
I1
tp916
asVreceived
p917
(lp918
(I103
I1
tp919
asVessentially
p920
(lp921
(I78
I1
tp922
asVfault
p923
(lp924
(I101
I1
tp925
asVlogin
p926
(lp927
(I23
I6
tp928
a(I28
I6
tp929
a(I54
I6
tp930
a(I59
I6
tp931
a(I64
I6
tp932
asVlenses
p933
(lp934
(I39
I1
tp935
asVmatte
p936
(lp937
(I56
I1
tp938
asV250
p939
(lp940
(I39
I3
tp941
asVspeak
p942
(lp943
(I64
I1
tp944
asVconference
p945
(lp946
(I64
I1
tp947
asVcopycat
p948
(lp949
(I39
I1
tp950
asVchrome
p951
(lp952
(I56
I7
tp953
asVfutility
p954
(lp955
(I18
I1
tp956
asVthree
p957
(lp958
(I39
I1
tp959
asVtiny
p960
(lp961
(I56
I1
tp962
asV.
p963
(lp964
(I101
I15
tp965
a(I103
I18
tp966
a(I18
I45
tp967
a(I23
I11
tp968
a(I28
I11
tp969
a(I38
I9
tp970
a(I39
I26
tp971
a(I54
I11
tp972
a(I56
I65
tp973
a(I59
I18
tp974
a(I64
I23
tp975
a(I78
I30
tp976
asVviewer
p977
(lp978
(I59
I1
tp979
asVmuch
p980
(lp981
(I18
I1
tp982
a(I56
I6
tp983
a(I64
I1
tp984
a(I78
I5
tp985
asVbasic
p986
(lp987
(I56
I3
tp988
asVidol
p989
(lp990
(I28
I50
tp991
a(I39
I10
tp992
asVlife
p993
(lp994
(I18
I1
tp995
a(I56
I2
tp996
asVdrugs
p997
(lp998
(I103
I52
tp999
asVtapping
p1000
(lp1001
(I78
I1
tp1002
asVair
p1003
(lp1004
(I56
I1
tp1005
asVugly
p1006
(lp1007
(I56
I2
tp1008
asVneat
p1009
(lp1010
(I39
I1
tp1011
a(I59
I1
tp1012
asVstopping
p1013
(lp1014
(I101
I1
tp1015
a(I56
I1
tp1016
asVflooding
p1017
(lp1018
(I39
I1
tp1019
asVlaunched
p1020
(lp1021
(I38
I1
tp1022
asVsticker
p1023
(lp1024
(I56
I1
tp1025
asVcreepy
p1026
(lp1027
(I38
I1
tp1028
asV\u2019
p1029
(lp1030
(I103
I1
tp1031
asVperform
p1032
(lp1033
(I78
I2
tp1034
asVthings
p1035
(lp1036
(I103
I1
tp1037
a(I56
I2
tp1038
a(I78
I7
tp1039
asVmake
p1040
(lp1041
(I101
I1
tp1042
a(I103
I2
tp1043
a(I18
I1
tp1044
a(I56
I4
tp1045
a(I64
I2
tp1046
a(I78
I2
tp1047
asVcomplex
p1048
(lp1049
(I78
I2
tp1050
asVsplit
p1051
(lp1052
(I18
I1
tp1053
asVmeets
p1054
(lp1055
(I18
I1
tp1056
asVeffortlessly
p1057
(lp1058
(I56
I1
tp1059
asVcounterparts
p1060
(lp1061
(I56
I1
tp1062
asVhand
p1063
(lp1064
(I18
I1
tp1065
asVbloomberg
p1066
(lp1067
(I103
I2
tp1068
asVbutter
p1069
(lp1070
(I39
I1
tp1071
asVlucas
p1072
(lp1073
(I38
I1
tp1074
asV720p
p1075
(lp1076
(I39
I1
tp1077
asVcontact
p1078
(lp1079
(I64
I1
tp1080
asVclaims
p1081
(lp1082
(I56
I1
tp1083
asValcatel
p1084
(lp1085
(I28
I50
tp1086
a(I39
I61
tp1087
asVcorporate
p1088
(lp1089
(I18
I1
tp1090
asVleft
p1091
(lp1092
(I39
I1
tp1093
asVphoto
p1094
(lp1095
(I18
I4
tp1096
asVlaptop
p1097
(lp1098
(I23
I50
tp1099
a(I56
I8
tp1100
asVthanks
p1101
(lp1102
(I56
I1
tp1103
asVhuman
p1104
(lp1105
(I18
I1
tp1106
a(I64
I1
tp1107
asVyes
p1108
(lp1109
(I23
I2
tp1110
a(I28
I2
tp1111
a(I38
I1
tp1112
a(I54
I2
tp1113
a(I59
I2
tp1114
a(I64
I2
tp1115
asVyet
p1116
(lp1117
(I103
I1
tp1118
a(I38
I1
tp1119
a(I56
I1
tp1120
a(I78
I1
tp1121
asVadding
p1122
(lp1123
(I78
I1
tp1124
asVhan
p1125
(lp1126
(I38
I1
tp1127
asVboard
p1128
(lp1129
(I101
I2
tp1130
asVeasy
p1131
(lp1132
(I39
I1
tp1133
a(I56
I1
tp1134
asVtechnological
p1135
(lp1136
(I56
I1
tp1137
asVpitiful
p1138
(lp1139
(I18
I1
tp1140
asVplasma
p1141
(lp1142
(I56
I1
tp1143
asVerratically
p1144
(lp1145
(I56
I1
tp1146
asVpossible
p1147
(lp1148
(I23
I1
tp1149
a(I28
I1
tp1150
a(I54
I1
tp1151
a(I59
I1
tp1152
a(I64
I1
tp1153
asVcolor-rich
p1154
(lp1155
(I56
I1
tp1156
asVcaps
p1157
(lp1158
(I78
I1
tp1159
asVpossibly
p1160
(lp1161
(I103
I1
tp1162
asVsupervisors
p1163
(lp1164
(I101
I2
tp1165
asV30
p1166
(lp1167
(I18
I1
tp1168
asVunique
p1169
(lp1170
(I18
I1
tp1171
a(I59
I1
tp1172
asVadvanced
p1173
(lp1174
(I64
I1
tp1175
asVxbox
p1176
(lp1177
(I38
I4
tp1178
asVspecific
p1179
(lp1180
(I23
I1
tp1181
a(I28
I1
tp1182
a(I54
I1
tp1183
a(I59
I1
tp1184
a(I64
I1
tp1185
a(I78
I2
tp1186
asVsteps
p1187
(lp1188
(I56
I1
tp1189
asVavatar
p1190
(lp1191
(I38
I1
tp1192
asVnight
p1193
(lp1194
(I64
I1
tp1195
asVright
p1196
(lp1197
(I56
I2
tp1198
a(I59
I1
tp1199
asVshuttles
p1200
(lp1201
(I101
I2
tp1202
asVpeople
p1203
(lp1204
(I103
I1
tp1205
a(I39
I1
tp1206
a(I54
I50
tp1207
a(I56
I10
tp1208
a(I59
I1
tp1209
asVstaff
p1210
(lp1211
(I38
I1
tp1212
a(I64
I2
tp1213
asVsuccessfully
p1214
(lp1215
(I18
I1
tp1216
asVsure
p1217
(lp1218
(I56
I1
tp1219
a(I78
I1
tp1220
asVpain
p1221
(lp1222
(I78
I1
tp1223
asVbottom
p1224
(lp1225
(I56
I1
tp1226
asVhulks
p1227
(lp1228
(I56
I1
tp1229
asVcore
p1230
(lp1231
(I18
I1
tp1232
asVrepository
p1233
(lp1234
(I78
I1
tp1235
asVdeleted
p1236
(lp1237
(I38
I1
tp1238
asVprotagonist
p1239
(lp1240
(I18
I1
tp1241
asVpost
p1242
(lp1243
(I64
I1
tp1244
asVplus
p1245
(lp1246
(I39
I1
tp1247
a(I56
I1
tp1248
asVraised
p1249
(lp1250
(I103
I1
tp1251
asVlow-cost
p1252
(lp1253
(I56
I1
tp1254
asVrendering
p1255
(lp1256
(I18
I1
tp1257
asVwrap
p1258
(lp1259
(I18
I1
tp1260
asVviewers
p1261
(lp1262
(I38
I1
tp1263
asVrely
p1264
(lp1265
(I56
I1
tp1266
asVsupport
p1267
(lp1268
(I39
I1
tp1269
a(I56
I3
tp1270
asVconstantly
p1271
(lp1272
(I56
I1
tp1273
a(I78
I1
tp1274
asVavail
p1275
(lp1276
(I101
I1
tp1277
asVway
p1278
(lp1279
(I101
I1
tp1280
a(I103
I1
tp1281
a(I56
I1
tp1282
asVcall
p1283
(lp1284
(I39
I1
tp1285
a(I56
I1
tp1286
asVtrappings
p1287
(lp1288
(I18
I1
tp1289
asVlaunching
p1290
(lp1291
(I56
I1
tp1292
a(I78
I1
tp1293
asV5.5-inch
p1294
(lp1295
(I39
I4
tp1296
asVhead
p1297
(lp1298
(I103
I1
tp1299
asVoffering
p1300
(lp1301
(I38
I1
tp1302
asVbecoming
p1303
(lp1304
(I23
I1
tp1305
a(I28
I1
tp1306
a(I54
I1
tp1307
a(I56
I1
tp1308
a(I59
I1
tp1309
a(I64
I1
tp1310
asVheat
p1311
(lp1312
(I64
I1
tp1313
asVfaders
p1314
(lp1315
(I39
I1
tp1316
asVthey\u2019re
p1317
(lp1318
(I103
I1
tp1319
asVreset
p1320
(lp1321
(I23
I1
tp1322
a(I28
I1
tp1323
a(I54
I1
tp1324
a(I59
I1
tp1325
a(I64
I1
tp1326
asVversions
p1327
(lp1328
(I38
I2
tp1329
asVdevices
p1330
(lp1331
(I39
I1
tp1332
asVblu-ray
p1333
(lp1334
(I38
I1
tp1335
asVpanels
p1336
(lp1337
(I56
I1
tp1338
a(I64
I1
tp1339
a(I78
I1
tp1340
asVaccelerate
p1341
(lp1342
(I103
I1
tp1343
asVpassenger
p1344
(lp1345
(I101
I1
tp1346
asV3.0
p1347
(lp1348
(I56
I1
tp1349
asV''
p1350
(lp1351
(I101
I3
tp1352
a(I103
I5
tp1353
a(I18
I2
tp1354
a(I59
I1
tp1355
a(I64
I2
tp1356
a(I78
I3
tp1357
asVsaltwater
p1358
(lp1359
(I18
I1
tp1360
asVship
p1361
(lp1362
(I64
I1
tp1363
asVcheck
p1364
(lp1365
(I56
I1
tp1366
a(I64
I1
tp1367
asVprotested
p1368
(lp1369
(I101
I1
tp1370
asVagreeing
p1371
(lp1372
(I23
I1
tp1373
a(I28
I1
tp1374
a(I54
I1
tp1375
a(I59
I1
tp1376
a(I64
I1
tp1377
asVjony
p1378
(lp1379
(I54
I50
tp1380
asVgenerally
p1381
(lp1382
(I101
I1
tp1383
asVdraketwins
p1384
(lp1385
(I18
I4
tp1386
asVreality
p1387
(lp1388
(I56
I1
tp1389
asVambitious
p1390
(lp1391
(I103
I1
tp1392
asVdigital
p1393
(lp1394
(I38
I7
tp1395
asVtest
p1396
(lp1397
(I103
I1
tp1398
a(I56
I1
tp1399
asV's
p1400
(lp1401
(I101
I3
tp1402
a(I103
I6
tp1403
a(I18
I9
tp1404
a(I23
I50
tp1405
a(I38
I2
tp1406
a(I39
I63
tp1407
a(I54
I50
tp1408
a(I56
I2
tp1409
a(I64
I1
tp1410
a(I78
I11
tp1411
asVmodels
p1412
(lp1413
(I38
I1
tp1414
a(I56
I2
tp1415
asVsurprise
p1416
(lp1417
(I56
I1
tp1418
asVgenentech
p1419
(lp1420
(I103
I2
tp1421
asV'd
p1422
(lp1423
(I39
I1
tp1424
asV'm
p1425
(lp1426
(I18
I1
tp1427
a(I78
I2
tp1428
asVfaster
p1429
(lp1430
(I39
I1
tp1431
asVdual-core
p1432
(lp1433
(I56
I1
tp1434
asVtogether
p1435
(lp1436
(I39
I1
tp1437
a(I78
I1
tp1438
asVtime
p1439
(lp1440
(I18
I1
tp1441
a(I56
I3
tp1442
a(I78
I5
tp1443
asVpush
p1444
(lp1445
(I103
I1
tp1446
asVsongs
p1447
(lp1448
(I39
I1
tp1449
asVfocus
p1450
(lp1451
(I56
I1
tp1452
asVskin
p1453
(lp1454
(I18
I1
tp1455
asV2.4ghz
p1456
(lp1457
(I56
I1
tp1458
asVfinally
p1459
(lp1460
(I101
I1
tp1461
asVwars-
p1462
(lp1463
(I38
I1
tp1464
asVmarks
p1465
(lp1466
(I39
I1
tp1467
asVsmartphone
p1468
(lp1469
(I39
I2
tp1470
asVstring
p1471
(lp1472
(I78
I1
tp1473
asVsponsors
p1474
(lp1475
(I23
I1
tp1476
a(I28
I1
tp1477
a(I54
I1
tp1478
a(I59
I1
tp1479
a(I64
I1
tp1480
asV1995
p1481
(lp1482
(I59
I1
tp1483
asVexact
p1484
(lp1485
(I56
I2
tp1486
asVcool
p1487
(lp1488
(I78
I1
tp1489
asVos\u2019
p1490
(lp1491
(I56
I1
tp1492
asVimpressive
p1493
(lp1494
(I39
I1
tp1495
asVlevel
p1496
(lp1497
(I56
I2
tp1498
asVturns
p1499
(lp1500
(I18
I1
tp1501
a(I78
I51
tp1502
asVleave
p1503
(lp1504
(I56
I1
tp1505
asVdrakes
p1506
(lp1507
(I18
I56
tp1508
asVdip
p1509
(lp1510
(I18
I1
tp1511
asVfda-cleared
p1512
(lp1513
(I103
I1
tp1514
asVsays
p1515
(lp1516
(I103
I1
tp1517
a(I39
I1
tp1518
a(I56
I1
tp1519
asVrents
p1520
(lp1521
(I101
I1
tp1522
asVsign
p1523
(lp1524
(I23
I1
tp1525
a(I28
I1
tp1526
a(I54
I1
tp1527
a(I59
I1
tp1528
a(I64
I1
tp1529
asVcost
p1530
(lp1531
(I39
I1
tp1532
asVshirts
p1533
(lp1534
(I18
I2
tp1535
asVrun
p1536
(lp1537
(I103
I1
tp1538
a(I56
I1
tp1539
asVtargets
p1540
(lp1541
(I103
I2
tp1542
asVdrinks
p1543
(lp1544
(I18
I1
tp1545
asVpurchasers
p1546
(lp1547
(I38
I1
tp1548
asVadds
p1549
(lp1550
(I38
I1
tp1551
asVappear
p1552
(lp1553
(I38
I1
tp1554
asVgoes
p1555
(lp1556
(I56
I2
tp1557
asVfalling
p1558
(lp1559
(I18
I1
tp1560
asVappeal
p1561
(lp1562
(I101
I1
tp1563
asVwater
p1564
(lp1565
(I101
I1
tp1566
asVupgrade
p1567
(lp1568
(I78
I1
tp1569
asVgroups
p1570
(lp1571
(I101
I1
tp1572
asVakin
p1573
(lp1574
(I59
I1
tp1575
asValong
p1576
(lp1577
(I39
I1
tp1578
asVchange
p1579
(lp1580
(I103
I1
tp1581
a(I39
I1
tp1582
a(I56
I1
tp1583
asVwide-aperture
p1584
(lp1585
(I39
I1
tp1586
asVbox
p1587
(lp1588
(I78
I1
tp1589
asVexemption
p1590
(lp1591
(I101
I2
tp1592
asVtelevisions
p1593
(lp1594
(I59
I1
tp1595
asVusually
p1596
(lp1597
(I101
I1
tp1598
asVtasks
p1599
(lp1600
(I56
I2
tp1601
a(I78
I1
tp1602
asVlove
p1603
(lp1604
(I18
I8
tp1605
a(I78
I2
tp1606
asVextra
p1607
(lp1608
(I38
I1
tp1609
a(I56
I1
tp1610
asVmerely
p1611
(lp1612
(I18
I1
tp1613
asVverge
p1614
(lp1615
(I101
I50
tp1616
a(I103
I50
tp1617
a(I18
I51
tp1618
a(I23
I51
tp1619
a(I28
I51
tp1620
a(I38
I51
tp1621
a(I39
I50
tp1622
a(I54
I51
tp1623
a(I56
I50
tp1624
a(I59
I51
tp1625
a(I64
I52
tp1626
a(I78
I50
tp1627
asVmarket
p1628
(lp1629
(I39
I1
tp1630
a(I56
I2
tp1631
asVname-dropped
p1632
(lp1633
(I54
I50
tp1634
asVbulbs
p1635
(lp1636
(I59
I2
tp1637
asVsynchronized
p1638
(lp1639
(I59
I1
tp1640
asVprove
p1641
(lp1642
(I56
I1
tp1643
asVlive
p1644
(lp1645
(I38
I1
tp1646
a(I59
I1
tp1647
asVandy
p1648
(lp1649
(I103
I1
tp1650
asViphone
p1651
(lp1652
(I39
I1
tp1653
a(I78
I53
tp1654
asVfilms
p1655
(lp1656
(I38
I1
tp1657
asVtoday
p1658
(lp1659
(I18
I1
tp1660
a(I38
I1
tp1661
a(I39
I1
tp1662
a(I56
I1
tp1663
a(I78
I1
tp1664
asV``
p1665
(lp1666
(I101
I3
tp1667
a(I103
I5
tp1668
a(I18
I2
tp1669
a(I59
I1
tp1670
a(I64
I2
tp1671
a(I78
I3
tp1672
asVsharing
p1673
(lp1674
(I23
I1
tp1675
a(I28
I1
tp1676
a(I54
I1
tp1677
a(I59
I1
tp1678
a(I64
I1
tp1679
asVabandonment
p1680
(lp1681
(I18
I1
tp1682
asVacceptable
p1683
(lp1684
(I56
I1
tp1685
asVeasiest
p1686
(lp1687
(I78
I1
tp1688
asV570s
p1689
(lp1690
(I18
I1
tp1691
asVflagship
p1692
(lp1693
(I39
I52
tp1694
asVabysmal
p1695
(lp1696
(I56
I1
tp1697
asVmaking
p1698
(lp1699
(I103
I52
tp1700
a(I78
I2
tp1701
asVheart
p1702
(lp1703
(I101
I1
tp1704
a(I56
I1
tp1705
asVdedicated
p1706
(lp1707
(I23
I1
tp1708
a(I28
I1
tp1709
a(I54
I1
tp1710
a(I59
I1
tp1711
a(I64
I1
tp1712
asVfigure
p1713
(lp1714
(I78
I1
tp1715
asVchip
p1716
(lp1717
(I39
I1
tp1718
a(I56
I1
tp1719
asVnewsletters
p1720
(lp1721
(I23
I1
tp1722
a(I28
I1
tp1723
a(I54
I1
tp1724
a(I59
I1
tp1725
a(I64
I1
tp1726
asVthere\u2019s
p1727
(lp1728
(I56
I3
tp1729
asVheard
p1730
(lp1731
(I18
I1
tp1732
asVclothing
p1733
(lp1734
(I18
I1
tp1735
asVoverreacting
p1736
(lp1737
(I18
I1
tp1738
asVsnapdragon
p1739
(lp1740
(I39
I2
tp1741
asV1
p1742
(lp1743
(I101
I1
tp1744
a(I18
I1
tp1745
asVsunday
p1746
(lp1747
(I78
I1
tp1748
asVt-shirts
p1749
(lp1750
(I18
I1
tp1751
asVeconomy
p1752
(lp1753
(I56
I1
tp1754
asVproduct
p1755
(lp1756
(I103
I1
tp1757
asVlaundry
p1758
(lp1759
(I64
I1
tp1760
asVmay
p1761
(lp1762
(I101
I1
tp1763
a(I18
I2
tp1764
a(I56
I1
tp1765
asVdive
p1766
(lp1767
(I78
I1
tp1768
asVmac
p1769
(lp1770
(I78
I62
tp1771
asVpasting
p1772
(lp1773
(I78
I1
tp1774
asVdesigned
p1775
(lp1776
(I78
I1
tp1777
asVdata
p1778
(lp1779
(I103
I1
tp1780
a(I23
I2
tp1781
a(I28
I2
tp1782
a(I54
I2
tp1783
a(I59
I2
tp1784
a(I64
I2
tp1785
asVman
p1786
(lp1787
(I18
I7
tp1788
asVdisheartening
p1789
(lp1790
(I56
I1
tp1791
asVneck
p1792
(lp1793
(I18
I1
tp1794
asVmaybe
p1795
(lp1796
(I18
I1
tp1797
a(I78
I1
tp1798
asVtale
p1799
(lp1800
(I18
I52
tp1801
asVsf
p1802
(lp1803
(I101
I2
tp1804
asVsd
p1805
(lp1806
(I56
I1
tp1807
asVultra-low
p1808
(lp1809
(I39
I1
tp1810
asV126
p1811
(lp1812
(I103
I1
tp1813
asVyears
p1814
(lp1815
(I103
I1
tp1816
a(I56
I1
tp1817
asVstability
p1818
(lp1819
(I78
I1
tp1820
asVbrain
p1821
(lp1822
(I18
I1
tp1823
asVcuts
p1824
(lp1825
(I78
I1
tp1826
asVcold
p1827
(lp1828
(I18
I1
tp1829
asVstill
p1830
(lp1831
(I103
I1
tp1832
a(I18
I1
tp1833
a(I56
I3
tp1834
asVsupplemented
p1835
(lp1836
(I64
I1
tp1837
asVgroup
p1838
(lp1839
(I103
I1
tp1840
asVmonitor
p1841
(lp1842
(I64
I1
tp1843
asVinteresting
p1844
(lp1845
(I39
I1
tp1846
a(I78
I1
tp1847
asVfaux-marg
p1848
(lp1849
(I18
I1
tp1850
asVonetouch
p1851
(lp1852
(I39
I2
tp1853
asVwindow
p1854
(lp1855
(I18
I1
tp1856
a(I56
I1
tp1857
asVoffers
p1858
(lp1859
(I56
I2
tp1860
a(I78
I1
tp1861
asVspacious
p1862
(lp1863
(I56
I2
tp1864
asVpolicy
p1865
(lp1866
(I23
I1
tp1867
a(I28
I1
tp1868
a(I54
I1
tp1869
a(I59
I1
tp1870
a(I64
I1
tp1871
asVmain
p1872
(lp1873
(I39
I1
tp1874
a(I56
I2
tp1875
a(I78
I1
tp1876
asVinstantly
p1877
(lp1878
(I78
I1
tp1879
asVhall
p1880
(lp1881
(I101
I1
tp1882
asVname
p1883
(lp1884
(I39
I1
tp1885
asVjanuary
p1886
(lp1887
(I59
I1
tp1888
asVsynchronize
p1889
(lp1890
(I59
I51
tp1891
asVrock
p1892
(lp1893
(I56
I1
tp1894
asVentirely
p1895
(lp1896
(I78
I1
tp1897
asVquarter
p1898
(lp1899
(I56
I1
tp1900
asVindividually
p1901
(lp1902
(I38
I1
tp1903
asVsignificantly
p1904
(lp1905
(I56
I2
tp1906
asVed
p1907
(lp1908
(I101
I1
tp1909
asVmass-market
p1910
(lp1911
(I56
I1
tp1912
asVunlock
p1913
(lp1914
(I64
I1
tp1915
asVyear
p1916
(lp1917
(I101
I1
tp1918
a(I38
I1
tp1919
a(I56
I1
tp1920
asVhappen
p1921
(lp1922
(I103
I1
tp1923
asVmorning
p1924
(lp1925
(I18
I1
tp1926
asVadequately
p1927
(lp1928
(I56
I1
tp1929
asVsunrise
p1930
(lp1931
(I56
I1
tp1932
asV3rd
p1933
(lp1934
(I23
I4
tp1935
a(I28
I4
tp1936
a(I54
I4
tp1937
a(I59
I4
tp1938
a(I64
I4
tp1939
asVlooking
p1940
(lp1941
(I39
I1
tp1942
a(I56
I5
tp1943
asVhenn-na
p1944
(lp1945
(I64
I3
tp1946
asVhefty
p1947
(lp1948
(I101
I1
tp1949
asVmillion
p1950
(lp1951
(I103
I1
tp1952
asVincentives
p1953
(lp1954
(I38
I1
tp1955
asVpossibility
p1956
(lp1957
(I18
I2
tp1958
asVquite
p1959
(lp1960
(I39
I2
tp1961
a(I78
I1
tp1962
asVre-release
p1963
(lp1964
(I38
I1
tp1965
asVcalifornia
p1966
(lp1967
(I101
I2
tp1968
asVplea
p1969
(lp1970
(I101
I1
tp1971
asVwi-fi
p1972
(lp1973
(I56
I1
tp1974
asVcard
p1975
(lp1976
(I56
I1
tp1977
asVlanguage
p1978
(lp1979
(I64
I1
tp1980
asVmarries
p1981
(lp1982
(I59
I1
tp1983
asVthing
p1984
(lp1985
(I56
I2
tp1986
a(I64
I1
tp1987
a(I78
I1
tp1988
asVthink
p1989
(lp1990
(I18
I1
tp1991
a(I56
I1
tp1992
asVfirst
p1993
(lp1994
(I23
I50
tp1995
a(I39
I1
tp1996
a(I56
I1
tp1997
a(I59
I2
tp1998
a(I78
I1
tp1999
asVlow-end
p2000
(lp2001
(I18
I1
tp2002
a(I39
I53
tp2003
asVsaving
p2004
(lp2005
(I56
I1
tp2006
asVone
p2007
(lp2008
(I18
I2
tp2009
a(I39
I2
tp2010
a(I56
I4
tp2011
asVfast
p2012
(lp2013
(I39
I1
tp2014
a(I56
I2
tp2015
asVsuing
p2016
(lp2017
(I101
I1
tp2018
asVcarry
p2019
(lp2020
(I64
I1
tp2021
asVcustom
p2022
(lp2023
(I78
I1
tp2024
asVopen
p2025
(lp2026
(I56
I1
tp2027
a(I64
I3
tp2028
asVgeorge
p2029
(lp2030
(I38
I1
tp2031
asVsize
p2032
(lp2033
(I56
I2
tp2034
asVcity
p2035
(lp2036
(I101
I9
tp2037
asVlittle
p2038
(lp2039
(I78
I1
tp2040
asVmeaningful
p2041
(lp2042
(I56
I1
tp2043
asVanyone
p2044
(lp2045
(I56
I1
tp2046
asV2
p2047
(lp2048
(I101
I1
tp2049
a(I18
I1
tp2050
a(I38
I1
tp2051
a(I59
I1
tp2052
asValfred
p2053
(lp2054
(I78
I67
tp2055
asVtyping
p2056
(lp2057
(I56
I1
tp2058
asVwhite
p2059
(lp2060
(I56
I1
tp2061
asVt.g.i.friday
p2062
(lp2063
(I18
I2
tp2064
asVhue
p2065
(lp2066
(I59
I54
tp2067
asVeyes
p2068
(lp2069
(I101
I1
tp2070
a(I56
I2
tp2071
asVmostly
p2072
(lp2073
(I39
I1
tp2074
a(I56
I1
tp2075
asVcope
p2076
(lp2077
(I38
I1
tp2078
asVseason
p2079
(lp2080
(I59
I1
tp2081
a(I64
I1
tp2082
asVappreciates
p2083
(lp2084
(I18
I1
tp2085
asVproving
p2086
(lp2087
(I56
I1
tp2088
asVeditions
p2089
(lp2090
(I38
I1
tp2091
asVcopy
p2092
(lp2093
(I39
I3
tp2094
asVspecify
p2095
(lp2096
(I38
I1
tp2097
asV11
p2098
(lp2099
(I56
I1
tp2100
asV10
p2101
(lp2102
(I64
I1
tp2103
asV13
p2104
(lp2105
(I23
I50
tp2106
asV12
p2107
(lp2108
(I59
I52
tp2109
asV15
p2110
(lp2111
(I56
I66
tp2112
asV14
p2113
(lp2114
(I56
I1
tp2115
asV17
p2116
(lp2117
(I18
I1
tp2118
asV18
p2119
(lp2120
(I54
I50
tp2121
asVrequire
p2122
(lp2123
(I78
I1
tp2124
asVorgy
p2125
(lp2126
(I18
I1
tp2127
asVbrowser
p2128
(lp2129
(I56
I3
tp2130
asVsoil
p2131
(lp2132
(I101
I1
tp2133
asVsan
p2134
(lp2135
(I101
I53
tp2136
asVpro
p2137
(lp2138
(I56
I3
tp2139
asVsay
p2140
(lp2141
(I18
I1
tp2142
a(I56
I2
tp2143
asVlow-res
p2144
(lp2145
(I56
I1
tp2146
asVspeakers
p2147
(lp2148
(I39
I2
tp2149
a(I56
I1
tp2150
asVform
p2151
(lp2152
(I101
I1
tp2153
asVefficient
p2154
(lp2155
(I103
I1
tp2156
asVideas
p2157
(lp2158
(I78
I1
tp2159
asVtake
p2160
(lp2161
(I78
I2
tp2162
asVperformance
p2163
(lp2164
(I39
I1
tp2165
a(I56
I3
tp2166
asVsameness
p2167
(lp2168
(I18
I1
tp2169
asV200
p2170
(lp2171
(I39
I1
tp2172
asVprinter
p2173
(lp2174
(I56
I1
tp2175
asVmultiple
p2176
(lp2177
(I78
I1
tp2178
asVopposite
p2179
(lp2180
(I56
I2
tp2181
asVtrack
p2182
(lp2183
(I59
I2
tp2184
asVprice
p2185
(lp2186
(I38
I1
tp2187
a(I39
I1
tp2188
a(I56
I7
tp2189
asVenter
p2190
(lp2191
(I78
I1
tp2192
asVfails
p2193
(lp2194
(I78
I1
tp2195
asVfalls
p2196
(lp2197
(I56
I1
tp2198
asVpair
p2199
(lp2200
(I39
I2
tp2201
asVpages
p2202
(lp2203
(I56
I1
tp2204
asVrooms
p2205
(lp2206
(I64
I3
tp2207
asVespecially
p2208
(lp2209
(I56
I2
tp2210
asVsurprising
p2211
(lp2212
(I78
I1
tp2213
asVconsidered
p2214
(lp2215
(I18
I1
tp2216
asVaverage
p2217
(lp2218
(I56
I2
tp2219
asVdrive
p2220
(lp2221
(I56
I1
tp2222
asVpremiered
p2223
(lp2224
(I59
I1
tp2225
asVcheap
p2226
(lp2227
(I39
I2
tp2228
a(I56
I6
tp2229
asVfriction
p2230
(lp2231
(I56
I1
tp2232
asVbright
p2233
(lp2234
(I39
I1
tp2235
a(I56
I1
tp2236
asVambilight
p2237
(lp2238
(I59
I1
tp2239
asVdoesn\u2019t
p2240
(lp2241
(I56
I5
tp2242
asVslot
p2243
(lp2244
(I56
I1
tp2245
asVslow
p2246
(lp2247
(I56
I1
tp2248
asV3
p2249
(lp2250
(I18
I1
tp2251
a(I28
I50
tp2252
a(I39
I9
tp2253
a(I56
I1
tp2254
a(I64
I1
tp2255
asVgoing
p2256
(lp2257
(I18
I1
tp2258
a(I38
I1
tp2259
a(I56
I2
tp2260
asVblack
p2261
(lp2262
(I56
I3
tp2263
asVdisconcerting
p2264
(lp2265
(I38
I1
tp2266
asVposted
p2267
(lp2268
(I18
I4
tp2269
asVisn\u2019t
p2270
(lp2271
(I56
I2
tp2272
a(I59
I1
tp2273
asVget
p2274
(lp2275
(I101
I1
tp2276
a(I103
I1
tp2277
a(I18
I2
tp2278
a(I38
I2
tp2279
a(I39
I1
tp2280
a(I56
I5
tp2281
a(I78
I2
tp2282
asVtruly
p2283
(lp2284
(I18
I1
tp2285
asVnearly
p2286
(lp2287
(I56
I1
tp2288
asVcelebrate
p2289
(lp2290
(I18
I1
tp2291
asValuminum
p2292
(lp2293
(I56
I2
tp2294
asVkeyboards
p2295
(lp2296
(I56
I1
tp2297
asVworried
p2298
(lp2299
(I18
I1
tp2300
asVjokes
p2301
(lp2302
(I56
I1
tp2303
asVstupid
p2304
(lp2305
(I78
I1
tp2306
asVjabba
p2307
(lp2308
(I38
I1
tp2309
asV13.3-inch
p2310
(lp2311
(I56
I1
tp2312
asVempathizes
p2313
(lp2314
(I18
I1
tp2315
asV16th
p2316
(lp2317
(I59
I1
tp2318
asVmicrophones
p2319
(lp2320
(I39
I1
tp2321
asVdeclared
p2322
(lp2323
(I101
I1
tp2324
asVcommittee
p2325
(lp2326
(I101
I1
tp2327
asVseat
p2328
(lp2329
(I56
I1
tp2330
asVsean
p2331
(lp2332
(I56
I1
tp2333
asVcalendar
p2334
(lp2335
(I39
I1
tp2336
a(I56
I1
tp2337
asVdives
p2338
(lp2339
(I103
I1
tp2340
asVwonder
p2341
(lp2342
(I18
I1
tp2343
asVstaffed
p2344
(lp2345
(I64
I52
tp2346
asVpaired
p2347
(lp2348
(I78
I1
tp2349
asVways
p2350
(lp2351
(I78
I1
tp2352
asVreview
p2353
(lp2354
(I101
I4
tp2355
a(I56
I52
tp2356
asVsites
p2357
(lp2358
(I56
I1
tp2359
asVpump
p2360
(lp2361
(I56
I1
tp2362
asVreading
p2363
(lp2364
(I18
I1
tp2365
asVacross
p2366
(lp2367
(I18
I1
tp2368
a(I56
I1
tp2369
asVpre-configured
p2370
(lp2371
(I78
I2
tp2372
asVtransmedia
p2373
(lp2374
(I59
I1
tp2375
asVscreen
p2376
(lp2377
(I56
I5
tp2378
a(I59
I1
tp2379
a(I78
I2
tp2380
asVnerdy
p2381
(lp2382
(I78
I1
tp2383
asV13-episode
p2384
(lp2385
(I59
I1
tp2386
asVtwo-finger
p2387
(lp2388
(I56
I1
tp2389
asVclipboards
p2390
(lp2391
(I78
I1
tp2392
asVcome
p2393
(lp2394
(I38
I1
tp2395
asVconfiguring
p2396
(lp2397
(I78
I1
tp2398
asVmany
p2399
(lp2400
(I39
I2
tp2401
a(I56
I2
tp2402
asVaccording
p2403
(lp2404
(I103
I2
tp2405
asVcomes
p2406
(lp2407
(I39
I1
tp2408
a(I56
I2
tp2409
asVcancer
p2410
(lp2411
(I103
I1
tp2412
asVsatisfaction
p2413
(lp2414
(I18
I1
tp2415
asVinexplicably
p2416
(lp2417
(I18
I1
tp2418
asVlearning
p2419
(lp2420
(I78
I1
tp2421
asVcaricature
p2422
(lp2423
(I18
I1
tp2424
asVcompanionship
p2425
(lp2426
(I18
I1
tp2427
asVcapable
p2428
(lp2429
(I64
I1
tp2430
asVdon\u2019t
p2431
(lp2432
(I103
I2
tp2433
a(I56
I2
tp2434
asVfeaturing
p2435
(lp2436
(I18
I4
tp2437
asV500
p2438
(lp2439
(I56
I1
tp2440
asVwants
p2441
(lp2442
(I101
I1
tp2443
a(I103
I2
tp2444
asVsearches
p2445
(lp2446
(I78
I2
tp2447
asVoffered
p2448
(lp2449
(I18
I1
tp2450
asVlaptops
p2451
(lp2452
(I56
I4
tp2453
asVformer
p2454
(lp2455
(I103
I1
tp2456
asVpilot
p2457
(lp2458
(I101
I2
tp2459
asVsound
p2460
(lp2461
(I56
I2
tp2462
asVn't
p2463
(lp2464
(I103
I1
tp2465
a(I18
I1
tp2466
a(I38
I1
tp2467
a(I39
I3
tp2468
a(I64
I2
tp2469
a(I78
I4
tp2470
asVcast
p2471
(lp2472
(I38
I1
tp2473
asVslippery
p2474
(lp2475
(I56
I1
tp2476
asVspotlight
p2477
(lp2478
(I78
I1
tp2479
asVive
p2480
(lp2481
(I54
I50
tp2482
asVorientation
p2483
(lp2484
(I39
I1
tp2485
asVcharacteristics
p2486
(lp2487
(I39
I1
tp2488
asVquiet
p2489
(lp2490
(I56
I1
tp2491
asVsomeone
p2492
(lp2493
(I56
I1
tp2494
asVembrace
p2495
(lp2496
(I56
I1
tp2497
asVtechnology
p2498
(lp2499
(I56
I1
tp2500
asVbags
p2501
(lp2502
(I64
I1
tp2503
asVdifferent
p2504
(lp2505
(I103
I1
tp2506
a(I78
I1
tp2507
asVharsh
p2508
(lp2509
(I56
I1
tp2510
asVetc
p2511
(lp2512
(I39
I1
tp2513
asVpay
p2514
(lp2515
(I101
I1
tp2516
a(I39
I1
tp2517
a(I56
I2
tp2518
asVbuys
p2519
(lp2520
(I39
I1
tp2521
asVfinish
p2522
(lp2523
(I56
I2
tp2524
asVthat\u2019s
p2525
(lp2526
(I56
I4
tp2527
asVrunning
p2528
(lp2529
(I56
I1
tp2530
asVchanging
p2531
(lp2532
(I59
I1
tp2533
asVcharges
p2534
(lp2535
(I101
I1
tp2536
a(I56
I1
tp2537
asVaccountable
p2538
(lp2539
(I101
I1
tp2540
asVwithout
p2541
(lp2542
(I101
I1
tp2543
a(I18
I1
tp2544
a(I38
I1
tp2545
a(I56
I1
tp2546
a(I78
I1
tp2547
asVmodel
p2548
(lp2549
(I39
I3
tp2550
a(I56
I5
tp2551
asVgrounds
p2552
(lp2553
(I18
I1
tp2554
asVhaven\u2019t
p2555
(lp2556
(I56
I1
tp2557
asVsummer
p2558
(lp2559
(I64
I2
tp2560
asVwojcicki
p2561
(lp2562
(I103
I2
tp2563
asVmoney
p2564
(lp2565
(I103
I1
tp2566
a(I39
I1
tp2567
asVworkflows
p2568
(lp2569
(I78
I4
tp2570
asVactions
p2571
(lp2572
(I78
I1
tp2573
asVtouch
p2574
(lp2575
(I56
I1
tp2576
asVhint
p2577
(lp2578
(I39
I1
tp2579
asVthinking
p2580
(lp2581
(I18
I1
tp2582
a(I78
I1
tp2583
asVdesktop
p2584
(lp2585
(I56
I1
tp2586
asVlets
p2587
(lp2588
(I39
I1
tp2589
a(I56
I1
tp2590
a(I78
I1
tp2591
asV4
p2592
(lp2593
(I18
I1
tp2594
a(I56
I1
tp2595
a(I64
I1
tp2596
asVheavier
p2597
(lp2598
(I56
I1
tp2599
asVreal
p2600
(lp2601
(I56
I3
tp2602
asV5-megapixel
p2603
(lp2604
(I39
I1
tp2605
asVaround
p2606
(lp2607
(I18
I1
tp2608
a(I38
I1
tp2609
a(I56
I4
tp2610
a(I78
I2
tp2611
asVi\u2019m
p2612
(lp2613
(I18
I1
tp2614
a(I56
I1
tp2615
asVdark
p2616
(lp2617
(I56
I2
tp2618
asVfeaturette
p2619
(lp2620
(I38
I1
tp2621
asVusing
p2622
(lp2623
(I23
I5
tp2624
a(I28
I5
tp2625
a(I54
I5
tp2626
a(I56
I2
tp2627
a(I59
I5
tp2628
a(I64
I5
tp2629
a(I78
I4
tp2630
asVpst
p2631
(lp2632
(I18
I1
tp2633
asV60
p2634
(lp2635
(I64
I1
tp2636
asVintel
p2637
(lp2638
(I56
I1
tp2639
asVpounds
p2640
(lp2641
(I56
I1
tp2642
asV've
p2643
(lp2644
(I101
I1
tp2645
a(I78
I3
tp2646
asVaudience
p2647
(lp2648
(I23
I1
tp2649
a(I28
I1
tp2650
a(I54
I1
tp2651
a(I59
I1
tp2652
a(I64
I1
tp2653
asVeither
p2654
(lp2655
(I39
I1
tp2656
a(I56
I1
tp2657
a(I78
I1
tp2658
asVretailers
p2659
(lp2660
(I38
I2
tp2661
asVgoogle\u2019s
p2662
(lp2663
(I56
I2
tp2664
asVmeaninglessness
p2665
(lp2666
(I18
I1
tp2667
asVuppercase
p2668
(lp2669
(I78
I1
tp2670
asVimages
p2671
(lp2672
(I28
I50
tp2673
asVmatching
p2674
(lp2675
(I18
I1
tp2676
asVponying
p2677
(lp2678
(I56
I1
tp2679
asVdimensions
p2680
(lp2681
(I56
I2
tp2682
asVunlocked
p2683
(lp2684
(I39
I2
tp2685
a(I78
I1
tp2686
asVstops
p2687
(lp2688
(I101
I52
tp2689
asVlower-power
p2690
(lp2691
(I56
I1
tp2692
asVyou\u2019ll
p2693
(lp2694
(I56
I2
tp2695
asVbusiness
p2696
(lp2697
(I103
I1
tp2698
asVnotable
p2699
(lp2700
(I39
I1
tp2701
asVexciting
p2702
(lp2703
(I39
I1
tp2704
asVindustry
p2705
(lp2706
(I101
I1
tp2707
asVact
p2708
(lp2709
(I101
I1
tp2710
asVos
p2711
(lp2712
(I56
I4
tp2713
asVprocessor
p2714
(lp2715
(I39
I1
tp2716
a(I56
I1
tp2717
asVroad
p2718
(lp2719
(I56
I1
tp2720
asVallowing
p2721
(lp2722
(I101
I1
tp2723
asVprotests
p2724
(lp2725
(I101
I1
tp2726
asVimage
p2727
(lp2728
(I56
I1
tp2729
asVfree-to-play
p2730
(lp2731
(I38
I1
tp2732
asVpharmaceutical
p2733
(lp2734
(I103
I2
tp2735
asVstart
p2736
(lp2737
(I103
I1
tp2738
a(I64
I1
tp2739
a(I78
I2
tp2740
asVlow
p2741
(lp2742
(I56
I1
tp2743
asVlot
p2744
(lp2745
(I39
I1
tp2746
a(I56
I3
tp2747
asV750
p2748
(lp2749
(I39
I1
tp2750
asVcomplete
p2751
(lp2752
(I23
I1
tp2753
a(I28
I1
tp2754
a(I39
I1
tp2755
a(I54
I1
tp2756
a(I59
I1
tp2757
a(I64
I1
tp2758
asVenough
p2759
(lp2760
(I78
I2
tp2761
asVregard
p2762
(lp2763
(I101
I1
tp2764
a(I56
I1
tp2765
asVjun
p2766
(lp2767
(I18
I1
tp2768
asV8-megapixel
p2769
(lp2770
(I39
I1
tp2771
asVtrying
p2772
(lp2773
(I101
I1
tp2774
a(I56
I1
tp2775
asVnerdier
p2776
(lp2777
(I78
I2
tp2778
asVconnect
p2779
(lp2780
(I78
I1
tp2781
asVstrongly
p2782
(lp2783
(I56
I1
tp2784
asVvehicles
p2785
(lp2786
(I101
I1
tp2787
asV600
p2788
(lp2789
(I56
I1
tp2790
asVsubdue
p2791
(lp2792
(I18
I1
tp2793
asVlaminated
p2794
(lp2795
(I39
I1
tp2796
asVdaily
p2797
(lp2798
(I23
I1
tp2799
a(I28
I1
tp2800
a(I39
I1
tp2801
a(I54
I1
tp2802
a(I56
I1
tp2803
a(I59
I1
tp2804
a(I64
I1
tp2805
asVfile
p2806
(lp2807
(I101
I1
tp2808
asVwatched
p2809
(lp2810
(I56
I1
tp2811
asVfilm
p2812
(lp2813
(I59
I1
tp2814
asVfill
p2815
(lp2816
(I56
I1
tp2817
asV4.7
p2818
(lp2819
(I39
I2
tp2820
asVstorage
p2821
(lp2822
(I39
I1
tp2823
a(I56
I3
tp2824
asVsufficient
p2825
(lp2826
(I56
I1
tp2827
asVpoor
p2828
(lp2829
(I56
I1
tp2830
asVcongress
p2831
(lp2832
(I39
I1
tp2833
asVsymbol
p2834
(lp2835
(I101
I1
tp2836
asVterry
p2837
(lp2838
(I59
I1
tp2839
asVpool
p2840
(lp2841
(I18
I1
tp2842
asVremote
p2843
(lp2844
(I78
I60
tp2845
asVcurve
p2846
(lp2847
(I78
I1
tp2848
asVseatback
p2849
(lp2850
(I56
I1
tp2851
asVssds
p2852
(lp2853
(I56
I1
tp2854
asVresolution
p2855
(lp2856
(I38
I1
tp2857
a(I56
I2
tp2858
asVoriginal
p2859
(lp2860
(I38
I1
tp2861
a(I59
I2
tp2862
asVrepresent
p2863
(lp2864
(I56
I1
tp2865
asVconsider
p2866
(lp2867
(I18
I2
tp2868
asVchinese
p2869
(lp2870
(I64
I1
tp2871
asVcaused
p2872
(lp2873
(I56
I1
tp2874
asVdollar
p2875
(lp2876
(I101
I1
tp2877
asVmonth
p2878
(lp2879
(I101
I1
tp2880
asVcommute
p2881
(lp2882
(I56
I1
tp2883
asVtours
p2884
(lp2885
(I56
I1
tp2886
asVtv
p2887
(lp2888
(I56
I1
tp2889
asVtail
p2890
(lp2891
(I38
I1
tp2892
asVprogram
p2893
(lp2894
(I101
I3
tp2895
asV1080p
p2896
(lp2897
(I39
I1
tp2898
a(I56
I3
tp2899
asVcase
p2900
(lp2901
(I101
I1
tp2902
asVwoman
p2903
(lp2904
(I18
I1
tp2905
asVfar
p2906
(lp2907
(I56
I1
tp2908
asVdocumentaries
p2909
(lp2910
(I38
I1
tp2911
asVfan
p2912
(lp2913
(I18
I1
tp2914
asVdecide
p2915
(lp2916
(I18
I2
tp2917
asVfall
p2918
(lp2919
(I18
I1
tp2920
asVelena
p2921
(lp2922
(I18
I1
tp2923
asVcondition
p2924
(lp2925
(I103
I1
tp2926
asV17th
p2927
(lp2928
(I64
I1
tp2929
asVlarge
p2930
(lp2931
(I56
I1
tp2932
asVadjust
p2933
(lp2934
(I64
I1
tp2935
asVsmall
p2936
(lp2937
(I56
I1
tp2938
asVauthenticating
p2939
(lp2940
(I23
I1
tp2941
a(I28
I1
tp2942
a(I54
I1
tp2943
a(I59
I1
tp2944
a(I64
I1
tp2945
asVinstagram
p2946
(lp2947
(I18
I1
tp2948
asVten
p2949
(lp2950
(I64
I3
tp2951
asVstreets
p2952
(lp2953
(I101
I1
tp2954
asVfragility
p2955
(lp2956
(I18
I1
tp2957
asVsync
p2958
(lp2959
(I18
I1
tp2960
a(I59
I1
tp2961
asVpast
p2962
(lp2963
(I56
I1
tp2964
asVxbox-only
p2965
(lp2966
(I38
I1
tp2967
asVdesign
p2968
(lp2969
(I18
I1
tp2970
a(I39
I1
tp2971
a(I56
I1
tp2972
asVdisplays
p2973
(lp2974
(I39
I2
tp2975
a(I56
I2
tp2976
asVsnippets
p2977
(lp2978
(I78
I3
tp2979
asVsue
p2980
(lp2981
(I101
I50
tp2982
asVcues
p2983
(lp2984
(I59
I1
tp2985
asVrichard
p2986
(lp2987
(I103
I1
tp2988
asVsun
p2989
(lp2990
(I103
I1
tp2991
asVversion
p2992
(lp2993
(I38
I1
tp2994
a(I39
I2
tp2995
a(I78
I1
tp2996
asVracing
p2997
(lp2998
(I56
I1
tp2999
asVpublic
p3000
(lp3001
(I101
I53
tp3002
asVcontrast
p3003
(lp3004
(I39
I1
tp3005
asVentry-level
p3006
(lp3007
(I56
I2
tp3008
asVfull
p3009
(lp3010
(I101
I1
tp3011
a(I39
I1
tp3012
asVhours
p3013
(lp3014
(I56
I4
tp3015
a(I78
I1
tp3016
asVsearch
p3017
(lp3018
(I78
I1
tp3019
asVahead
p3020
(lp3021
(I56
I1
tp3022
asVinspired
p3023
(lp3024
(I18
I1
tp3025
asVexperience
p3026
(lp3027
(I23
I2
tp3028
a(I28
I2
tp3029
a(I54
I2
tp3030
a(I56
I2
tp3031
a(I59
I4
tp3032
a(I64
I2
tp3033
asVamount
p3034
(lp3035
(I101
I1
tp3036
a(I56
I1
tp3037
asVextremes
p3038
(lp3039
(I78
I1
tp3040
asVthousand-dollar
p3041
(lp3042
(I56
I1
tp3043
asVpick
p3044
(lp3045
(I103
I1
tp3046
a(I39
I1
tp3047
asVaction
p3048
(lp3049
(I59
I3
tp3050
asVbuses
p3051
(lp3052
(I101
I1
tp3053
asVtransit
p3054
(lp3055
(I101
I1
tp3056
asVvii
p3057
(lp3058
(I38
I1
tp3059
asVask
p3060
(lp3061
(I23
I1
tp3062
a(I28
I1
tp3063
a(I54
I1
tp3064
a(I59
I1
tp3065
a(I64
I1
tp3066
asVchunky
p3067
(lp3068
(I56
I2
tp3069
asVfull-sized
p3070
(lp3071
(I56
I1
tp3072
asVhuis
p3073
(lp3074
(I64
I3
tp3075
asVeye
p3076
(lp3077
(I64
I1
tp3078
asVtwo
p3079
(lp3080
(I18
I52
tp3081
a(I39
I2
tp3082
a(I56
I3
tp3083
a(I78
I1
tp3084
asV6
p3085
(lp3086
(I18
I1
tp3087
a(I39
I1
tp3088
asVtaken
p3089
(lp3090
(I101
I1
tp3091
asVknows
p3092
(lp3093
(I78
I1
tp3094
asVcompany
p3095
(lp3096
(I103
I8
tp3097
a(I39
I1
tp3098
asVexcuse
p3099
(lp3100
(I39
I1
tp3101
asVcontrolling
p3102
(lp3103
(I78
I1
tp3104
asVvarying
p3105
(lp3106
(I78
I1
tp3107
asVknown
p3108
(lp3109
(I39
I1
tp3110
asVchiclet
p3111
(lp3112
(I56
I1
tp3113
asVhelped
p3114
(lp3115
(I101
I1
tp3116
a(I39
I1
tp3117
asVnone
p3118
(lp3119
(I39
I1
tp3120
a(I56
I1
tp3121
asVshelves
p3122
(lp3123
(I56
I1
tp3124
asV12-inch
p3125
(lp3126
(I56
I3
tp3127
asVlearn
p3128
(lp3129
(I23
I1
tp3130
a(I28
I1
tp3131
a(I54
I1
tp3132
a(I59
I1
tp3133
a(I64
I1
tp3134
asVbeautiful
p3135
(lp3136
(I18
I1
tp3137
asVimpacts
p3138
(lp3139
(I101
I1
tp3140
asVdrug-making
p3141
(lp3142
(I103
I1
tp3143
asVshare
p3144
(lp3145
(I101
I3
tp3146
a(I103
I3
tp3147
a(I18
I3
tp3148
a(I23
I1
tp3149
a(I28
I1
tp3150
a(I38
I3
tp3151
a(I39
I4
tp3152
a(I54
I1
tp3153
a(I56
I3
tp3154
a(I59
I4
tp3155
a(I64
I4
tp3156
a(I78
I3
tp3157
asVsalty
p3158
(lp3159
(I18
I1
tp3160
asVpurchased
p3161
(lp3162
(I56
I1
tp3163
asVarise
p3164
(lp3165
(I18
I1
tp3166
asVairplane
p3167
(lp3168
(I56
I1
tp3169
asVlacks
p3170
(lp3171
(I56
I1
tp3172
asVallege
p3173
(lp3174
(I101
I1
tp3175
asV!
p3176
(lp3177
(I23
I1
tp3178
a(I28
I1
tp3179
a(I54
I1
tp3180
a(I56
I1
tp3181
a(I59
I1
tp3182
a(I64
I1
tp3183
asVinformation
p3184
(lp3185
(I101
I1
tp3186
a(I23
I1
tp3187
a(I28
I1
tp3188
a(I54
I1
tp3189
a(I59
I1
tp3190
a(I64
I1
tp3191
asVcourt
p3192
(lp3193
(I101
I2
tp3194
asVprocessors
p3195
(lp3196
(I56
I2
tp3197
asVrather
p3198
(lp3199
(I18
I1
tp3200
a(I39
I1
tp3201
a(I59
I1
tp3202
asVbreaking
p3203
(lp3204
(I56
I1
tp3205
asVsimplicity
p3206
(lp3207
(I78
I1
tp3208
asVokay
p3209
(lp3210
(I18
I2
tp3211
asVplans
p3212
(lp3213
(I103
I52
tp3214
asVfx
p3215
(lp3216
(I38
I1
tp3217
asV12:15pm
p3218
(lp3219
(I18
I1
tp3220
asV615
p3221
(lp3222
(I39
I1
tp3223
asVconnectivity
p3224
(lp3225
(I56
I1
tp3226
asVlighting
p3227
(lp3228
(I59
I57
tp3229
asVcoming
p3230
(lp3231
(I38
I51
tp3232
a(I39
I1
tp3233
asVbloom
p3234
(lp3235
(I103
I1
tp3236
asVshort
p3237
(lp3238
(I78
I1
tp3239
asVpreferential
p3240
(lp3241
(I101
I1
tp3242
asVdeparture
p3243
(lp3244
(I103
I1
tp3245
asV)
p3246
(lp3247
(I101
I1
tp3248
a(I18
I4
tp3249
a(I39
I3
tp3250
a(I56
I5
tp3251
a(I64
I1
tp3252
a(I78
I2
tp3253
asVresponsibility
p3254
(lp3255
(I18
I1
tp3256
asVdream
p3257
(lp3258
(I64
I1
tp3259
asVplaying
p3260
(lp3261
(I78
I1
tp3262
asVessence
p3263
(lp3264
(I18
I1
tp3265
asVpane
p3266
(lp3267
(I39
I1
tp3268
asVexistence
p3269
(lp3270
(I18
I1
tp3271
asVsuffer
p3272
(lp3273
(I56
I1
tp3274
asVroots
p3275
(lp3276
(I56
I1
tp3277
asV25
p3278
(lp3279
(I78
I1
tp3280
asV26
p3281
(lp3282
(I18
I1
tp3283
asV27
p3284
(lp3285
(I56
I1
tp3286
asV22
p3287
(lp3288
(I56
I1
tp3289
asVwon\u2019t
p3290
(lp3291
(I56
I1
tp3292
asVactually
p3293
(lp3294
(I39
I1
tp3295
a(I56
I5
tp3296
a(I78
I1
tp3297
asVlate
p3298
(lp3299
(I101
I1
tp3300
asVmight
p3301
(lp3302
(I101
I3
tp3303
asVfines
p3304
(lp3305
(I101
I1
tp3306
asVgood
p3307
(lp3308
(I39
I2
tp3309
a(I56
I1
tp3310
asVdigging
p3311
(lp3312
(I78
I1
tp3313
asVceo
p3314
(lp3315
(I103
I1
tp3316
asVshuttle
p3317
(lp3318
(I101
I2
tp3319
asVwalls
p3320
(lp3321
(I18
I1
tp3322
asVbigger
p3323
(lp3324
(I18
I1
tp3325
a(I56
I2
tp3326
asVeasily
p3327
(lp3328
(I39
I1
tp3329
asValways
p3330
(lp3331
(I103
I1
tp3332
a(I59
I1
tp3333
asVdrake
p3334
(lp3335
(I18
I42
tp3336
asVtoken
p3337
(lp3338
(I101
I1
tp3339
asVinequality
p3340
(lp3341
(I101
I1
tp3342
asVfound
p3343
(lp3344
(I101
I2
tp3345
asVports
p3346
(lp3347
(I56
I1
tp3348
asVweighs
p3349
(lp3350
(I56
I1
tp3351
asVeveryone
p3352
(lp3353
(I39
I1
tp3354
asVmental
p3355
(lp3356
(I18
I1
tp3357
asVidea
p3358
(lp3359
(I101
I1
tp3360
asVengaging
p3361
(lp3362
(I103
I1
tp3363
asVexpect
p3364
(lp3365
(I56
I1
tp3366
asVscratching
p3367
(lp3368
(I39
I1
tp3369
asVoperation
p3370
(lp3371
(I56
I1
tp3372
asVbeyond
p3373
(lp3374
(I103
I51
tp3375
asVabsurdity
p3376
(lp3377
(I18
I1
tp3378
asVreally
p3379
(lp3380
(I39
I4
tp3381
a(I56
I2
tp3382
asVfunding
p3383
(lp3384
(I103
I1
tp3385
asVsince
p3386
(lp3387
(I101
I1
tp3388
a(I103
I1
tp3389
asVresearch
p3390
(lp3391
(I103
I2
tp3392
asV5.5.-inch
p3393
(lp3394
(I39
I1
tp3395
asVhayden
p3396
(lp3397
(I38
I1
tp3398
asV7
p3399
(lp3400
(I56
I1
tp3401
asVissue
p3402
(lp3403
(I56
I1
tp3404
asVios
p3405
(lp3406
(I78
I2
tp3407
asVfriday
p3408
(lp3409
(I59
I1
tp3410
asVdifficulty
p3411
(lp3412
(I78
I1
tp3413
asVreason
p3414
(lp3415
(I56
I1
tp3416
asVput
p3417
(lp3418
(I56
I2
tp3419
a(I78
I2
tp3420
asVbeginning
p3421
(lp3422
(I56
I1
tp3423
asVowners
p3424
(lp3425
(I59
I1
tp3426
asVbenefits
p3427
(lp3428
(I39
I1
tp3429
a(I78
I1
tp3430
asVlaunch
p3431
(lp3432
(I38
I1
tp3433
a(I78
I2
tp3434
asVcomputers
p3435
(lp3436
(I56
I7
tp3437
asVterrible
p3438
(lp3439
(I56
I1
tp3440
asVspot-welding
p3441
(lp3442
(I38
I1
tp3443
asVundergo
p3444
(lp3445
(I101
I1
tp3446
asVpartnerships
p3447
(lp3448
(I103
I1
tp3449
asVtrackpad
p3450
(lp3451
(I56
I8
tp3452
asVjogs
p3453
(lp3454
(I18
I1
tp3455
asVnumber
p3456
(lp3457
(I38
I1
tp3458
a(I56
I2
tp3459
asVrevolution
p3460
(lp3461
(I56
I1
tp3462
asVdone
p3463
(lp3464
(I23
I1
tp3465
a(I28
I1
tp3466
a(I54
I1
tp3467
a(I56
I2
tp3468
a(I59
I1
tp3469
a(I64
I1
tp3470
a(I78
I1
tp3471
asVfees
p3472
(lp3473
(I64
I1
tp3474
asVhtc
p3475
(lp3476
(I39
I2
tp3477
asVmiss
p3478
(lp3479
(I56
I1
tp3480
asVstage
p3481
(lp3482
(I56
I1
tp3483
asVinterviews
p3484
(lp3485
(I38
I1
tp3486
asVleast
p3487
(lp3488
(I38
I1
tp3489
asVstore
p3490
(lp3491
(I23
I1
tp3492
a(I28
I1
tp3493
a(I38
I1
tp3494
a(I39
I1
tp3495
a(I54
I1
tp3496
a(I59
I1
tp3497
a(I64
I1
tp3498
a(I78
I2
tp3499
asVselling
p3500
(lp3501
(I39
I1
tp3502
a(I56
I1
tp3503
asVoption
p3504
(lp3505
(I56
I1
tp3506
asVrelationship
p3507
(lp3508
(I103
I2
tp3509
asVhotel
p3510
(lp3511
(I64
I56
tp3512
asVpark
p3513
(lp3514
(I64
I2
tp3515
asVsizable
p3516
(lp3517
(I18
I1
tp3518
asVpart
p3519
(lp3520
(I38
I1
tp3521
a(I39
I2
tp3522
a(I56
I1
tp3523
asVfocusing
p3524
(lp3525
(I103
I1
tp3526
asVgrace
p3527
(lp3528
(I56
I1
tp3529
asVdiffusion
p3530
(lp3531
(I18
I1
tp3532
asVkind
p3533
(lp3534
(I56
I2
tp3535
a(I78
I1
tp3536
asVaren\u2019t
p3537
(lp3538
(I56
I2
tp3539
asVgotten
p3540
(lp3541
(I18
I1
tp3542
asVgrey
p3543
(lp3544
(I56
I1
tp3545
asV15-inch
p3546
(lp3547
(I56
I1
tp3548
asVtreated
p3549
(lp3550
(I101
I1
tp3551
asVdeciding
p3552
(lp3553
(I103
I1
tp3554
asVr2-d2
p3555
(lp3556
(I38
I2
tp3557
asVyou\u2019ve
p3558
(lp3559
(I103
I1
tp3560
asValongside
p3561
(lp3562
(I18
I1
tp3563
asVgall
p3564
(lp3565
(I38
I1
tp3566
asVpackal
p3567
(lp3568
(I78
I1
tp3569
asVsell
p3570
(lp3571
(I103
I1
tp3572
a(I39
I2
tp3573
asVport
p3574
(lp3575
(I56
I4
tp3576
asValso
p3577
(lp3578
(I101
I1
tp3579
a(I23
I1
tp3580
a(I28
I1
tp3581
a(I38
I1
tp3582
a(I54
I1
tp3583
a(I56
I8
tp3584
a(I59
I2
tp3585
a(I64
I1
tp3586
asVentirety
p3587
(lp3588
(I59
I1
tp3589
asVinternal
p3590
(lp3591
(I39
I1
tp3592
asVbuild
p3593
(lp3594
(I39
I1
tp3595
a(I56
I1
tp3596
asVplay
p3597
(lp3598
(I38
I52
tp3599
asVadded
p3600
(lp3601
(I56
I1
tp3602
asVsets
p3603
(lp3604
(I38
I1
tp3605
asVexempted
p3606
(lp3607
(I101
I1
tp3608
asVexperiences
p3609
(lp3610
(I39
I1
tp3611
asVmulti-touch
p3612
(lp3613
(I56
I1
tp3614
asVservices
p3615
(lp3616
(I38
I51
tp3617
a(I64
I1
tp3618
asVgentrification
p3619
(lp3620
(I101
I1
tp3621
asVmobile
p3622
(lp3623
(I39
I1
tp3624
a(I56
I2
tp3625
asVsometimes
p3626
(lp3627
(I18
I1
tp3628
asV3s
p3629
(lp3630
(I39
I1
tp3631
asVclean
p3632
(lp3633
(I39
I1
tp3634
a(I64
I1
tp3635
asVusual
p3636
(lp3637
(I56
I1
tp3638
asVlying
p3639
(lp3640
(I18
I1
tp3641
asVparticularly
p3642
(lp3643
(I39
I1
tp3644
asVswelling
p3645
(lp3646
(I18
I1
tp3647
asVvader
p3648
(lp3649
(I38
I1
tp3650
asVheadlines
p3651
(lp3652
(I39
I1
tp3653
asVfind
p3654
(lp3655
(I103
I1
tp3656
a(I56
I1
tp3657
a(I78
I3
tp3658
asVimpact
p3659
(lp3660
(I101
I2
tp3661
asVpro\u2019s
p3662
(lp3663
(I56
I1
tp3664
asVgiant
p3665
(lp3666
(I56
I1
tp3667
asVanvil
p3668
(lp3669
(I56
I1
tp3670
asVjustice
p3671
(lp3672
(I101
I1
tp3673
asVtechnologically
p3674
(lp3675
(I64
I1
tp3676
asVfailed
p3677
(lp3678
(I103
I1
tp3679
asVpretty
p3680
(lp3681
(I103
I1
tp3682
a(I56
I5
tp3683
asV8
p3684
(lp3685
(I56
I1
tp3686
asVtouchscreen
p3687
(lp3688
(I56
I1
tp3689
asVhit
p3690
(lp3691
(I39
I1
tp3692
asVfamous
p3693
(lp3694
(I54
I50
tp3695
asVfeels
p3696
(lp3697
(I18
I1
tp3698
a(I56
I1
tp3699
asVgendered
p3700
(lp3701
(I18
I1
tp3702
asVcompeting
p3703
(lp3704
(I103
I1
tp3705
asVimmerse
p3706
(lp3707
(I59
I1
tp3708
asVmedicines
p3709
(lp3710
(I103
I1
tp3711
asVmillenium
p3712
(lp3713
(I38
I1
tp3714
asVx
p3715
(lp3716
(I56
I2
tp3717
asV\u2014
p3718
(lp3719
(I101
I1
tp3720
a(I38
I3
tp3721
a(I56
I7
tp3722
a(I78
I2
tp3723
asVbulky
p3724
(lp3725
(I56
I1
tp3726
asVset
p3727
(lp3728
(I39
I1
tp3729
a(I78
I3
tp3730
asVachieved
p3731
(lp3732
(I59
I1
tp3733
asVactivists
p3734
(lp3735
(I101
I52
tp3736
asVuses
p3737
(lp3738
(I18
I1
tp3739
asVfanless
p3740
(lp3741
(I56
I1
tp3742
asVsee
p3743
(lp3744
(I18
I1
tp3745
asVindividual
p3746
(lp3747
(I38
I1
tp3748
asV2.0
p3749
(lp3750
(I56
I1
tp3751
asVmovie
p3752
(lp3753
(I38
I2
tp3754
asVplease
p3755
(lp3756
(I23
I4
tp3757
a(I28
I4
tp3758
a(I54
I4
tp3759
a(I59
I4
tp3760
a(I64
I4
tp3761
asVfans
p3762
(lp3763
(I38
I1
tp3764
a(I56
I1
tp3765
asVvarious
p3766
(lp3767
(I103
I1
tp3768
a(I56
I1
tp3769
asVprobably
p3770
(lp3771
(I39
I1
tp3772
a(I78
I1
tp3773
asVavailable
p3774
(lp3775
(I23
I1
tp3776
a(I28
I1
tp3777
a(I38
I1
tp3778
a(I54
I1
tp3779
a(I59
I1
tp3780
a(I64
I1
tp3781
a(I78
I1
tp3782
asVcreating
p3783
(lp3784
(I101
I1
tp3785
asVmissing
p3786
(lp3787
(I56
I1
tp3788
asVinitially
p3789
(lp3790
(I78
I1
tp3791
asVsold
p3792
(lp3793
(I39
I1
tp3794
asV4gb
p3795
(lp3796
(I56
I1
tp3797
asVinterface
p3798
(lp3799
(I39
I1
tp3800
a(I78
I1
tp3801
asV10th
p3802
(lp3803
(I38
I1
tp3804
asVlast
p3805
(lp3806
(I101
I2
tp3807
a(I103
I1
tp3808
a(I38
I1
tp3809
a(I56
I1
tp3810
asV19.99
p3811
(lp3812
(I38
I1
tp3813
asVbarely
p3814
(lp3815
(I56
I1
tp3816
asVwhole
p3817
(lp3818
(I38
I1
tp3819
asVfinds
p3820
(lp3821
(I18
I1
tp3822
asVload
p3823
(lp3824
(I56
I1
tp3825
asVrdio
p3826
(lp3827
(I39
I1
tp3828
asVdrunk
p3829
(lp3830
(I18
I1
tp3831
asVsimple
p3832
(lp3833
(I56
I3
tp3834
asVsweet
p3835
(lp3836
(I18
I1
tp3837
asVagents
p3838
(lp3839
(I103
I1
tp3840
asVlikes
p3841
(lp3842
(I101
I1
tp3843
asVupgrades
p3844
(lp3845
(I56
I1
tp3846
asVexpensive
p3847
(lp3848
(I39
I1
tp3849
a(I56
I2
tp3850
asVheadaches
p3851
(lp3852
(I56
I1
tp3853
asVraise
p3854
(lp3855
(I103
I1
tp3856
asVcreate
p3857
(lp3858
(I78
I1
tp3859
asVtreatment
p3860
(lp3861
(I101
I1
tp3862
asVpriced
p3863
(lp3864
(I56
I2
tp3865
asVfund
p3866
(lp3867
(I103
I1
tp3868
asVprices
p3869
(lp3870
(I39
I51
tp3871
asVlook
p3872
(lp3873
(I18
I3
tp3874
a(I23
I50
tp3875
a(I39
I2
tp3876
a(I56
I1
tp3877
a(I59
I1
tp3878
asVstraight
p3879
(lp3880
(I56
I1
tp3881
asVbill
p3882
(lp3883
(I56
I1
tp3884
asVferrante
p3885
(lp3886
(I18
I3
tp3887
asVbespoke
p3888
(lp3889
(I18
I1
tp3890
asVo'kane
p3891
(lp3892
(I56
I1
tp3893
asVscheduled
p3894
(lp3895
(I64
I1
tp3896
asVlarger
p3897
(lp3898
(I39
I2
tp3899
a(I56
I2
tp3900
asVhoping
p3901
(lp3902
(I101
I1
tp3903
asVmoto
p3904
(lp3905
(I39
I2
tp3906
asVready
p3907
(lp3908
(I18
I1
tp3909
asVyosemite
p3910
(lp3911
(I78
I1
tp3912
asVfunny
p3913
(lp3914
(I56
I1
tp3915
asVread
p3916
(lp3917
(I101
I1
tp3918
a(I23
I1
tp3919
a(I28
I1
tp3920
a(I54
I1
tp3921
a(I59
I1
tp3922
a(I64
I1
tp3923
asVvirtually
p3924
(lp3925
(I56
I1
tp3926
asV9
p3927
(lp3928
(I56
I1
tp3929
asVdevelopment
p3930
(lp3931
(I103
I2
tp3932
asVused
p3933
(lp3934
(I56
I3
tp3935
asVkeys
p3936
(lp3937
(I39
I1
tp3938
asVhigh-tech
p3939
(lp3940
(I64
I51
tp3941
asVviewing
p3942
(lp3943
(I39
I1
tp3944
a(I56
I1
tp3945
asVlevels
p3946
(lp3947
(I78
I1
tp3948
asVarrived
p3949
(lp3950
(I56
I50
tp3951
asVpurpose
p3952
(lp3953
(I56
I1
tp3954
asVclimb
p3955
(lp3956
(I78
I1
tp3957
asVgestures
p3958
(lp3959
(I56
I1
tp3960
asVlower
p3961
(lp3962
(I56
I1
tp3963
asVspent
p3964
(lp3965
(I18
I1
tp3966
asVperson
p3967
(lp3968
(I56
I1
tp3969
asV2gb
p3970
(lp3971
(I56
I1
tp3972
asVedge
p3973
(lp3974
(I56
I1
tp3975
asVentry
p3976
(lp3977
(I56
I2
tp3978
asVjbl
p3979
(lp3980
(I39
I1
tp3981
asVspend
p3982
(lp3983
(I78
I2
tp3984
asV768
p3985
(lp3986
(I56
I1
tp3987
asVblank-faced
p3988
(lp3989
(I38
I1
tp3990
asVaddresses
p3991
(lp3992
(I56
I1
tp3993
asVrundown
p3994
(lp3995
(I56
I1
tp3996
asV$
p3997
(lp3998
(I101
I2
tp3999
a(I103
I1
tp4000
a(I38
I2
tp4001
a(I39
I5
tp4002
a(I56
I10
tp4003
a(I64
I1
tp4004
a(I78
I2
tp4005
asVmajority
p4006
(lp4007
(I56
I3
tp4008
asVworkers
p4009
(lp4010
(I101
I1
tp4011
asVhumanoid
p4012
(lp4013
(I64
I1
tp4014
asVpinball
p4015
(lp4016
(I38
I2
tp4017
asVcausing
p4018
(lp4019
(I78
I1
tp4020
asVrear
p4021
(lp4022
(I39
I1
tp4023
asV...
p4024
(lp4025
(I64
I1
tp4026
asVcomplaint
p4027
(lp4028
(I101
I1
tp4029
a(I56
I1
tp4030
asVbig
p4031
(lp4032
(I103
I2
tp4033
a(I18
I1
tp4034
a(I56
I57
tp4035
asVcouple
p4036
(lp4037
(I56
I1
tp4038
a(I78
I2
tp4039
asVmatters
p4040
(lp4041
(I39
I1
tp4042
asVfalcon
p4043
(lp4044
(I38
I1
tp4045
asVprojects
p4046
(lp4047
(I101
I1
tp4048
asVmoody
p4049
(lp4050
(I18
I1
tp4051
a(I38
I1
tp4052
asVcounterintuitive
p4053
(lp4054
(I56
I1
tp4055
asVlost
p4056
(lp4057
(I78
I1
tp4058
asVinterestingly
p4059
(lp4060
(I39
I1
tp4061
asVtranslates
p4062
(lp4063
(I59
I1
tp4064
asVcontinue
p4065
(lp4066
(I103
I1
tp4067
asVyorker
p4068
(lp4069
(I54
I50
tp4070
asVpopular
p4071
(lp4072
(I56
I1
tp4073
asVessential
p4074
(lp4075
(I78
I1
tp4076
asVgoogle
p4077
(lp4078
(I38
I52
tp4079
a(I56
I2
tp4080
asVoften
p4081
(lp4082
(I39
I1
tp4083
a(I56
I2
tp4084
asVspring
p4085
(lp4086
(I103
I1
tp4087
asVeconomic
p4088
(lp4089
(I101
I1
tp4090
asVbacklighting
p4091
(lp4092
(I56
I1
tp4093
asVsight
p4094
(lp4095
(I103
I1
tp4096
a(I38
I1
tp4097
asVnewsletter
p4098
(lp4099
(I23
I1
tp4100
a(I28
I1
tp4101
a(I54
I1
tp4102
a(I59
I1
tp4103
a(I64
I1
tp4104
asVand/or
p4105
(lp4106
(I23
I1
tp4107
a(I28
I1
tp4108
a(I54
I1
tp4109
a(I59
I1
tp4110
a(I64
I1
tp4111
asVdecision
p4112
(lp4113
(I101
I1
tp4114
asVpros
p4115
(lp4116
(I56
I1
tp4117
asVper
p4118
(lp4119
(I101
I2
tp4120
a(I64
I1
tp4121
asVanne
p4122
(lp4123
(I103
I1
tp4124
asVcgi
p4125
(lp4126
(I38
I1
tp4127
asVmultilingual
p4128
(lp4129
(I64
I51
tp4130
asVeating
p4131
(lp4132
(I18
I1
tp4133
asVstep
p4134
(lp4135
(I38
I1
tp4136
a(I56
I2
tp4137
asVanything
p4138
(lp4139
(I78
I1
tp4140
asVnetflix
p4141
(lp4142
(I56
I1
tp4143
asVpfizer
p4144
(lp4145
(I103
I1
tp4146
asVdrama
p4147
(lp4148
(I59
I1
tp4149
asVrange
p4150
(lp4151
(I56
I2
tp4152
asV72
p4153
(lp4154
(I64
I1
tp4155
asVimpressed
p4156
(lp4157
(I78
I1
tp4158
asV15.6-inch
p4159
(lp4160
(I56
I2
tp4161
asVlong
p4162
(lp4163
(I56
I1
tp4164
a(I78
I1
tp4165
asV23andme
p4166
(lp4167
(I103
I57
tp4168
asVsuit
p4169
(lp4170
(I56
I1
tp4171
asVxps
p4172
(lp4173
(I23
I50
tp4174
asV:
p4175
(lp4176
(I18
I16
tp4177
a(I38
I1
tp4178
a(I39
I3
tp4179
a(I56
I60
tp4180
a(I64
I2
tp4181
asVopposed
p4182
(lp4183
(I56
I2
tp4184
asV12:06pm
p4185
(lp4186
(I18
I1
tp4187
asVregistered
p4188
(lp4189
(I23
I1
tp4190
a(I28
I1
tp4191
a(I54
I1
tp4192
a(I59
I1
tp4193
a(I64
I1
tp4194
asVlink
p4195
(lp4196
(I23
I1
tp4197
a(I28
I1
tp4198
a(I54
I1
tp4199
a(I59
I1
tp4200
a(I64
I1
tp4201
asVusurp
p4202
(lp4203
(I18
I1
tp4204
asVfiled
p4205
(lp4206
(I101
I1
tp4207
asVget-go
p4208
(lp4209
(I101
I1
tp4210
asVfda
p4211
(lp4212
(I103
I2
tp4213
asVus
p4214
(lp4215
(I18
I3
tp4216
a(I39
I6
tp4217
a(I78
I1
tp4218
asVwindows
p4219
(lp4220
(I56
I12
tp4221
asV're
p4222
(lp4223
(I101
I1
tp4224
a(I39
I3
tp4225
a(I78
I3
tp4226
asVmarginally
p4227
(lp4228
(I78
I1
tp4229
asV17
p4230
(lp4231
(I78
I1
tp4232
asVcalled
p4233
(lp4234
(I78
I3
tp4235
asVassociated
p4236
(lp4237
(I103
I1
tp4238
a(I56
I1
tp4239
asVshortcuts
p4240
(lp4241
(I78
I1
tp4242
asVdeprive
p4243
(lp4244
(I18
I1
tp4245
asVsingle
p4246
(lp4247
(I101
I2
tp4248
asVcure
p4249
(lp4250
(I103
I1
tp4251
asVfull-size
p4252
(lp4253
(I56
I1
tp4254
asVphantom
p4255
(lp4256
(I38
I1
tp4257
asVamounts
p4258
(lp4259
(I103
I1
tp4260
asVoccasional
p4261
(lp4262
(I23
I1
tp4263
a(I28
I1
tp4264
a(I54
I1
tp4265
a(I56
I1
tp4266
a(I59
I1
tp4267
a(I64
I1
tp4268
asVdefinitely
p4269
(lp4270
(I56
I1
tp4271
a(I78
I1
tp4272
asVfunctionality
p4273
(lp4274
(I56
I1
tp4275
a(I78
I1
tp4276
asV15\u2019s
p4277
(lp4278
(I56
I3
tp4279
asVshallower
p4280
(lp4281
(I56
I1
tp4282
asVusers
p4283
(lp4284
(I23
I1
tp4285
a(I28
I1
tp4286
a(I54
I1
tp4287
a(I59
I1
tp4288
a(I64
I1
tp4289
a(I78
I2
tp4290
asVrobots
p4291
(lp4292
(I64
I53
tp4293
asVmuddles
p4294
(lp4295
(I18
I1
tp4296
asVmood
p4297
(lp4298
(I59
I1
tp4299
asVe
p4300
(lp4301
(I39
I1
tp4302
asVpractically
p4303
(lp4304
(I56
I1
tp4305
asVrequired
p4306
(lp4307
(I23
I1
tp4308
a(I28
I1
tp4309
a(I54
I1
tp4310
a(I59
I1
tp4311
a(I64
I1
tp4312
asV2006
p4313
(lp4314
(I103
I1
tp4315
asVliterally
p4316
(lp4317
(I78
I1
tp4318
asVmenace
p4319
(lp4320
(I38
I1
tp4321
asVgo
p4322
(lp4323
(I18
I3
tp4324
a(I39
I1
tp4325
a(I56
I1
tp4326
asVseemed
p4327
(lp4328
(I101
I1
tp4329
asVshrug-inducing
p4330
(lp4331
(I78
I1
tp4332
asVhelps
p4333
(lp4334
(I59
I1
tp4335
asVceleron
p4336
(lp4337
(I56
I1
tp4338
asVpleasing
p4339
(lp4340
(I56
I1
tp4341
asVbreathing
p4342
(lp4343
(I64
I1
tp4344
asVtorture
p4345
(lp4346
(I18
I1
tp4347
asVdidn\u2019t
p4348
(lp4349
(I56
I2
tp4350
asVfacebook
p4351
(lp4352
(I101
I1
tp4353
a(I103
I1
tp4354
a(I18
I1
tp4355
a(I23
I6
tp4356
a(I28
I6
tp4357
a(I38
I1
tp4358
a(I39
I1
tp4359
a(I54
I6
tp4360
a(I56
I3
tp4361
a(I59
I7
tp4362
a(I64
I7
tp4363
a(I78
I1
tp4364
asVcoalition
p4365
(lp4366
(I101
I1
tp4367
asVentire
p4368
(lp4369
(I101
I1
tp4370
a(I38
I1
tp4371
a(I56
I1
tp4372
a(I78
I1
tp4373
asVmagic
p4374
(lp4375
(I78
I2
tp4376
asVmimed
p4377
(lp4378
(I18
I1
tp4379
asVin-app
p4380
(lp4381
(I78
I1
tp4382
asVbutton
p4383
(lp4384
(I78
I1
tp4385
asVtry
p4386
(lp4387
(I103
I1
tp4388
a(I23
I2
tp4389
a(I28
I2
tp4390
a(I54
I2
tp4391
a(I59
I2
tp4392
a(I64
I2
tp4393
asVsmaller
p4394
(lp4395
(I39
I1
tp4396
asVbleeding
p4397
(lp4398
(I56
I1
tp4399
asVjump
p4400
(lp4401
(I56
I1
tp4402
asVvideo
p4403
(lp4404
(I18
I1
tp4405
a(I38
I56
tp4406
a(I56
I1
tp4407
a(I64
I1
tp4408
asVreunion
p4409
(lp4410
(I18
I1
tp4411
asVactroids
p4412
(lp4413
(I64
I2
tp4414
asVfront-facing
p4415
(lp4416
(I39
I2
tp4417
asVmakers
p4418
(lp4419
(I39
I1
tp4420
asVpower
p4421
(lp4422
(I78
I5
tp4423
asVgiving
p4424
(lp4425
(I103
I1
tp4426
asVsaw
p4427
(lp4428
(I39
I1
tp4429
asVnetworks
p4430
(lp4431
(I56
I1
tp4432
asVaccess
p4433
(lp4434
(I38
I1
tp4435
asVconsistently
p4436
(lp4437
(I56
I1
tp4438
asVexperiment
p4439
(lp4440
(I18
I2
tp4441
asVtwins
p4442
(lp4443
(I18
I2
tp4444
asVpristine
p4445
(lp4446
(I18
I1
tp4447
asVvalues
p4448
(lp4449
(I56
I1
tp4450
asV;
p4451
(lp4452
(I18
I1
tp4453
a(I56
I1
tp4454
a(I78
I1
tp4455
asVbody
p4456
(lp4457
(I64
I2
tp4458
asVled
p4459
(lp4460
(I39
I1
tp4461
asVlee
p4462
(lp4463
(I101
I1
tp4464
asVhdmi
p4465
(lp4466
(I56
I1
tp4467
asVgathered
p4468
(lp4469
(I103
I1
tp4470
asVcategorically
p4471
(lp4472
(I18
I1
tp4473
asVlet
p4474
(lp4475
(I18
I1
tp4476
a(I78
I3
tp4477
asVsawada
p4478
(lp4479
(I64
I1
tp4480
asVmindset
p4481
(lp4482
(I78
I1
tp4483
asVgreat
p4484
(lp4485
(I18
I2
tp4486
a(I23
I1
tp4487
a(I28
I1
tp4488
a(I39
I2
tp4489
a(I54
I1
tp4490
a(I56
I3
tp4491
a(I59
I1
tp4492
a(I64
I1
tp4493
a(I78
I1
tp4494
asVreceive
p4495
(lp4496
(I101
I1
tp4497
a(I23
I1
tp4498
a(I28
I1
tp4499
a(I54
I1
tp4500
a(I59
I1
tp4501
a(I64
I1
tp4502
asV32
p4503
(lp4504
(I56
I1
tp4505
asVmclaren
p4506
(lp4507
(I18
I1
tp4508
asVshades
p4509
(lp4510
(I56
I1
tp4511
asV4.99
p4512
(lp4513
(I78
I1
tp4514
asVresidents
p4515
(lp4516
(I101
I3
tp4517
asVmakes
p4518
(lp4519
(I39
I1
tp4520
a(I56
I2
tp4521
asVapple
p4522
(lp4523
(I39
I1
tp4524
a(I56
I1
tp4525
asVapr
p4526
(lp4527
(I18
I1
tp4528
asVapp
p4529
(lp4530
(I39
I2
tp4531
a(I56
I1
tp4532
a(I59
I1
tp4533
a(I78
I6
tp4534
asVtools
p4535
(lp4536
(I18
I1
tp4537
a(I78
I1
tp4538
asVmultitask
p4539
(lp4540
(I56
I1
tp4541
asVuse
p4542
(lp4543
(I101
I51
tp4544
a(I103
I2
tp4545
a(I39
I2
tp4546
a(I56
I5
tp4547
a(I78
I1
tp4548
asVfeb
p4549
(lp4550
(I18
I1
tp4551
asVusb
p4552
(lp4553
(I56
I2
tp4554
asV&
p4555
(lp4556
(I39
I1
tp4557
asVillegal
p4558
(lp4559
(I101
I1
tp4560
asVcamera
p4561
(lp4562
(I39
I2
tp4563
asVscheller
p4564
(lp4565
(I103
I1
tp4566
asVpanel
p4567
(lp4568
(I39
I1
tp4569
asVhideo
p4570
(lp4571
(I64
I1
tp4572
asVupcoming
p4573
(lp4574
(I38
I1
tp4575
asVstarted
p4576
(lp4577
(I78
I2
tp4578
asVbecomes
p4579
(lp4580
(I18
I1
tp4581
asVimpress
p4582
(lp4583
(I56
I1
tp4584
asVtrain
p4585
(lp4586
(I56
I1
tp4587
asV32gb
p4588
(lp4589
(I56
I1
tp4590
asVbilled
p4591
(lp4592
(I56
I1
tp4593
asVaccount
p4594
(lp4595
(I18
I2
tp4596
a(I23
I4
tp4597
a(I28
I4
tp4598
a(I54
I4
tp4599
a(I59
I4
tp4600
a(I64
I4
tp4601
asVportability
p4602
(lp4603
(I56
I1
tp4604
asVride
p4605
(lp4606
(I101
I2
tp4607
asVobvious
p4608
(lp4609
(I56
I3
tp4610
a(I78
I1
tp4611
asVcontrol
p4612
(lp4613
(I78
I54
tp4614
asVstreamed
p4615
(lp4616
(I39
I1
tp4617
asVreserved
p4618
(lp4619
(I101
I1
tp4620
a(I39
I1
tp4621
asVthirsty
p4622
(lp4623
(I18
I1
tp4624
asVlock
p4625
(lp4626
(I78
I2
tp4627
asVslim
p4628
(lp4629
(I39
I1
tp4630
asVhigh
p4631
(lp4632
(I38
I1
tp4633
a(I39
I1
tp4634
asVsomething
p4635
(lp4636
(I59
I1
tp4637
a(I78
I1
tp4638
asVsyndrome
p4639
(lp4640
(I103
I1
tp4641
asVsit
p4642
(lp4643
(I56
I1
tp4644
asVsix
p4645
(lp4646
(I38
I52
tp4647
asVinstead
p4648
(lp4649
(I103
I1
tp4650
a(I23
I4
tp4651
a(I28
I4
tp4652
a(I54
I4
tp4653
a(I56
I3
tp4654
a(I59
I4
tp4655
a(I64
I4
tp4656
a(I78
I1
tp4657
asVprofile
p4658
(lp4659
(I54
I50
tp4660
asV'google
p4661
(lp4662
(I101
I50
tp4663
asVstop
p4664
(lp4665
(I101
I2
tp4666
asVcollection
p4667
(lp4668
(I101
I1
tp4669
a(I38
I4
tp4670
asVnotebook
p4671
(lp4672
(I56
I1
tp4673
asVderanged
p4674
(lp4675
(I18
I1
tp4676
asVlines
p4677
(lp4678
(I78
I1
tp4679
asVrobot
p4680
(lp4681
(I64
I2
tp4682
asVallow
p4683
(lp4684
(I38
I1
tp4685
asVswimming
p4686
(lp4687
(I18
I1
tp4688
asVapple\u2019s
p4689
(lp4690
(I56
I1
tp4691
asVmove
p4692
(lp4693
(I103
I51
tp4694
a(I39
I1
tp4695
a(I56
I1
tp4696
asVincluding
p4697
(lp4698
(I38
I1
tp4699
asVlooks
p4700
(lp4701
(I103
I1
tp4702
a(I18
I2
tp4703
a(I38
I1
tp4704
a(I78
I1
tp4705
asVcruise
p4706
(lp4707
(I64
I1
tp4708
asVbunch
p4709
(lp4710
(I78
I1
tp4711
asVspotify
p4712
(lp4713
(I78
I1
tp4714
asV4.7-inch
p4715
(lp4716
(I39
I3
tp4717
asVwilling
p4718
(lp4719
(I39
I1
tp4720
asVchoose
p4721
(lp4722
(I23
I1
tp4723
a(I28
I1
tp4724
a(I38
I1
tp4725
a(I54
I1
tp4726
a(I59
I1
tp4727
a(I64
I1
tp4728
asV2014
p4729
(lp4730
(I18
I2
tp4731
asVdefining
p4732
(lp4733
(I56
I2
tp4734
asVpixel
p4735
(lp4736
(I56
I6
tp4737
asV2013
p4738
(lp4739
(I18
I2
tp4740
asVdesigns
p4741
(lp4742
(I39
I1
tp4743
asVpractice
p4744
(lp4745
(I101
I1
tp4746
asVearn
p4747
(lp4748
(I38
I2
tp4749
asVfront
p4750
(lp4751
(I39
I1
tp4752
a(I56
I1
tp4753
asVday
p4754
(lp4755
(I56
I1
tp4756
asVever-aggressive
p4757
(lp4758
(I18
I1
tp4759
asVobsessing
p4760
(lp4761
(I78
I1
tp4762
asV5.0.2
p4763
(lp4764
(I39
I1
tp4765
asVfeast
p4766
(lp4767
(I38
I1
tp4768
asVtruth
p4769
(lp4770
(I18
I1
tp4771
asVpools
p4772
(lp4773
(I18
I1
tp4774
asVbills
p4775
(lp4776
(I56
I1
tp4777
asVtray
p4778
(lp4779
(I56
I1
tp4780
asVsociety
p4781
(lp4782
(I18
I1
tp4783
asV89
p4784
(lp4785
(I38
I1
tp4786
asVspecial
p4787
(lp4788
(I101
I1
tp4789
a(I56
I1
tp4790
asV'
p4791
(lp4792
(I101
I50
tp4793
a(I38
I2
tp4794
a(I39
I3
tp4795
a(I59
I1
tp4796
asVactivist
p4797
(lp4798
(I101
I1
tp4799
asVannounced
p4800
(lp4801
(I38
I1
tp4802
a(I39
I1
tp4803
asVshut
p4804
(lp4805
(I56
I1
tp4806
asVchristensen
p4807
(lp4808
(I38
I1
tp4809
asVslightly-customized
p4810
(lp4811
(I39
I1
tp4812
asVworkflow
p4813
(lp4814
(I78
I1
tp4815
asVresource-heavy
p4816
(lp4817
(I56
I1
tp4818
asV\u201ceverybody
p4819
(lp4820
(I56
I1
tp4821
asVearly
p4822
(lp4823
(I103
I1
tp4824
asVg
p4825
(lp4826
(I39
I1
tp4827
asVcould
p4828
(lp4829
(I103
I1
tp4830
a(I18
I1
tp4831
a(I39
I1
tp4832
a(I78
I1
tp4833
asVlte
p4834
(lp4835
(I39
I1
tp4836
asVmargaritas
p4837
(lp4838
(I18
I1
tp4839
asV8-2
p4840
(lp4841
(I101
I1
tp4842
asVinsane
p4843
(lp4844
(I78
I1
tp4845
asVsucceeds
p4846
(lp4847
(I78
I1
tp4848
asVpowerful
p4849
(lp4850
(I78
I3
tp4851
asVscene
p4852
(lp4853
(I18
I4
tp4854
asVquality
p4855
(lp4856
(I101
I1
tp4857
a(I39
I1
tp4858
a(I56
I1
tp4859
asVprivacy
p4860
(lp4861
(I23
I1
tp4862
a(I28
I1
tp4863
a(I54
I1
tp4864
a(I59
I1
tp4865
a(I64
I1
tp4866
asVsystem
p4867
(lp4868
(I101
I1
tp4869
a(I78
I1
tp4870
asVperfectly
p4871
(lp4872
(I18
I1
tp4873
asVbosch
p4874
(lp4875
(I64
I3
tp4876
asVshortt
p4877
(lp4878
(I101
I1
tp4879
asV\u201cchromebook
p4880
(lp4881
(I56
I1
tp4882
asVaccompany
p4883
(lp4884
(I38
I1
tp4885
asVconfigure
p4886
(lp4887
(I78
I4
tp4888
asVshelf
p4889
(lp4890
(I64
I1
tp4891
asVexactly
p4892
(lp4893
(I56
I1
tp4894
asVunending
p4895
(lp4896
(I18
I1
tp4897
asVenvironmental
p4898
(lp4899
(I101
I5
tp4900
asVwhiz-bang
p4901
(lp4902
(I78
I1
tp4903
asVadjusts
p4904
(lp4905
(I59
I1
tp4906
asVjuly
p4907
(lp4908
(I59
I1
tp4909
a(I64
I1
tp4910
asV13-megapixel
p4911
(lp4912
(I39
I1
tp4913
asVremember
p4914
(lp4915
(I78
I2
tp4916
asVipad
p4917
(lp4918
(I78
I55
tp4919
asVdepends
p4920
(lp4921
(I78
I1
tp4922
asVbed
p4923
(lp4924
(I18
I3
tp4925
asVdecided
p4926
(lp4927
(I78
I2
tp4928
asVlight
p4929
(lp4930
(I59
I2
tp4931
asVflashes
p4932
(lp4933
(I39
I1
tp4934
asVsteep
p4935
(lp4936
(I78
I1
tp4937
asVshrinks
p4938
(lp4939
(I18
I1
tp4940
asVwakes
p4941
(lp4942
(I18
I1
tp4943
asVtabs
p4944
(lp4945
(I56
I2
tp4946
asV400\u2013
p4947
(lp4948
(I56
I2
tp4949
asVcomfortable
p4950
(lp4951
(I56
I1
tp4952
asVneed
p4953
(lp4954
(I103
I1
tp4955
a(I18
I1
tp4956
a(I56
I1
tp4957
a(I78
I2
tp4958
asVfluent
p4959
(lp4960
(I64
I1
tp4961
asVagency
p4962
(lp4963
(I101
I1
tp4964
asVable
p4965
(lp4966
(I38
I1
tp4967
a(I56
I1
tp4968
a(I64
I2
tp4969
asVmix
p4970
(lp4971
(I39
I2
tp4972
asVkorean
p4973
(lp4974
(I64
I1
tp4975
asVunless
p4976
(lp4977
(I78
I1
tp4978
asVcombat
p4979
(lp4980
(I18
I1
tp4981
asVcollaboration
p4982
(lp4983
(I59
I1
tp4984
asVdevice
p4985
(lp4986
(I39
I1
tp4987
asVstronger
p4988
(lp4989
(I18
I1
tp4990
asVface
p4991
(lp4992
(I101
I1
tp4993
a(I18
I1
tp4994
asVdatabases
p4995
(lp4996
(I103
I1
tp4997
asVfact
p4998
(lp4999
(I103
I1
tp5000
a(I39
I1
tp5001
a(I56
I1
tp5002
asVtext
p5003
(lp5004
(I78
I5
tp5005
asVbring
p5006
(lp5007
(I39
I1
tp5008
asVplanning
p5009
(lp5010
(I38
I1
tp5011
asVultrabooks
p5012
(lp5013
(I56
I1
tp5014
asVbedroom
p5015
(lp5016
(I18
I1
tp5017
asVchromebook
p5018
(lp5019
(I56
I131
tp5020
asVpartners
p5021
(lp5022
(I103
I1
tp5023
a(I23
I1
tp5024
a(I28
I1
tp5025
a(I54
I1
tp5026
a(I56
I1
tp5027
a(I59
I1
tp5028
a(I64
I1
tp5029
asVbased
p5030
(lp5031
(I59
I1
tp5032
asV(
p5033
(lp5034
(I101
I1
tp5035
a(I18
I4
tp5036
a(I39
I3
tp5037
a(I56
I5
tp5038
a(I64
I1
tp5039
a(I78
I2
tp5040
asVit\u2019s
p5041
(lp5042
(I56
I17
tp5043
asVbuttons
p5044
(lp5045
(I78
I3
tp5046
asVfatiguing
p5047
(lp5048
(I56
I1
tp5049
asVphilips-branded
p5050
(lp5051
(I59
I1
tp5052
asVlocal
p5053
(lp5054
(I101
I1
tp5055
asVhope
p5056
(lp5057
(I101
I1
tp5058
asVskimp
p5059
(lp5060
(I56
I1
tp5061
asVbeat
p5062
(lp5063
(I56
I1
tp5064
asVfamiliar
p5065
(lp5066
(I39
I1
tp5067
asVphotography
p5068
(lp5069
(I56
I1
tp5070
asVoverall
p5071
(lp5072
(I23
I1
tp5073
a(I28
I1
tp5074
a(I54
I1
tp5075
a(I59
I1
tp5076
a(I64
I1
tp5077
asVjoint
p5078
(lp5079
(I18
I1
tp5080
asVquad-core
p5081
(lp5082
(I39
I1
tp5083
asVaforementioned
p5084
(lp5085
(I56
I1
tp5086
asVscrolling
p5087
(lp5088
(I56
I2
tp5089
asVevictions
p5090
(lp5091
(I101
I1
tp5092
asVtuned
p5093
(lp5094
(I39
I1
tp5095
asVtunes
p5096
(lp5097
(I56
I1
tp5098
asVall-plastic
p5099
(lp5100
(I56
I1
tp5101
asV11am
p5102
(lp5103
(I18
I1
tp5104
asVfuturistic
p5105
(lp5106
(I64
I2
tp5107
asVsensuality
p5108
(lp5109
(I18
I1
tp5110
asVyou\u2019re
p5111
(lp5112
(I56
I1
tp5113
asVcomputer
p5114
(lp5115
(I56
I11
tp5116
a(I78
I2
tp5117
asVunfairly
p5118
(lp5119
(I101
I1
tp5120
asVoperated
p5121
(lp5122
(I64
I1
tp5123
asVbattery
p5124
(lp5125
(I39
I1
tp5126
a(I56
I1
tp5127
asVcloser
p5128
(lp5129
(I18
I1
tp5130
a(I38
I1
tp5131
asVarguably
p5132
(lp5133
(I56
I3
tp5134
asVstate
p5135
(lp5136
(I18
I1
tp5137
asVlucasfilm
p5138
(lp5139
(I38
I1
tp5140
asVreconfigured
p5141
(lp5142
(I78
I1
tp5143
asVsabotage
p5144
(lp5145
(I18
I1
tp5146
asVemail
p5147
(lp5148
(I23
I4
tp5149
a(I28
I4
tp5150
a(I54
I4
tp5151
a(I59
I4
tp5152
a(I64
I4
tp5153
asVopening
p5154
(lp5155
(I64
I51
tp5156
asVjoy
p5157
(lp5158
(I18
I1
tp5159
a(I56
I1
tp5160
asVdeliver
p5161
(lp5162
(I64
I1
tp5163
asVkey
p5164
(lp5165
(I78
I1
tp5166
asVjog
p5167
(lp5168
(I18
I1
tp5169
asVapproval
p5170
(lp5171
(I103
I1
tp5172
asVlawsuit
p5173
(lp5174
(I101
I2
tp5175
asVcommands
p5176
(lp5177
(I59
I1
tp5178
a(I78
I3
tp5179
asVinstant
p5180
(lp5181
(I38
I1
tp5182
asVlimits
p5183
(lp5184
(I103
I1
tp5185
asVdrug
p5186
(lp5187
(I103
I3
tp5188
asVapril
p5189
(lp5190
(I38
I1
tp5191
asVsyfy\u2019s
p5192
(lp5193
(I59
I1
tp5194
asVunconvincing
p5195
(lp5196
(I38
I1
tp5197
asVenglish
p5198
(lp5199
(I64
I1
tp5200
asV11:54am
p5201
(lp5202
(I18
I1
tp5203
asVca
p5204
(lp5205
(I78
I1
tp5206
asVwalk
p5207
(lp5208
(I78
I1
tp5209
asVbetrayed
p5210
(lp5211
(I56
I1
tp5212
asVtable
p5213
(lp5214
(I38
I1
tp5215
asVpowered
p5216
(lp5217
(I103
I1
tp5218
a(I39
I1
tp5219
a(I56
I1
tp5220
asVsara
p5221
(lp5222
(I101
I1
tp5223
asVgenetic
p5224
(lp5225
(I103
I56
tp5226
asV'light
p5227
(lp5228
(I59
I1
tp5229
asVbbq
p5230
(lp5231
(I18
I1
tp5232
asVusername
p5233
(lp5234
(I23
I3
tp5235
a(I28
I3
tp5236
a(I54
I3
tp5237
a(I59
I3
tp5238
a(I64
I3
tp5239
asVcontrolled
p5240
(lp5241
(I59
I1
tp5242
asVfinishes
p5243
(lp5244
(I56
I1
tp5245
asVwell-paid
p5246
(lp5247
(I101
I1
tp5248
asVdewbacks
p5249
(lp5250
(I38
I1
tp5251
asVangles
p5252
(lp5253
(I39
I1
tp5254
a(I56
I1
tp5255
asVsmartphones
p5256
(lp5257
(I38
I1
tp5258
a(I39
I55
tp5259
asVcrowds
p5260
(lp5261
(I18
I1
tp5262
asVblinkfeed
p5263
(lp5264
(I39
I1
tp5265
asVcursor
p5266
(lp5267
(I56
I1
tp5268
asVqualcomm
p5269
(lp5270
(I39
I1
tp5271
asVfrustrating
p5272
(lp5273
(I56
I2
tp5274
asVpdt
p5275
(lp5276
(I18
I3
tp5277
asVexaminer
p5278
(lp5279
(I101
I1
tp5280
asVripe
p5281
(lp5282
(I18
I1
tp5283
asValmost
p5284
(lp5285
(I23
I1
tp5286
a(I28
I1
tp5287
a(I54
I1
tp5288
a(I59
I1
tp5289
a(I64
I1
tp5290
asVthus
p5291
(lp5292
(I103
I1
tp5293
asVsurface
p5294
(lp5295
(I56
I1
tp5296
asVhardware
p5297
(lp5298
(I39
I1
tp5299
asVdual
p5300
(lp5301
(I39
I1
tp5302
asVacer
p5303
(lp5304
(I56
I53
tp5305
asVpartner
p5306
(lp5307
(I103
I1
tp5308
asVsits
p5309
(lp5310
(I56
I1
tp5311
asVperhaps
p5312
(lp5313
(I18
I1
tp5314
a(I39
I1
tp5315
asVradiation
p5316
(lp5317
(I64
I1
tp5318
asVpropensity
p5319
(lp5320
(I18
I1
tp5321
asVtaxidermy
p5322
(lp5323
(I18
I1
tp5324
asVunits
p5325
(lp5326
(I39
I1
tp5327
asVparty
p5328
(lp5329
(I23
I4
tp5330
a(I28
I4
tp5331
a(I54
I4
tp5332
a(I59
I4
tp5333
a(I64
I4
tp5334
asVandroid
p5335
(lp5336
(I39
I1
tp5337
asVdifficult
p5338
(lp5339
(I56
I1
tp5340
asVsupercharge
p5341
(lp5342
(I78
I1
tp5343
asVpremiere
p5344
(lp5345
(I59
I1
tp5346
asVupon
p5347
(lp5348
(I59
I1
tp5349
asVeffect
p5350
(lp5351
(I59
I1
tp5352
asV'll
p5353
(lp5354
(I23
I2
tp5355
a(I28
I2
tp5356
a(I38
I2
tp5357
a(I54
I2
tp5358
a(I59
I2
tp5359
a(I64
I2
tp5360
a(I78
I2
tp5361
asVnevertheless
p5362
(lp5363
(I18
I1
tp5364
asVvariety
p5365
(lp5366
(I101
I1
tp5367
asVwell
p5368
(lp5369
(I18
I1
tp5370
a(I56
I3
tp5371
asVsupercharged
p5372
(lp5373
(I78
I1
tp5374
asV350
p5375
(lp5376
(I56
I2
tp5377
asVaudio
p5378
(lp5379
(I59
I1
tp5380
asVdrawing
p5381
(lp5382
(I78
I1
tp5383
asVinc.
p5384
(lp5385
(I103
I1
tp5386
asVlatest
p5387
(lp5388
(I101
I1
tp5389
a(I56
I1
tp5390
asVarming
p5391
(lp5392
(I18
I1
tp5393
asVless
p5394
(lp5395
(I56
I1
tp5396
asVboot
p5397
(lp5398
(I56
I1
tp5399
asVkeeping
p5400
(lp5401
(I78
I1
tp5402
asVmistaken
p5403
(lp5404
(I39
I1
tp5405
asVstored
p5406
(lp5407
(I39
I1
tp5408
asVwalmart\u2019s
p5409
(lp5410
(I56
I1
tp5411
asVday-to-day
p5412
(lp5413
(I56
I1
tp5414
asVunplugged
p5415
(lp5416
(I56
I1
tp5417
asVweb
p5418
(lp5419
(I39
I1
tp5420
a(I56
I1
tp5421
a(I78
I1
tp5422
asVrecommending
p5423
(lp5424
(I56
I1
tp5425
asVreasons
p5426
(lp5427
(I56
I1
tp5428
asVattractive
p5429
(lp5430
(I39
I1
tp5431
a(I56
I1
tp5432
asVexempt
p5433
(lp5434
(I101
I1
tp5435
asVsparking
p5436
(lp5437
(I101
I1
tp5438
asVtests
p5439
(lp5440
(I101
I1
tp5441
asVincreased
p5442
(lp5443
(I103
I1
tp5444
a(I56
I1
tp5445
asVprotesters
p5446
(lp5447
(I101
I2
tp5448
asVfive
p5449
(lp5450
(I56
I1
tp5451
asVknow
p5452
(lp5453
(I101
I1
tp5454
a(I78
I1
tp5455
asVfacial
p5456
(lp5457
(I18
I1
tp5458
a(I64
I1
tp5459
asVdesk
p5460
(lp5461
(I56
I3
tp5462
asVimmediately
p5463
(lp5464
(I78
I2
tp5465
asVpassword
p5466
(lp5467
(I23
I2
tp5468
a(I28
I2
tp5469
a(I54
I2
tp5470
a(I59
I2
tp5471
a(I64
I2
tp5472
asVapplescripts
p5473
(lp5474
(I78
I1
tp5475
asVmotorola
p5476
(lp5477
(I39
I1
tp5478
asVlike
p5479
(lp5480
(I103
I2
tp5481
a(I18
I3
tp5482
a(I23
I5
tp5483
a(I28
I5
tp5484
a(I39
I1
tp5485
a(I54
I5
tp5486
a(I56
I4
tp5487
a(I59
I5
tp5488
a(I64
I6
tp5489
a(I78
I2
tp5490
asVsuccess
p5491
(lp5492
(I56
I1
tp5493
asVsizes
p5494
(lp5495
(I39
I1
tp5496
asV349.99
p5497
(lp5498
(I56
I1
tp5499
asVbecome
p5500
(lp5501
(I101
I1
tp5502
a(I78
I1
tp5503
asVpage
p5504
(lp5505
(I103
I1
tp5506
a(I56
I1
tp5507
asVtherapeutic
p5508
(lp5509
(I103
I1
tp5510
asVgilliam
p5511
(lp5512
(I59
I1
tp5513
asVglare
p5514
(lp5515
(I56
I1
tp5516
asV11-
p5517
(lp5518
(I56
I3
tp5519
asVtwitter
p5520
(lp5521
(I23
I4
tp5522
a(I28
I4
tp5523
a(I54
I4
tp5524
a(I59
I4
tp5525
a(I64
I4
tp5526
asVlibrary
p5527
(lp5528
(I56
I1
tp5529
asVnotices
p5530
(lp5531
(I18
I1
tp5532
asVhair
p5533
(lp5534
(I18
I1
tp5535
asVi\u2019ve
p5536
(lp5537
(I56
I5
tp5538
asVgrowth
p5539
(lp5540
(I103
I1
tp5541
asVhome
p5542
(lp5543
(I59
I51
tp5544
a(I78
I1
tp5545
asVrecognition
p5546
(lp5547
(I64
I1
tp5548
asVlead
p5549
(lp5550
(I103
I1
tp5551
asVdemonstrates
p5552
(lp5553
(I56
I1
tp5554
asVgraininess
p5555
(lp5556
(I56
I1
tp5557
asVmarkers
p5558
(lp5559
(I103
I1
tp5560
asVsyfy
p5561
(lp5562
(I59
I3
tp5563
asV?
p5564
(lp5565
(I18
I4
tp5566
a(I23
I6
tp5567
a(I28
I6
tp5568
a(I54
I6
tp5569
a(I59
I6
tp5570
a(I64
I7
tp5571
asVhinder
p5572
(lp5573
(I56
I1
tp5574
asVreal-world
p5575
(lp5576
(I56
I1
tp5577
asVimaginary
p5578
(lp5579
(I38
I1
tp5580
asVpaste
p5581
(lp5582
(I78
I1
tp5583
asVtelevision
p5584
(lp5585
(I59
I51
tp5586
asVnoisy
p5587
(lp5588
(I56
I1
tp5589
asVrare
p5590
(lp5591
(I103
I1
tp5592
asVworld
p5593
(lp5594
(I18
I1
tp5595
a(I38
I1
tp5596
a(I39
I1
tp5597
a(I56
I2
tp5598
asVgetting
p5599
(lp5600
(I18
I1
tp5601
a(I39
I2
tp5602
asVhigh-end
p5603
(lp5604
(I39
I53
tp5605
a(I56
I1
tp5606
asVaziz
p5607
(lp5608
(I56
I1
tp5609
asVsweat
p5610
(lp5611
(I56
I1
tp5612
asVpowerpoint
p5613
(lp5614
(I78
I1
tp5615
asVsoftware
p5616
(lp5617
(I39
I1
tp5618
a(I64
I1
tp5619
asVletters
p5620
(lp5621
(I78
I1
tp5622
asVwashington
p5623
(lp5624
(I64
I1
tp5625
asVheadphone
p5626
(lp5627
(I56
I1
tp5628
asVweather
p5629
(lp5630
(I39
I1
tp5631
asVfemale
p5632
(lp5633
(I18
I1
tp5634
asVquickly
p5635
(lp5636
(I56
I1
tp5637
a(I78
I1
tp5638
asVutility
p5639
(lp5640
(I78
I2
tp5641
asVhousing
p5642
(lp5643
(I101
I1
tp5644
asVapps
p5645
(lp5646
(I56
I1
tp5647
a(I78
I3
tp5648
asVnoticed
p5649
(lp5650
(I18
I1
tp5651
asVbiggest
p5652
(lp5653
(I56
I2
tp5654
asVphilips
p5655
(lp5656
(I59
I2
tp5657
asVbuy
p5658
(lp5659
(I38
I3
tp5660
a(I56
I3
tp5661
a(I59
I1
tp5662
asVcomplacency
p5663
(lp5664
(I18
I1
tp5665
asVbus
p5666
(lp5667
(I101
I105
tp5668
asVbrand
p5669
(lp5670
(I39
I1
tp5671
asVreminds
p5672
(lp5673
(I39
I1
tp5674
asVgoals
p5675
(lp5676
(I103
I1
tp5677
asVhd
p5678
(lp5679
(I38
I2
tp5680
asVmade
p5681
(lp5682
(I103
I1
tp5683
a(I18
I1
tp5684
asVwhether
p5685
(lp5686
(I39
I1
tp5687
a(I78
I2
tp5688
asVsmooth
p5689
(lp5690
(I56
I1
tp5691
asVsigned
p5692
(lp5693
(I23
I4
tp5694
a(I28
I4
tp5695
a(I54
I4
tp5696
a(I59
I4
tp5697
a(I64
I4
tp5698
asVidiosyncrasies
p5699
(lp5700
(I18
I1
tp5701
asVproblem
p5702
(lp5703
(I56
I1
tp5704
asVminutes
p5705
(lp5706
(I56
I1
tp5707
asVdisplay
p5708
(lp5709
(I39
I1
tp5710
a(I56
I6
tp5711
asVmarketplace
p5712
(lp5713
(I38
I1
tp5714
asVpin
p5715
(lp5716
(I101
I1
tp5717
a(I103
I1
tp5718
a(I18
I1
tp5719
a(I38
I1
tp5720
a(I39
I1
tp5721
a(I56
I1
tp5722
a(I59
I1
tp5723
a(I64
I1
tp5724
a(I78
I1
tp5725
asVfingertips
p5726
(lp5727
(I78
I1
tp5728
asVcompared
p5729
(lp5730
(I39
I1
tp5731
asVrumors
p5732
(lp5733
(I38
I1
tp5734
asVincredible
p5735
(lp5736
(I18
I1
tp5737
asVtrials
p5738
(lp5739
(I103
I1
tp5740
asVpercent
p5741
(lp5742
(I56
I1
tp5743
a(I64
I1
tp5744
asVlately
p5745
(lp5746
(I18
I1
tp5747
asVamusement
p5748
(lp5749
(I64
I1
tp5750
asVlong-time
p5751
(lp5752
(I101
I1
tp5753
asVclacking
p5754
(lp5755
(I56
I1
tp5756
asVfrancisco
p5757
(lp5758
(I101
I53
tp5759
asVstar
p5760
(lp5761
(I38
I54
tp5762
asVinescapable
p5763
(lp5764
(I18
I1
tp5765
asVbundle
p5766
(lp5767
(I38
I1
tp5768
asVstay
p5769
(lp5770
(I56
I1
tp5771
asVchance
p5772
(lp5773
(I56
I1
tp5774
a(I59
I1
tp5775
asVadditionally
p5776
(lp5777
(I18
I1
tp5778
asVghost
p5779
(lp5780
(I38
I1
tp5781
asVstarting
p5782
(lp5783
(I56
I1
tp5784
asVlasted
p5785
(lp5786
(I56
I1
tp5787
asV1366
p5788
(lp5789
(I56
I1
tp5790
as.None
