ccollections
defaultdict
p0
(c__builtin__
list
p1
tp2
Rp3
Vlimited
p4
(lp5
(I36
I2
tp6
asVallowed
p7
(lp8
(I91
I1
tp9
asVconsider
p10
(lp11
(I102
I1
tp12
a(I47
I1
tp13
asVcaused
p14
(lp15
(I91
I1
tp16
asVlack
p17
(lp18
(I36
I1
tp19
asVresults
p20
(lp21
(I91
I2
tp22
asVmonth
p23
(lp24
(I36
I1
tp25
asVceased
p26
(lp27
(I91
I1
tp28
asVsleep
p29
(lp30
(I36
I2
tp31
asVgo
p32
(lp33
(I36
I1
tp34
asVforget
p35
(lp36
(I36
I1
tp37
asVcertainly
p38
(lp39
(I36
I1
tp40
asVlining
p41
(lp42
(I47
I1
tp43
asVtweet
p44
(lp45
(I102
I1
tp46
a(I24
I1
tp47
a(I33
I1
tp48
a(I36
I1
tp49
a(I47
I1
tp50
a(I91
I1
tp51
asVacting
p52
(lp53
(I36
I1
tp54
asVsend
p55
(lp56
(I24
I1
tp57
asVanswered
p58
(lp59
(I33
I1
tp60
asVhelps
p61
(lp62
(I47
I1
tp63
asV14
p64
(lp65
(I75
I1
tp66
asVmessenger
p67
(lp68
(I36
I1
tp69
asV1080p
p70
(lp71
(I102
I1
tp72
a(I47
I1
tp73
asVsmartphone
p74
(lp75
(I75
I51
tp76
asVembodies
p77
(lp78
(I36
I1
tp79
asVadvantage
p80
(lp81
(I47
I1
tp82
asVfar
p83
(lp84
(I102
I1
tp85
a(I36
I1
tp86
a(I47
I1
tp87
asVmemories
p88
(lp89
(I91
I2
tp90
asVsponsors
p91
(lp92
(I15
I1
tp93
a(I75
I1
tp94
a(I8
I1
tp95
asVchoice
p96
(lp97
(I36
I1
tp98
asVvegas
p99
(lp100
(I47
I1
tp101
asVfacebook
p102
(lp103
(I102
I1
tp104
a(I15
I6
tp105
a(I24
I1
tp106
a(I33
I1
tp107
a(I36
I3
tp108
a(I47
I1
tp109
a(I75
I6
tp110
a(I8
I6
tp111
a(I91
I1
tp112
asVfall
p113
(lp114
(I36
I1
tp115
asVentire
p116
(lp117
(I36
I1
tp118
asVschool
p119
(lp120
(I24
I1
tp121
asVimpressive
p122
(lp123
(I47
I1
tp124
asVtegra
p125
(lp126
(I102
I1
tp127
asVturns
p128
(lp129
(I36
I2
tp130
asVbutton
p131
(lp132
(I36
I2
tp133
asVbright
p134
(lp135
(I36
I1
tp136
asVtry
p137
(lp138
(I15
I2
tp139
a(I75
I2
tp140
a(I8
I2
tp141
a(I91
I1
tp142
asVflashy
p143
(lp144
(I47
I1
tp145
asV1.22-inch
p146
(lp147
(I36
I1
tp148
asVquick
p149
(lp150
(I36
I1
tp151
asVwrist-worn
p152
(lp153
(I36
I2
tp154
asVauthenticating
p155
(lp156
(I15
I1
tp157
a(I75
I1
tp158
a(I8
I1
tp159
asVround
p160
(lp161
(I36
I3
tp162
asVconfigurations
p163
(lp164
(I102
I1
tp165
asVwork
p166
(lp167
(I36
I2
tp168
asVinstagram
p169
(lp170
(I36
I1
tp171
asVexpandability
p172
(lp173
(I36
I1
tp174
asVconsistent
p175
(lp176
(I36
I1
tp177
asVbuilt-in
p178
(lp179
(I36
I4
tp180
asVsync
p181
(lp182
(I36
I1
tp183
asVsign
p184
(lp185
(I15
I1
tp186
a(I75
I1
tp187
a(I8
I1
tp188
asVpast
p189
(lp190
(I36
I1
tp191
asVrate
p192
(lp193
(I36
I2
tp194
asVdesign
p195
(lp196
(I33
I2
tp197
a(I36
I2
tp198
asVdisplays
p199
(lp200
(I36
I1
tp201
asV7th
p202
(lp203
(I33
I1
tp204
asVpatient
p205
(lp206
(I91
I1
tp207
asVacid
p208
(lp209
(I91
I50
tp210
asVnews
p211
(lp212
(I47
I1
tp213
asVport
p214
(lp215
(I36
I3
tp216
asVeven
p217
(lp218
(I36
I1
tp219
a(I47
I2
tp220
asVn't
p221
(lp222
(I102
I3
tp223
a(I24
I1
tp224
a(I33
I3
tp225
a(I36
I1
tp226
a(I47
I3
tp227
asVstood
p228
(lp229
(I33
I1
tp230
asVtrapping
p231
(lp232
(I36
I1
tp233
asVdisease
p234
(lp235
(I91
I1
tp236
asVemotions
p237
(lp238
(I91
I1
tp239
asVaccess
p240
(lp241
(I36
I1
tp242
asVgringelstad
p243
(lp244
(I24
I1
tp245
asVgoes
p246
(lp247
(I102
I1
tp248
a(I33
I1
tp249
a(I47
I1
tp250
asVdr.
p251
(lp252
(I33
I1
tp253
asVnew
p254
(lp255
(I102
I1
tp256
a(I24
I1
tp257
a(I33
I52
tp258
a(I36
I1
tp259
a(I47
I3
tp260
a(I91
I2
tp261
asVground
p262
(lp263
(I24
I1
tp264
a(I47
I1
tp265
asVtold
p266
(lp267
(I102
I1
tp268
a(I47
I1
tp269
a(I91
I1
tp270
asVbody
p271
(lp272
(I36
I1
tp273
asVfull
p274
(lp275
(I36
I3
tp276
a(I91
I2
tp277
asVpushing
p278
(lp279
(I24
I1
tp280
asVcomponent
p281
(lp282
(I36
I1
tp283
asVhours
p284
(lp285
(I24
I1
tp286
asVdesired
p287
(lp288
(I36
I1
tp289
asVslow
p290
(lp291
(I36
I1
tp292
asVstudio
p293
(lp294
(I24
I1
tp295
asVothers
p296
(lp297
(I33
I1
tp298
asVchange
p299
(lp300
(I102
I1
tp301
asVwait
p302
(lp303
(I33
I1
tp304
asVgreat
p305
(lp306
(I15
I1
tp307
a(I36
I4
tp308
a(I47
I1
tp309
a(I75
I1
tp310
a(I8
I1
tp311
asVvoice
p312
(lp313
(I36
I1
tp314
asVreceive
p315
(lp316
(I15
I1
tp317
a(I75
I1
tp318
a(I8
I1
tp319
asVleaves
p320
(lp321
(I36
I1
tp322
asVreminiscent
p323
(lp324
(I47
I2
tp325
asVfunded
p326
(lp327
(I91
I1
tp328
asVexperience
p329
(lp330
(I15
I2
tp331
a(I75
I2
tp332
a(I8
I2
tp333
a(I91
I1
tp334
asVpublished
p335
(lp336
(I91
I1
tp337
asVtrial
p338
(lp339
(I91
I1
tp340
asVproducts
p341
(lp342
(I24
I1
tp343
asVpick
p344
(lp345
(I36
I1
tp346
asVaction
p347
(lp348
(I47
I1
tp349
asVyoutuber
p350
(lp351
(I24
I1
tp352
asVstudies
p353
(lp354
(I91
I2
tp355
asVhonor
p356
(lp357
(I24
I1
tp358
asVbodes
p359
(lp360
(I91
I1
tp361
asVyork
p362
(lp363
(I91
I2
tp364
asVit\u2019s
p365
(lp366
(I36
I15
tp367
asVuseful
p368
(lp369
(I36
I3
tp370
asVapple
p371
(lp372
(I36
I5
tp373
a(I47
I1
tp374
asVthankfully
p375
(lp376
(I36
I1
tp377
asVextra
p378
(lp379
(I36
I1
tp380
a(I47
I1
tp381
asVrequiring
p382
(lp383
(I36
I1
tp384
asVapp
p385
(lp386
(I36
I7
tp387
asVprefer
p388
(lp389
(I36
I1
tp390
asVcompare
p391
(lp392
(I36
I2
tp393
asVincreased
p394
(lp395
(I91
I1
tp396
asVstrap
p397
(lp398
(I36
I3
tp399
asVscreens
p400
(lp401
(I36
I1
tp402
asVvisible
p403
(lp404
(I36
I1
tp405
asVverge
p406
(lp407
(I102
I50
tp408
a(I15
I51
tp409
a(I24
I50
tp410
a(I33
I50
tp411
a(I36
I50
tp412
a(I47
I50
tp413
a(I75
I51
tp414
a(I8
I51
tp415
a(I91
I50
tp416
asVannouncing
p417
(lp418
(I47
I1
tp419
asVglance
p420
(lp421
(I36
I1
tp422
a(I47
I1
tp423
asVselect
p424
(lp425
(I36
I1
tp426
asVuse
p427
(lp428
(I47
I1
tp429
asVusb
p430
(lp431
(I36
I5
tp432
asVworking
p433
(lp434
(I24
I1
tp435
asVremains
p436
(lp437
(I102
I1
tp438
a(I24
I1
tp439
asV11-inch
p440
(lp441
(I47
I1
tp442
asVtwo
p443
(lp444
(I102
I1
tp445
a(I36
I5
tp446
a(I91
I1
tp447
asVtauri
p448
(lp449
(I75
I51
tp450
asVcamera
p451
(lp452
(I24
I2
tp453
a(I36
I1
tp454
asVmusic
p455
(lp456
(I36
I1
tp457
asVi\u2019ll
p458
(lp459
(I36
I1
tp460
asVmemory
p461
(lp462
(I24
I2
tp463
asVmarkets
p464
(lp465
(I102
I1
tp466
asVterminally
p467
(lp468
(I91
I1
tp469
asVmystical
p470
(lp471
(I91
I1
tp472
asVflat
p473
(lp474
(I36
I2
tp475
asV``
p476
(lp477
(I102
I1
tp478
a(I91
I6
tp479
asVsharing
p480
(lp481
(I15
I1
tp482
a(I75
I1
tp483
a(I8
I1
tp484
asVteased
p485
(lp486
(I33
I50
tp487
asVsessions
p488
(lp489
(I91
I1
tp490
asVcompany
p491
(lp492
(I102
I1
tp493
a(I33
I2
tp494
a(I47
I1
tp495
asVcorrected
p496
(lp497
(I24
I1
tp498
asVphone
p499
(lp500
(I36
I1
tp501
asVtrain
p502
(lp503
(I15
I50
tp504
asVstick
p505
(lp506
(I24
I1
tp507
asVbroke
p508
(lp509
(I91
I1
tp510
asVparticular
p511
(lp512
(I33
I1
tp513
asVaddress
p514
(lp515
(I91
I1
tp516
asVchiclet
p517
(lp518
(I47
I1
tp519
asVmust
p520
(lp521
(I24
I1
tp522
asVfly
p523
(lp524
(I24
I1
tp525
asVaccount
p526
(lp527
(I15
I4
tp528
a(I75
I4
tp529
a(I8
I4
tp530
asVtouchscreens
p531
(lp532
(I102
I1
tp533
asVroom
p534
(lp535
(I24
I1
tp536
a(I36
I2
tp537
a(I47
I1
tp538
asVaugment
p539
(lp540
(I36
I1
tp541
asVtrackers
p542
(lp543
(I36
I6
tp544
asVcar
p545
(lp546
(I33
I1
tp547
asVtease
p548
(lp549
(I33
I1
tp550
asVskydivers
p551
(lp552
(I24
I1
tp553
asVworn
p554
(lp555
(I36
I1
tp556
asVhuge
p557
(lp558
(I36
I1
tp559
asVpressing
p560
(lp561
(I36
I1
tp562
asVthree
p563
(lp564
(I36
I1
tp565
asVlearn
p566
(lp567
(I15
I1
tp568
a(I75
I1
tp569
a(I8
I1
tp570
asVfollowing
p571
(lp572
(I33
I1
tp573
asVmaking
p574
(lp575
(I24
I1
tp576
a(I36
I3
tp577
a(I47
I1
tp578
asVmonitoring
p579
(lp580
(I36
I1
tp581
asV16gb
p582
(lp583
(I102
I1
tp584
asVproof
p585
(lp586
(I33
I1
tp587
asVcontrol
p588
(lp589
(I36
I1
tp590
asVheart
p591
(lp592
(I36
I2
tp593
asVdedicated
p594
(lp595
(I15
I1
tp596
a(I75
I1
tp597
a(I8
I1
tp598
asVproprietary
p599
(lp600
(I36
I1
tp601
asVwant
p602
(lp603
(I36
I2
tp604
a(I91
I2
tp605
asVestate
p606
(lp607
(I47
I1
tp608
asVgive
p609
(lp610
(I36
I2
tp611
asVmessages
p612
(lp613
(I36
I1
tp614
asVchip
p615
(lp616
(I36
I1
tp617
asVnewsletters
p618
(lp619
(I15
I1
tp620
a(I75
I1
tp621
a(I8
I1
tp622
asVshare
p623
(lp624
(I102
I3
tp625
a(I15
I1
tp626
a(I24
I3
tp627
a(I33
I3
tp628
a(I36
I3
tp629
a(I47
I3
tp630
a(I75
I1
tp631
a(I8
I1
tp632
a(I91
I3
tp633
asVthere\u2019s
p634
(lp635
(I36
I8
tp636
asVaccept
p637
(lp638
(I36
I1
tp639
asV4:23pm
p640
(lp641
(I33
I1
tp642
asV10,000
p643
(lp644
(I24
I52
tp645
asVminimum
p646
(lp647
(I102
I1
tp648
asVposing
p649
(lp650
(I36
I2
tp651
asVdropped
p652
(lp653
(I24
I53
tp654
asVörstadius
p655
(lp656
(I24
I1
tp657
asVsense
p658
(lp659
(I102
I1
tp660
asVcounting
p661
(lp662
(I36
I1
tp663
asVself-driving
p664
(lp665
(I33
I1
tp666
asV!
p667
(lp668
(I15
I1
tp669
a(I75
I1
tp670
a(I8
I1
tp671
asVinformation
p672
(lp673
(I15
I1
tp674
a(I75
I1
tp675
a(I8
I1
tp676
asVneeds
p677
(lp678
(I102
I1
tp679
asVsits
p680
(lp681
(I47
I1
tp682
asV3:40pm
p683
(lp684
(I102
I1
tp685
asVprovide
p686
(lp687
(I15
I2
tp688
a(I75
I2
tp689
a(I8
I2
tp690
asVchops
p691
(lp692
(I36
I1
tp693
asVacts
p694
(lp695
(I36
I1
tp696
asVmachine
p697
(lp698
(I102
I1
tp699
asVforest
p700
(lp701
(I24
I1
tp702
asVpure
p703
(lp704
(I91
I1
tp705
asVinstead
p706
(lp707
(I15
I4
tp708
a(I36
I2
tp709
a(I75
I4
tp710
a(I8
I4
tp711
asVopine
p712
(lp713
(I47
I1
tp714
asVcharging
p715
(lp716
(I36
I3
tp717
asVevoke
p718
(lp719
(I91
I1
tp720
asVfare
p721
(lp722
(I36
I1
tp723
asVft
p724
(lp725
(I24
I2
tp726
asVtried
p727
(lp728
(I36
I1
tp729
asVchromebase
p730
(lp731
(I102
I54
tp732
asVmay
p733
(lp734
(I36
I1
tp735
asVoverall
p736
(lp737
(I15
I1
tp738
a(I75
I1
tp739
a(I8
I1
tp740
asVlag
p741
(lp742
(I36
I1
tp743
asVdifferent
p744
(lp745
(I36
I1
tp746
asVlab
p747
(lp748
(I91
I1
tp749
asVlaptops
p750
(lp751
(I47
I1
tp752
asVmac
p753
(lp754
(I102
I1
tp755
asVwrist
p756
(lp757
(I36
I4
tp758
asVdesigned
p759
(lp760
(I102
I1
tp761
asVcoming
p762
(lp763
(I102
I1
tp764
a(I47
I1
tp765
asVfits
p766
(lp767
(I102
I1
tp768
asVend
p769
(lp770
(I36
I1
tp771
asVforemost
p772
(lp773
(I47
I1
tp774
asVdata
p775
(lp776
(I15
I2
tp777
a(I36
I2
tp778
a(I75
I2
tp779
a(I8
I2
tp780
asVpsychedelic
p781
(lp782
(I91
I4
tp783
asVlas
p784
(lp785
(I47
I1
tp786
asVsemisynthetic
p787
(lp788
(I91
I1
tp789
asVattempt
p790
(lp791
(I36
I1
tp792
asVremember
p793
(lp794
(I24
I1
tp795
asVdeluge
p796
(lp797
(I36
I1
tp798
asVlight
p799
(lp800
(I36
I1
tp801
a(I47
I1
tp802
asVdragon
p803
(lp804
(I15
I50
tp805
asVrather
p806
(lp807
(I36
I1
tp808
asVnascent
p809
(lp810
(I36
I1
tp811
asVautomatically
p812
(lp813
(I36
I1
tp814
asVallow
p815
(lp816
(I91
I1
tp817
asVnvidia
p818
(lp819
(I102
I1
tp820
asVft.
p821
(lp822
(I24
I1
tp823
asVmake
p824
(lp825
(I102
I2
tp826
a(I36
I1
tp827
a(I47
I2
tp828
a(I91
I1
tp829
asVgesture
p830
(lp831
(I36
I1
tp832
asVapple\u2019s
p833
(lp834
(I36
I2
tp835
asVlsd
p836
(lp837
(I91
I55
tp838
asVfeedback
p839
(lp840
(I36
I1
tp841
asVhierarchy
p842
(lp843
(I36
I1
tp844
asVindeed
p845
(lp846
(I91
I1
tp847
asVcompeting
p848
(lp849
(I47
I2
tp850
asVfour-decade-long
p851
(lp852
(I91
I1
tp853
asVsoon
p854
(lp855
(I102
I1
tp856
a(I36
I1
tp857
asV13-
p858
(lp859
(I47
I1
tp860
asVyears
p861
(lp862
(I102
I1
tp863
a(I91
I50
tp864
asVended
p865
(lp866
(I33
I1
tp867
a(I91
I1
tp868
asVreluctant
p869
(lp870
(I91
I1
tp871
asVincluding
p872
(lp873
(I102
I1
tp874
asVlooks
p875
(lp876
(I24
I51
tp877
a(I36
I2
tp878
a(I47
I1
tp879
asVgoogle+
p880
(lp881
(I36
I1
tp882
asVresponsive
p883
(lp884
(I47
I1
tp885
asVslimmer
p886
(lp887
(I36
I1
tp888
asVstill
p889
(lp890
(I24
I1
tp891
a(I33
I1
tp892
a(I36
I1
tp893
a(I47
I1
tp894
asVlg
p895
(lp896
(I102
I1
tp897
a(I33
I54
tp898
asV20
p899
(lp900
(I91
I1
tp901
asVtouch-friendly
p902
(lp903
(I102
I1
tp904
asVfit
p905
(lp906
(I36
I1
tp907
asVpersonal
p908
(lp909
(I36
I1
tp910
asVmultidisciplinary
p911
(lp912
(I91
I1
tp913
asV,
p914
(lp915
(I102
I13
tp916
a(I15
I9
tp917
a(I24
I14
tp918
a(I33
I11
tp919
a(I36
I95
tp920
a(I47
I14
tp921
a(I75
I10
tp922
a(I8
I9
tp923
a(I91
I16
tp924
asVactually
p925
(lp926
(I33
I1
tp927
a(I36
I2
tp928
a(I47
I1
tp929
a(I91
I1
tp930
asVlate
p931
(lp932
(I102
I1
tp933
asVonetouch
p934
(lp935
(I36
I67
tp936
asVwilling
p937
(lp938
(I36
I1
tp939
asVchoose
p940
(lp941
(I15
I1
tp942
a(I36
I1
tp943
a(I75
I1
tp944
a(I8
I1
tp945
asVsymptoms
p946
(lp947
(I91
I1
tp948
asVpolicy
p949
(lp950
(I15
I1
tp951
a(I75
I1
tp952
a(I8
I1
tp953
asV2014
p954
(lp955
(I75
I1
tp956
asV2016
p957
(lp958
(I8
I50
tp959
asVdecades
p960
(lp961
(I24
I1
tp962
a(I91
I1
tp963
asVpixel
p964
(lp965
(I36
I1
tp966
asV2013
p967
(lp968
(I102
I1
tp969
asVdad
p970
(lp971
(I24
I1
tp972
asVcount
p973
(lp974
(I36
I1
tp975
asVdesigns
p976
(lp977
(I36
I1
tp978
asVsomeone
p979
(lp980
(I36
I2
tp981
asVcombination
p982
(lp983
(I91
I1
tp984
asVtoshiba
p985
(lp986
(I47
I1
tp987
asVbreak
p988
(lp989
(I91
I2
tp990
asVband
p991
(lp992
(I36
I3
tp993
asVces
p994
(lp995
(I33
I52
tp996
a(I47
I2
tp997
asVeffects
p998
(lp999
(I91
I1
tp1000
asVhands
p1001
(lp1002
(I47
I1
tp1003
asVkristianstad
p1004
(lp1005
(I24
I1
tp1006
asVtraveled
p1007
(lp1008
(I36
I1
tp1009
asVday
p1010
(lp1011
(I33
I1
tp1012
a(I36
I2
tp1013
asVall-in-one
p1014
(lp1015
(I102
I52
tp1016
asVgopros
p1017
(lp1018
(I24
I1
tp1019
asVfebruary
p1020
(lp1021
(I47
I1
tp1022
asVnfc
p1023
(lp1024
(I36
I1
tp1025
asVjanuary
p1026
(lp1027
(I33
I1
tp1028
asVdrop
p1029
(lp1030
(I24
I1
tp1031
asVdetroit
p1032
(lp1033
(I8
I50
tp1034
asVweather
p1035
(lp1036
(I36
I1
tp1037
asVmode
p1038
(lp1039
(I102
I1
tp1040
asVfitness
p1041
(lp1042
(I36
I20
tp1043
asVfound
p1044
(lp1045
(I102
I2
tp1046
a(I24
I2
tp1047
a(I36
I1
tp1048
a(I47
I2
tp1049
asVside
p1050
(lp1051
(I36
I1
tp1052
a(I91
I1
tp1053
asVexperienced
p1054
(lp1055
(I91
I2
tp1056
asVdownside
p1057
(lp1058
(I36
I1
tp1059
asVafforded
p1060
(lp1061
(I47
I1
tp1062
asVmental
p1063
(lp1064
(I91
I1
tp1065
asVbursting
p1066
(lp1067
(I24
I1
tp1068
asVseries
p1069
(lp1070
(I15
I50
tp1071
asVhard
p1072
(lp1073
(I36
I1
tp1074
asVgroup
p1075
(lp1076
(I91
I1
tp1077
asV88
p1078
(lp1079
(I75
I51
tp1080
asVskydiver
p1081
(lp1082
(I24
I1
tp1083
asVyear
p1084
(lp1085
(I102
I1
tp1086
a(I91
I1
tp1087
asV21.5-inch
p1088
(lp1089
(I102
I1
tp1090
asVet
p1091
(lp1092
(I102
I1
tp1093
a(I33
I2
tp1094
asVbeyond
p1095
(lp1096
(I102
I1
tp1097
asVsounds
p1098
(lp1099
(I102
I1
tp1100
asVreally
p1101
(lp1102
(I102
I1
tp1103
a(I36
I1
tp1104
a(I47
I1
tp1105
asVcategory
p1106
(lp1107
(I36
I2
tp1108
asVliving
p1109
(lp1110
(I24
I1
tp1111
asVnetwork
p1112
(lp1113
(I24
I1
tp1114
asV3rd
p1115
(lp1116
(I15
I4
tp1117
a(I75
I4
tp1118
a(I8
I4
tp1119
asVfactors
p1120
(lp1121
(I102
I2
tp1122
asVever-expanding
p1123
(lp1124
(I33
I1
tp1125
asVresearch
p1126
(lp1127
(I91
I2
tp1128
asVlooking
p1129
(lp1130
(I36
I1
tp1131
asVencourage
p1132
(lp1133
(I36
I1
tp1134
asVsafety
p1135
(lp1136
(I91
I1
tp1137
asVhealth
p1138
(lp1139
(I36
I1
tp1140
asVhangouts
p1141
(lp1142
(I36
I1
tp1143
asVgot
p1144
(lp1145
(I33
I1
tp1146
a(I47
I2
tp1147
asVsupports
p1148
(lp1149
(I36
I1
tp1150
asV1360x768
p1151
(lp1152
(I47
I1
tp1153
asVannounced
p1154
(lp1155
(I102
I2
tp1156
a(I91
I1
tp1157
asVfoundation
p1158
(lp1159
(I91
I1
tp1160
asVthird-party
p1161
(lp1162
(I36
I2
tp1163
asVupon
p1164
(lp1165
(I36
I1
tp1166
asVtreatments
p1167
(lp1168
(I91
I1
tp1169
asVsmall
p1170
(lp1171
(I91
I1
tp1172
asVwear-powered
p1173
(lp1174
(I36
I1
tp1175
asVadvantages
p1176
(lp1177
(I36
I1
tp1178
asV240
p1179
(lp1180
(I36
I1
tp1181
asVemblematic
p1182
(lp1183
(I36
I1
tp1184
asVask
p1185
(lp1186
(I15
I1
tp1187
a(I75
I1
tp1188
a(I8
I1
tp1189
asVhand
p1190
(lp1191
(I36
I1
tp1192
a(I47
I1
tp1193
asV249
p1194
(lp1195
(I47
I2
tp1196
asVcard
p1197
(lp1198
(I24
I2
tp1199
asVfull-featured
p1200
(lp1201
(I47
I1
tp1202
asVthinks
p1203
(lp1204
(I91
I1
tp1205
asVshelves
p1206
(lp1207
(I36
I1
tp1208
asVrecharge
p1209
(lp1210
(I36
I1
tp1211
asVadapters
p1212
(lp1213
(I36
I2
tp1214
asVcould
p1215
(lp1216
(I33
I2
tp1217
a(I36
I1
tp1218
asVsimilarly
p1219
(lp1220
(I36
I1
tp1221
a(I47
I1
tp1222
asVprogramming
p1223
(lp1224
(I24
I1
tp1225
asVdays
p1226
(lp1227
(I36
I1
tp1228
asVtimes
p1229
(lp1230
(I24
I1
tp1231
a(I91
I2
tp1232
asVchevy
p1233
(lp1234
(I8
I50
tp1235
asVplace
p1236
(lp1237
(I91
I1
tp1238
asVswiping
p1239
(lp1240
(I36
I1
tp1241
asVfacilitate
p1242
(lp1243
(I91
I1
tp1244
asVthink
p1245
(lp1246
(I36
I1
tp1247
asVfirst
p1248
(lp1249
(I102
I1
tp1250
a(I36
I1
tp1251
a(I47
I51
tp1252
a(I91
I50
tp1253
asVtrackpad
p1254
(lp1255
(I47
I1
tp1256
asVmajor
p1257
(lp1258
(I91
I1
tp1259
asVfeatures
p1260
(lp1261
(I36
I5
tp1262
asVchromebooks
p1263
(lp1264
(I102
I1
tp1265
a(I47
I5
tp1266
asVfeel
p1267
(lp1268
(I47
I3
tp1269
asVquestion
p1270
(lp1271
(I102
I1
tp1272
a(I33
I1
tp1273
asVnumber
p1274
(lp1275
(I36
I1
tp1276
a(I91
I1
tp1277
asVone
p1278
(lp1279
(I102
I2
tp1280
a(I36
I4
tp1281
a(I47
I4
tp1282
a(I91
I1
tp1283
asVfeet
p1284
(lp1285
(I24
I51
tp1286
asVclumsy
p1287
(lp1288
(I36
I3
tp1289
asVsmaller
p1290
(lp1291
(I47
I1
tp1292
asVdone
p1293
(lp1294
(I15
I1
tp1295
a(I75
I1
tp1296
a(I8
I1
tp1297
asVdisappearing
p1298
(lp1299
(I24
I1
tp1300
asVanother
p1301
(lp1302
(I15
I2
tp1303
a(I33
I1
tp1304
a(I36
I1
tp1305
a(I75
I2
tp1306
a(I8
I2
tp1307
asVcarry
p1308
(lp1309
(I47
I1
tp1310
asVmessage
p1311
(lp1312
(I24
I1
tp1313
asVremotely
p1314
(lp1315
(I36
I1
tp1316
asVopen
p1317
(lp1318
(I36
I1
tp1319
asVoutfits
p1320
(lp1321
(I36
I1
tp1322
asVanyone
p1323
(lp1324
(I33
I1
tp1325
asVlong
p1326
(lp1327
(I36
I1
tp1328
a(I47
I1
tp1329
asVi\u2019m
p1330
(lp1331
(I36
I2
tp1332
asVservice
p1333
(lp1334
(I36
I1
tp1335
asVprivacy
p1336
(lp1337
(I15
I1
tp1338
a(I75
I1
tp1339
a(I8
I1
tp1340
asVcaught
p1341
(lp1342
(I102
I1
tp1343
asVsystem
p1344
(lp1345
(I36
I3
tp1346
asVleast
p1347
(lp1348
(I36
I2
tp1349
a(I47
I1
tp1350
asVplastic
p1351
(lp1352
(I24
I1
tp1353
a(I47
I2
tp1354
asVtraction
p1355
(lp1356
(I102
I1
tp1357
asVneeded
p1358
(lp1359
(I36
I1
tp1360
asVconfirming
p1361
(lp1362
(I15
I1
tp1363
a(I75
I1
tp1364
a(I8
I1
tp1365
asV2
p1366
(lp1367
(I47
I2
tp1368
asVcompromise
p1369
(lp1370
(I36
I1
tp1371
asVstatement
p1372
(lp1373
(I36
I1
tp1374
asVwildly
p1375
(lp1376
(I36
I1
tp1377
asVwhite
p1378
(lp1379
(I36
I1
tp1380
asVstore
p1381
(lp1382
(I15
I1
tp1383
a(I75
I1
tp1384
a(I8
I1
tp1385
asVselling
p1386
(lp1387
(I47
I1
tp1388
asVway
p1389
(lp1390
(I24
I2
tp1391
a(I36
I1
tp1392
asVshorts
p1393
(lp1394
(I24
I1
tp1395
asVexactly
p1396
(lp1397
(I102
I2
tp1398
a(I33
I1
tp1399
asVtook
p1400
(lp1401
(I91
I2
tp1402
asVviewing
p1403
(lp1404
(I36
I1
tp1405
asVpixels
p1406
(lp1407
(I36
I1
tp1408
asVpart
p1409
(lp1410
(I36
I1
tp1411
a(I91
I2
tp1412
asVdecember
p1413
(lp1414
(I75
I1
tp1415
asVdistance
p1416
(lp1417
(I36
I1
tp1418
asVkind
p1419
(lp1420
(I36
I1
tp1421
asV100gb
p1422
(lp1423
(I102
I1
tp1424
asV15
p1425
(lp1426
(I47
I54
tp1427
asVunfortunately
p1428
(lp1429
(I33
I2
tp1430
asVrequire
p1431
(lp1432
(I36
I1
tp1433
asVrecording
p1434
(lp1435
(I24
I1
tp1436
asVappealing
p1437
(lp1438
(I36
I1
tp1439
asVfuture
p1440
(lp1441
(I36
I2
tp1442
asVnervous
p1443
(lp1444
(I91
I1
tp1445
asVoutdoors
p1446
(lp1447
(I36
I1
tp1448
asVtoward
p1449
(lp1450
(I36
I1
tp1451
asVlaunches
p1452
(lp1453
(I36
I1
tp1454
asValso-ran
p1455
(lp1456
(I36
I1
tp1457
asVfashion
p1458
(lp1459
(I36
I1
tp1460
asVtakes
p1461
(lp1462
(I47
I1
tp1463
asVnicer
p1464
(lp1465
(I36
I1
tp1466
asVtherapeutically
p1467
(lp1468
(I91
I1
tp1469
asVran
p1470
(lp1471
(I33
I1
tp1472
asVno-nonsense
p1473
(lp1474
(I36
I1
tp1475
asVcorrection
p1476
(lp1477
(I24
I1
tp1478
asVram
p1479
(lp1480
(I102
I2
tp1481
asVmind
p1482
(lp1483
(I102
I1
tp1484
asVcustomized
p1485
(lp1486
(I33
I1
tp1487
asVsay
p1488
(lp1489
(I36
I1
tp1490
asVcomfortably
p1491
(lp1492
(I47
I2
tp1493
asVneed
p1494
(lp1495
(I36
I1
tp1496
asVseen
p1497
(lp1498
(I33
I2
tp1499
asVtells
p1500
(lp1501
(I36
I1
tp1502
asVconfigure
p1503
(lp1504
(I36
I1
tp1505
asVsell
p1506
(lp1507
(I102
I1
tp1508
asVspeakers
p1509
(lp1510
(I47
I1
tp1511
asVgeneric
p1512
(lp1513
(I36
I1
tp1514
asVform
p1515
(lp1516
(I102
I2
tp1517
asVconvenient
p1518
(lp1519
(I36
I2
tp1520
asVtrapped
p1521
(lp1522
(I36
I1
tp1523
asV-
p1524
(lp1525
(I24
I1
tp1526
asVaside
p1527
(lp1528
(I36
I1
tp1529
asVarm
p1530
(lp1531
(I36
I2
tp1532
asValso
p1533
(lp1534
(I15
I1
tp1535
a(I36
I5
tp1536
a(I75
I1
tp1537
a(I8
I1
tp1538
asVk1
p1539
(lp1540
(I102
I1
tp1541
asVtake
p1542
(lp1543
(I102
I1
tp1544
a(I33
I1
tp1545
a(I36
I2
tp1546
asVfinding
p1547
(lp1548
(I102
I1
tp1549
asVeffectiveness
p1550
(lp1551
(I91
I1
tp1552
asVbecoming
p1553
(lp1554
(I15
I1
tp1555
a(I75
I1
tp1556
a(I8
I1
tp1557
asVulrich
p1558
(lp1559
(I33
I1
tp1560
asV200
p1561
(lp1562
(I91
I1
tp1563
asVbegin
p1564
(lp1565
(I24
I1
tp1566
asVadded
p1567
(lp1568
(I102
I1
tp1569
a(I36
I1
tp1570
asVunless
p1571
(lp1572
(I36
I1
tp1573
asV204
p1574
(lp1575
(I36
I1
tp1576
asVtrack
p1577
(lp1578
(I33
I1
tp1579
a(I36
I2
tp1580
asVprice
p1581
(lp1582
(I36
I2
tp1583
a(I47
I1
tp1584
asVfondly
p1585
(lp1586
(I47
I1
tp1587
asVdoblin
p1588
(lp1589
(I91
I2
tp1590
asVsignificant
p1591
(lp1592
(I91
I1
tp1593
asVdevice
p1594
(lp1595
(I33
I1
tp1596
a(I36
I5
tp1597
asVcolliding
p1598
(lp1599
(I24
I1
tp1600
asVmettle
p1601
(lp1602
(I24
I1
tp1603
asVappear
p1604
(lp1605
(I47
I1
tp1606
asVdemand
p1607
(lp1608
(I36
I1
tp1609
asVespecially
p1610
(lp1611
(I36
I2
tp1612
asVnotifications
p1613
(lp1614
(I36
I8
tp1615
asVwindows
p1616
(lp1617
(I102
I1
tp1618
asVcamp
p1619
(lp1620
(I36
I1
tp1621
asVanalog
p1622
(lp1623
(I36
I1
tp1624
asVdrive
p1625
(lp1626
(I102
I1
tp1627
asVorder
p1628
(lp1629
(I15
I1
tp1630
a(I75
I1
tp1631
a(I8
I1
tp1632
asVtraditional
p1633
(lp1634
(I36
I3
tp1635
asVcompetitors
p1636
(lp1637
(I47
I1
tp1638
asVcramped
p1639
(lp1640
(I47
I1
tp1641
asVtalk
p1642
(lp1643
(I91
I1
tp1644
asVclearing
p1645
(lp1646
(I36
I1
tp1647
asVasus
p1648
(lp1649
(I102
I1
tp1650
asVbuilt
p1651
(lp1652
(I47
I1
tp1653
asV30,000
p1654
(lp1655
(I24
I1
tp1656
asVtypically
p1657
(lp1658
(I102
I1
tp1659
asVfact
p1660
(lp1661
(I102
I1
tp1662
a(I91
I1
tp1663
asVwell-rounded
p1664
(lp1665
(I47
I1
tp1666
asValcatel\u2019s
p1667
(lp1668
(I36
I4
tp1669
asVplease
p1670
(lp1671
(I15
I4
tp1672
a(I24
I1
tp1673
a(I75
I4
tp1674
a(I8
I4
tp1675
asVable
p1676
(lp1677
(I36
I1
tp1678
asVcheap
p1679
(lp1680
(I36
I1
tp1681
a(I47
I1
tp1682
asVanyway
p1683
(lp1684
(I24
I1
tp1685
asVconverge
p1686
(lp1687
(I36
I1
tp1688
asVbring
p1689
(lp1690
(I33
I1
tp1691
a(I91
I1
tp1692
asVcolors
p1693
(lp1694
(I24
I2
tp1695
a(I36
I2
tp1696
asVearth
p1697
(lp1698
(I47
I50
tp1699
asVaggressive
p1700
(lp1701
(I47
I1
tp1702
asVdoesn\u2019t
p1703
(lp1704
(I36
I6
tp1705
asVfine
p1706
(lp1707
(I36
I1
tp1708
asVfind
p1709
(lp1710
(I24
I1
tp1711
a(I33
I2
tp1712
asVchromebook
p1713
(lp1714
(I102
I1
tp1715
a(I47
I109
tp1716
asVpartners
p1717
(lp1718
(I15
I1
tp1719
a(I75
I1
tp1720
a(I8
I1
tp1721
asVgiant
p1722
(lp1723
(I102
I1
tp1724
asVq2
p1725
(lp1726
(I102
I1
tp1727
asVheadline
p1728
(lp1729
(I24
I1
tp1730
asV(
p1731
(lp1732
(I24
I1
tp1733
a(I36
I5
tp1734
a(I47
I1
tp1735
asVleanings
p1736
(lp1737
(I36
I1
tp1738
asVenough
p1739
(lp1740
(I36
I2
tp1741
a(I47
I1
tp1742
asVcross-platform
p1743
(lp1744
(I36
I1
tp1745
asVversion
p1746
(lp1747
(I33
I1
tp1748
a(I47
I1
tp1749
asVblack
p1750
(lp1751
(I36
I1
tp1752
a(I47
I3
tp1753
asVrick
p1754
(lp1755
(I91
I1
tp1756
asVpretty
p1757
(lp1758
(I36
I2
tp1759
asVequipped
p1760
(lp1761
(I36
I1
tp1762
asVvarious
p1763
(lp1764
(I36
I1
tp1765
asVcircle
p1766
(lp1767
(I36
I1
tp1768
asVaccurate
p1769
(lp1770
(I36
I3
tp1771
asVisn\u2019t
p1772
(lp1773
(I36
I4
tp1774
asVinfo
p1775
(lp1776
(I102
I1
tp1777
a(I33
I1
tp1778
asVtouchscreen
p1779
(lp1780
(I102
I52
tp1781
a(I36
I1
tp1782
asVget
p1783
(lp1784
(I33
I2
tp1785
a(I36
I6
tp1786
asVscientists
p1787
(lp1788
(I91
I1
tp1789
asVwatch
p1790
(lp1791
(I33
I55
tp1792
a(I36
I88
tp1793
asVcheaper
p1794
(lp1795
(I36
I2
tp1796
a(I47
I2
tp1797
asVanxiety
p1798
(lp1799
(I91
I3
tp1800
asVvaluable
p1801
(lp1802
(I91
I1
tp1803
asVlighter
p1804
(lp1805
(I47
I1
tp1806
asVcompass
p1807
(lp1808
(I36
I1
tp1809
asV'
p1810
(lp1811
(I47
I2
tp1812
a(I75
I51
tp1813
a(I91
I1
tp1814
asVtrade
p1815
(lp1816
(I24
I1
tp1817
asVaren\u2019t
p1818
(lp1819
(I36
I1
tp1820
asVruns
p1821
(lp1822
(I33
I1
tp1823
a(I36
I1
tp1824
asVappeal
p1825
(lp1826
(I36
I2
tp1827
asVcourse
p1828
(lp1829
(I91
I1
tp1830
asVnickelodeon
p1831
(lp1832
(I24
I1
tp1833
asVcommon
p1834
(lp1835
(I36
I1
tp1836
asVactivity
p1837
(lp1838
(I36
I3
tp1839
asVban
p1840
(lp1841
(I91
I1
tp1842
asVx
p1843
(lp1844
(I36
I1
tp1845
asVfixed
p1846
(lp1847
(I36
I2
tp1848
asVautomatic
p1849
(lp1850
(I36
I1
tp1851
asVview
p1852
(lp1853
(I24
I2
tp1854
a(I36
I1
tp1855
asVconsciously
p1856
(lp1857
(I36
I1
tp1858
asVbuzzes
p1859
(lp1860
(I36
I1
tp1861
asVset
p1862
(lp1863
(I36
I2
tp1864
asVart
p1865
(lp1866
(I24
I54
tp1867
asV10-hour-long
p1868
(lp1869
(I91
I1
tp1870
asVkeyboard
p1871
(lp1872
(I47
I2
tp1873
asVyou\u2019re
p1874
(lp1875
(I36
I3
tp1876
asVsee
p1877
(lp1878
(I33
I1
tp1879
a(I36
I6
tp1880
a(I47
I1
tp1881
asVactively
p1882
(lp1883
(I36
I1
tp1884
asVdevices
p1885
(lp1886
(I102
I1
tp1887
a(I36
I5
tp1888
asVdiscussions
p1889
(lp1890
(I91
I1
tp1891
asVpebble
p1892
(lp1893
(I36
I1
tp1894
asVsport
p1895
(lp1896
(I36
I1
tp1897
asVmycologist
p1898
(lp1899
(I24
I1
tp1900
asVoutward
p1901
(lp1902
(I24
I1
tp1903
asVbest
p1904
(lp1905
(I15
I1
tp1906
a(I36
I3
tp1907
a(I47
I1
tp1908
a(I75
I1
tp1909
a(I8
I1
tp1910
asVgmail
p1911
(lp1912
(I36
I1
tp1913
asVcloser
p1914
(lp1915
(I33
I1
tp1916
asV15-inch
p1917
(lp1918
(I47
I1
tp1919
asVfails
p1920
(lp1921
(I36
I1
tp1922
asVsaid
p1923
(lp1924
(I24
I1
tp1925
asVways
p1926
(lp1927
(I47
I1
tp1928
asVpictures
p1929
(lp1930
(I36
I1
tp1931
a(I75
I51
tp1932
asVreview
p1933
(lp1934
(I36
I50
tp1935
asVrings
p1936
(lp1937
(I24
I1
tp1938
asVpatients
p1939
(lp1940
(I91
I6
tp1941
asVyet
p1942
(lp1943
(I102
I2
tp1944
a(I33
I2
tp1945
a(I36
I2
tp1946
a(I47
I1
tp1947
asVoutside
p1948
(lp1949
(I24
I1
tp1950
asVchromebox
p1951
(lp1952
(I102
I1
tp1953
asVprogress
p1954
(lp1955
(I36
I1
tp1956
asVemail
p1957
(lp1958
(I15
I4
tp1959
a(I36
I2
tp1960
a(I75
I4
tp1961
a(I8
I4
tp1962
asV360
p1963
(lp1964
(I36
I3
tp1965
asVwide
p1966
(lp1967
(I36
I1
tp1968
asVavailable
p1969
(lp1970
(I15
I1
tp1971
a(I36
I1
tp1972
a(I47
I1
tp1973
a(I75
I1
tp1974
a(I8
I1
tp1975
asVends
p1976
(lp1977
(I36
I1
tp1978
asVnever
p1979
(lp1980
(I24
I1
tp1981
asVterms
p1982
(lp1983
(I15
I1
tp1984
a(I75
I1
tp1985
a(I8
I1
tp1986
asVstatistically
p1987
(lp1988
(I91
I1
tp1989
asVwo
p1990
(lp1991
(I47
I1
tp1992
asVscreen
p1993
(lp1994
(I102
I1
tp1995
a(I36
I2
tp1996
a(I47
I1
tp1997
asVattention
p1998
(lp1999
(I36
I1
tp2000
asVhowever
p2001
(lp2002
(I102
I1
tp2003
a(I91
I1
tp2004
asV4gb
p2005
(lp2006
(I102
I1
tp2007
asVwear
p2008
(lp2009
(I33
I3
tp2010
a(I36
I6
tp2011
asVkey
p2012
(lp2013
(I36
I1
tp2014
asVinterface
p2015
(lp2016
(I36
I1
tp2017
asVthree-button
p2018
(lp2019
(I33
I1
tp2020
asVcome
p2021
(lp2022
(I36
I1
tp2023
asVrelying
p2024
(lp2025
(I36
I1
tp2026
asVmonitor
p2027
(lp2028
(I36
I1
tp2029
asVassociation
p2030
(lp2031
(I91
I1
tp2032
asVpiece
p2033
(lp2034
(I24
I1
tp2035
asVlast
p2036
(lp2037
(I24
I1
tp2038
asVsmartest
p2039
(lp2040
(I36
I1
tp2041
asVmany
p2042
(lp2043
(I36
I3
tp2044
a(I47
I1
tp2045
a(I91
I1
tp2046
asVill
p2047
(lp2048
(I91
I1
tp2049
asVdrug
p2050
(lp2051
(I91
I54
tp2052
asVtrips
p2053
(lp2054
(I91
I3
tp2055
asVparticipating
p2056
(lp2057
(I36
I1
tp2058
asVinformal
p2059
(lp2060
(I91
I1
tp2061
asVdisappointment
p2062
(lp2063
(I36
I1
tp2064
asVbuzz
p2065
(lp2066
(I36
I1
tp2067
asVlet
p2068
(lp2069
(I24
I2
tp2070
asVlogin
p2071
(lp2072
(I15
I6
tp2073
a(I75
I6
tp2074
a(I8
I6
tp2075
asVregarded
p2076
(lp2077
(I91
I1
tp2078
asVcomes
p2079
(lp2080
(I36
I4
tp2081
asVmesh-style
p2082
(lp2083
(I47
I1
tp2084
asVdistress
p2085
(lp2086
(I91
I2
tp2087
asVcancer
p2088
(lp2089
(I91
I2
tp2090
asVpoint
p2091
(lp2092
(I47
I1
tp2093
asVcolor
p2094
(lp2095
(I36
I4
tp2096
asVca
p2097
(lp2098
(I24
I1
tp2099
asVstuck
p2100
(lp2101
(I36
I1
tp2102
asVforgot
p2103
(lp2104
(I15
I4
tp2105
a(I75
I4
tp2106
a(I8
I4
tp2107
asVpop
p2108
(lp2109
(I36
I1
tp2110
asV9,800
p2111
(lp2112
(I24
I1
tp2113
asVinterchangeable
p2114
(lp2115
(I36
I1
tp2116
asVthroughout
p2117
(lp2118
(I36
I1
tp2119
asVexpensive
p2120
(lp2121
(I36
I1
tp2122
asVconference
p2123
(lp2124
(I33
I53
tp2125
asVbetter
p2126
(lp2127
(I15
I1
tp2128
a(I36
I2
tp2129
a(I75
I1
tp2130
a(I8
I1
tp2131
asVdescribed
p2132
(lp2133
(I91
I1
tp2134
asVasks
p2135
(lp2136
(I36
I1
tp2137
asVplatform
p2138
(lp2139
(I36
I4
tp2140
asVchrome
p2141
(lp2142
(I102
I6
tp2143
asVlets
p2144
(lp2145
(I36
I3
tp2146
asV.
p2147
(lp2148
(I102
I12
tp2149
a(I15
I11
tp2150
a(I24
I12
tp2151
a(I33
I11
tp2152
a(I36
I66
tp2153
a(I47
I14
tp2154
a(I75
I11
tp2155
a(I8
I11
tp2156
a(I91
I16
tp2157
asVhitting
p2158
(lp2159
(I36
I1
tp2160
asVgopro
p2161
(lp2162
(I24
I56
tp2163
asVmuch
p2164
(lp2165
(I102
I1
tp2166
a(I36
I2
tp2167
asVslowly
p2168
(lp2169
(I102
I1
tp2170
asVnavigate
p2171
(lp2172
(I36
I1
tp2173
a(I47
I2
tp2174
asVexpected
p2175
(lp2176
(I33
I1
tp2177
a(I36
I1
tp2178
asVflexible
p2179
(lp2180
(I36
I1
tp2181
asVcounterculture
p2182
(lp2183
(I91
I2
tp2184
asVtreatment
p2185
(lp2186
(I91
I1
tp2187
asVusername
p2188
(lp2189
(I15
I3
tp2190
a(I75
I3
tp2191
a(I8
I3
tp2192
asVcompromises
p2193
(lp2194
(I36
I1
tp2195
asValongside
p2196
(lp2197
(I102
I1
tp2198
asVefficacy
p2199
(lp2200
(I91
I1
tp2201
asVreceived
p2202
(lp2203
(I91
I3
tp2204
asVgoing
p2205
(lp2206
(I36
I1
tp2207
asVsmartwatch
p2208
(lp2209
(I33
I4
tp2210
a(I36
I17
tp2211
asVdrawer
p2212
(lp2213
(I36
I1
tp2214
asV2015
p2215
(lp2216
(I33
I1
tp2217
a(I47
I1
tp2218
asVcontroller
p2219
(lp2220
(I36
I1
tp2221
asVwake
p2222
(lp2223
(I36
I2
tp2224
asVangles
p2225
(lp2226
(I36
I1
tp2227
asVmini-esque
p2228
(lp2229
(I102
I1
tp2230
asVworked
p2231
(lp2232
(I24
I1
tp2233
asVcomfortable
p2234
(lp2235
(I36
I1
tp2236
a(I47
I1
tp2237
asVspin
p2238
(lp2239
(I24
I54
tp2240
asVcase
p2241
(lp2242
(I91
I1
tp2243
asVlook
p2244
(lp2245
(I33
I1
tp2246
a(I36
I3
tp2247
a(I47
I51
tp2248
asVunlike
p2249
(lp2250
(I102
I2
tp2251
a(I24
I1
tp2252
asVsolid
p2253
(lp2254
(I47
I1
tp2255
asVmight
p2256
(lp2257
(I36
I3
tp2258
asVreliable
p2259
(lp2260
(I36
I1
tp2261
asVactivité
p2262
(lp2263
(I36
I1
tp2264
asVtrick
p2265
(lp2266
(I102
I1
tp2267
asVsometime
p2268
(lp2269
(I102
I1
tp2270
asVdashboard
p2271
(lp2272
(I36
I1
tp2273
asVstopping
p2274
(lp2275
(I102
I1
tp2276
asVanimated
p2277
(lp2278
(I24
I1
tp2279
asVstudy
p2280
(lp2281
(I91
I4
tp2282
asVperiods
p2283
(lp2284
(I91
I1
tp2285
asVreal
p2286
(lp2287
(I47
I1
tp2288
asV30
p2289
(lp2290
(I91
I1
tp2291
asValmost
p2292
(lp2293
(I15
I1
tp2294
a(I75
I1
tp2295
a(I8
I1
tp2296
asVmoto
p2297
(lp2298
(I36
I3
tp2299
asVhardware
p2300
(lp2301
(I102
I2
tp2302
asVfitbit
p2303
(lp2304
(I36
I3
tp2305
asVgood
p2306
(lp2307
(I36
I2
tp2308
a(I47
I2
tp2309
asVmotorola\u2019s
p2310
(lp2311
(I36
I1
tp2312
asVdecent-looking
p2313
(lp2314
(I36
I1
tp2315
asVphone\u2019s
p2316
(lp2317
(I36
I1
tp2318
asVaudi
p2319
(lp2320
(I33
I55
tp2321
asV'lamborghini
p2322
(lp2323
(I75
I51
tp2324
asVconfirmed
p2325
(lp2326
(I33
I1
tp2327
asVannoying
p2328
(lp2329
(I36
I1
tp2330
asVproductivity
p2331
(lp2332
(I36
I1
tp2333
asVanymore
p2334
(lp2335
(I47
I1
tp2336
asV)
p2337
(lp2338
(I24
I1
tp2339
a(I36
I5
tp2340
a(I47
I1
tp2341
asVthings
p2342
(lp2343
(I36
I1
tp2344
a(I47
I1
tp2345
asVstickly
p2346
(lp2347
(I24
I1
tp2348
asVnausea-inducing
p2349
(lp2350
(I24
I51
tp2351
asVchecking
p2352
(lp2353
(I36
I1
tp2354
asVparts
p2355
(lp2356
(I36
I1
tp2357
asVsplit
p2358
(lp2359
(I36
I1
tp2360
asVdigging
p2361
(lp2362
(I33
I1
tp2363
asVparty
p2364
(lp2365
(I15
I4
tp2366
a(I75
I4
tp2367
a(I8
I4
tp2368
asVandroid
p2369
(lp2370
(I102
I1
tp2371
a(I33
I5
tp2372
a(I36
I8
tp2373
asV\u203a
p2374
(lp2375
(I47
I1
tp2376
asVsurvival
p2377
(lp2378
(I24
I1
tp2379
asVweek
p2380
(lp2381
(I36
I1
tp2382
asVused
p2383
(lp2384
(I102
I1
tp2385
a(I91
I52
tp2386
asVthat\u2019s
p2387
(lp2388
(I36
I5
tp2389
asVkeys
p2390
(lp2391
(I47
I2
tp2392
asVpremiere
p2393
(lp2394
(I15
I50
tp2395
asV149.99
p2396
(lp2397
(I36
I1
tp2398
asVfaces
p2399
(lp2400
(I36
I1
tp2401
asVios
p2402
(lp2403
(I36
I2
tp2404
asVyesterday
p2405
(lp2406
(I102
I1
tp2407
a(I47
I1
tp2408
a(I91
I1
tp2409
asVcompanion
p2410
(lp2411
(I36
I2
tp2412
asVdirector
p2413
(lp2414
(I91
I1
tp2415
asVrenaissance
p2416
(lp2417
(I91
I1
tp2418
asVrunning
p2419
(lp2420
(I33
I1
tp2421
asVlevels
p2422
(lp2423
(I91
I1
tp2424
asVmoving
p2425
(lp2426
(I36
I1
tp2427
asVuser
p2428
(lp2429
(I15
I2
tp2430
a(I75
I2
tp2431
a(I8
I2
tp2432
asVfierce
p2433
(lp2434
(I47
I1
tp2435
asVrumors
p2436
(lp2437
(I33
I1
tp2438
asVrecent
p2439
(lp2440
(I33
I1
tp2441
asVmentioning
p2442
(lp2443
(I33
I1
tp2444
asVlower
p2445
(lp2446
(I91
I1
tp2447
asVtracking
p2448
(lp2449
(I36
I8
tp2450
asVcenter
p2451
(lp2452
(I24
I1
tp2453
a(I36
I1
tp2454
asVkicked
p2455
(lp2456
(I47
I1
tp2457
asVcharges
p2458
(lp2459
(I36
I3
tp2460
asVpersuasive
p2461
(lp2462
(I47
I1
tp2463
asVwell
p2464
(lp2465
(I102
I1
tp2466
a(I24
I1
tp2467
a(I36
I3
tp2468
a(I47
I1
tp2469
a(I91
I1
tp2470
asVroughly
p2471
(lp2472
(I24
I1
tp2473
asVoptions
p2474
(lp2475
(I36
I2
tp2476
a(I47
I1
tp2477
asVfitbit\u2019s
p2478
(lp2479
(I36
I1
tp2480
asVwithout
p2481
(lp2482
(I33
I1
tp2483
a(I36
I1
tp2484
a(I47
I1
tp2485
asVswiss
p2486
(lp2487
(I91
I1
tp2488
asVtherapy
p2489
(lp2490
(I91
I51
tp2491
asVmodel
p2492
(lp2493
(I47
I1
tp2494
asVcamps
p2495
(lp2496
(I36
I2
tp2497
asVresearchers
p2498
(lp2499
(I91
I2
tp2500
asVlatest
p2501
(lp2502
(I36
I2
tp2503
a(I47
I1
tp2504
asVsummer
p2505
(lp2506
(I102
I50
tp2507
asV11:21
p2508
(lp2509
(I75
I1
tp2510
asVless
p2511
(lp2512
(I24
I1
tp2513
a(I36
I2
tp2514
asVclaiming
p2515
(lp2516
(I33
I1
tp2517
asVlaptop
p2518
(lp2519
(I102
I1
tp2520
a(I47
I3
tp2521
asVexecutive
p2522
(lp2523
(I91
I1
tp2524
asV$
p2525
(lp2526
(I36
I1
tp2527
a(I47
I2
tp2528
asVrest
p2529
(lp2530
(I102
I1
tp2531
asVdose
p2532
(lp2533
(I91
I3
tp2534
asV\u2014
p2535
(lp2536
(I102
I5
tp2537
a(I33
I1
tp2538
a(I36
I10
tp2539
a(I47
I3
tp2540
a(I91
I2
tp2541
asVquestions
p2542
(lp2543
(I33
I1
tp2544
asVworld
p2545
(lp2546
(I36
I1
tp2547
asVtouch
p2548
(lp2549
(I102
I1
tp2550
a(I36
I1
tp2551
asVyes
p2552
(lp2553
(I15
I2
tp2554
a(I75
I2
tp2555
a(I8
I2
tp2556
asVplugged
p2557
(lp2558
(I36
I1
tp2559
asVwearable
p2560
(lp2561
(I33
I1
tp2562
a(I36
I2
tp2563
asVcaptured
p2564
(lp2565
(I36
I1
tp2566
asVwearables
p2567
(lp2568
(I36
I4
tp2569
asVrubber
p2570
(lp2571
(I36
I1
tp2572
asVdeath
p2573
(lp2574
(I91
I1
tp2575
asVads
p2576
(lp2577
(I24
I1
tp2578
asVtablet
p2579
(lp2580
(I102
I1
tp2581
asVhint
p2582
(lp2583
(I47
I1
tp2584
asVthinking
p2585
(lp2586
(I36
I1
tp2587
asVthick
p2588
(lp2589
(I36
I1
tp2590
asVpercent
p2591
(lp2592
(I91
I1
tp2593
asVcapabilities
p2594
(lp2595
(I36
I1
tp2596
asVdesktop
p2597
(lp2598
(I102
I51
tp2599
asVmakers
p2600
(lp2601
(I47
I1
tp2602
asVsimple
p2603
(lp2604
(I36
I1
tp2605
asVadd
p2606
(lp2607
(I36
I2
tp2608
asVbelongs
p2609
(lp2610
(I36
I1
tp2611
asVcombine
p2612
(lp2613
(I36
I1
tp2614
asVattractive
p2615
(lp2616
(I36
I2
tp2617
asVeasy
p2618
(lp2619
(I33
I1
tp2620
a(I36
I3
tp2621
asVyeesh
p2622
(lp2623
(I24
I1
tp2624
asVoutset
p2625
(lp2626
(I36
I1
tp2627
asVlsd-based
p2628
(lp2629
(I91
I1
tp2630
asVmatch
p2631
(lp2632
(I33
I1
tp2633
asVbuild
p2634
(lp2635
(I47
I1
tp2636
asVstyles
p2637
(lp2638
(I36
I1
tp2639
asVsmartwatches
p2640
(lp2641
(I36
I7
tp2642
asVaround
p2643
(lp2644
(I47
I1
tp2645
asVeasily
p2646
(lp2647
(I36
I2
tp2648
asVread
p2649
(lp2650
(I15
I1
tp2651
a(I36
I1
tp2652
a(I75
I1
tp2653
a(I8
I1
tp2654
asVbig
p2655
(lp2656
(I33
I1
tp2657
a(I36
I1
tp2658
asVcouple
p2659
(lp2660
(I24
I2
tp2661
a(I36
I1
tp2662
asVpossible
p2663
(lp2664
(I15
I1
tp2665
a(I75
I1
tp2666
a(I8
I1
tp2667
asVtweaks
p2668
(lp2669
(I102
I1
tp2670
asVwhichever
p2671
(lp2672
(I36
I1
tp2673
asVgrid
p2674
(lp2675
(I36
I1
tp2676
asVknow
p2677
(lp2678
(I24
I1
tp2679
asVbackground
p2680
(lp2681
(I36
I1
tp2682
asVpress
p2683
(lp2684
(I33
I54
tp2685
asVusing
p2686
(lp2687
(I15
I5
tp2688
a(I33
I1
tp2689
a(I75
I5
tp2690
a(I8
I5
tp2691
asVbit
p2692
(lp2693
(I102
I2
tp2694
a(I36
I1
tp2695
asVpassword
p2696
(lp2697
(I15
I2
tp2698
a(I75
I2
tp2699
a(I8
I2
tp2700
asVdreams
p2701
(lp2702
(I33
I1
tp2703
asVapart
p2704
(lp2705
(I36
I1
tp2706
asVlike
p2707
(lp2708
(I102
I2
tp2709
a(I15
I5
tp2710
a(I24
I52
tp2711
a(I36
I12
tp2712
a(I47
I2
tp2713
a(I75
I5
tp2714
a(I8
I5
tp2715
asVsuccess
p2716
(lp2717
(I102
I1
tp2718
asVvolt
p2719
(lp2720
(I8
I50
tp2721
asVvibrant
p2722
(lp2723
(I36
I1
tp2724
asVtend
p2725
(lp2726
(I47
I1
tp2727
asVmiracle
p2728
(lp2729
(I24
I1
tp2730
asV've
p2731
(lp2732
(I33
I1
tp2733
asVspecific
p2734
(lp2735
(I15
I1
tp2736
a(I75
I1
tp2737
a(I8
I1
tp2738
asVinformative
p2739
(lp2740
(I36
I1
tp2741
asVaudience
p2742
(lp2743
(I15
I1
tp2744
a(I75
I1
tp2745
a(I8
I1
tp2746
asVserious
p2747
(lp2748
(I91
I1
tp2749
asVsteps
p2750
(lp2751
(I36
I2
tp2752
asVeither
p2753
(lp2754
(I102
I1
tp2755
a(I36
I5
tp2756
a(I47
I1
tp2757
asVnight
p2758
(lp2759
(I36
I2
tp2760
asVgoogle\u2019s
p2761
(lp2762
(I36
I1
tp2763
asVrevisiting
p2764
(lp2765
(I91
I1
tp2766
asVwithings
p2767
(lp2768
(I36
I1
tp2769
asVgoogle
p2770
(lp2771
(I102
I3
tp2772
a(I36
I3
tp2773
asVoften
p2774
(lp2775
(I47
I1
tp2776
asVpeople
p2777
(lp2778
(I36
I1
tp2779
a(I47
I1
tp2780
asVunderwent
p2781
(lp2782
(I91
I1
tp2783
asVtwitter
p2784
(lp2785
(I15
I4
tp2786
a(I36
I1
tp2787
a(I75
I4
tp2788
a(I8
I4
tp2789
asVsuccessfully
p2790
(lp2791
(I91
I1
tp2792
asVsomehow
p2793
(lp2794
(I24
I1
tp2795
asVi\u2019ve
p2796
(lp2797
(I36
I4
tp2798
asVsleep-tracking
p2799
(lp2800
(I36
I1
tp2801
asVpricing
p2802
(lp2803
(I102
I1
tp2804
a(I47
I1
tp2805
asVchoosing
p2806
(lp2807
(I36
I1
tp2808
asVintact
p2809
(lp2810
(I24
I1
tp2811
asVcounts
p2812
(lp2813
(I36
I1
tp2814
asVforgotten
p2815
(lp2816
(I91
I1
tp2817
asVand/or
p2818
(lp2819
(I15
I1
tp2820
a(I75
I1
tp2821
a(I8
I1
tp2822
asVcompetitor
p2823
(lp2824
(I47
I1
tp2825
asVaesthetically
p2826
(lp2827
(I36
I1
tp2828
asVbottom
p2829
(lp2830
(I36
I3
tp2831
asVnotification
p2832
(lp2833
(I36
I2
tp2834
asVbenefit
p2835
(lp2836
(I36
I2
tp2837
asVcustomize
p2838
(lp2839
(I36
I1
tp2840
asVtracker
p2841
(lp2842
(I36
I5
tp2843
asVmarket
p2844
(lp2845
(I47
I1
tp2846
asVsummoned
p2847
(lp2848
(I33
I1
tp2849
asVpattern
p2850
(lp2851
(I47
I1
tp2852
asV?
p2853
(lp2854
(I15
I6
tp2855
a(I24
I2
tp2856
a(I36
I4
tp2857
a(I75
I6
tp2858
a(I8
I6
tp2859
asVmacbooks
p2860
(lp2861
(I47
I2
tp2862
asVlimitations
p2863
(lp2864
(I36
I1
tp2865
asVrun
p2866
(lp2867
(I102
I1
tp2868
a(I24
I1
tp2869
a(I33
I1
tp2870
asVinaccurate
p2871
(lp2872
(I36
I1
tp2873
asVjournal
p2874
(lp2875
(I91
I1
tp2876
asVstep
p2877
(lp2878
(I36
I2
tp2879
asVlasts
p2880
(lp2881
(I36
I2
tp2882
asVsuper
p2883
(lp2884
(I36
I1
tp2885
asVstage
p2886
(lp2887
(I33
I1
tp2888
asVplug
p2889
(lp2890
(I36
I4
tp2891
asVsubstances
p2892
(lp2893
(I91
I2
tp2894
asVworks
p2895
(lp2896
(I36
I2
tp2897
asVcentral
p2898
(lp2899
(I33
I2
tp2900
asVwould
p2901
(lp2902
(I15
I1
tp2903
a(I24
I1
tp2904
a(I36
I1
tp2905
a(I75
I1
tp2906
a(I8
I1
tp2907
asVnetflix
p2908
(lp2909
(I15
I50
tp2910
asVmonths
p2911
(lp2912
(I91
I1
tp2913
asVburbank
p2914
(lp2915
(I24
I1
tp2916
asVrange
p2917
(lp2918
(I36
I1
tp2919
asVsupervised
p2920
(lp2921
(I91
I1
tp2922
asVstand
p2923
(lp2924
(I47
I1
tp2925
asVimprovement
p2926
(lp2927
(I36
I2
tp2928
a(I91
I1
tp2929
asVintroduced
p2930
(lp2931
(I102
I1
tp2932
asVos
p2933
(lp2934
(I102
I6
tp2935
asVprocessor
p2936
(lp2937
(I102
I1
tp2938
asVblock
p2939
(lp2940
(I24
I1
tp2941
asVoutlook
p2942
(lp2943
(I36
I1
tp2944
asVstatements
p2945
(lp2946
(I91
I1
tp2947
asVwithin
p2948
(lp2949
(I24
I1
tp2950
a(I36
I1
tp2951
asVgetting
p2952
(lp2953
(I36
I1
tp2954
asVstop
p2955
(lp2956
(I36
I1
tp2957
asVlocator
p2958
(lp2959
(I36
I1
tp2960
asVright
p2961
(lp2962
(I24
I1
tp2963
a(I47
I2
tp2964
asVchamp
p2965
(lp2966
(I24
I1
tp2967
asVrolls
p2968
(lp2969
(I8
I50
tp2970
asVutility
p2971
(lp2972
(I102
I1
tp2973
asVcomputer
p2974
(lp2975
(I36
I1
tp2976
asVmicrograms
p2977
(lp2978
(I91
I1
tp2979
asV9:13pm
p2980
(lp2981
(I33
I1
tp2982
asVarea
p2983
(lp2984
(I36
I2
tp2985
asVsupport
p2986
(lp2987
(I36
I3
tp2988
asVpairing
p2989
(lp2990
(I36
I1
tp2991
asVapps
p2992
(lp2993
(I102
I1
tp2994
a(I36
I6
tp2995
asVspecifically
p2996
(lp2997
(I33
I1
tp2998
asVcustom
p2999
(lp3000
(I36
I1
tp3001
asVstart
p3002
(lp3003
(I36
I3
tp3004
asVcharts
p3005
(lp3006
(I36
I1
tp3007
asVlot
p3008
(lp3009
(I102
I1
tp3010
a(I36
I7
tp3011
asVbiggest
p3012
(lp3013
(I47
I51
tp3014
asVwearing
p3015
(lp3016
(I36
I2
tp3017
asV:
p3018
(lp3019
(I102
I1
tp3020
a(I24
I2
tp3021
a(I33
I3
tp3022
a(I36
I3
tp3023
a(I47
I51
tp3024
a(I91
I50
tp3025
asVlaunching
p3026
(lp3027
(I102
I50
tp3028
asVconsiderably
p3029
(lp3030
(I36
I1
tp3031
asVbuy
p3032
(lp3033
(I36
I2
tp3034
a(I47
I1
tp3035
asVbattery
p3036
(lp3037
(I36
I2
tp3038
asVcomplete
p3039
(lp3040
(I15
I1
tp3041
a(I75
I1
tp3042
a(I8
I1
tp3043
asVoffering
p3044
(lp3045
(I102
I1
tp3046
a(I47
I1
tp3047
asVoffer
p3048
(lp3049
(I102
I1
tp3050
asVsomething
p3051
(lp3052
(I36
I4
tp3053
a(I47
I1
tp3054
asVregistered
p3055
(lp3056
(I15
I1
tp3057
a(I75
I1
tp3058
a(I8
I1
tp3059
asVbasic
p3060
(lp3061
(I36
I4
tp3062
asVstereo
p3063
(lp3064
(I47
I1
tp3065
asVback
p3066
(lp3067
(I33
I1
tp3068
a(I36
I1
tp3069
a(I47
I1
tp3070
a(I91
I1
tp3071
asVreminds
p3072
(lp3073
(I24
I1
tp3074
asVlink
p3075
(lp3076
(I15
I1
tp3077
a(I75
I1
tp3078
a(I8
I1
tp3079
asVgoals
p3080
(lp3081
(I36
I3
tp3082
asVunreliable
p3083
(lp3084
(I24
I1
tp3085
asVline
p3086
(lp3087
(I36
I1
tp3088
asVtrying
p3089
(lp3090
(I24
I1
tp3091
a(I33
I1
tp3092
a(I36
I2
tp3093
asVquestionably
p3094
(lp3095
(I36
I1
tp3096
asVraising
p3097
(lp3098
(I36
I1
tp3099
asValcatel
p3100
(lp3101
(I36
I51
tp3102
asVreset
p3103
(lp3104
(I15
I1
tp3105
a(I75
I1
tp3106
a(I8
I1
tp3107
asVmade
p3108
(lp3109
(I33
I1
tp3110
a(I36
I1
tp3111
a(I47
I2
tp3112
asVmiddle
p3113
(lp3114
(I47
I1
tp3115
asVecosystem
p3116
(lp3117
(I36
I2
tp3118
asVinside
p3119
(lp3120
(I36
I2
tp3121
asVsigned
p3122
(lp3123
(I15
I4
tp3124
a(I75
I4
tp3125
a(I8
I4
tp3126
asVplanet
p3127
(lp3128
(I24
I1
tp3129
asV're
p3130
(lp3131
(I33
I2
tp3132
asVparticipants
p3133
(lp3134
(I91
I1
tp3135
asVkristoffer
p3136
(lp3137
(I24
I1
tp3138
asVdisplay
p3139
(lp3140
(I102
I1
tp3141
a(I36
I4
tp3142
asVlater
p3143
(lp3144
(I91
I1
tp3145
asVworthwhile
p3146
(lp3147
(I91
I1
tp3148
asVpin
p3149
(lp3150
(I102
I1
tp3151
a(I24
I1
tp3152
a(I33
I1
tp3153
a(I36
I1
tp3154
a(I47
I1
tp3155
a(I91
I1
tp3156
asVcertain
p3157
(lp3158
(I102
I1
tp3159
asVmeasure
p3160
(lp3161
(I102
I1
tp3162
a(I36
I1
tp3163
asVlife
p3164
(lp3165
(I36
I2
tp3166
asVevidence
p3167
(lp3168
(I36
I1
tp3169
asV''
p3170
(lp3171
(I102
I1
tp3172
a(I91
I6
tp3173
asVjagged
p3174
(lp3175
(I24
I1
tp3176
asVproves
p3177
(lp3178
(I24
I1
tp3179
asVcurb
p3180
(lp3181
(I91
I1
tp3182
asVtogether
p3183
(lp3184
(I47
I1
tp3185
asVin-between
p3186
(lp3187
(I36
I1
tp3188
asVacer
p3189
(lp3190
(I102
I55
tp3191
a(I47
I55
tp3192
asVface
p3193
(lp3194
(I36
I4
tp3195
asVmold
p3196
(lp3197
(I91
I2
tp3198
asVcheck
p3199
(lp3200
(I36
I2
tp3201
asVfilm
p3202
(lp3203
(I24
I2
tp3204
asVoutlasts
p3205
(lp3206
(I36
I1
tp3207
asVlooked
p3208
(lp3209
(I91
I1
tp3210
asVnewsletter
p3211
(lp3212
(I15
I1
tp3213
a(I75
I1
tp3214
a(I8
I1
tp3215
asV'll
p3216
(lp3217
(I102
I2
tp3218
a(I15
I2
tp3219
a(I75
I2
tp3220
a(I8
I2
tp3221
asVus
p3222
(lp3223
(I33
I1
tp3224
asVdying
p3225
(lp3226
(I91
I1
tp3227
asVvariety
p3228
(lp3229
(I36
I1
tp3230
asVagreeing
p3231
(lp3232
(I15
I1
tp3233
a(I75
I1
tp3234
a(I8
I1
tp3235
asVcommercials
p3236
(lp3237
(I24
I1
tp3238
asValerts
p3239
(lp3240
(I36
I2
tp3241
asVstorage
p3242
(lp3243
(I102
I3
tp3244
asVwebos
p3245
(lp3246
(I33
I3
tp3247
asV40
p3248
(lp3249
(I91
I50
tp3250
asVevent
p3251
(lp3252
(I33
I1
tp3253
asVoccasional
p3254
(lp3255
(I15
I1
tp3256
a(I75
I1
tp3257
a(I8
I1
tp3258
asVfears
p3259
(lp3260
(I91
I1
tp3261
asVmetal
p3262
(lp3263
(I36
I1
tp3264
asVdetails
p3265
(lp3266
(I102
I1
tp3267
asVdigital
p3268
(lp3269
(I36
I2
tp3270
asVtest
p3271
(lp3272
(I91
I50
tp3273
asVhackenberg
p3274
(lp3275
(I33
I2
tp3276
asVnice
p3277
(lp3278
(I47
I1
tp3279
asV's
p3280
(lp3281
(I102
I5
tp3282
a(I24
I3
tp3283
a(I33
I58
tp3284
a(I36
I1
tp3285
a(I47
I13
tp3286
a(I91
I1
tp3287
asVusers
p3288
(lp3289
(I15
I1
tp3290
a(I36
I1
tp3291
a(I75
I1
tp3292
a(I8
I1
tp3293
asVmodels
p3294
(lp3295
(I36
I1
tp3296
a(I47
I1
tp3297
asVjune
p3298
(lp3299
(I15
I50
tp3300
asVupdate
p3301
(lp3302
(I102
I1
tp3303
a(I33
I4
tp3304
asV'd
p3305
(lp3306
(I24
I1
tp3307
a(I47
I1
tp3308
asVscores
p3309
(lp3310
(I36
I1
tp3311
asVfriends
p3312
(lp3313
(I36
I1
tp3314
asVconclusive
p3315
(lp3316
(I91
I1
tp3317
asVago
p3318
(lp3319
(I102
I1
tp3320
a(I24
I1
tp3321
asVshipping
p3322
(lp3323
(I36
I1
tp3324
asVfitness-tracking
p3325
(lp3326
(I36
I2
tp3327
asVlonger
p3328
(lp3329
(I36
I1
tp3330
asVcalls
p3331
(lp3332
(I36
I1
tp3333
asVsamsung
p3334
(lp3335
(I47
I1
tp3336
asVassume
p3337
(lp3338
(I33
I1
tp3339
asVresolution
p3340
(lp3341
(I36
I1
tp3342
asVrequired
p3343
(lp3344
(I15
I1
tp3345
a(I75
I1
tp3346
a(I8
I1
tp3347
asVdaily
p3348
(lp3349
(I15
I1
tp3350
a(I75
I1
tp3351
a(I8
I1
tp3352
asVwatch\u2019s
p3353
(lp3354
(I36
I4
tp3355
asVtime
p3356
(lp3357
(I33
I1
tp3358
a(I36
I3
tp3359
a(I91
I50
tp3360
asVtapping
p3361
(lp3362
(I36
I1
tp3363
asVlineup
p3364
(lp3365
(I33
I1
tp3366
asVstarting
p3367
(lp3368
(I102
I1
tp3369
asVoriginal
p3370
(lp3371
(I24
I1
tp3372
asVjawbone
p3373
(lp3374
(I36
I3
tp3375
as.None
