ccollections
defaultdict
p0
(c__builtin__
list
p1
tp2
Rp3
Vbear
p4
(lp5
(I42
I1
tp6
asVfour
p7
(lp8
(I42
I1
tp9
a(I95
I2
tp10
asVsleep
p11
(lp12
(I31
I1
tp13
asVcontroversial
p14
(lp15
(I73
I1
tp16
asVlocalized
p17
(lp18
(I66
I1
tp19
asVforget
p20
(lp21
(I66
I1
tp22
asVincrease
p23
(lp24
(I42
I1
tp25
a(I95
I2
tp26
asVtweet
p27
(lp28
(I13
I1
tp29
a(I31
I1
tp30
a(I42
I1
tp31
a(I73
I1
tp32
a(I82
I1
tp33
a(I95
I1
tp34
asVthinness
p35
(lp36
(I66
I1
tp37
asVworth
p38
(lp39
(I66
I1
tp40
a(I95
I1
tp41
asVactivation
p42
(lp43
(I82
I1
tp44
asVevery
p45
(lp46
(I31
I2
tp47
a(I42
I1
tp48
a(I66
I4
tp49
a(I82
I3
tp50
a(I95
I4
tp51
asVjack
p52
(lp53
(I13
I1
tp54
a(I66
I1
tp55
asVtinder\u2019s
p56
(lp57
(I82
I1
tp58
asVviral
p59
(lp60
(I82
I1
tp61
asVbasics
p62
(lp63
(I66
I1
tp64
asVcause
p65
(lp66
(I73
I2
tp67
asVenjoy
p68
(lp69
(I31
I1
tp70
asVforce
p71
(lp72
(I66
I3
tp73
asVphones
p74
(lp75
(I42
I3
tp76
a(I66
I1
tp77
asVconsistent
p78
(lp79
(I31
I1
tp80
asVguidelines
p81
(lp82
(I73
I1
tp83
asVestimates
p84
(lp85
(I82
I1
tp86
asVdisciplined
p87
(lp88
(I31
I1
tp89
asVsecond
p90
(lp91
(I13
I1
tp92
a(I82
I1
tp93
asVspecs
p94
(lp95
(I66
I1
tp96
asVeven
p97
(lp98
(I31
I1
tp99
a(I66
I4
tp100
a(I73
I1
tp101
a(I95
I4
tp102
asVclocked
p103
(lp104
(I66
I1
tp105
asVlights
p106
(lp107
(I66
I1
tp108
asVnew
p109
(lp110
(I13
I56
tp111
a(I31
I1
tp112
a(I42
I53
tp113
a(I66
I14
tp114
a(I73
I1
tp115
asVever
p116
(lp117
(I66
I1
tp118
a(I95
I1
tp119
asVseeks
p120
(lp121
(I73
I1
tp122
asVhero
p123
(lp124
(I31
I1
tp125
asVnever
p126
(lp127
(I31
I2
tp128
a(I95
I1
tp129
asVhundreds
p130
(lp131
(I82
I51
tp132
asVreported
p133
(lp134
(I82
I2
tp135
asVchassis
p136
(lp137
(I95
I2
tp138
asVactive
p139
(lp140
(I31
I1
tp141
asV100
p142
(lp143
(I82
I1
tp144
a(I95
I1
tp145
asVquite
p146
(lp147
(I95
I1
tp148
asVkids
p149
(lp150
(I95
I1
tp151
asVforum
p152
(lp153
(I82
I1
tp154
asVchanged
p155
(lp156
(I31
I1
tp157
a(I66
I1
tp158
asVcredit
p159
(lp160
(I31
I1
tp161
a(I95
I1
tp162
asVleaven
p163
(lp164
(I66
I1
tp165
asVintrigue
p166
(lp167
(I66
I1
tp168
asVcampaign
p169
(lp170
(I73
I3
tp171
asVbrought
p172
(lp173
(I31
I1
tp174
asVpatience
p175
(lp176
(I66
I1
tp177
asVunit
p178
(lp179
(I66
I1
tp180
asVopponents
p181
(lp182
(I73
I1
tp183
asVmarketers
p184
(lp185
(I82
I1
tp186
asVwould
p187
(lp188
(I13
I1
tp189
a(I31
I1
tp190
a(I66
I2
tp191
a(I73
I1
tp192
a(I82
I2
tp193
a(I90
I1
tp194
a(I95
I9
tp195
asVchargers
p196
(lp197
(I66
I1
tp198
asVcall
p199
(lp200
(I82
I1
tp201
asVtype
p202
(lp203
(I66
I1
tp204
asVtell
p205
(lp206
(I66
I2
tp207
a(I95
I3
tp208
asVsuccessful
p209
(lp210
(I95
I1
tp211
asVaware
p212
(lp213
(I31
I1
tp214
asVphone
p215
(lp216
(I13
I1
tp217
a(I42
I7
tp218
a(I66
I2
tp219
a(I82
I1
tp220
a(I95
I2
tp221
asVwarm
p222
(lp223
(I66
I2
tp224
asVself-improvement
p225
(lp226
(I31
I1
tp227
asVfour-year-old
p228
(lp229
(I66
I1
tp230
asVwe\u2019ll
p231
(lp232
(I82
I1
tp233
a(I95
I1
tp234
asVshoot
p235
(lp236
(I95
I2
tp237
asVword
p238
(lp239
(I66
I1
tp240
asVroom
p241
(lp242
(I82
I1
tp243
asVcheapest
p244
(lp245
(I66
I1
tp246
asVwork
p247
(lp248
(I31
I1
tp249
a(I42
I3
tp250
a(I66
I2
tp251
a(I73
I57
tp252
a(I95
I1
tp253
asVmovies
p254
(lp255
(I95
I6
tp256
asVtinder
p257
(lp258
(I73
I56
tp259
a(I82
I59
tp260
asVexample
p261
(lp262
(I66
I1
tp263
asVestate
p264
(lp265
(I66
I1
tp266
asVgive
p267
(lp268
(I31
I1
tp269
asVindicates
p270
(lp271
(I42
I1
tp272
a(I82
I1
tp273
asVwant
p274
(lp275
(I31
I1
tp276
a(I42
I2
tp277
a(I66
I5
tp278
a(I95
I1
tp279
asVkeep
p280
(lp281
(I95
I1
tp282
asVhog
p283
(lp284
(I66
I2
tp285
asVend
p286
(lp287
(I66
I1
tp288
asVturn
p289
(lp290
(I31
I1
tp291
a(I66
I1
tp292
a(I73
I2
tp293
a(I82
I1
tp294
asVprovide
p295
(lp296
(I90
I2
tp297
asVmachine
p298
(lp299
(I66
I4
tp300
a(I82
I1
tp301
asVdecrying
p302
(lp303
(I73
I1
tp304
asVhot
p305
(lp306
(I66
I1
tp307
asVanswer
p308
(lp309
(I66
I1
tp310
a(I95
I1
tp311
asVordinary
p312
(lp313
(I73
I1
tp314
asVwrong
p315
(lp316
(I31
I1
tp317
asVjumping
p318
(lp319
(I95
I1
tp320
asVlaw
p321
(lp322
(I73
I1
tp323
asVex-wife
p324
(lp325
(I82
I1
tp326
asVlas
p327
(lp328
(I13
I1
tp329
asVthird
p330
(lp331
(I66
I1
tp332
asVappreciate
p333
(lp334
(I82
I1
tp335
asVgreen
p336
(lp337
(I95
I1
tp338
asVkeeps
p339
(lp340
(I31
I1
tp341
asVorder
p342
(lp343
(I31
I1
tp344
a(I90
I1
tp345
asVfeedback
p346
(lp347
(I66
I1
tp348
asVoffice
p349
(lp350
(I42
I1
tp351
asVdeck
p352
(lp353
(I66
I1
tp354
asVconsent
p355
(lp356
(I82
I1
tp357
asVkeyboard
p358
(lp359
(I66
I7
tp360
asVfit
p361
(lp362
(I95
I1
tp363
asVsomewhere
p364
(lp365
(I95
I1
tp366
asV,
p367
(lp368
(I13
I11
tp369
a(I31
I25
tp370
a(I42
I120
tp371
a(I66
I145
tp372
a(I73
I14
tp373
a(I82
I29
tp374
a(I90
I10
tp375
a(I95
I166
tp376
asVbetter
p377
(lp378
(I31
I58
tp379
a(I66
I2
tp380
a(I82
I1
tp381
a(I90
I1
tp382
a(I95
I3
tp383
asVproduction
p384
(lp385
(I95
I3
tp386
asVtrackthisforme
p387
(lp388
(I31
I4
tp389
asVweeks
p390
(lp391
(I82
I1
tp392
asV1,299
p393
(lp394
(I66
I2
tp395
asVeventually
p396
(lp397
(I66
I1
tp398
asVcombination
p399
(lp400
(I66
I2
tp401
asVweakness
p402
(lp403
(I82
I1
tp404
asVworkout
p405
(lp406
(I31
I52
tp407
asVbang
p408
(lp409
(I66
I1
tp410
asVeffects
p411
(lp412
(I95
I1
tp413
asVindulge
p414
(lp415
(I31
I1
tp416
asVsilver
p417
(lp418
(I66
I1
tp419
asVreasonably
p420
(lp421
(I66
I1
tp422
asVdebut
p423
(lp424
(I13
I1
tp425
asVnext-level
p426
(lp427
(I95
I1
tp428
asVarrow
p429
(lp430
(I66
I1
tp431
asVfitness
p432
(lp433
(I31
I2
tp434
asVaddicted
p435
(lp436
(I31
I1
tp437
asVwent
p438
(lp439
(I31
I1
tp440
a(I66
I2
tp441
a(I95
I1
tp442
asVside
p443
(lp444
(I66
I1
tp445
asVmean
p446
(lp447
(I66
I1
tp448
a(I95
I2
tp449
asVwheel
p450
(lp451
(I95
I1
tp452
asVseries
p453
(lp454
(I95
I1
tp455
asVdhabi
p456
(lp457
(I95
I2
tp458
asVforgot
p459
(lp460
(I90
I4
tp461
asVlogo
p462
(lp463
(I66
I1
tp464
asVwhit
p465
(lp466
(I66
I1
tp467
asVsounds
p468
(lp469
(I66
I2
tp470
asVdriving
p471
(lp472
(I73
I1
tp473
a(I95
I4
tp474
asVgod
p475
(lp476
(I95
I1
tp477
asVcameras
p478
(lp479
(I66
I1
tp480
asVdiesel
p481
(lp482
(I95
I2
tp483
asV2304
p484
(lp485
(I66
I1
tp486
asVmccarthy
p487
(lp488
(I95
I54
tp489
asVreader
p490
(lp491
(I66
I1
tp492
asVsurprise
p493
(lp494
(I66
I1
tp495
asVsize
p496
(lp497
(I31
I1
tp498
a(I42
I1
tp499
a(I66
I2
tp500
asVforth
p501
(lp502
(I82
I1
tp503
a(I95
I1
tp504
asVarizona
p505
(lp506
(I95
I1
tp507
asVgiven
p508
(lp509
(I82
I1
tp510
asVwanted
p511
(lp512
(I95
I1
tp513
asVlollipop
p514
(lp515
(I13
I1
tp516
asVcreated
p517
(lp518
(I66
I1
tp519
a(I95
I1
tp520
asVstarts
p521
(lp522
(I66
I1
tp523
asVmessages
p524
(lp525
(I82
I2
tp526
asVdays
p527
(lp528
(I13
I1
tp529
a(I31
I1
tp530
asVmicrochips
p531
(lp532
(I66
I1
tp533
asVcreates
p534
(lp535
(I82
I1
tp536
asVheck
p537
(lp538
(I66
I1
tp539
asVleaps
p540
(lp541
(I95
I1
tp542
asVloud
p543
(lp544
(I66
I1
tp545
asVspeeds
p546
(lp547
(I66
I1
tp548
asVduplicitous
p549
(lp550
(I73
I1
tp551
asValready
p552
(lp553
(I31
I1
tp554
a(I66
I1
tp555
asVfeatures
p556
(lp557
(I42
I1
tp558
a(I66
I2
tp559
asVrender
p560
(lp561
(I95
I1
tp562
asVthey\u2019ll
p563
(lp564
(I66
I1
tp565
asVanother
p566
(lp567
(I31
I1
tp568
a(I73
I1
tp569
a(I82
I1
tp570
a(I90
I2
tp571
asVclarity
p572
(lp573
(I31
I1
tp574
asVservice
p575
(lp576
(I66
I1
tp577
asVtop
p578
(lp579
(I13
I1
tp580
a(I42
I1
tp581
a(I66
I1
tp582
a(I95
I1
tp583
asVwe\u2019d
p584
(lp585
(I95
I1
tp586
asVplentiful
p587
(lp588
(I66
I1
tp589
asVneeded
p590
(lp591
(I66
I1
tp592
asVconfirming
p593
(lp594
(I90
I1
tp595
asVcompromise
p596
(lp597
(I66
I5
tp598
asVhollywood
p599
(lp600
(I95
I1
tp601
asVlegs
p602
(lp603
(I66
I1
tp604
asVdamaging
p605
(lp606
(I95
I1
tp607
asVfastidiousness
p608
(lp609
(I31
I1
tp610
asVpatrick\u2019s
p611
(lp612
(I82
I1
tp613
asVwestern
p614
(lp615
(I42
I1
tp616
asVsymptom
p617
(lp618
(I82
I1
tp619
asVfinal
p620
(lp621
(I73
I1
tp622
asVmatter
p623
(lp624
(I95
I1
tp625
asVspeaking
p626
(lp627
(I82
I1
tp628
asVcompany's
p629
(lp630
(I13
I1
tp631
asVsees
p632
(lp633
(I66
I1
tp634
asVmodern
p635
(lp636
(I13
I1
tp637
a(I66
I1
tp638
asVmind
p639
(lp640
(I31
I2
tp641
a(I66
I1
tp642
asVmine
p643
(lp644
(I95
I1
tp645
asVtalking
p646
(lp647
(I66
I1
tp648
a(I82
I2
tp649
asVrat
p650
(lp651
(I66
I1
tp652
asVseen
p653
(lp654
(I66
I2
tp655
a(I95
I1
tp656
asVseem
p657
(lp658
(I73
I1
tp659
asVdozen
p660
(lp661
(I31
I1
tp662
asVforced
p663
(lp664
(I73
I1
tp665
asVstrength
p666
(lp667
(I66
I1
tp668
asVrelayed
p669
(lp670
(I82
I1
tp671
asVsound
p672
(lp673
(I13
I1
tp674
a(I90
I51
tp675
asVrides
p676
(lp677
(I95
I1
tp678
asVclunky
p679
(lp680
(I66
I1
tp681
asVthough
p682
(lp683
(I31
I2
tp684
a(I66
I1
tp685
a(I95
I1
tp686
asVobject
p687
(lp688
(I66
I2
tp689
asVautomaker
p690
(lp691
(I95
I1
tp692
asVregular
p693
(lp694
(I31
I1
tp695
asVamps
p696
(lp697
(I13
I1
tp698
asVexercises
p699
(lp700
(I31
I1
tp701
asVmacbook
p702
(lp703
(I66
I91
tp704
asVmaria
p705
(lp706
(I82
I1
tp707
asVdummy
p708
(lp709
(I82
I2
tp710
asValcatel
p711
(lp712
(I42
I57
tp713
asVdom
p714
(lp715
(I95
I1
tp716
asVmetal
p717
(lp718
(I66
I1
tp719
asVcompetitors
p720
(lp721
(I66
I1
tp722
asVdefinitely
p723
(lp724
(I66
I1
tp725
asVquantifying
p726
(lp727
(I31
I1
tp728
asVfitted
p729
(lp730
(I66
I1
tp731
asVbait
p732
(lp733
(I82
I1
tp734
asVbusy
p735
(lp736
(I31
I1
tp737
asVdelays
p738
(lp739
(I66
I1
tp740
asVon-screen
p741
(lp742
(I95
I1
tp743
asVabu
p744
(lp745
(I95
I2
tp746
asVipad
p747
(lp748
(I66
I2
tp749
asVstop
p750
(lp751
(I31
I1
tp752
asVboxster
p753
(lp754
(I95
I1
tp755
asVruns
p756
(lp757
(I66
I1
tp758
asVbar
p759
(lp760
(I95
I1
tp761
asVtwice
p762
(lp763
(I66
I1
tp764
asVsoftly
p765
(lp766
(I66
I1
tp767
asVrelease
p768
(lp769
(I13
I1
tp770
asVadapters
p771
(lp772
(I66
I4
tp773
asVdecides
p774
(lp775
(I66
I1
tp776
asVhabit
p777
(lp778
(I31
I1
tp779
asVpads
p780
(lp781
(I66
I1
tp782
asVresult
p783
(lp784
(I66
I1
tp785
asVfail
p786
(lp787
(I31
I1
tp788
asVbest
p789
(lp790
(I31
I2
tp791
a(I66
I1
tp792
a(I73
I1
tp793
a(I90
I1
tp794
a(I95
I1
tp795
asVsaid
p796
(lp797
(I95
I5
tp798
asVlots
p799
(lp800
(I66
I1
tp801
asVaway
p802
(lp803
(I66
I2
tp804
asVscore
p805
(lp806
(I31
I1
tp807
asVtolerance
p808
(lp809
(I13
I1
tp810
asVmen
p811
(lp812
(I82
I5
tp813
asVterms
p814
(lp815
(I42
I1
tp816
a(I90
I1
tp817
asVos-agnostic
p818
(lp819
(I42
I1
tp820
asVnews
p821
(lp822
(I42
I1
tp823
asVoverestimated
p824
(lp825
(I31
I1
tp826
asVtechies
p827
(lp828
(I82
I1
tp829
asVimprove
p830
(lp831
(I31
I2
tp832
asVreceived
p833
(lp834
(I82
I2
tp835
asVessentially
p836
(lp837
(I31
I1
tp838
asVmet
p839
(lp840
(I82
I1
tp841
asVcountry
p842
(lp843
(I73
I1
tp844
a(I95
I1
tp845
asVadapter
p846
(lp847
(I66
I2
tp848
asVgames
p849
(lp850
(I31
I1
tp851
asVgamer
p852
(lp853
(I31
I51
tp854
asVlogin
p855
(lp856
(I90
I6
tp857
asVtough
p858
(lp859
(I31
I1
tp860
asVmatte
p861
(lp862
(I13
I1
tp863
asVputs
p864
(lp865
(I66
I2
tp866
asVchrome
p867
(lp868
(I66
I2
tp869
asVthree
p870
(lp871
(I31
I1
tp872
a(I42
I5
tp873
a(I66
I1
tp874
a(I95
I2
tp875
asVtiny
p876
(lp877
(I66
I5
tp878
asVquickly
p879
(lp880
(I31
I2
tp881
a(I66
I1
tp882
a(I73
I1
tp883
asVmuch
p884
(lp885
(I31
I3
tp886
a(I66
I4
tp887
a(I95
I5
tp888
asVbasic
p889
(lp890
(I66
I1
tp891
asVacuity
p892
(lp893
(I31
I1
tp894
asVwebsite
p895
(lp896
(I42
I1
tp897
asVchug
p898
(lp899
(I66
I1
tp900
asVlife
p901
(lp902
(I31
I3
tp903
a(I66
I2
tp904
a(I95
I1
tp905
asVfast-forward
p906
(lp907
(I66
I1
tp908
asVdota
p909
(lp910
(I31
I1
tp911
asVworked
p912
(lp913
(I95
I1
tp914
asVapplied
p915
(lp916
(I66
I1
tp917
asVair
p918
(lp919
(I66
I18
tp920
a(I95
I2
tp921
asVugly
p922
(lp923
(I66
I1
tp924
asVnear
p925
(lp926
(I31
I1
tp927
a(I66
I2
tp928
asVsuppose
p929
(lp930
(I66
I1
tp931
asVaid
p932
(lp933
(I31
I1
tp934
asVlaunched
p935
(lp936
(I73
I1
tp937
asVmistake
p938
(lp939
(I66
I1
tp940
asVseven
p941
(lp942
(I95
I2
tp943
asVwell-balanced
p944
(lp945
(I66
I1
tp946
asVvalleywag
p947
(lp948
(I82
I1
tp949
asVshame
p950
(lp951
(I66
I1
tp952
asVhaptic
p953
(lp954
(I66
I1
tp955
asVsuggest
p956
(lp957
(I13
I1
tp958
asVmake
p959
(lp960
(I31
I1
tp961
a(I66
I6
tp962
a(I73
I1
tp963
a(I82
I1
tp964
a(I95
I1
tp965
asVseveral
p966
(lp967
(I13
I1
tp968
a(I73
I2
tp969
asVcouple
p970
(lp971
(I95
I4
tp972
asVexertion
p973
(lp974
(I31
I1
tp975
asVevil
p976
(lp977
(I31
I1
tp978
asVrenaissance
p979
(lp980
(I13
I2
tp981
asVbrosswipingbros
p982
(lp983
(I82
I1
tp984
asVsimulates
p985
(lp986
(I66
I1
tp987
asVmatters
p988
(lp989
(I31
I1
tp990
asVsimulated
p991
(lp992
(I73
I1
tp993
asVclaims
p994
(lp995
(I66
I1
tp996
a(I73
I2
tp997
asVphoto
p998
(lp999
(I66
I1
tp1000
asVlaptop
p1001
(lp1002
(I66
I15
tp1003
asVthanks
p1004
(lp1005
(I66
I1
tp1006
asVhuman
p1007
(lp1008
(I73
I2
tp1009
asVyes
p1010
(lp1011
(I90
I2
tp1012
a(I95
I1
tp1013
asVscattering
p1014
(lp1015
(I95
I1
tp1016
asVyet
p1017
(lp1018
(I31
I1
tp1019
a(I66
I3
tp1020
a(I73
I1
tp1021
asVprevious
p1022
(lp1023
(I42
I1
tp1024
a(I95
I2
tp1025
asVnicolas
p1026
(lp1027
(I42
I1
tp1028
asVadding
p1029
(lp1030
(I31
I2
tp1031
a(I42
I1
tp1032
asV07:18
p1033
(lp1034
(I90
I1
tp1035
asVboard
p1036
(lp1037
(I66
I3
tp1038
asVeasy
p1039
(lp1040
(I66
I1
tp1041
a(I82
I1
tp1042
asV3.5-inch
p1043
(lp1044
(I42
I2
tp1045
asVactresses
p1046
(lp1047
(I73
I1
tp1048
asVtricking
p1049
(lp1050
(I73
I1
tp1051
asVpossible
p1052
(lp1053
(I90
I1
tp1054
a(I95
I6
tp1055
asVpossibly
p1056
(lp1057
(I95
I1
tp1058
asVbackground
p1059
(lp1060
(I95
I3
tp1061
asVperformance
p1062
(lp1063
(I95
I1
tp1064
asVunique
p1065
(lp1066
(I42
I1
tp1067
a(I66
I1
tp1068
asVspecific
p1069
(lp1070
(I90
I1
tp1071
asVwhomever
p1072
(lp1073
(I66
I1
tp1074
asVunabashedly
p1075
(lp1076
(I82
I1
tp1077
asVbeneficial
p1078
(lp1079
(I31
I1
tp1080
asVright
p1081
(lp1082
(I42
I1
tp1083
a(I66
I5
tp1084
a(I73
I1
tp1085
a(I82
I1
tp1086
a(I95
I1
tp1087
asVold
p1088
(lp1089
(I95
I1
tp1090
asVdeal
p1091
(lp1092
(I66
I1
tp1093
a(I95
I1
tp1094
asVpeople
p1095
(lp1096
(I13
I1
tp1097
a(I66
I3
tp1098
a(I73
I1
tp1099
a(I82
I1
tp1100
a(I95
I1
tp1101
asVstaff
p1102
(lp1103
(I95
I1
tp1104
asVsure
p1105
(lp1106
(I31
I1
tp1107
a(I66
I2
tp1108
asVconfusing
p1109
(lp1110
(I66
I1
tp1111
asVhumor
p1112
(lp1113
(I82
I1
tp1114
asVbottom
p1115
(lp1116
(I66
I2
tp1117
asV/
p1118
(lp1119
(I13
I1
tp1120
a(I66
I1
tp1121
asVtotals
p1122
(lp1123
(I31
I1
tp1124
asVeverything
p1125
(lp1126
(I31
I2
tp1127
a(I66
I2
tp1128
asVlandscape
p1129
(lp1130
(I82
I1
tp1131
asVcan\u2019t
p1132
(lp1133
(I31
I1
tp1134
a(I66
I1
tp1135
a(I95
I3
tp1136
asVcore
p1137
(lp1138
(I66
I1
tp1139
asVmarketing
p1140
(lp1141
(I66
I1
tp1142
asV1.1ghz
p1143
(lp1144
(I66
I1
tp1145
asVplug
p1146
(lp1147
(I66
I7
tp1148
asVmonths
p1149
(lp1150
(I13
I1
tp1151
a(I31
I1
tp1152
asVensure
p1153
(lp1154
(I42
I1
tp1155
asVeight
p1156
(lp1157
(I66
I1
tp1158
asVlacked
p1159
(lp1160
(I31
I1
tp1161
asVautomatically
p1162
(lp1163
(I82
I1
tp1164
asVbroccoli-addled
p1165
(lp1166
(I31
I1
tp1167
asVthinner
p1168
(lp1169
(I66
I2
tp1170
asVwhats
p1171
(lp1172
(I82
I1
tp1173
asVpresence
p1174
(lp1175
(I42
I1
tp1176
asVppi
p1177
(lp1178
(I66
I1
tp1179
asVlewd
p1180
(lp1181
(I82
I1
tp1182
asVwan
p1183
(lp1184
(I95
I1
tp1185
asVsupport
p1186
(lp1187
(I13
I1
tp1188
a(I66
I1
tp1189
a(I73
I2
tp1190
asVway
p1191
(lp1192
(I31
I2
tp1193
a(I66
I3
tp1194
a(I73
I2
tp1195
a(I95
I1
tp1196
asVmanufacturers
p1197
(lp1198
(I66
I1
tp1199
asVbatman
p1200
(lp1201
(I95
I1
tp1202
asVbecoming
p1203
(lp1204
(I90
I1
tp1205
asVwireless
p1206
(lp1207
(I66
I2
tp1208
asVheat
p1209
(lp1210
(I66
I1
tp1211
asVhear
p1212
(lp1213
(I73
I1
tp1214
asVestimation
p1215
(lp1216
(I95
I1
tp1217
asVblindness
p1218
(lp1219
(I82
I1
tp1220
asVsafeguard
p1221
(lp1222
(I82
I1
tp1223
asVtrue
p1224
(lp1225
(I66
I1
tp1226
asVthey\u2019re
p1227
(lp1228
(I82
I3
tp1229
a(I95
I6
tp1230
asVreset
p1231
(lp1232
(I90
I1
tp1233
asVthrow
p1234
(lp1235
(I82
I1
tp1236
asVhigh-quality
p1237
(lp1238
(I13
I3
tp1239
asVversions
p1240
(lp1241
(I42
I1
tp1242
asVinside
p1243
(lp1244
(I66
I2
tp1245
asVflirtatious
p1246
(lp1247
(I82
I1
tp1248
asVwhat\u2019s
p1249
(lp1250
(I95
I3
tp1251
asVbenchmarks
p1252
(lp1253
(I66
I1
tp1254
asVdaddy
p1255
(lp1256
(I95
I1
tp1257
asVclassic
p1258
(lp1259
(I13
I1
tp1260
asVevidence
p1261
(lp1262
(I13
I1
tp1263
asV''
p1264
(lp1265
(I13
I1
tp1266
a(I42
I2
tp1267
a(I66
I6
tp1268
a(I73
I2
tp1269
a(I82
I8
tp1270
a(I95
I7
tp1271
asVmediocre
p1272
(lp1273
(I66
I1
tp1274
asVphysical
p1275
(lp1276
(I31
I2
tp1277
asVwillingly
p1278
(lp1279
(I73
I1
tp1280
asVsolicitation
p1281
(lp1282
(I73
I1
tp1283
asVfloor
p1284
(lp1285
(I42
I1
tp1286
a(I95
I1
tp1287
asVagreeing
p1288
(lp1289
(I90
I1
tp1290
asVmagsafe
p1291
(lp1292
(I66
I1
tp1293
asVgenerally
p1294
(lp1295
(I31
I2
tp1296
asVreality
p1297
(lp1298
(I66
I2
tp1299
a(I95
I3
tp1300
asVsuburban
p1301
(lp1302
(I95
I2
tp1303
asVinterested
p1304
(lp1305
(I73
I1
tp1306
asVdigital
p1307
(lp1308
(I13
I1
tp1309
a(I31
I1
tp1310
a(I82
I1
tp1311
asVtest
p1312
(lp1313
(I31
I1
tp1314
a(I66
I1
tp1315
a(I82
I1
tp1316
asVa17
p1317
(lp1318
(I13
I2
tp1319
asV's
p1320
(lp1321
(I13
I1
tp1322
a(I31
I1
tp1323
a(I42
I58
tp1324
a(I66
I51
tp1325
a(I73
I4
tp1326
a(I82
I5
tp1327
a(I95
I53
tp1328
asVpreceding
p1329
(lp1330
(I31
I1
tp1331
asVfelt
p1332
(lp1333
(I66
I5
tp1334
asVupdate
p1335
(lp1336
(I73
I1
tp1337
asV'd
p1338
(lp1339
(I31
I1
tp1340
a(I66
I1
tp1341
asVand/or
p1342
(lp1343
(I90
I1
tp1344
asVscores
p1345
(lp1346
(I31
I1
tp1347
asV'm
p1348
(lp1349
(I66
I4
tp1350
asVweekend
p1351
(lp1352
(I31
I2
tp1353
asVlonger
p1354
(lp1355
(I66
I1
tp1356
a(I73
I1
tp1357
asVglass
p1358
(lp1359
(I95
I1
tp1360
asVassume
p1361
(lp1362
(I95
I1
tp1363
asV3-plus
p1364
(lp1365
(I95
I1
tp1366
asVdaily
p1367
(lp1368
(I31
I3
tp1369
a(I90
I1
tp1370
a(I95
I1
tp1371
asVreversible
p1372
(lp1373
(I66
I1
tp1374
asVtime
p1375
(lp1376
(I13
I1
tp1377
a(I31
I1
tp1378
a(I66
I1
tp1379
a(I95
I7
tp1380
asVpush
p1381
(lp1382
(I66
I2
tp1383
a(I95
I1
tp1384
asVlineup
p1385
(lp1386
(I66
I1
tp1387
asVdecision
p1388
(lp1389
(I95
I1
tp1390
asVstick
p1391
(lp1392
(I66
I1
tp1393
asVremarkable
p1394
(lp1395
(I66
I2
tp1396
asVswitched
p1397
(lp1398
(I66
I1
tp1399
asVfocus
p1400
(lp1401
(I13
I1
tp1402
a(I31
I1
tp1403
asVleads
p1404
(lp1405
(I66
I1
tp1406
asVtheaters
p1407
(lp1408
(I95
I1
tp1409
asVtenable
p1410
(lp1411
(I66
I1
tp1412
asVcertainly
p1413
(lp1414
(I31
I1
tp1415
asVhold
p1416
(lp1417
(I66
I1
tp1418
asVfilming
p1419
(lp1420
(I95
I1
tp1421
asVpromote
p1422
(lp1423
(I73
I1
tp1424
asVlaferrari
p1425
(lp1426
(I95
I1
tp1427
asVenvironment
p1428
(lp1429
(I42
I1
tp1430
asVcharge
p1431
(lp1432
(I42
I1
tp1433
a(I66
I1
tp1434
asVlykan
p1435
(lp1436
(I95
I5
tp1437
asVsmartphone
p1438
(lp1439
(I13
I1
tp1440
a(I42
I50
tp1441
asVsponsors
p1442
(lp1443
(I90
I1
tp1444
asVseemingly
p1445
(lp1446
(I82
I1
tp1447
asVchoice
p1448
(lp1449
(I42
I1
tp1450
a(I73
I1
tp1451
a(I95
I1
tp1452
asVvegas
p1453
(lp1454
(I13
I1
tp1455
asVexact
p1456
(lp1457
(I95
I1
tp1458
asVminute
p1459
(lp1460
(I66
I1
tp1461
asVdim
p1462
(lp1463
(I31
I1
tp1464
asVimpressive
p1465
(lp1466
(I66
I3
tp1467
asVlevel
p1468
(lp1469
(I66
I2
tp1470
asVturns
p1471
(lp1472
(I31
I1
tp1473
asVstaffers\u2019
p1474
(lp1475
(I82
I1
tp1476
asVstandards
p1477
(lp1478
(I66
I2
tp1479
asVquick
p1480
(lp1481
(I82
I1
tp1482
asVguy
p1483
(lp1484
(I95
I2
tp1485
asVround
p1486
(lp1487
(I31
I1
tp1488
asVsays
p1489
(lp1490
(I42
I2
tp1491
a(I66
I1
tp1492
a(I82
I2
tp1493
a(I95
I1
tp1494
asVsign
p1495
(lp1496
(I13
I1
tp1497
a(I90
I1
tp1498
asVcost
p1499
(lp1500
(I95
I1
tp1501
asVwe\u2019re
p1502
(lp1503
(I95
I1
tp1504
asVport
p1505
(lp1506
(I66
I5
tp1507
asVappear
p1508
(lp1509
(I13
I1
tp1510
asVcurrent
p1511
(lp1512
(I82
I1
tp1513
asVappeal
p1514
(lp1515
(I31
I1
tp1516
asVboost
p1517
(lp1518
(I31
I1
tp1519
a(I66
I2
tp1520
asValong
p1521
(lp1522
(I13
I1
tp1523
asVchange
p1524
(lp1525
(I66
I1
tp1526
asVwait
p1527
(lp1528
(I66
I1
tp1529
asVbox
p1530
(lp1531
(I66
I1
tp1532
asVexemplified
p1533
(lp1534
(I82
I1
tp1535
asVbrilliant
p1536
(lp1537
(I31
I1
tp1538
a(I82
I51
tp1539
asVbot
p1540
(lp1541
(I82
I2
tp1542
asVusually
p1543
(lp1544
(I31
I1
tp1545
a(I66
I1
tp1546
asVweird
p1547
(lp1548
(I13
I1
tp1549
a(I66
I1
tp1550
a(I82
I1
tp1551
asVmatchmaking
p1552
(lp1553
(I82
I1
tp1554
asVstudies
p1555
(lp1556
(I31
I1
tp1557
asVgenuinely
p1558
(lp1559
(I66
I1
tp1560
asVtasks
p1561
(lp1562
(I66
I1
tp1563
asVlove
p1564
(lp1565
(I82
I1
tp1566
asVextra
p1567
(lp1568
(I31
I1
tp1569
asVproblematic
p1570
(lp1571
(I73
I1
tp1572
asVprefer
p1573
(lp1574
(I95
I1
tp1575
asVpixi
p1576
(lp1577
(I42
I56
tp1578
asVlicensing
p1579
(lp1580
(I95
I2
tp1581
asVverge
p1582
(lp1583
(I13
I50
tp1584
a(I31
I50
tp1585
a(I42
I50
tp1586
a(I66
I51
tp1587
a(I73
I50
tp1588
a(I82
I51
tp1589
a(I90
I51
tp1590
a(I95
I51
tp1591
asVfake
p1592
(lp1593
(I73
I55
tp1594
asVrarely
p1595
(lp1596
(I66
I1
tp1597
asVmarket
p1598
(lp1599
(I42
I1
tp1600
a(I66
I1
tp1601
asVeverybody
p1602
(lp1603
(I66
I2
tp1604
asVhandled
p1605
(lp1606
(I95
I1
tp1607
asVsharper
p1608
(lp1609
(I31
I1
tp1610
asVconnector
p1611
(lp1612
(I66
I1
tp1613
asVlive
p1614
(lp1615
(I66
I1
tp1616
asViphone
p1617
(lp1618
(I66
I2
tp1619
asVfilms
p1620
(lp1621
(I95
I1
tp1622
asVblack
p1623
(lp1624
(I13
I1
tp1625
a(I66
I1
tp1626
asV``
p1627
(lp1628
(I13
I1
tp1629
a(I42
I2
tp1630
a(I66
I6
tp1631
a(I73
I2
tp1632
a(I82
I10
tp1633
a(I95
I7
tp1634
asVsharing
p1635
(lp1636
(I90
I1
tp1637
asVteased
p1638
(lp1639
(I13
I1
tp1640
a(I42
I1
tp1641
asVclicking
p1642
(lp1643
(I66
I1
tp1644
asVenvelope
p1645
(lp1646
(I66
I1
tp1647
asVcases
p1648
(lp1649
(I66
I1
tp1650
asVfly
p1651
(lp1652
(I95
I2
tp1653
asVdeserved
p1654
(lp1655
(I82
I1
tp1656
asVcar
p1657
(lp1658
(I95
I23
tp1659
asVbelieves
p1660
(lp1661
(I66
I1
tp1662
asVincidents
p1663
(lp1664
(I95
I1
tp1665
asVgrowing
p1666
(lp1667
(I31
I1
tp1668
asVmaking
p1669
(lp1670
(I73
I51
tp1671
asVclaim
p1672
(lp1673
(I66
I1
tp1674
asVcrazy
p1675
(lp1676
(I66
I1
tp1677
asVnexus
p1678
(lp1679
(I31
I1
tp1680
asVnewsletters
p1681
(lp1682
(I90
I1
tp1683
asVthere\u2019s
p1684
(lp1685
(I31
I1
tp1686
a(I95
I8
tp1687
asVsample
p1688
(lp1689
(I31
I1
tp1690
asVunveiled
p1691
(lp1692
(I90
I51
tp1693
asV236
p1694
(lp1695
(I66
I1
tp1696
asVdennis
p1697
(lp1698
(I95
I53
tp1699
asVevidently
p1700
(lp1701
(I82
I1
tp1702
asVfortunately
p1703
(lp1704
(I66
I1
tp1705
asVproduct
p1706
(lp1707
(I13
I1
tp1708
asVinformation
p1709
(lp1710
(I90
I1
tp1711
asVmay
p1712
(lp1713
(I13
I1
tp1714
a(I42
I1
tp1715
asVneat
p1716
(lp1717
(I31
I1
tp1718
asVspot
p1719
(lp1720
(I95
I1
tp1721
asVdesigned
p1722
(lp1723
(I66
I1
tp1724
a(I95
I1
tp1725
asVdata
p1726
(lp1727
(I31
I1
tp1728
a(I66
I1
tp1729
a(I90
I2
tp1730
asVgrow
p1731
(lp1732
(I66
I2
tp1733
asVman
p1734
(lp1735
(I82
I1
tp1736
a(I95
I53
tp1737
asVstress
p1738
(lp1739
(I66
I1
tp1740
asVnatural
p1741
(lp1742
(I66
I2
tp1743
asVremember
p1744
(lp1745
(I31
I1
tp1746
a(I66
I1
tp1747
asVmaybe
p1748
(lp1749
(I82
I1
tp1750
a(I95
I1
tp1751
asVq
p1752
(lp1753
(I95
I51
tp1754
asVdefinitions
p1755
(lp1756
(I66
I1
tp1757
asVpulled
p1758
(lp1759
(I66
I1
tp1760
asVsd
p1761
(lp1762
(I66
I1
tp1763
asVbreaking
p1764
(lp1765
(I95
I1
tp1766
asVyears
p1767
(lp1768
(I66
I2
tp1769
a(I95
I2
tp1770
asVcourse
p1771
(lp1772
(I13
I1
tp1773
a(I31
I1
tp1774
asVtablets
p1775
(lp1776
(I66
I1
tp1777
asVstill
p1778
(lp1779
(I31
I1
tp1780
a(I66
I3
tp1781
a(I82
I1
tp1782
a(I95
I1
tp1783
asVgroup
p1784
(lp1785
(I73
I53
tp1786
asVmonitor
p1787
(lp1788
(I66
I2
tp1789
asVinteresting
p1790
(lp1791
(I66
I1
tp1792
a(I95
I1
tp1793
asVtorn
p1794
(lp1795
(I66
I1
tp1796
asVamazing
p1797
(lp1798
(I95
I2
tp1799
asVforms
p1800
(lp1801
(I73
I1
tp1802
asVpolicy
p1803
(lp1804
(I90
I1
tp1805
asVloophole
p1806
(lp1807
(I82
I1
tp1808
asVhappened
p1809
(lp1810
(I95
I1
tp1811
asVretails
p1812
(lp1813
(I13
I1
tp1814
asVmatches
p1815
(lp1816
(I31
I1
tp1817
a(I73
I1
tp1818
a(I82
I1
tp1819
asVconversations
p1820
(lp1821
(I82
I1
tp1822
asVunderneath
p1823
(lp1824
(I66
I1
tp1825
asVsafari
p1826
(lp1827
(I66
I1
tp1828
asVhalf
p1829
(lp1830
(I66
I1
tp1831
asVmatched
p1832
(lp1833
(I82
I1
tp1834
asVterm
p1835
(lp1836
(I73
I1
tp1837
asVname
p1838
(lp1839
(I42
I1
tp1840
a(I66
I2
tp1841
a(I82
I1
tp1842
asVjanuary
p1843
(lp1844
(I90
I1
tp1845
asVrealistic
p1846
(lp1847
(I73
I1
tp1848
asVentirely
p1849
(lp1850
(I66
I1
tp1851
asVyeah
p1852
(lp1853
(I95
I2
tp1854
asVyear
p1855
(lp1856
(I42
I1
tp1857
asVgirl
p1858
(lp1859
(I82
I1
tp1860
asVopened
p1861
(lp1862
(I31
I1
tp1863
a(I95
I1
tp1864
asV3rd
p1865
(lp1866
(I90
I4
tp1867
asVspace
p1868
(lp1869
(I66
I2
tp1870
asVthirst
p1871
(lp1872
(I82
I2
tp1873
asVlooking
p1874
(lp1875
(I66
I1
tp1876
asVreceiving
p1877
(lp1878
(I82
I1
tp1879
asVcorrect
p1880
(lp1881
(I95
I2
tp1882
asVshows
p1883
(lp1884
(I13
I1
tp1885
a(I42
I1
tp1886
a(I82
I1
tp1887
asVcars
p1888
(lp1889
(I95
I68
tp1890
asVmillion
p1891
(lp1892
(I95
I2
tp1893
asVpreviews
p1894
(lp1895
(I66
I1
tp1896
asVcomplicated
p1897
(lp1898
(I42
I1
tp1899
asVbesides
p1900
(lp1901
(I66
I1
tp1902
asVwi-fi
p1903
(lp1904
(I66
I2
tp1905
asVcard
p1906
(lp1907
(I66
I1
tp1908
asVcare
p1909
(lp1910
(I31
I1
tp1911
a(I66
I1
tp1912
a(I95
I1
tp1913
asVadvance
p1914
(lp1915
(I13
I1
tp1916
asVchevy
p1917
(lp1918
(I95
I2
tp1919
asVthing
p1920
(lp1921
(I31
I3
tp1922
a(I66
I4
tp1923
a(I95
I1
tp1924
asVplace
p1925
(lp1926
(I73
I1
tp1927
asVthink
p1928
(lp1929
(I31
I1
tp1930
a(I66
I2
tp1931
a(I95
I11
tp1932
asVfirst
p1933
(lp1934
(I31
I1
tp1935
a(I42
I1
tp1936
a(I66
I2
tp1937
a(I73
I2
tp1938
a(I82
I4
tp1939
a(I95
I2
tp1940
asVimpossibly
p1941
(lp1942
(I66
I2
tp1943
asVone
p1944
(lp1945
(I31
I3
tp1946
a(I42
I1
tp1947
a(I66
I8
tp1948
a(I82
I2
tp1949
a(I95
I8
tp1950
asVlong
p1951
(lp1952
(I66
I1
tp1953
a(I82
I1
tp1954
asVcarry
p1955
(lp1956
(I13
I1
tp1957
a(I66
I1
tp1958
a(I82
I1
tp1959
asVimpossible
p1960
(lp1961
(I66
I2
tp1962
a(I95
I1
tp1963
asVmessage
p1964
(lp1965
(I73
I1
tp1966
a(I82
I1
tp1967
asVopen
p1968
(lp1969
(I66
I1
tp1970
asVengineer
p1971
(lp1972
(I82
I1
tp1973
asVlittle
p1974
(lp1975
(I13
I1
tp1976
a(I31
I1
tp1977
a(I66
I7
tp1978
a(I82
I2
tp1979
asVanyone
p1980
(lp1981
(I31
I1
tp1982
a(I95
I1
tp1983
asV2
p1984
(lp1985
(I31
I1
tp1986
a(I42
I1
tp1987
asVconvention
p1988
(lp1989
(I13
I1
tp1990
asVfriend
p1991
(lp1992
(I82
I1
tp1993
asVmostly
p1994
(lp1995
(I66
I3
tp1996
asVmemo
p1997
(lp1998
(I66
I1
tp1999
asVinstalling
p2000
(lp2001
(I31
I1
tp2002
asV10
p2003
(lp2004
(I66
I1
tp2005
a(I95
I1
tp2006
asV12
p2007
(lp2008
(I82
I1
tp2009
asVunfortunately
p2010
(lp2011
(I66
I1
tp2012
asV16
p2013
(lp2014
(I95
I1
tp2015
asVrival
p2016
(lp2017
(I42
I1
tp2018
asVfuture
p2019
(lp2020
(I66
I3
tp2021
a(I82
I1
tp2022
asVbrowser
p2023
(lp2024
(I66
I1
tp2025
asV20s
p2026
(lp2027
(I95
I1
tp2028
asVturned
p2029
(lp2030
(I31
I1
tp2031
a(I82
I1
tp2032
asVlocations
p2033
(lp2034
(I82
I1
tp2035
asVprostitution
p2036
(lp2037
(I73
I2
tp2038
asVsay
p2039
(lp2040
(I66
I4
tp2041
a(I73
I1
tp2042
a(I95
I6
tp2043
asVmates
p2044
(lp2045
(I73
I1
tp2046
asVanger
p2047
(lp2048
(I82
I1
tp2049
asVsuperman
p2050
(lp2051
(I95
I1
tp2052
asVspeakers
p2053
(lp2054
(I66
I1
tp2055
asVefficient
p2056
(lp2057
(I66
I1
tp2058
asVshocked
p2059
(lp2060
(I95
I1
tp2061
asVideal
p2062
(lp2063
(I66
I4
tp2064
asVpotential
p2065
(lp2066
(I73
I1
tp2067
asVtake
p2068
(lp2069
(I66
I1
tp2070
a(I73
I1
tp2071
a(I95
I1
tp2072
asVresembling
p2073
(lp2074
(I66
I1
tp2075
asVdestroy
p2076
(lp2077
(I95
I2
tp2078
asVbutterfly
p2079
(lp2080
(I66
I1
tp2081
asVbegin
p2082
(lp2083
(I66
I1
tp2084
asVprinter
p2085
(lp2086
(I66
I1
tp2087
asVnormal
p2088
(lp2089
(I66
I1
tp2090
asVtrack
p2091
(lp2092
(I13
I1
tp2093
a(I31
I1
tp2094
asVdetect
p2095
(lp2096
(I66
I1
tp2097
asVconsidered
p2098
(lp2099
(I73
I1
tp2100
asVeightytwenty
p2101
(lp2102
(I73
I1
tp2103
asVtrafficking
p2104
(lp2105
(I73
I4
tp2106
asVcrank
p2107
(lp2108
(I66
I2
tp2109
asVtypically
p2110
(lp2111
(I31
I1
tp2112
asVshop
p2113
(lp2114
(I95
I1
tp2115
asVshot
p2116
(lp2117
(I66
I1
tp2118
asVkeystrokes
p2119
(lp2120
(I66
I1
tp2121
asVshow
p2122
(lp2123
(I66
I1
tp2124
asVcheap
p2125
(lp2126
(I66
I2
tp2127
asVfriction
p2128
(lp2129
(I66
I1
tp2130
asVbright
p2131
(lp2132
(I66
I1
tp2133
asVspaces
p2134
(lp2135
(I82
I1
tp2136
asVhack
p2137
(lp2138
(I82
I51
tp2139
asVaggressive
p2140
(lp2141
(I82
I2
tp2142
asVdoesn\u2019t
p2143
(lp2144
(I31
I1
tp2145
a(I95
I1
tp2146
asVimagined
p2147
(lp2148
(I31
I1
tp2149
asVfifth
p2150
(lp2151
(I95
I1
tp2152
asVslow
p2153
(lp2154
(I66
I3
tp2155
asVenough
p2156
(lp2157
(I31
I1
tp2158
a(I66
I8
tp2159
asVgoing
p2160
(lp2161
(I31
I1
tp2162
a(I66
I11
tp2163
a(I95
I3
tp2164
asVbelieving
p2165
(lp2166
(I73
I1
tp2167
asVinventions
p2168
(lp2169
(I66
I5
tp2170
asVenthusiasm
p2171
(lp2172
(I66
I1
tp2173
asVisn\u2019t
p2174
(lp2175
(I31
I1
tp2176
a(I95
I1
tp2177
asVget
p2178
(lp2179
(I31
I2
tp2180
a(I66
I3
tp2181
a(I95
I6
tp2182
asVassistant
p2183
(lp2184
(I31
I1
tp2185
asVreps
p2186
(lp2187
(I31
I2
tp2188
asVtruly
p2189
(lp2190
(I66
I1
tp2191
asVlighter
p2192
(lp2193
(I66
I1
tp2194
asVmichelle\u2019s
p2195
(lp2196
(I95
I1
tp2197
asVreveal
p2198
(lp2199
(I82
I1
tp2200
asVresource
p2201
(lp2202
(I66
I1
tp2203
asVkeenly
p2204
(lp2205
(I31
I1
tp2206
asVsettings
p2207
(lp2208
(I66
I2
tp2209
asVreveals
p2210
(lp2211
(I82
I1
tp2212
asVbounds
p2213
(lp2214
(I95
I1
tp2215
asVconnections
p2216
(lp2217
(I42
I1
tp2218
asVnamely
p2219
(lp2220
(I82
I1
tp2221
asVactively
p2222
(lp2223
(I31
I1
tp2224
asVsean
p2225
(lp2226
(I66
I1
tp2227
asVwonder
p2228
(lp2229
(I66
I2
tp2230
a(I82
I1
tp2231
asVsatisfying
p2232
(lp2233
(I31
I1
tp2234
a(I66
I1
tp2235
asVjumped
p2236
(lp2237
(I95
I1
tp2238
asVreview
p2239
(lp2240
(I66
I51
tp2241
asV3
p2242
(lp2243
(I31
I1
tp2244
a(I42
I2
tp2245
a(I95
I1
tp2246
asVacross
p2247
(lp2248
(I66
I1
tp2249
a(I73
I1
tp2250
a(I82
I1
tp2251
asVmolds
p2252
(lp2253
(I95
I1
tp2254
asVaffordable
p2255
(lp2256
(I42
I1
tp2257
asVjobs
p2258
(lp2259
(I66
I1
tp2260
asVscreen
p2261
(lp2262
(I66
I7
tp2263
a(I95
I1
tp2264
asVdome
p2265
(lp2266
(I66
I1
tp2267
asV3.4
p2268
(lp2269
(I95
I1
tp2270
asVcome
p2271
(lp2272
(I66
I2
tp2273
a(I73
I1
tp2274
a(I82
I1
tp2275
a(I95
I2
tp2276
asVpixels
p2277
(lp2278
(I66
I1
tp2279
asVmany
p2280
(lp2281
(I13
I1
tp2282
a(I73
I1
tp2283
a(I95
I1
tp2284
asVaccording
p2285
(lp2286
(I31
I1
tp2287
asVpersonal
p2288
(lp2289
(I95
I1
tp2290
asVcomes
p2291
(lp2292
(I42
I1
tp2293
a(I66
I2
tp2294
a(I95
I4
tp2295
asVbricks
p2296
(lp2297
(I66
I1
tp2298
asVpop
p2299
(lp2300
(I42
I1
tp2301
asVexploit
p2302
(lp2303
(I82
I1
tp2304
asVstretched
p2305
(lp2306
(I95
I1
tp2307
asVbizarre
p2308
(lp2309
(I82
I1
tp2310
asVconsidering
p2311
(lp2312
(I95
I1
tp2313
asVlate
p2314
(lp2315
(I31
I1
tp2316
a(I82
I1
tp2317
asVunusual
p2318
(lp2319
(I13
I1
tp2320
asVporsche
p2321
(lp2322
(I95
I2
tp2323
asVmark
p2324
(lp2325
(I13
I1
tp2326
a(I95
I1
tp2327
asVbreath
p2328
(lp2329
(I31
I1
tp2330
asVdon\u2019t
p2331
(lp2332
(I31
I4
tp2333
a(I66
I2
tp2334
asVc-130
p2335
(lp2336
(I95
I1
tp2337
asVfeaturing
p2338
(lp2339
(I13
I1
tp2340
asVruining
p2341
(lp2342
(I66
I1
tp2343
asVwants
p2344
(lp2345
(I73
I51
tp2346
asVlaptops
p2347
(lp2348
(I66
I5
tp2349
asVphotos
p2350
(lp2351
(I73
I3
tp2352
a(I90
I51
tp2353
asVexternal
p2354
(lp2355
(I66
I1
tp2356
asVpaying
p2357
(lp2358
(I31
I1
tp2359
asVsex
p2360
(lp2361
(I73
I61
tp2362
asVengineering
p2363
(lp2364
(I66
I1
tp2365
asVprofiles
p2366
(lp2367
(I73
I55
tp2368
a(I82
I1
tp2369
asVn't
p2370
(lp2371
(I31
I2
tp2372
a(I42
I2
tp2373
a(I66
I13
tp2374
a(I95
I1
tp2375
asVcast
p2376
(lp2377
(I95
I55
tp2378
asVbros
p2379
(lp2380
(I82
I51
tp2381
asVregularity
p2382
(lp2383
(I31
I1
tp2384
asVgood
p2385
(lp2386
(I42
I1
tp2387
a(I66
I3
tp2388
a(I95
I1
tp2389
asVmotivated
p2390
(lp2391
(I31
I1
tp2392
asVtechnology
p2393
(lp2394
(I31
I1
tp2395
asVdifferent
p2396
(lp2397
(I31
I1
tp2398
a(I42
I1
tp2399
a(I66
I1
tp2400
a(I95
I6
tp2401
asValphabet
p2402
(lp2403
(I66
I1
tp2404
asVauthentication
p2405
(lp2406
(I82
I1
tp2407
asVcatfish
p2408
(lp2409
(I82
I1
tp2410
asVstepped
p2411
(lp2412
(I82
I1
tp2413
asVweek
p2414
(lp2415
(I66
I1
tp2416
a(I95
I2
tp2417
asVvisually
p2418
(lp2419
(I95
I1
tp2420
asVthat\u2019s
p2421
(lp2422
(I31
I3
tp2423
a(I66
I1
tp2424
a(I95
I12
tp2425
asVnest
p2426
(lp2427
(I66
I1
tp2428
asVdriver
p2429
(lp2430
(I95
I3
tp2431
asVtotally
p2432
(lp2433
(I66
I2
tp2434
asVtracking
p2435
(lp2436
(I31
I1
tp2437
asVcharger
p2438
(lp2439
(I95
I1
tp2440
asVwithout
p2441
(lp2442
(I31
I3
tp2443
a(I66
I1
tp2444
a(I82
I1
tp2445
a(I95
I1
tp2446
asVperipherals
p2447
(lp2448
(I66
I2
tp2449
asVmodel
p2450
(lp2451
(I42
I1
tp2452
a(I66
I1
tp2453
a(I95
I1
tp2454
asVcharged
p2455
(lp2456
(I66
I2
tp2457
asVhaven\u2019t
p2458
(lp2459
(I31
I1
tp2460
asVsummer
p2461
(lp2462
(I82
I1
tp2463
asVmoney
p2464
(lp2465
(I73
I1
tp2466
asVneoh
p2467
(lp2468
(I90
I51
tp2469
asVactions
p2470
(lp2471
(I73
I1
tp2472
asVtouch
p2473
(lp2474
(I42
I1
tp2475
a(I66
I2
tp2476
asVflavor
p2477
(lp2478
(I95
I1
tp2479
asVspeed
p2480
(lp2481
(I95
I1
tp2482
asVthinking
p2483
(lp2484
(I82
I1
tp2485
asVlets
p2486
(lp2487
(I66
I1
tp2488
a(I82
I1
tp2489
asV4
p2490
(lp2491
(I42
I1
tp2492
a(I90
I1
tp2493
asVextensive
p2494
(lp2495
(I82
I1
tp2496
asVreal
p2497
(lp2498
(I66
I2
tp2499
a(I73
I2
tp2500
a(I95
I10
tp2501
asVi\u2019d
p2502
(lp2503
(I31
I1
tp2504
asVaround
p2505
(lp2506
(I66
I1
tp2507
asVi\u2019m
p2508
(lp2509
(I31
I7
tp2510
a(I66
I1
tp2511
a(I95
I4
tp2512
asVdark
p2513
(lp2514
(I66
I1
tp2515
asVdepartment
p2516
(lp2517
(I95
I2
tp2518
asVworld
p2519
(lp2520
(I13
I1
tp2521
a(I31
I1
tp2522
asVwould\u2019ve
p2523
(lp2524
(I95
I2
tp2525
asVintel
p2526
(lp2527
(I66
I1
tp2528
asVpounds
p2529
(lp2530
(I66
I1
tp2531
asVpatrick
p2532
(lp2533
(I82
I5
tp2534
asV've
p2535
(lp2536
(I31
I2
tp2537
a(I66
I3
tp2538
a(I73
I2
tp2539
asVaudience
p2540
(lp2541
(I90
I1
tp2542
asVeither
p2543
(lp2544
(I66
I1
tp2545
a(I95
I1
tp2546
asVgoogle\u2019s
p2547
(lp2548
(I31
I1
tp2549
asVhacks
p2550
(lp2551
(I82
I1
tp2552
asVimages
p2553
(lp2554
(I73
I2
tp2555
asVgross
p2556
(lp2557
(I82
I1
tp2558
asVlegal
p2559
(lp2560
(I73
I1
tp2561
asVexpressing
p2562
(lp2563
(I66
I1
tp2564
asVrefer
p2565
(lp2566
(I66
I1
tp2567
asVmeasuring
p2568
(lp2569
(I66
I1
tp2570
asVwelcome
p2571
(lp2572
(I13
I1
tp2573
asVbusiness
p2574
(lp2575
(I73
I1
tp2576
a(I95
I1
tp2577
asVnotably
p2578
(lp2579
(I66
I1
tp2580
asVstandpoint
p2581
(lp2582
(I66
I1
tp2583
asVexciting
p2584
(lp2585
(I95
I2
tp2586
asVwalkman-branded
p2587
(lp2588
(I13
I1
tp2589
asV841
p2590
(lp2591
(I13
I1
tp2592
asVindustry
p2593
(lp2594
(I95
I1
tp2595
asVfavorite
p2596
(lp2597
(I82
I1
tp2598
a(I95
I1
tp2599
asVpractical
p2600
(lp2601
(I95
I3
tp2602
asVstand
p2603
(lp2604
(I31
I1
tp2605
a(I66
I1
tp2606
asVlasting
p2607
(lp2608
(I66
I1
tp2609
asVos
p2610
(lp2611
(I42
I52
tp2612
a(I66
I1
tp2613
asVprocessor
p2614
(lp2615
(I42
I1
tp2616
a(I66
I5
tp2617
asVfilmmakers
p2618
(lp2619
(I95
I1
tp2620
asVimage
p2621
(lp2622
(I82
I1
tp2623
asVpick-up
p2624
(lp2625
(I82
I1
tp2626
asVreferences
p2627
(lp2628
(I13
I1
tp2629
asVparties
p2630
(lp2631
(I73
I1
tp2632
asVtechnically
p2633
(lp2634
(I73
I1
tp2635
asVassumed
p2636
(lp2637
(I13
I1
tp2638
asVhey
p2639
(lp2640
(I95
I2
tp2641
asVdesert
p2642
(lp2643
(I95
I1
tp2644
asVstart
p2645
(lp2646
(I66
I1
tp2647
a(I95
I1
tp2648
asVlot
p2649
(lp2650
(I66
I2
tp2651
a(I95
I5
tp2652
asVcomplete
p2653
(lp2654
(I90
I1
tp2655
asVregard
p2656
(lp2657
(I66
I1
tp2658
asVtrying
p2659
(lp2660
(I13
I1
tp2661
a(I42
I1
tp2662
a(I95
I1
tp2663
asVfaster
p2664
(lp2665
(I66
I1
tp2666
asVpull
p2667
(lp2668
(I66
I2
tp2669
asVflirt
p2670
(lp2671
(I82
I51
tp2672
asVconnect
p2673
(lp2674
(I66
I1
tp2675
asVvehicles
p2676
(lp2677
(I95
I2
tp2678
asVvideos
p2679
(lp2680
(I66
I1
tp2681
asVcinema
p2682
(lp2683
(I66
I1
tp2684
asVcertain
p2685
(lp2686
(I31
I1
tp2687
asVmoved
p2688
(lp2689
(I66
I1
tp2690
asVtogether
p2691
(lp2692
(I95
I1
tp2693
asVgirlfriend
p2694
(lp2695
(I82
I1
tp2696
asVcables
p2697
(lp2698
(I66
I1
tp2699
asVdawn
p2700
(lp2701
(I95
I1
tp2702
asVfilm
p2703
(lp2704
(I95
I8
tp2705
asV4.5
p2706
(lp2707
(I42
I1
tp2708
asVstumbled
p2709
(lp2710
(I31
I1
tp2711
asV4.0
p2712
(lp2713
(I66
I1
tp2714
asVpersonnel
p2715
(lp2716
(I95
I1
tp2717
asVtype-c
p2718
(lp2719
(I66
I3
tp2720
asVhybrid
p2721
(lp2722
(I95
I2
tp2723
asV5
p2724
(lp2725
(I31
I2
tp2726
a(I42
I1
tp2727
asV1440
p2728
(lp2729
(I66
I2
tp2730
asVfools
p2731
(lp2732
(I82
I1
tp2733
asVthirsty
p2734
(lp2735
(I82
I1
tp2736
asVbriefly
p2737
(lp2738
(I95
I1
tp2739
asVhardware
p2740
(lp2741
(I66
I1
tp2742
asVimportant
p2743
(lp2744
(I95
I1
tp2745
asVchris
p2746
(lp2747
(I95
I1
tp2748
asVtricky
p2749
(lp2750
(I42
I1
tp2751
asVcalls
p2752
(lp2753
(I95
I1
tp2754
asVtricks
p2755
(lp2756
(I66
I1
tp2757
asVwebsites
p2758
(lp2759
(I66
I1
tp2760
asVresolution
p2761
(lp2762
(I66
I2
tp2763
asVoriginal
p2764
(lp2765
(I66
I3
tp2766
a(I82
I1
tp2767
asVconsider
p2768
(lp2769
(I31
I1
tp2770
asVoff-road
p2771
(lp2772
(I95
I1
tp2773
asVlack
p2774
(lp2775
(I66
I1
tp2776
a(I95
I2
tp2777
asVcode
p2778
(lp2779
(I82
I1
tp2780
asVprogram
p2781
(lp2782
(I82
I2
tp2783
asVhealth
p2784
(lp2785
(I31
I2
tp2786
asVenjoying
p2787
(lp2788
(I31
I2
tp2789
asVcase
p2790
(lp2791
(I66
I1
tp2792
asVwoman
p2793
(lp2794
(I82
I1
tp2795
asVsong
p2796
(lp2797
(I82
I1
tp2798
asVfar
p2799
(lp2800
(I66
I3
tp2801
a(I95
I2
tp2802
asV-\u2014
p2803
(lp2804
(I31
I1
tp2805
asVfan
p2806
(lp2807
(I66
I1
tp2808
asVdecide
p2809
(lp2810
(I95
I1
tp2811
asVgot
p2812
(lp2813
(I31
I2
tp2814
a(I66
I1
tp2815
a(I95
I2
tp2816
asVsony
p2817
(lp2818
(I13
I55
tp2819
asVdifference
p2820
(lp2821
(I66
I1
tp2822
a(I95
I1
tp2823
asVdongle
p2824
(lp2825
(I66
I3
tp2826
asVsmall
p2827
(lp2828
(I31
I1
tp2829
a(I66
I3
tp2830
asVdamper
p2831
(lp2832
(I66
I1
tp2833
asVauthenticating
p2834
(lp2835
(I90
I1
tp2836
asVquicker
p2837
(lp2838
(I31
I1
tp2839
asVsync
p2840
(lp2841
(I66
I2
tp2842
asVpast
p2843
(lp2844
(I31
I1
tp2845
asVinvention
p2846
(lp2847
(I66
I5
tp2848
asVdesign
p2849
(lp2850
(I13
I1
tp2851
a(I31
I1
tp2852
a(I66
I2
tp2853
asVperspective
p2854
(lp2855
(I66
I1
tp2856
asVcues
p2857
(lp2858
(I13
I1
tp2859
asVbrief
p2860
(lp2861
(I31
I1
tp2862
asVversion
p2863
(lp2864
(I66
I1
tp2865
a(I95
I1
tp2866
asVissues
p2867
(lp2868
(I73
I1
tp2869
a(I95
I1
tp2870
asVlearned
p2871
(lp2872
(I31
I1
tp2873
asVpublic
p2874
(lp2875
(I73
I2
tp2876
asVhandy
p2877
(lp2878
(I95
I1
tp2879
asVfull
p2880
(lp2881
(I66
I2
tp2882
a(I73
I1
tp2883
asVloose
p2884
(lp2885
(I66
I2
tp2886
asVoverstatement
p2887
(lp2888
(I95
I1
tp2889
asVsupposedly
p2890
(lp2891
(I73
I1
tp2892
asVhours
p2893
(lp2894
(I31
I1
tp2895
a(I66
I2
tp2896
a(I82
I1
tp2897
asVoperating
p2898
(lp2899
(I42
I4
tp2900
asVinteroffice
p2901
(lp2902
(I66
I1
tp2903
asVnovember
p2904
(lp2905
(I42
I1
tp2906
asVstrong
p2907
(lp2908
(I66
I2
tp2909
asVconflation
p2910
(lp2911
(I73
I1
tp2912
asV900
p2913
(lp2914
(I66
I1
tp2915
asVinspired
p2916
(lp2917
(I66
I1
tp2918
asVexperience
p2919
(lp2920
(I42
I2
tp2921
a(I66
I3
tp2922
a(I90
I2
tp2923
asVprior
p2924
(lp2925
(I95
I2
tp2926
asVhealthier
p2927
(lp2928
(I31
I1
tp2929
asVbreakdown
p2930
(lp2931
(I95
I1
tp2932
asVadvertising
p2933
(lp2934
(I73
I1
tp2935
asVaction
p2936
(lp2937
(I95
I1
tp2938
asVmembers
p2939
(lp2940
(I95
I1
tp2941
asVvin
p2942
(lp2943
(I95
I5
tp2944
asVboxxy
p2945
(lp2946
(I82
I1
tp2947
asVscreens
p2948
(lp2949
(I66
I1
tp2950
asVput
p2951
(lp2952
(I95
I3
tp2953
asVfull-sized
p2954
(lp2955
(I66
I1
tp2956
asVselect
p2957
(lp2958
(I66
I1
tp2959
asVtakes
p2960
(lp2961
(I66
I1
tp2962
asVtwo
p2963
(lp2964
(I31
I3
tp2965
a(I66
I2
tp2966
a(I73
I1
tp2967
a(I82
I1
tp2968
a(I95
I4
tp2969
asVgorgeous
p2970
(lp2971
(I82
I1
tp2972
asVtaken
p2973
(lp2974
(I31
I1
tp2975
a(I95
I2
tp2976
asVmarkets
p2977
(lp2978
(I42
I1
tp2979
asVturbo
p2980
(lp2981
(I66
I2
tp2982
asVknows
p2983
(lp2984
(I31
I2
tp2985
asVcompany
p2986
(lp2987
(I42
I5
tp2988
a(I82
I1
tp2989
asVmozilla
p2990
(lp2991
(I42
I1
tp2992
asVflag
p2993
(lp2994
(I82
I1
tp2995
asVbasically
p2996
(lp2997
(I66
I2
tp2998
a(I95
I4
tp2999
asVparticular
p3000
(lp3001
(I95
I2
tp3002
asVhurry
p3003
(lp3004
(I66
I2
tp3005
asVvlogger
p3006
(lp3007
(I82
I1
tp3008
asVhelped
p3009
(lp3010
(I31
I1
tp3011
asVnone
p3012
(lp3013
(I66
I1
tp3014
asVhour
p3015
(lp3016
(I31
I1
tp3017
a(I66
I1
tp3018
asV12-inch
p3019
(lp3020
(I66
I51
tp3021
asVnine
p3022
(lp3023
(I66
I1
tp3024
asVlearn
p3025
(lp3026
(I90
I1
tp3027
asVmale
p3028
(lp3029
(I82
I2
tp3030
asVscramble
p3031
(lp3032
(I82
I1
tp3033
asVhistory
p3034
(lp3035
(I66
I1
tp3036
a(I95
I1
tp3037
asVbeautiful
p3038
(lp3039
(I66
I1
tp3040
asVhinting
p3041
(lp3042
(I13
I1
tp3043
asVstated
p3044
(lp3045
(I95
I1
tp3046
asVshare
p3047
(lp3048
(I13
I3
tp3049
a(I31
I3
tp3050
a(I42
I3
tp3051
a(I73
I3
tp3052
a(I82
I3
tp3053
a(I90
I1
tp3054
a(I95
I3
tp3055
asVnumbers
p3056
(lp3057
(I31
I4
tp3058
a(I82
I1
tp3059
asVsense
p3060
(lp3061
(I66
I1
tp3062
asVsharp
p3063
(lp3064
(I66
I1
tp3065
asVairplane
p3066
(lp3067
(I95
I1
tp3068
asVwheelbase
p3069
(lp3070
(I95
I1
tp3071
asV!
p3072
(lp3073
(I66
I2
tp3074
a(I90
I1
tp3075
a(I95
I1
tp3076
asVhuge
p3077
(lp3078
(I66
I1
tp3079
asVneeds
p3080
(lp3081
(I31
I1
tp3082
asVgoal
p3083
(lp3084
(I95
I1
tp3085
asVdesperation
p3086
(lp3087
(I82
I1
tp3088
asVrather
p3089
(lp3090
(I95
I1
tp3091
asVimminent
p3092
(lp3093
(I82
I1
tp3094
asVcomfort
p3095
(lp3096
(I66
I1
tp3097
asVokay
p3098
(lp3099
(I66
I1
tp3100
a(I95
I1
tp3101
asVw
p3102
(lp3103
(I95
I2
tp3104
asVplane
p3105
(lp3106
(I95
I1
tp3107
asVstartlingly
p3108
(lp3109
(I73
I1
tp3110
asVcoming
p3111
(lp3112
(I13
I50
tp3113
a(I42
I1
tp3114
a(I95
I1
tp3115
asVethics
p3116
(lp3117
(I82
I1
tp3118
asVresponse
p3119
(lp3120
(I73
I1
tp3121
asVbleak
p3122
(lp3123
(I82
I1
tp3124
asVmedia
p3125
(lp3126
(I13
I1
tp3127
asVputting
p3128
(lp3129
(I66
I1
tp3130
a(I95
I1
tp3131
asVdream
p3132
(lp3133
(I66
I1
tp3134
asVplaying
p3135
(lp3136
(I31
I1
tp3137
asVhelp
p3138
(lp3139
(I31
I1
tp3140
asVseptember
p3141
(lp3142
(I13
I1
tp3143
asVdeveloped
p3144
(lp3145
(I82
I1
tp3146
a(I95
I1
tp3147
asVsoon
p3148
(lp3149
(I66
I1
tp3150
a(I73
I1
tp3151
asVsigns
p3152
(lp3153
(I73
I1
tp3154
a(I82
I1
tp3155
asVhell
p3156
(lp3157
(I66
I1
tp3158
asV20
p3159
(lp3160
(I66
I2
tp3161
asVactually
p3162
(lp3163
(I42
I1
tp3164
a(I66
I6
tp3165
a(I95
I6
tp3166
asVapp\u2019s
p3167
(lp3168
(I82
I1
tp3169
asVever-growing
p3170
(lp3171
(I95
I1
tp3172
asVsystems
p3173
(lp3174
(I42
I6
tp3175
asVmight
p3176
(lp3177
(I31
I2
tp3178
a(I42
I2
tp3179
a(I66
I3
tp3180
a(I95
I2
tp3181
asVsomeone
p3182
(lp3183
(I82
I1
tp3184
a(I95
I1
tp3185
asVreturn
p3186
(lp3187
(I13
I1
tp3188
a(I42
I1
tp3189
asVframework
p3190
(lp3191
(I73
I1
tp3192
asVces
p3193
(lp3194
(I13
I51
tp3195
a(I42
I1
tp3196
a(I90
I51
tp3197
asVprocessor-intensive
p3198
(lp3199
(I66
I1
tp3200
asVcomplain
p3201
(lp3202
(I82
I1
tp3203
asVbigger
p3204
(lp3205
(I66
I1
tp3206
asVeasily
p3207
(lp3208
(I13
I1
tp3209
a(I66
I3
tp3210
asVheadroom
p3211
(lp3212
(I66
I1
tp3213
asValways
p3214
(lp3215
(I31
I1
tp3216
a(I95
I3
tp3217
asVtoken
p3218
(lp3219
(I82
I1
tp3220
asVhabits
p3221
(lp3222
(I31
I1
tp3223
asVwho\u2019s
p3224
(lp3225
(I95
I1
tp3226
asVfound
p3227
(lp3228
(I31
I1
tp3229
a(I82
I1
tp3230
asVports
p3231
(lp3232
(I66
I1
tp3233
asVtrailer
p3234
(lp3235
(I95
I2
tp3236
asVheavy
p3237
(lp3238
(I66
I1
tp3239
asVreactions
p3240
(lp3241
(I31
I1
tp3242
asVeveryone
p3243
(lp3244
(I95
I1
tp3245
asVmental
p3246
(lp3247
(I31
I1
tp3248
asVweight
p3249
(lp3250
(I66
I1
tp3251
asVscript-wise
p3252
(lp3253
(I95
I1
tp3254
asVgeneration
p3255
(lp3256
(I66
I1
tp3257
asVhouse
p3258
(lp3259
(I66
I1
tp3260
asVenergy
p3261
(lp3262
(I66
I1
tp3263
asVhard
p3264
(lp3265
(I66
I1
tp3266
asVidea
p3267
(lp3268
(I31
I1
tp3269
a(I66
I1
tp3270
a(I82
I1
tp3271
asVexpect
p3272
(lp3273
(I31
I1
tp3274
a(I66
I2
tp3275
a(I95
I1
tp3276
asVbeyond
p3277
(lp3278
(I66
I1
tp3279
asVreally
p3280
(lp3281
(I31
I1
tp3282
a(I66
I10
tp3283
a(I95
I9
tp3284
asVdeals
p3285
(lp3286
(I95
I1
tp3287
asVsince
p3288
(lp3289
(I66
I4
tp3290
a(I95
I1
tp3291
asVsafety
p3292
(lp3293
(I66
I1
tp3294
asV7
p3295
(lp3296
(I95
I57
tp3297
asVfiber
p3298
(lp3299
(I95
I1
tp3300
asVbass
p3301
(lp3302
(I66
I1
tp3303
asVdirt
p3304
(lp3305
(I95
I1
tp3306
asVlabs
p3307
(lp3308
(I90
I51
tp3309
asViphoto
p3310
(lp3311
(I66
I1
tp3312
asVreason
p3313
(lp3314
(I95
I2
tp3315
asVdire
p3316
(lp3317
(I66
I1
tp3318
asVask
p3319
(lp3320
(I90
I1
tp3321
asVbeginning
p3322
(lp3323
(I66
I1
tp3324
asVowners
p3325
(lp3326
(I42
I1
tp3327
asVlaunch
p3328
(lp3329
(I95
I1
tp3330
asVamerican
p3331
(lp3332
(I42
I1
tp3333
asVcircuit
p3334
(lp3335
(I66
I1
tp3336
asVtrackpad
p3337
(lp3338
(I66
I7
tp3339
asVfeel
p3340
(lp3341
(I31
I2
tp3342
a(I66
I8
tp3343
a(I95
I1
tp3344
asVnumber
p3345
(lp3346
(I31
I2
tp3347
a(I66
I2
tp3348
a(I82
I1
tp3349
a(I95
I1
tp3350
asVfancy
p3351
(lp3352
(I95
I2
tp3353
asVfeet
p3354
(lp3355
(I82
I1
tp3356
asVdone
p3357
(lp3358
(I66
I1
tp3359
a(I90
I1
tp3360
a(I95
I1
tp3361
asVzibell
p3362
(lp3363
(I42
I1
tp3364
asVslower
p3365
(lp3366
(I66
I1
tp3367
asVmiss
p3368
(lp3369
(I66
I1
tp3370
asVguess
p3371
(lp3372
(I66
I1
tp3373
asVscript
p3374
(lp3375
(I95
I1
tp3376
asVswipe
p3377
(lp3378
(I73
I2
tp3379
a(I82
I1
tp3380
asVleast
p3381
(lp3382
(I42
I2
tp3383
a(I73
I1
tp3384
asVplayer
p3385
(lp3386
(I13
I1
tp3387
asVwonderful
p3388
(lp3389
(I66
I1
tp3390
asVpassed
p3391
(lp3392
(I73
I1
tp3393
asVpitted
p3394
(lp3395
(I82
I1
tp3396
asVstore
p3397
(lp3398
(I31
I1
tp3399
a(I90
I1
tp3400
asVmuscles
p3401
(lp3402
(I31
I1
tp3403
asVrelationship
p3404
(lp3405
(I31
I1
tp3406
asVbehind
p3407
(lp3408
(I95
I53
tp3409
asVluckily
p3410
(lp3411
(I95
I1
tp3412
asVpart
p3413
(lp3414
(I31
I1
tp3415
a(I95
I2
tp3416
asVbelieve
p3417
(lp3418
(I31
I1
tp3419
a(I66
I1
tp3420
a(I95
I1
tp3421
asVconvinced
p3422
(lp3423
(I13
I1
tp3424
asVkind
p3425
(lp3426
(I66
I6
tp3427
asVdouble
p3428
(lp3429
(I95
I1
tp3430
asVmotivation
p3431
(lp3432
(I31
I1
tp3433
asVyou\u2019ve
p3434
(lp3435
(I95
I1
tp3436
asVskyscrapers
p3437
(lp3438
(I95
I1
tp3439
asVcognizant
p3440
(lp3441
(I31
I1
tp3442
asVvulnerable
p3443
(lp3444
(I82
I1
tp3445
asVhopelessly
p3446
(lp3447
(I31
I1
tp3448
asVbuilt
p3449
(lp3450
(I95
I4
tp3451
asVclick
p3452
(lp3453
(I66
I4
tp3454
asValso
p3455
(lp3456
(I31
I3
tp3457
a(I66
I10
tp3458
a(I73
I3
tp3459
a(I82
I2
tp3460
a(I90
I1
tp3461
asVbreeze
p3462
(lp3463
(I82
I1
tp3464
asVbuild
p3465
(lp3466
(I82
I1
tp3467
a(I95
I1
tp3468
asVplay
p3469
(lp3470
(I13
I1
tp3471
a(I31
I2
tp3472
asVadded
p3473
(lp3474
(I31
I1
tp3475
asVelectric
p3476
(lp3477
(I95
I1
tp3478
asVreact
p3479
(lp3480
(I82
I1
tp3481
asV70
p3482
(lp3483
(I66
I1
tp3484
asVnothing
p3485
(lp3486
(I66
I2
tp3487
a(I73
I1
tp3488
a(I95
I1
tp3489
asVwindows
p3490
(lp3491
(I42
I52
tp3492
asVsometimes
p3493
(lp3494
(I95
I2
tp3495
asVgiving
p3496
(lp3497
(I66
I1
tp3498
asVusual
p3499
(lp3500
(I31
I1
tp3501
asVgold
p3502
(lp3503
(I66
I2
tp3504
asVregisters
p3505
(lp3506
(I66
I1
tp3507
asVhyped
p3508
(lp3509
(I13
I1
tp3510
asVscreenshots
p3511
(lp3512
(I82
I1
tp3513
asVfind
p3514
(lp3515
(I31
I1
tp3516
a(I73
I1
tp3517
a(I82
I1
tp3518
asVnorthern
p3519
(lp3520
(I73
I1
tp3521
asVjustice
p3522
(lp3523
(I95
I1
tp3524
asVdistributed
p3525
(lp3526
(I66
I1
tp3527
asVpretty
p3528
(lp3529
(I31
I1
tp3530
a(I42
I1
tp3531
a(I66
I1
tp3532
a(I95
I2
tp3533
asV8
p3534
(lp3535
(I95
I1
tp3536
asVunconsidered
p3537
(lp3538
(I66
I2
tp3539
asVfeels
p3540
(lp3541
(I66
I5
tp3542
a(I82
I1
tp3543
asVrest
p3544
(lp3545
(I66
I1
tp3546
asVconsensual
p3547
(lp3548
(I73
I3
tp3549
asVinvestigate
p3550
(lp3551
(I95
I1
tp3552
asVcommon
p3553
(lp3554
(I31
I1
tp3555
a(I66
I1
tp3556
asVactivity
p3557
(lp3558
(I31
I1
tp3559
asVhype
p3560
(lp3561
(I66
I1
tp3562
asVx
p3563
(lp3564
(I66
I3
tp3565
asVinsane
p3566
(lp3567
(I95
I51
tp3568
asVset
p3569
(lp3570
(I31
I5
tp3571
a(I66
I2
tp3572
a(I82
I2
tp3573
a(I95
I3
tp3574
asVfanless
p3575
(lp3576
(I66
I2
tp3577
asVsee
p3578
(lp3579
(I66
I2
tp3580
a(I73
I1
tp3581
a(I82
I1
tp3582
a(I95
I4
tp3583
asVindividual
p3584
(lp3585
(I66
I1
tp3586
asVbare
p3587
(lp3588
(I66
I1
tp3589
asVclose
p3590
(lp3591
(I66
I2
tp3592
a(I95
I4
tp3593
asVskill
p3594
(lp3595
(I95
I1
tp3596
asVmovie
p3597
(lp3598
(I95
I4
tp3599
asVplease
p3600
(lp3601
(I90
I4
tp3602
asVlibraries
p3603
(lp3604
(I66
I1
tp3605
asVfans
p3606
(lp3607
(I66
I1
tp3608
a(I95
I1
tp3609
asVsmallest
p3610
(lp3611
(I42
I1
tp3612
asVprobably
p3613
(lp3614
(I13
I1
tp3615
a(I66
I4
tp3616
a(I73
I1
tp3617
a(I95
I3
tp3618
asVacutely
p3619
(lp3620
(I82
I1
tp3621
asVavailable
p3622
(lp3623
(I66
I1
tp3624
a(I90
I1
tp3625
asVrecently
p3626
(lp3627
(I42
I1
tp3628
a(I73
I2
tp3629
asVcreating
p3630
(lp3631
(I73
I1
tp3632
a(I82
I1
tp3633
asVnotoriously
p3634
(lp3635
(I82
I1
tp3636
asVmissing
p3637
(lp3638
(I31
I1
tp3639
asVinitially
p3640
(lp3641
(I82
I1
tp3642
asVsold
p3643
(lp3644
(I42
I1
tp3645
asVattention
p3646
(lp3647
(I31
I1
tp3648
asVaircraft
p3649
(lp3650
(I95
I1
tp3651
asVfranchise
p3652
(lp3653
(I95
I3
tp3654
asVlast
p3655
(lp3656
(I13
I1
tp3657
a(I31
I1
tp3658
a(I42
I1
tp3659
a(I66
I2
tp3660
a(I82
I2
tp3661
a(I95
I2
tp3662
asVbecame
p3663
(lp3664
(I66
I1
tp3665
asVlet
p3666
(lp3667
(I42
I1
tp3668
a(I66
I1
tp3669
asVbots
p3670
(lp3671
(I82
I1
tp3672
asVwhole
p3673
(lp3674
(I95
I1
tp3675
asVload
p3676
(lp3677
(I66
I1
tp3678
asVpoint
p3679
(lp3680
(I31
I2
tp3681
a(I66
I2
tp3682
a(I95
I1
tp3683
asVsimple
p3684
(lp3685
(I31
I2
tp3686
a(I66
I1
tp3687
asVbejeweled
p3688
(lp3689
(I31
I1
tp3690
asVwhatever
p3691
(lp3692
(I31
I1
tp3693
a(I66
I1
tp3694
asVsimply
p3695
(lp3696
(I66
I2
tp3697
asVthroughout
p3698
(lp3699
(I73
I1
tp3700
asVexpensive
p3701
(lp3702
(I66
I3
tp3703
a(I95
I3
tp3704
asVraise
p3705
(lp3706
(I95
I1
tp3707
asVpolitical
p3708
(lp3709
(I73
I1
tp3710
asVdue
p3711
(lp3712
(I95
I1
tp3713
asVireland
p3714
(lp3715
(I73
I55
tp3716
asVmeeting
p3717
(lp3718
(I82
I1
tp3719
asVpm
p3720
(lp3721
(I90
I1
tp3722
asVcompromises
p3723
(lp3724
(I66
I2
tp3725
asVfire
p3726
(lp3727
(I42
I1
tp3728
asVchatted
p3729
(lp3730
(I95
I1
tp3731
asVprecision
p3732
(lp3733
(I66
I1
tp3734
asVelse
p3735
(lp3736
(I31
I1
tp3737
a(I66
I1
tp3738
a(I95
I3
tp3739
asVpricey
p3740
(lp3741
(I95
I1
tp3742
asVgag
p3743
(lp3744
(I95
I1
tp3745
asVtweaked
p3746
(lp3747
(I82
I2
tp3748
asVlook
p3749
(lp3750
(I66
I1
tp3751
a(I95
I5
tp3752
asVsolid
p3753
(lp3754
(I13
I1
tp3755
asVbill
p3756
(lp3757
(I73
I1
tp3758
asVbudget
p3759
(lp3760
(I42
I1
tp3761
a(I95
I1
tp3762
asVtiered
p3763
(lp3764
(I66
I1
tp3765
asVpressed
p3766
(lp3767
(I66
I1
tp3768
asVbehavior
p3769
(lp3770
(I82
I1
tp3771
asVfun
p3772
(lp3773
(I31
I1
tp3774
asVguide
p3775
(lp3776
(I66
I1
tp3777
asVo'kane
p3778
(lp3779
(I66
I1
tp3780
asVpound
p3781
(lp3782
(I66
I2
tp3783
asVmotors
p3784
(lp3785
(I95
I2
tp3786
asVvox
p3787
(lp3788
(I82
I1
tp3789
asVlivin
p3790
(lp3791
(I66
I1
tp3792
asVhypercar
p3793
(lp3794
(I95
I1
tp3795
asVread
p3796
(lp3797
(I90
I1
tp3798
asVrelatively
p3799
(lp3800
(I66
I2
tp3801
asVsliver
p3802
(lp3803
(I66
I1
tp3804
asVused
p3805
(lp3806
(I66
I5
tp3807
a(I82
I2
tp3808
a(I95
I1
tp3809
asVtemporary
p3810
(lp3811
(I66
I1
tp3812
asVkeys
p3813
(lp3814
(I66
I1
tp3815
asVmoment
p3816
(lp3817
(I66
I1
tp3818
asVlevels
p3819
(lp3820
(I31
I1
tp3821
a(I95
I1
tp3822
asVuses
p3823
(lp3824
(I42
I2
tp3825
a(I66
I1
tp3826
a(I73
I1
tp3827
asVuser
p3828
(lp3829
(I42
I1
tp3830
a(I73
I1
tp3831
a(I82
I1
tp3832
a(I90
I2
tp3833
asVearly
p3834
(lp3835
(I95
I2
tp3836
asVbeanie
p3837
(lp3838
(I82
I1
tp3839
asVredesigned
p3840
(lp3841
(I66
I4
tp3842
asVobviously
p3843
(lp3844
(I66
I1
tp3845
a(I95
I1
tp3846
asVperson
p3847
(lp3848
(I66
I1
tp3849
a(I82
I2
tp3850
a(I95
I1
tp3851
asVedge
p3852
(lp3853
(I13
I1
tp3854
asVorganization
p3855
(lp3856
(I73
I1
tp3857
asVclearance
p3858
(lp3859
(I95
I1
tp3860
asVthings
p3861
(lp3862
(I31
I1
tp3863
a(I66
I2
tp3864
a(I82
I1
tp3865
a(I95
I2
tp3866
asVchore
p3867
(lp3868
(I31
I1
tp3869
asVshape
p3870
(lp3871
(I31
I1
tp3872
asVquestions
p3873
(lp3874
(I66
I1
tp3875
asVusing
p3876
(lp3877
(I66
I5
tp3878
a(I73
I1
tp3879
a(I90
I5
tp3880
asVheterosexual
p3881
(lp3882
(I82
I2
tp3883
asVinjuries
p3884
(lp3885
(I73
I1
tp3886
asVletting
p3887
(lp3888
(I31
I1
tp3889
asVcut
p3890
(lp3891
(I66
I1
tp3892
asV$
p3893
(lp3894
(I13
I1
tp3895
a(I66
I2
tp3896
a(I95
I2
tp3897
asVmajority
p3898
(lp3899
(I73
I1
tp3900
asVhated
p3901
(lp3902
(I66
I1
tp3903
asVworkers
p3904
(lp3905
(I73
I2
tp3906
asVpercent
p3907
(lp3908
(I66
I3
tp3909
a(I95
I1
tp3910
asVexercising
p3911
(lp3912
(I31
I3
tp3913
asVlocation
p3914
(lp3915
(I66
I1
tp3916
asVridiculously
p3917
(lp3918
(I31
I2
tp3919
a(I66
I1
tp3920
asVbig
p3921
(lp3922
(I66
I6
tp3923
a(I73
I1
tp3924
asVshowing
p3925
(lp3926
(I31
I1
tp3927
a(I73
I1
tp3928
asVimovie
p3929
(lp3930
(I66
I1
tp3931
asVtweaks
p3932
(lp3933
(I82
I1
tp3934
asVgame
p3935
(lp3936
(I31
I2
tp3937
asVquest
p3938
(lp3939
(I82
I1
tp3940
asVsuitors\u2019
p3941
(lp3942
(I82
I1
tp3943
asVbit
p3944
(lp3945
(I31
I2
tp3946
a(I66
I1
tp3947
a(I95
I1
tp3948
asVwirelessly
p3949
(lp3950
(I66
I2
tp3951
asVsignal
p3952
(lp3953
(I66
I1
tp3954
asVignore
p3955
(lp3956
(I66
I1
tp3957
a(I82
I2
tp3958
asVindividuals
p3959
(lp3960
(I82
I1
tp3961
asVindication
p3962
(lp3963
(I13
I1
tp3964
asVcar-focused
p3965
(lp3966
(I95
I1
tp3967
asVpopular
p3968
(lp3969
(I73
I1
tp3970
asVessential
p3971
(lp3972
(I66
I1
tp3973
asVgoogle
p3974
(lp3975
(I42
I1
tp3976
a(I66
I2
tp3977
asVoften
p3978
(lp3979
(I31
I2
tp3980
a(I82
I1
tp3981
asVabsolutely
p3982
(lp3983
(I95
I3
tp3984
asVback
p3985
(lp3986
(I66
I5
tp3987
a(I73
I1
tp3988
a(I82
I2
tp3989
a(I95
I2
tp3990
asVlips
p3991
(lp3992
(I82
I1
tp3993
asVpalm
p3994
(lp3995
(I42
I3
tp3996
asVnewsletter
p3997
(lp3998
(I90
I1
tp3999
asVacquaintance
p4000
(lp4001
(I82
I1
tp4002
asVsemi-anonymized
p4003
(lp4004
(I82
I1
tp4005
asVnovelty
p4006
(lp4007
(I31
I1
tp4008
asVbehave
p4009
(lp4010
(I82
I1
tp4011
asVconnecting
p4012
(lp4013
(I66
I1
tp4014
asVdating
p4015
(lp4016
(I73
I2
tp4017
asVcgi
p4018
(lp4019
(I95
I4
tp4020
asVrun
p4021
(lp4022
(I42
I52
tp4023
a(I95
I1
tp4024
asVjumps
p4025
(lp4026
(I95
I2
tp4027
asVstep
p4028
(lp4029
(I66
I1
tp4030
asVnowhere
p4031
(lp4032
(I82
I1
tp4033
asVserved
p4034
(lp4035
(I95
I1
tp4036
asVworking
p4037
(lp4038
(I31
I2
tp4039
asVanything
p4040
(lp4041
(I66
I4
tp4042
a(I82
I1
tp4043
asVhinge
p4044
(lp4045
(I66
I2
tp4046
asVdeserves
p4047
(lp4048
(I31
I1
tp4049
asVrange
p4050
(lp4051
(I82
I1
tp4052
asVseeing
p4053
(lp4054
(I73
I1
tp4055
asVwithin
p4056
(lp4057
(I82
I3
tp4058
asVservices
p4059
(lp4060
(I73
I2
tp4061
asVclack
p4062
(lp4063
(I66
I1
tp4064
asVlesson
p4065
(lp4066
(I31
I1
tp4067
asVimpressed
p4068
(lp4069
(I66
I1
tp4070
asVinnate
p4071
(lp4072
(I31
I1
tp4073
asVharnessed
p4074
(lp4075
(I82
I1
tp4076
asVquestion
p4077
(lp4078
(I66
I1
tp4079
a(I95
I1
tp4080
asVfast
p4081
(lp4082
(I66
I5
tp4083
a(I95
I4
tp4084
asVforward
p4085
(lp4086
(I66
I1
tp4087
asVbored
p4088
(lp4089
(I31
I1
tp4090
asVopposed
p4091
(lp4092
(I73
I1
tp4093
a(I95
I1
tp4094
asVfiles
p4095
(lp4096
(I13
I1
tp4097
asVmundane
p4098
(lp4099
(I82
I1
tp4100
asVinches
p4101
(lp4102
(I42
I1
tp4103
asVregistered
p4104
(lp4105
(I90
I1
tp4106
asVretina
p4107
(lp4108
(I66
I3
tp4109
asVdelighting
p4110
(lp4111
(I31
I1
tp4112
asVlink
p4113
(lp4114
(I73
I1
tp4115
a(I90
I1
tp4116
asVline
p4117
(lp4118
(I31
I1
tp4119
a(I66
I2
tp4120
asVjoked
p4121
(lp4122
(I66
I1
tp4123
asVusers\u2019
p4124
(lp4125
(I82
I1
tp4126
asVintuitive
p4127
(lp4128
(I66
I1
tp4129
asVus
p4130
(lp4131
(I42
I1
tp4132
a(I95
I2
tp4133
asVur
p4134
(lp4135
(I82
I1
tp4136
asV're
p4137
(lp4138
(I66
I7
tp4139
a(I73
I1
tp4140
asVuk
p4141
(lp4142
(I13
I1
tp4143
asVplanes
p4144
(lp4145
(I95
I1
tp4146
asVcalled
p4147
(lp4148
(I31
I1
tp4149
a(I66
I5
tp4150
asVhornet
p4151
(lp4152
(I95
I1
tp4153
asVdefined
p4154
(lp4155
(I66
I1
tp4156
asVm
p4157
(lp4158
(I66
I1
tp4159
asVunsafe
p4160
(lp4161
(I73
I1
tp4162
asVcoordinator
p4163
(lp4164
(I95
I1
tp4165
asVsingle
p4166
(lp4167
(I66
I2
tp4168
asVwarning
p4169
(lp4170
(I66
I1
tp4171
asVchat
p4172
(lp4173
(I82
I1
tp4174
asVrally
p4175
(lp4176
(I73
I1
tp4177
asVengender
p4178
(lp4179
(I66
I1
tp4180
asVoverseeing
p4181
(lp4182
(I82
I1
tp4183
asVoccasional
p4184
(lp4185
(I90
I1
tp4186
asVpoliticians
p4187
(lp4188
(I73
I1
tp4189
asVshallower
p4190
(lp4191
(I66
I1
tp4192
asVnice
p4193
(lp4194
(I66
I1
tp4195
asVvenerable
p4196
(lp4197
(I42
I1
tp4198
asVusers
p4199
(lp4200
(I42
I1
tp4201
a(I82
I2
tp4202
a(I90
I1
tp4203
asVprovided
p4204
(lp4205
(I82
I1
tp4206
asVproblems
p4207
(lp4208
(I66
I3
tp4209
asVcranking
p4210
(lp4211
(I66
I1
tp4212
asVrestrained
p4213
(lp4214
(I66
I1
tp4215
asVago
p4216
(lp4217
(I13
I1
tp4218
asVelectromagnet
p4219
(lp4220
(I66
I1
tp4221
asVage
p4222
(lp4223
(I95
I1
tp4224
asVrequired
p4225
(lp4226
(I66
I1
tp4227
a(I90
I1
tp4228
asVyoutube
p4229
(lp4230
(I66
I1
tp4231
asVtradeoff
p4232
(lp4233
(I66
I1
tp4234
asVcame
p4235
(lp4236
(I95
I3
tp4237
asVwalker
p4238
(lp4239
(I95
I1
tp4240
asVfresh
p4241
(lp4242
(I42
I1
tp4243
asVrequires
p4244
(lp4245
(I66
I1
tp4246
asVreceive
p4247
(lp4248
(I90
I1
tp4249
asVportraying
p4250
(lp4251
(I73
I1
tp4252
asVsquats
p4253
(lp4254
(I31
I1
tp4255
asValmost\u2026
p4256
(lp4257
(I95
I1
tp4258
asVsteve
p4259
(lp4260
(I66
I1
tp4261
asVgo
p4262
(lp4263
(I66
I3
tp4264
a(I73
I1
tp4265
a(I95
I1
tp4266
asVtweeted
p4267
(lp4268
(I82
I1
tp4269
asVbacklight
p4270
(lp4271
(I66
I1
tp4272
asVcompact
p4273
(lp4274
(I66
I1
tp4275
asVridiculousness
p4276
(lp4277
(I95
I1
tp4278
asVinclude
p4279
(lp4280
(I73
I1
tp4281
asVresources
p4282
(lp4283
(I66
I1
tp4284
asVoutside
p4285
(lp4286
(I13
I1
tp4287
asVcalifornia-based
p4288
(lp4289
(I82
I2
tp4290
asVdidn\u2019t
p4291
(lp4292
(I31
I2
tp4293
asVfacebook
p4294
(lp4295
(I13
I1
tp4296
a(I31
I1
tp4297
a(I42
I1
tp4298
a(I73
I1
tp4299
a(I82
I2
tp4300
a(I90
I6
tp4301
a(I95
I1
tp4302
asVwipe
p4303
(lp4304
(I95
I1
tp4305
asVentire
p4306
(lp4307
(I31
I1
tp4308
asVbutton
p4309
(lp4310
(I66
I1
tp4311
asVtry
p4312
(lp4313
(I90
I2
tp4314
a(I95
I2
tp4315
asVrace
p4316
(lp4317
(I95
I1
tp4318
asVjaw-dropping
p4319
(lp4320
(I66
I1
tp4321
asVsomeday
p4322
(lp4323
(I66
I2
tp4324
asVsmaller
p4325
(lp4326
(I66
I1
tp4327
asVwaking
p4328
(lp4329
(I66
I1
tp4330
asVredone
p4331
(lp4332
(I66
I1
tp4333
asVvideo
p4334
(lp4335
(I13
I1
tp4336
a(I31
I1
tp4337
a(I66
I2
tp4338
a(I95
I1
tp4339
asVhubris
p4340
(lp4341
(I31
I1
tp4342
asVodd
p4343
(lp4344
(I73
I1
tp4345
asVmakers
p4346
(lp4347
(I66
I1
tp4348
asVstaffers
p4349
(lp4350
(I66
I1
tp4351
asVpower
p4352
(lp4353
(I42
I1
tp4354
a(I66
I8
tp4355
asV3s
p4356
(lp4357
(I42
I1
tp4358
asVfine
p4359
(lp4360
(I31
I2
tp4361
asVwaiting
p4362
(lp4363
(I95
I1
tp4364
asV;
p4365
(lp4366
(I31
I1
tp4367
a(I82
I2
tp4368
asV3g
p4369
(lp4370
(I42
I2
tp4371
asVexercise
p4372
(lp4373
(I31
I2
tp4374
asV3d
p4375
(lp4376
(I90
I51
tp4377
asVbody
p4378
(lp4379
(I31
I1
tp4380
a(I95
I1
tp4381
asVled
p4382
(lp4383
(I95
I1
tp4384
asVexchange
p4385
(lp4386
(I73
I2
tp4387
asVpushing
p4388
(lp4389
(I31
I1
tp4390
asVpunch
p4391
(lp4392
(I31
I1
tp4393
asVfollowing
p4394
(lp4395
(I82
I1
tp4396
asV24-bit
p4397
(lp4398
(I13
I1
tp4399
asVfocused
p4400
(lp4401
(I31
I1
tp4402
asVothers
p4403
(lp4404
(I31
I1
tp4405
a(I82
I3
tp4406
a(I95
I1
tp4407
asVextreme
p4408
(lp4409
(I82
I1
tp4410
a(I95
I1
tp4411
asVgreat
p4412
(lp4413
(I66
I2
tp4414
a(I90
I1
tp4415
asVengage
p4416
(lp4417
(I73
I1
tp4418
asVwalkman
p4419
(lp4420
(I13
I54
tp4421
asVtechnical
p4422
(lp4423
(I66
I1
tp4424
asVinvolved
p4425
(lp4426
(I73
I1
tp4427
asVlarger
p4428
(lp4429
(I42
I2
tp4430
asVunwittingly
p4431
(lp4432
(I82
I51
tp4433
asVmakes
p4434
(lp4435
(I66
I2
tp4436
a(I73
I1
tp4437
a(I82
I1
tp4438
a(I95
I2
tp4439
asVmaker
p4440
(lp4441
(I42
I1
tp4442
asVfirefox
p4443
(lp4444
(I42
I51
tp4445
asVapple
p4446
(lp4447
(I66
I18
tp4448
asVsportspeople\u2019s
p4449
(lp4450
(I31
I1
tp4451
asVapp
p4452
(lp4453
(I31
I54
tp4454
a(I66
I1
tp4455
a(I73
I1
tp4456
a(I82
I2
tp4457
asVdedicated
p4458
(lp4459
(I13
I1
tp4460
a(I82
I1
tp4461
a(I90
I1
tp4462
asVthrowback
p4463
(lp4464
(I66
I1
tp4465
asVapi
p4466
(lp4467
(I82
I3
tp4468
asVgold-tone
p4469
(lp4470
(I13
I1
tp4471
asVapply
p4472
(lp4473
(I13
I1
tp4474
asV549
p4475
(lp4476
(I13
I1
tp4477
asVuse
p4478
(lp4479
(I42
I2
tp4480
a(I66
I7
tp4481
a(I73
I1
tp4482
a(I95
I1
tp4483
asVusb
p4484
(lp4485
(I66
I4
tp4486
asV&
p4487
(lp4488
(I95
I55
tp4489
asVillegal
p4490
(lp4491
(I73
I1
tp4492
asVnext
p4493
(lp4494
(I66
I2
tp4495
a(I95
I1
tp4496
asVcamera
p4497
(lp4498
(I66
I1
tp4499
asVvehicle
p4500
(lp4501
(I95
I2
tp4502
asVcram
p4503
(lp4504
(I66
I1
tp4505
asVclever
p4506
(lp4507
(I66
I1
tp4508
asVupcoming
p4509
(lp4510
(I42
I1
tp4511
a(I95
I1
tp4512
asVvisibility
p4513
(lp4514
(I31
I1
tp4515
asVconfused
p4516
(lp4517
(I82
I1
tp4518
asVreloads
p4519
(lp4520
(I66
I1
tp4521
asVbaby
p4522
(lp4523
(I82
I1
tp4524
asVduped
p4525
(lp4526
(I73
I1
tp4527
asVwomen
p4528
(lp4529
(I73
I4
tp4530
a(I82
I2
tp4531
asVaccount
p4532
(lp4533
(I82
I1
tp4534
a(I90
I4
tp4535
asVportability
p4536
(lp4537
(I66
I1
tp4538
asVf
p4539
(lp4540
(I95
I2
tp4541
asVanywhere
p4542
(lp4543
(I31
I1
tp4544
a(I66
I2
tp4545
asVobvious
p4546
(lp4547
(I73
I1
tp4548
a(I95
I1
tp4549
asVthin
p4550
(lp4551
(I66
I6
tp4552
asVmeet
p4553
(lp4554
(I82
I1
tp4555
asVdrops
p4556
(lp4557
(I95
I2
tp4558
asVproprietary
p4559
(lp4560
(I66
I1
tp4561
asVlinks
p4562
(lp4563
(I66
I1
tp4564
asVslim
p4565
(lp4566
(I66
I1
tp4567
asVtax
p4568
(lp4569
(I66
I1
tp4570
asVpieces
p4571
(lp4572
(I66
I2
tp4573
asVhigh
p4574
(lp4575
(I31
I2
tp4576
asVeffectively
p4577
(lp4578
(I66
I1
tp4579
asVsomething
p4580
(lp4581
(I13
I1
tp4582
a(I42
I1
tp4583
a(I66
I4
tp4584
a(I95
I3
tp4585
asVbuilding\u2026
p4586
(lp4587
(I95
I1
tp4588
asVdestroying
p4589
(lp4590
(I95
I1
tp4591
asVsix
p4592
(lp4593
(I95
I1
tp4594
asVsic
p4595
(lp4596
(I82
I1
tp4597
asVlocated
p4598
(lp4599
(I66
I1
tp4600
asVinstead
p4601
(lp4602
(I31
I1
tp4603
a(I66
I3
tp4604
a(I90
I4
tp4605
a(I95
I2
tp4606
asVprofile
p4607
(lp4608
(I73
I1
tp4609
a(I82
I1
tp4610
asVwatch
p4611
(lp4612
(I95
I1
tp4613
asVabuse
p4614
(lp4615
(I73
I1
tp4616
asVtier
p4617
(lp4618
(I42
I1
tp4619
asVambiguous
p4620
(lp4621
(I82
I1
tp4622
asVlight
p4623
(lp4624
(I66
I3
tp4625
a(I73
I2
tp4626
asVlines
p4627
(lp4628
(I66
I2
tp4629
a(I82
I1
tp4630
asVrobot
p4631
(lp4632
(I82
I1
tp4633
asVhonestly
p4634
(lp4635
(I66
I2
tp4636
asVfurious
p4637
(lp4638
(I95
I60
tp4639
asVmove
p4640
(lp4641
(I42
I2
tp4642
a(I66
I1
tp4643
asVincluding
p4644
(lp4645
(I95
I1
tp4646
asVlooks
p4647
(lp4648
(I13
I2
tp4649
a(I82
I1
tp4650
a(I95
I1
tp4651
asVbunch
p4652
(lp4653
(I66
I1
tp4654
a(I73
I1
tp4655
a(I95
I2
tp4656
asVperfect
p4657
(lp4658
(I66
I1
tp4659
asVla
p4660
(lp4661
(I66
I1
tp4662
asVcouldn\u2019t
p4663
(lp4664
(I95
I1
tp4665
asVchoose
p4666
(lp4667
(I73
I1
tp4668
a(I90
I1
tp4669
asV2015
p4670
(lp4671
(I42
I1
tp4672
a(I66
I1
tp4673
a(I90
I1
tp4674
asV2013
p4675
(lp4676
(I82
I1
tp4677
asVnokia
p4678
(lp4679
(I66
I1
tp4680
asVday
p4681
(lp4682
(I31
I1
tp4683
a(I66
I1
tp4684
asVstunts
p4685
(lp4686
(I95
I2
tp4687
asVhypersport
p4688
(lp4689
(I95
I5
tp4690
asVslide
p4691
(lp4692
(I95
I1
tp4693
asVmode
p4694
(lp4695
(I66
I1
tp4696
asVshortage
p4697
(lp4698
(I31
I1
tp4699
asVidentifies
p4700
(lp4701
(I82
I1
tp4702
asVunbelievable
p4703
(lp4704
(I66
I1
tp4705
asVdiesel\u2019s
p4706
(lp4707
(I95
I1
tp4708
asVbluetooth
p4709
(lp4710
(I66
I1
tp4711
asVprogrammer
p4712
(lp4713
(I82
I1
tp4714
asVsexual
p4715
(lp4716
(I73
I1
tp4717
asV'
p4718
(lp4719
(I13
I1
tp4720
a(I66
I1
tp4721
asV192khz
p4722
(lp4723
(I13
I1
tp4724
asVelectronics
p4725
(lp4726
(I66
I1
tp4727
asVsupports
p4728
(lp4729
(I66
I1
tp4730
asVred
p4731
(lp4732
(I73
I2
tp4733
a(I82
I1
tp4734
asVobsess
p4735
(lp4736
(I31
I1
tp4737
asVban
p4738
(lp4739
(I73
I53
tp4740
asVcompletely
p4741
(lp4742
(I66
I2
tp4743
asVheartbreaker
p4744
(lp4745
(I82
I1
tp4746
asVdoubles
p4747
(lp4748
(I95
I1
tp4749
asVregulatory
p4750
(lp4751
(I73
I1
tp4752
asVcould
p4753
(lp4754
(I13
I2
tp4755
a(I31
I1
tp4756
a(I66
I1
tp4757
a(I82
I1
tp4758
a(I95
I1
tp4759
asVtimes
p4760
(lp4761
(I66
I1
tp4762
a(I95
I1
tp4763
asVconversation
p4764
(lp4765
(I95
I1
tp4766
asVlte
p4767
(lp4768
(I42
I2
tp4769
asVhence
p4770
(lp4771
(I66
I1
tp4772
asVprospective
p4773
(lp4774
(I73
I1
tp4775
asVplatonic
p4776
(lp4777
(I66
I2
tp4778
asVpowerful
p4779
(lp4780
(I31
I1
tp4781
asVziegler
p4782
(lp4783
(I95
I1
tp4784
asVwarcraft
p4785
(lp4786
(I31
I1
tp4787
asVowner
p4788
(lp4789
(I42
I1
tp4790
asVreached
p4791
(lp4792
(I73
I1
tp4793
asVquality
p4794
(lp4795
(I13
I1
tp4796
asVprank
p4797
(lp4798
(I82
I1
tp4799
asV13-inch
p4800
(lp4801
(I66
I4
tp4802
asVprivacy
p4803
(lp4804
(I90
I1
tp4805
asVguys
p4806
(lp4807
(I95
I1
tp4808
asVsystem
p4809
(lp4810
(I82
I2
tp4811
asVperfectly
p4812
(lp4813
(I66
I2
tp4814
asVbezels
p4815
(lp4816
(I66
I2
tp4817
asVpainful
p4818
(lp4819
(I66
I1
tp4820
asVpervasive
p4821
(lp4822
(I73
I1
tp4823
asVshell
p4824
(lp4825
(I13
I1
tp4826
a(I42
I1
tp4827
asVslides
p4828
(lp4829
(I95
I1
tp4830
asVthickest
p4831
(lp4832
(I66
I1
tp4833
asVoverwhelming
p4834
(lp4835
(I73
I1
tp4836
asVsteel
p4837
(lp4838
(I66
I1
tp4839
a(I95
I1
tp4840
asVmagicks
p4841
(lp4842
(I66
I1
tp4843
asVzx1
p4844
(lp4845
(I13
I1
tp4846
asVloves
p4847
(lp4848
(I95
I1
tp4849
asVtabs
p4850
(lp4851
(I66
I2
tp4852
asVneed
p4853
(lp4854
(I31
I1
tp4855
a(I66
I10
tp4856
asVcurved
p4857
(lp4858
(I13
I1
tp4859
asVlinked
p4860
(lp4861
(I73
I1
tp4862
asVrearranged
p4863
(lp4864
(I66
I1
tp4865
asVagency
p4866
(lp4867
(I73
I1
tp4868
asVable
p4869
(lp4870
(I42
I1
tp4871
a(I66
I4
tp4872
asVpushups
p4873
(lp4874
(I31
I2
tp4875
asVmechanism
p4876
(lp4877
(I66
I1
tp4878
asVrepercussion
p4879
(lp4880
(I82
I1
tp4881
asVtactic
p4882
(lp4883
(I73
I1
tp4884
asVairdrop
p4885
(lp4886
(I66
I1
tp4887
asVunless
p4888
(lp4889
(I66
I1
tp4890
asVweren\u2019t
p4891
(lp4892
(I95
I1
tp4893
asVrigor
p4894
(lp4895
(I31
I2
tp4896
asVdevice
p4897
(lp4898
(I13
I2
tp4899
a(I66
I1
tp4900
asV64-bit
p4901
(lp4902
(I42
I1
tp4903
asVplacement
p4904
(lp4905
(I13
I1
tp4906
asVmass-like
p4907
(lp4908
(I82
I1
tp4909
asVface
p4910
(lp4911
(I82
I1
tp4912
asVlooked
p4913
(lp4914
(I82
I1
tp4915
asVgraphs
p4916
(lp4917
(I31
I2
tp4918
asVinane
p4919
(lp4920
(I82
I1
tp4921
asVfact
p4922
(lp4923
(I66
I4
tp4924
a(I73
I1
tp4925
a(I82
I2
tp4926
asVanyway
p4927
(lp4928
(I66
I2
tp4929
asVrough
p4930
(lp4931
(I66
I1
tp4932
asVchromebook
p4933
(lp4934
(I66
I1
tp4935
asVpartners
p4936
(lp4937
(I90
I1
tp4938
asVpause
p4939
(lp4940
(I13
I1
tp4941
asVfiberglass
p4942
(lp4943
(I95
I1
tp4944
asV(
p4945
(lp4946
(I13
I1
tp4947
a(I31
I2
tp4948
a(I66
I4
tp4949
a(I73
I1
tp4950
a(I82
I5
tp4951
asVit\u2019s
p4952
(lp4953
(I31
I4
tp4954
a(I66
I9
tp4955
a(I82
I1
tp4956
a(I95
I9
tp4957
asVhopeful
p4958
(lp4959
(I66
I1
tp4960
asVcontrols
p4961
(lp4962
(I13
I1
tp4963
asVbrighter
p4964
(lp4965
(I66
I1
tp4966
asVunable
p4967
(lp4968
(I95
I1
tp4969
asVnotes
p4970
(lp4971
(I73
I1
tp4972
asVriding
p4973
(lp4974
(I66
I1
tp4975
asVit\u2019d
p4976
(lp4977
(I95
I1
tp4978
asVmeant
p4979
(lp4980
(I66
I2
tp4981
asVhassles
p4982
(lp4983
(I66
I1
tp4984
asVhandle
p4985
(lp4986
(I95
I1
tp4987
asVmeans
p4988
(lp4989
(I13
I1
tp4990
a(I31
I1
tp4991
a(I66
I5
tp4992
asVbeat
p4993
(lp4994
(I31
I2
tp4995
a(I66
I1
tp4996
asVfamiliar
p4997
(lp4998
(I42
I1
tp4999
asVphotography
p5000
(lp5001
(I66
I1
tp5002
asVquantified
p5003
(lp5004
(I31
I1
tp5005
asV13mm
p5006
(lp5007
(I66
I1
tp5008
asVones
p5009
(lp5010
(I66
I2
tp5011
a(I95
I1
tp5012
asVlegitimate
p5013
(lp5014
(I66
I1
tp5015
asVwords
p5016
(lp5017
(I66
I1
tp5018
asVgray
p5019
(lp5020
(I66
I2
tp5021
asVevolution
p5022
(lp5023
(I13
I1
tp5024
asVbrain
p5025
(lp5026
(I31
I1
tp5027
asVcalling
p5028
(lp5029
(I13
I1
tp5030
a(I95
I2
tp5031
asVstuff
p5032
(lp5033
(I95
I4
tp5034
asVview
p5035
(lp5036
(I31
I1
tp5037
asVknowing
p5038
(lp5039
(I95
I1
tp5040
asVacquired
p5041
(lp5042
(I42
I1
tp5043
asVhumans
p5044
(lp5045
(I31
I1
tp5046
asVyou\u2019re
p5047
(lp5048
(I66
I1
tp5049
a(I95
I3
tp5050
asVcomputer
p5051
(lp5052
(I66
I3
tp5053
a(I82
I1
tp5054
asVusefulness
p5055
(lp5056
(I31
I1
tp5057
asVgamifying
p5058
(lp5059
(I31
I1
tp5060
asVcloser
p5061
(lp5062
(I66
I1
tp5063
asVstats
p5064
(lp5065
(I31
I1
tp5066
asVnightmare
p5067
(lp5068
(I66
I1
tp5069
asVcriminalizing
p5070
(lp5071
(I73
I1
tp5072
asV:
p5073
(lp5074
(I31
I3
tp5075
a(I42
I1
tp5076
a(I66
I11
tp5077
a(I73
I3
tp5078
a(I82
I4
tp5079
a(I95
I5
tp5080
asVroutine
p5081
(lp5082
(I31
I1
tp5083
asVemail
p5084
(lp5085
(I90
I4
tp5086
asVderogatory
p5087
(lp5088
(I73
I1
tp5089
asVweighing
p5090
(lp5091
(I66
I1
tp5092
asVopening
p5093
(lp5094
(I42
I1
tp5095
asVkey
p5096
(lp5097
(I66
I2
tp5098
asVprecious
p5099
(lp5100
(I13
I1
tp5101
asVhits
p5102
(lp5103
(I95
I1
tp5104
asVlimits
p5105
(lp5106
(I82
I1
tp5107
a(I95
I1
tp5108
asVetc
p5109
(lp5110
(I66
I2
tp5111
asVplacebo
p5112
(lp5113
(I31
I1
tp5114
asVsafely
p5115
(lp5116
(I66
I1
tp5117
asVglorious
p5118
(lp5119
(I13
I1
tp5120
asVgrounds
p5121
(lp5122
(I13
I1
tp5123
asVca
p5124
(lp5125
(I31
I1
tp5126
a(I66
I2
tp5127
asVcarbon
p5128
(lp5129
(I95
I1
tp5130
asVtrademark
p5131
(lp5132
(I42
I1
tp5133
asVcopies
p5134
(lp5135
(I66
I1
tp5136
asVwaste
p5137
(lp5138
(I95
I1
tp5139
asVusername
p5140
(lp5141
(I90
I3
tp5142
asVpower-sliding
p5143
(lp5144
(I95
I1
tp5145
asVsmartphones
p5146
(lp5147
(I42
I2
tp5148
asVdrive-up
p5149
(lp5150
(I95
I1
tp5151
asVplain
p5152
(lp5153
(I31
I1
tp5154
asVharder
p5155
(lp5156
(I31
I1
tp5157
asVchoices
p5158
(lp5159
(I73
I1
tp5160
a(I95
I1
tp5161
asVlayer
p5162
(lp5163
(I31
I1
tp5164
asValmost
p5165
(lp5166
(I66
I3
tp5167
a(I90
I1
tp5168
asVthus
p5169
(lp5170
(I66
I1
tp5171
asVsurprisingly
p5172
(lp5173
(I82
I1
tp5174
asVlust
p5175
(lp5176
(I82
I1
tp5177
asVclaimed
p5178
(lp5179
(I66
I1
tp5180
asV)
p5181
(lp5182
(I13
I1
tp5183
a(I31
I2
tp5184
a(I66
I4
tp5185
a(I73
I1
tp5186
a(I82
I5
tp5187
asVwework
p5188
(lp5189
(I66
I1
tp5190
asVhighlighted
p5191
(lp5192
(I13
I1
tp5193
asVparts
p5194
(lp5195
(I66
I1
tp5196
asVunits
p5197
(lp5198
(I31
I1
tp5199
a(I95
I1
tp5200
asVparty
p5201
(lp5202
(I31
I1
tp5203
a(I90
I4
tp5204
asVandroid
p5205
(lp5206
(I13
I1
tp5207
a(I31
I1
tp5208
a(I42
I51
tp5209
asVgets
p5210
(lp5211
(I31
I1
tp5212
a(I66
I2
tp5213
asVupon
p5214
(lp5215
(I31
I1
tp5216
asVeffect
p5217
(lp5218
(I31
I1
tp5219
a(I95
I1
tp5220
asVbeast
p5221
(lp5222
(I82
I1
tp5223
asVrequests
p5224
(lp5225
(I95
I1
tp5226
asVcenter
p5227
(lp5228
(I13
I1
tp5229
a(I73
I1
tp5230
asVwell
p5231
(lp5232
(I66
I1
tp5233
a(I95
I1
tp5234
asVthought
p5235
(lp5236
(I31
I2
tp5237
a(I95
I1
tp5238
asVsets
p5239
(lp5240
(I95
I2
tp5241
asVcomparisons
p5242
(lp5243
(I31
I1
tp5244
asVaudio
p5245
(lp5246
(I13
I4
tp5247
asVlatest
p5248
(lp5249
(I66
I1
tp5250
asVless
p5251
(lp5252
(I66
I3
tp5253
a(I95
I2
tp5254
asVoffensive
p5255
(lp5256
(I82
I1
tp5257
asVexecutive
p5258
(lp5259
(I42
I1
tp5260
asVbatteries
p5261
(lp5262
(I66
I2
tp5263
asV\u2014
p5264
(lp5265
(I13
I3
tp5266
a(I31
I4
tp5267
a(I42
I2
tp5268
a(I66
I11
tp5269
a(I73
I2
tp5270
a(I82
I9
tp5271
a(I95
I8
tp5272
asVpaul
p5273
(lp5274
(I95
I1
tp5275
asVweb
p5276
(lp5277
(I66
I1
tp5278
asVvida
p5279
(lp5280
(I66
I1
tp5281
asVdrive
p5282
(lp5283
(I95
I4
tp5284
asVrealize
p5285
(lp5286
(I95
I1
tp5287
asVbattery
p5288
(lp5289
(I66
I3
tp5290
asVmatch
p5291
(lp5292
(I66
I1
tp5293
asVincreased
p5294
(lp5295
(I66
I1
tp5296
asVfive
p5297
(lp5298
(I66
I1
tp5299
a(I95
I4
tp5300
asVknow
p5301
(lp5302
(I42
I1
tp5303
a(I66
I3
tp5304
a(I82
I1
tp5305
a(I95
I9
tp5306
asVpress
p5307
(lp5308
(I66
I1
tp5309
asVimmediately
p5310
(lp5311
(I31
I1
tp5312
asVvariants
p5313
(lp5314
(I42
I1
tp5315
a(I66
I1
tp5316
asVpassword
p5317
(lp5318
(I90
I2
tp5319
asVprominent
p5320
(lp5321
(I82
I1
tp5322
asVnecessary
p5323
(lp5324
(I31
I1
tp5325
asVlike
p5326
(lp5327
(I13
I2
tp5328
a(I31
I3
tp5329
a(I66
I11
tp5330
a(I82
I3
tp5331
a(I90
I5
tp5332
a(I95
I7
tp5333
asVlost
p5334
(lp5335
(I31
I1
tp5336
asVvibrant
p5337
(lp5338
(I13
I1
tp5339
asVjames
p5340
(lp5341
(I95
I1
tp5342
asVbecome
p5343
(lp5344
(I31
I2
tp5345
a(I66
I2
tp5346
asVworks
p5347
(lp5348
(I66
I2
tp5349
asVpage
p5350
(lp5351
(I66
I1
tp5352
asVsequence
p5353
(lp5354
(I95
I2
tp5355
asVtwitter
p5356
(lp5357
(I82
I1
tp5358
a(I90
I4
tp5359
asVideals
p5360
(lp5361
(I66
I1
tp5362
asVi\u2019ve
p5363
(lp5364
(I31
I6
tp5365
a(I66
I1
tp5366
a(I95
I2
tp5367
asVchoosing
p5368
(lp5369
(I66
I1
tp5370
asVflush
p5371
(lp5372
(I95
I1
tp5373
asVhome
p5374
(lp5375
(I31
I1
tp5376
a(I42
I1
tp5377
a(I66
I1
tp5378
asVtransport
p5379
(lp5380
(I13
I1
tp5381
asVmisadventures
p5382
(lp5383
(I82
I1
tp5384
asVhappens
p5385
(lp5386
(I66
I2
tp5387
a(I82
I1
tp5388
a(I95
I1
tp5389
asVlead
p5390
(lp5391
(I13
I1
tp5392
asV?
p5393
(lp5394
(I13
I1
tp5395
a(I66
I6
tp5396
a(I82
I1
tp5397
a(I90
I6
tp5398
a(I95
I22
tp5399
asVreal-world
p5400
(lp5401
(I82
I1
tp5402
asVoverall
p5403
(lp5404
(I90
I1
tp5405
asVpressure
p5406
(lp5407
(I66
I1
tp5408
asValthough
p5409
(lp5410
(I73
I1
tp5411
asVwouldn\u2019t
p5412
(lp5413
(I31
I1
tp5414
a(I66
I1
tp5415
asVvs.
p5416
(lp5417
(I95
I1
tp5418
asVactual
p5419
(lp5420
(I73
I1
tp5421
a(I95
I3
tp5422
asVgetting
p5423
(lp5424
(I31
I1
tp5425
a(I95
I1
tp5426
asVcompatible
p5427
(lp5428
(I42
I1
tp5429
asVsoftware
p5430
(lp5431
(I66
I2
tp5432
asVpreviously
p5433
(lp5434
(I31
I1
tp5435
asVheadphone
p5436
(lp5437
(I13
I1
tp5438
a(I66
I1
tp5439
asVpromise
p5440
(lp5441
(I66
I1
tp5442
asVfemale
p5443
(lp5444
(I82
I2
tp5445
asV.
p5446
(lp5447
(I13
I7
tp5448
a(I31
I31
tp5449
a(I42
I10
tp5450
a(I66
I138
tp5451
a(I73
I15
tp5452
a(I82
I22
tp5453
a(I90
I11
tp5454
a(I95
I68
tp5455
asVmere
p5456
(lp5457
(I66
I1
tp5458
asVapps
p5459
(lp5460
(I31
I2
tp5461
a(I66
I3
tp5462
asVfrustration
p5463
(lp5464
(I66
I1
tp5465
asVfunction
p5466
(lp5467
(I31
I1
tp5468
asVbuilding
p5469
(lp5470
(I95
I4
tp5471
asVbuy
p5472
(lp5473
(I66
I2
tp5474
asVpixis
p5475
(lp5476
(I42
I1
tp5477
asVbrand
p5478
(lp5479
(I42
I2
tp5480
a(I66
I1
tp5481
a(I95
I1
tp5482
asVautomated
p5483
(lp5484
(I31
I1
tp5485
asVediting
p5486
(lp5487
(I66
I2
tp5488
asVeat
p5489
(lp5490
(I31
I1
tp5491
asVcount
p5492
(lp5493
(I31
I1
tp5494
asVmade
p5495
(lp5496
(I31
I52
tp5497
a(I66
I2
tp5498
a(I82
I52
tp5499
a(I95
I2
tp5500
asVecosystem
p5501
(lp5502
(I66
I1
tp5503
asVflip
p5504
(lp5505
(I66
I1
tp5506
asVsigned
p5507
(lp5508
(I90
I4
tp5509
asVplaced
p5510
(lp5511
(I13
I1
tp5512
asVproblem
p5513
(lp5514
(I66
I2
tp5515
a(I73
I1
tp5516
a(I95
I1
tp5517
asVminutes
p5518
(lp5519
(I82
I1
tp5520
asVdisplay
p5521
(lp5522
(I13
I1
tp5523
a(I42
I1
tp5524
a(I66
I4
tp5525
asVirish
p5526
(lp5527
(I73
I2
tp5528
asVpin
p5529
(lp5530
(I13
I1
tp5531
a(I31
I1
tp5532
a(I42
I1
tp5533
a(I73
I1
tp5534
a(I82
I1
tp5535
a(I95
I1
tp5536
asVcompared
p5537
(lp5538
(I66
I1
tp5539
asV'll
p5540
(lp5541
(I42
I1
tp5542
a(I66
I5
tp5543
a(I90
I2
tp5544
asV11-inch
p5545
(lp5546
(I66
I2
tp5547
asVdetail
p5548
(lp5549
(I82
I1
tp5550
asV40
p5551
(lp5552
(I82
I1
tp5553
asVlately
p5554
(lp5555
(I13
I1
tp5556
a(I66
I1
tp5557
asVastounding
p5558
(lp5559
(I13
I1
tp5560
asVstay
p5561
(lp5562
(I31
I2
tp5563
asVchance
p5564
(lp5565
(I66
I1
tp5566
asVfriends
p5567
(lp5568
(I82
I1
tp5569
asVstunt
p5570
(lp5571
(I95
I1
tp5572
asVstarting
p5573
(lp5574
(I66
I1
tp5575
asVrule
p5576
(lp5577
(I66
I1
tp5578
as.None
