ccollections
defaultdict
p0
(c__builtin__
list
p1
tp2
Rp3
Vvalve
p4
(lp5
(I98
I4
tp6
asVmanaged
p7
(lp8
(I52
I1
tp9
asVfounder
p10
(lp11
(I2
I1
tp12
asVlack
p13
(lp14
(I76
I1
tp15
asVfocus
p16
(lp17
(I2
I1
tp18
asVsteve
p19
(lp20
(I2
I53
tp21
a(I93
I1
tp22
asVproposition
p23
(lp24
(I93
I1
tp25
asVgrateful
p26
(lp27
(I2
I1
tp28
asVbattle
p29
(lp30
(I52
I1
tp31
asVshot
p32
(lp33
(I98
I1
tp34
asVappetite
p35
(lp36
(I98
I1
tp37
asVrelationships
p38
(lp39
(I2
I1
tp40
asVsimon
p41
(lp42
(I52
I1
tp43
asVwe\u2019ll
p44
(lp45
(I98
I6
tp46
asVtweet
p47
(lp48
(I11
I1
tp49
a(I2
I1
tp50
a(I52
I1
tp51
a(I76
I1
tp52
a(I93
I1
tp53
a(I98
I1
tp54
asVfather
p55
(lp56
(I2
I1
tp57
asVmwc
p58
(lp59
(I98
I13
tp60
asVaaron
p61
(lp62
(I2
I52
tp63
asVedward
p64
(lp65
(I11
I52
tp66
asVdevice
p67
(lp68
(I98
I4
tp69
asV1080p
p70
(lp71
(I93
I1
tp72
asVsorkin
p73
(lp74
(I2
I58
tp75
asVpact
p76
(lp77
(I52
I2
tp78
asVupdated
p79
(lp80
(I11
I1
tp81
a(I52
I1
tp82
a(I93
I1
tp83
asVsmartphone
p84
(lp85
(I93
I1
tp86
asVsponsors
p87
(lp88
(I35
I1
tp89
asVfacebook
p90
(lp91
(I11
I1
tp92
a(I2
I2
tp93
a(I35
I6
tp94
a(I52
I1
tp95
a(I76
I1
tp96
a(I93
I1
tp97
a(I98
I1
tp98
asVupdates
p99
(lp100
(I98
I1
tp101
asVanonymous
p102
(lp103
(I11
I1
tp104
asVsurprise
p105
(lp106
(I98
I2
tp107
asVsony
p108
(lp109
(I98
I4
tp110
asVneatly
p111
(lp112
(I98
I1
tp113
asVbottleneck
p114
(lp115
(I52
I1
tp116
asV181-page
p117
(lp118
(I2
I1
tp119
asVlumia
p120
(lp121
(I98
I2
tp122
asVcool
p123
(lp124
(I76
I54
tp125
asVpaternity
p126
(lp127
(I2
I1
tp128
asVdescend
p129
(lp130
(I98
I1
tp131
asVmichael
p132
(lp133
(I2
I1
tp134
a(I52
I1
tp135
asVtry
p136
(lp137
(I35
I2
tp138
asVrefreshing
p139
(lp140
(I98
I1
tp141
asVannounced
p142
(lp143
(I93
I2
tp144
a(I98
I3
tp145
asVteam
p146
(lp147
(I76
I2
tp148
asVlisa
p149
(lp150
(I2
I55
tp151
asVguy
p152
(lp153
(I2
I1
tp154
asVshows
p155
(lp156
(I98
I2
tp157
asVauthenticating
p158
(lp159
(I35
I1
tp160
asVnoted
p161
(lp162
(I93
I1
tp163
asVsays
p164
(lp165
(I2
I54
tp166
a(I52
I1
tp167
a(I93
I2
tp168
asVorganized
p169
(lp170
(I98
I1
tp171
asVconsumer-centric
p172
(lp173
(I98
I1
tp174
asVpersonality
p175
(lp176
(I76
I1
tp177
asVsign
p178
(lp179
(I35
I1
tp180
asVpast
p181
(lp182
(I98
I2
tp183
asVgo
p184
(lp185
(I76
I1
tp186
asVsecond
p187
(lp188
(I2
I1
tp189
asVtitles
p190
(lp191
(I52
I1
tp192
asVvideo
p193
(lp194
(I98
I1
tp195
asVbooth
p196
(lp197
(I76
I1
tp198
asVchen
p199
(lp200
(I98
I1
tp201
asVrun
p202
(lp203
(I93
I1
tp204
asVtechnology
p205
(lp206
(I98
I1
tp207
asVwe\u2019re
p208
(lp209
(I98
I3
tp210
asVmakers
p211
(lp212
(I93
I1
tp213
asVbully
p214
(lp215
(I52
I1
tp216
asVeven
p217
(lp218
(I11
I1
tp219
a(I76
I2
tp220
asVphablet
p221
(lp222
(I93
I1
tp223
asVqualcomm
p224
(lp225
(I93
I2
tp226
asVgiving
p227
(lp228
(I98
I1
tp229
asVshares
p230
(lp231
(I93
I1
tp232
asVnetworks
p233
(lp234
(I98
I1
tp235
asVversion
p236
(lp237
(I93
I1
tp238
a(I98
I1
tp239
asVvolatile
p240
(lp241
(I52
I1
tp242
asVnew
p243
(lp244
(I11
I1
tp245
a(I2
I1
tp246
a(I52
I4
tp247
a(I93
I2
tp248
a(I98
I11
tp249
asV;
p250
(lp251
(I11
I1
tp252
a(I2
I2
tp253
a(I52
I1
tp254
asVtrot
p255
(lp256
(I98
I1
tp257
asVever
p258
(lp259
(I76
I1
tp260
asVpublic
p261
(lp262
(I52
I3
tp263
asVtold
p264
(lp265
(I11
I1
tp266
a(I52
I1
tp267
asVentry-level
p268
(lp269
(I98
I2
tp270
asVfull
p271
(lp272
(I52
I2
tp273
asVchristian
p274
(lp275
(I2
I1
tp276
asVreporter
p277
(lp278
(I52
I1
tp279
asVhololens
p280
(lp281
(I76
I1
tp282
asV1330
p283
(lp284
(I98
I1
tp285
asVdrew
p286
(lp287
(I2
I1
tp288
asVstudio
p289
(lp290
(I2
I1
tp291
asValone
p292
(lp293
(I52
I1
tp294
asVinvented
p295
(lp296
(I2
I1
tp297
asVappears
p298
(lp299
(I98
I2
tp300
asVchange
p301
(lp302
(I52
I1
tp303
asVpichai
p304
(lp305
(I93
I2
tp306
a(I98
I1
tp307
asVstresses
p308
(lp309
(I2
I1
tp310
asVpublisher
p311
(lp312
(I52
I2
tp313
asVgreat
p314
(lp315
(I35
I1
tp316
a(I76
I1
tp317
asVsubstance
p318
(lp319
(I11
I1
tp320
asVdaughter
p321
(lp322
(I2
I55
tp323
asVswing
p324
(lp325
(I98
I1
tp326
asVreceive
p327
(lp328
(I35
I1
tp329
asVimpacted
p330
(lp331
(I52
I1
tp332
asVlarger
p333
(lp334
(I2
I1
tp335
a(I98
I1
tp336
asV36
p337
(lp338
(I2
I1
tp339
asVexperience
p340
(lp341
(I35
I2
tp342
asVlater
p343
(lp344
(I11
I2
tp345
a(I2
I1
tp346
a(I98
I1
tp347
asV640
p348
(lp349
(I98
I1
tp350
asVproducts
p351
(lp352
(I98
I2
tp353
asVanalysts
p354
(lp355
(I98
I1
tp356
asVsocial
p357
(lp358
(I2
I3
tp359
asVusually
p360
(lp361
(I98
I2
tp362
asVdevices
p363
(lp364
(I93
I7
tp365
a(I98
I3
tp366
asVminecraft
p367
(lp368
(I76
I1
tp369
asVhonor
p370
(lp371
(I11
I1
tp372
asVmacintosh
p373
(lp374
(I2
I1
tp375
asV14.99
p376
(lp377
(I52
I1
tp378
asVaddresses
p379
(lp380
(I2
I1
tp381
asVmagically
p382
(lp383
(I76
I1
tp384
asVcrazy
p385
(lp386
(I76
I1
tp387
asVput
p388
(lp389
(I52
I1
tp390
asVverge
p391
(lp392
(I11
I51
tp393
a(I2
I50
tp394
a(I35
I51
tp395
a(I52
I50
tp396
a(I76
I50
tp397
a(I93
I50
tp398
a(I98
I50
tp399
asVrarely
p400
(lp401
(I76
I1
tp402
asVuse
p403
(lp404
(I76
I1
tp405
a(I93
I1
tp406
a(I98
I1
tp407
asVeye
p408
(lp409
(I52
I1
tp410
asVspoke
p411
(lp412
(I2
I1
tp413
asVwould
p414
(lp415
(I2
I1
tp416
a(I35
I1
tp417
a(I98
I1
tp418
asV&
p419
(lp420
(I52
I1
tp421
a(I93
I1
tp422
asVtarpaulin
p423
(lp424
(I11
I1
tp425
asVdirection
p426
(lp427
(I98
I1
tp428
asVfinally
p429
(lp430
(I52
I50
tp431
a(I98
I1
tp432
asVnext
p433
(lp434
(I2
I1
tp435
a(I93
I1
tp436
a(I98
I1
tp437
asVlive
p438
(lp439
(I2
I1
tp440
a(I98
I1
tp441
asVcamera
p442
(lp443
(I93
I1
tp444
asVpassport
p445
(lp446
(I98
I1
tp447
asVstrike
p448
(lp449
(I52
I1
tp450
asVm9
p451
(lp452
(I98
I2
tp453
asVsticker
p454
(lp455
(I76
I3
tp456
asVtoday
p457
(lp458
(I11
I1
tp459
a(I76
I1
tp460
a(I93
I3
tp461
asVsnowden
p462
(lp463
(I11
I53
tp464
asV``
p465
(lp466
(I11
I4
tp467
a(I2
I5
tp468
a(I52
I3
tp469
a(I93
I3
tp470
asVsharing
p471
(lp472
(I35
I1
tp473
asVupcoming
p474
(lp475
(I2
I1
tp476
asVadvance
p477
(lp478
(I98
I1
tp479
asVsuccessful
p480
(lp481
(I2
I1
tp482
asVindia
p483
(lp484
(I93
I1
tp485
asVcompany
p486
(lp487
(I76
I1
tp488
a(I93
I2
tp489
a(I98
I8
tp490
asVmozilla
p491
(lp492
(I98
I2
tp493
asVphone
p494
(lp495
(I98
I8
tp496
asVflag
p497
(lp498
(I76
I1
tp499
asVlte
p500
(lp501
(I93
I1
tp502
a(I98
I1
tp503
asV...
p504
(lp505
(I93
I1
tp506
asVannounce
p507
(lp508
(I98
I6
tp509
asVknown
p510
(lp511
(I52
I1
tp512
a(I93
I1
tp513
asVmounted
p514
(lp515
(I11
I51
tp516
asVeffort
p517
(lp518
(I11
I1
tp519
asVsculptor
p520
(lp521
(I11
I52
tp522
asVaccount
p523
(lp524
(I35
I4
tp525
asVall-touchscreen
p526
(lp527
(I98
I1
tp528
asVhour
p529
(lp530
(I11
I1
tp531
asVheard
p532
(lp533
(I76
I1
tp534
asVoriginally
p535
(lp536
(I93
I1
tp537
asVwork
p538
(lp539
(I93
I1
tp540
asVram
p541
(lp542
(I93
I1
tp543
asVcat
p544
(lp545
(I76
I52
tp546
asVflagship
p547
(lp548
(I98
I2
tp549
asVplinth
p550
(lp551
(I11
I2
tp552
asVnine
p553
(lp554
(I98
I1
tp555
asVpre-order
p556
(lp557
(I52
I1
tp558
asVbusiness-focused
p559
(lp560
(I98
I1
tp561
asVlearn
p562
(lp563
(I35
I1
tp564
a(I98
I1
tp565
asVakin
p566
(lp567
(I11
I1
tp568
asVrevenues
p569
(lp570
(I52
I1
tp571
asVexample
p572
(lp573
(I76
I1
tp574
asVsomething
p575
(lp576
(I76
I1
tp577
a(I93
I1
tp578
a(I98
I1
tp579
asVcontrol
p580
(lp581
(I52
I1
tp582
asVunderspecced
p583
(lp584
(I93
I1
tp585
asVdedicated
p586
(lp587
(I35
I1
tp588
asVgive
p589
(lp590
(I98
I2
tp591
asVnewsletters
p592
(lp593
(I35
I1
tp594
asVshare
p595
(lp596
(I11
I3
tp597
a(I2
I3
tp598
a(I35
I1
tp599
a(I52
I3
tp600
a(I76
I3
tp601
a(I93
I3
tp602
a(I98
I3
tp603
asVthere\u2019s
p604
(lp605
(I98
I1
tp606
asVhigh
p607
(lp608
(I52
I1
tp609
asVpushed
p610
(lp611
(I52
I1
tp612
asVprotects
p613
(lp614
(I52
I1
tp615
asVdropped
p616
(lp617
(I2
I1
tp618
asVwant
p619
(lp620
(I2
I1
tp621
a(I93
I1
tp622
asVspanning
p623
(lp624
(I2
I1
tp625
asVstory
p626
(lp627
(I2
I1
tp628
asVclothing
p629
(lp630
(I98
I1
tp631
asVfirmly
p632
(lp633
(I98
I1
tp634
asV!
p635
(lp636
(I35
I1
tp637
a(I98
I1
tp638
asVinformation
p639
(lp640
(I35
I1
tp641
asVmartyr
p642
(lp643
(I11
I1
tp644
asVend
p645
(lp646
(I98
I1
tp647
asVtitular
p648
(lp649
(I2
I1
tp650
asVprovide
p651
(lp652
(I35
I2
tp653
asVimminent
p654
(lp655
(I2
I1
tp656
asVchops
p657
(lp658
(I98
I1
tp659
asVget
p660
(lp661
(I98
I1
tp662
asVs6
p663
(lp664
(I98
I1
tp665
asVbrian
p666
(lp667
(I52
I1
tp668
asVsunday
p669
(lp670
(I98
I4
tp671
asVanimal
p672
(lp673
(I11
I1
tp674
asVinterview
p675
(lp676
(I2
I2
tp677
a(I93
I1
tp678
asVinstead
p679
(lp680
(I35
I4
tp681
asVunpacked
p682
(lp683
(I98
I1
tp684
asVbegs
p685
(lp686
(I98
I1
tp687
asVstock
p688
(lp689
(I52
I1
tp690
asVprofile
p691
(lp692
(I98
I1
tp693
asVgaming
p694
(lp695
(I98
I1
tp696
asVproduct
p697
(lp698
(I2
I1
tp699
a(I93
I1
tp700
a(I98
I3
tp701
asVbronzelike
p702
(lp703
(I11
I1
tp704
asVtried
p705
(lp706
(I52
I1
tp707
asVhuge
p708
(lp709
(I98
I1
tp710
asVmay
p711
(lp712
(I98
I3
tp713
asVwatch
p714
(lp715
(I98
I1
tp716
asV'imdb
p717
(lp718
(I35
I50
tp719
asVearlier
p720
(lp721
(I93
I2
tp722
asVreflect
p723
(lp724
(I93
I1
tp725
asVdesigned
p726
(lp727
(I93
I1
tp728
asVmocks
p729
(lp730
(I76
I1
tp731
asVdata
p732
(lp733
(I35
I2
tp734
asVpressuring
p735
(lp736
(I52
I1
tp737
asVdanny
p738
(lp739
(I2
I1
tp740
asVsculptures
p741
(lp742
(I11
I1
tp743
asValienate
p744
(lp745
(I2
I1
tp746
asVmaybe
p747
(lp748
(I98
I1
tp749
asVlines
p750
(lp751
(I2
I1
tp752
asV)
p753
(lp754
(I2
I2
tp755
a(I52
I1
tp756
a(I76
I1
tp757
a(I93
I1
tp758
a(I98
I2
tp759
asVthings
p760
(lp761
(I52
I1
tp762
a(I98
I52
tp763
asV2:14pm
p764
(lp765
(I11
I1
tp766
asVevery
p767
(lp768
(I98
I1
tp769
asVorder
p770
(lp771
(I2
I1
tp772
a(I35
I1
tp773
asVtalk
p774
(lp775
(I93
I1
tp776
a(I98
I2
tp777
asVtypical
p778
(lp779
(I98
I1
tp780
asVseptember
p781
(lp782
(I76
I1
tp783
asVreporters
p784
(lp785
(I98
I1
tp786
asVsoon
p787
(lp788
(I52
I1
tp789
asVyears
p790
(lp791
(I2
I2
tp792
a(I98
I1
tp793
asVstylus
p794
(lp795
(I93
I2
tp796
asVguidance
p797
(lp798
(I98
I1
tp799
asVincluding
p800
(lp801
(I2
I1
tp802
a(I93
I2
tp803
asVlooks
p804
(lp805
(I98
I1
tp806
asVlasers
p807
(lp808
(I76
I1
tp809
asVexistence
p810
(lp811
(I76
I1
tp812
asVstill
p813
(lp814
(I11
I1
tp815
a(I2
I4
tp816
a(I76
I1
tp817
a(I98
I1
tp818
asVgalaxy
p819
(lp820
(I98
I1
tp821
asVbunch
p822
(lp823
(I11
I1
tp824
asVperfect
p825
(lp826
(I76
I1
tp827
asVlg
p828
(lp829
(I98
I3
tp830
asVstyle
p831
(lp832
(I11
I1
tp833
asVfit
p834
(lp835
(I11
I1
tp836
asVmaps
p837
(lp838
(I93
I1
tp839
asVinteresting
p840
(lp841
(I2
I1
tp842
asVsecond-generation
p843
(lp844
(I98
I1
tp845
asVpresence
p846
(lp847
(I98
I1
tp848
asVships
p849
(lp850
(I93
I1
tp851
asV,
p852
(lp853
(I11
I13
tp854
a(I2
I27
tp855
a(I35
I59
tp856
a(I52
I14
tp857
a(I76
I11
tp858
a(I93
I27
tp859
a(I98
I54
tp860
asVbetter
p861
(lp862
(I35
I1
tp863
a(I93
I1
tp864
a(I98
I1
tp865
asVplatform
p866
(lp867
(I93
I1
tp868
a(I98
I2
tp869
asVwilling
p870
(lp871
(I2
I1
tp872
asVchoose
p873
(lp874
(I35
I1
tp875
asVstalled
p876
(lp877
(I52
I1
tp878
asVpolicy
p879
(lp880
(I35
I1
tp881
asV2014
p882
(lp883
(I98
I1
tp884
asVdrops
p885
(lp886
(I98
I1
tp887
asVmight
p888
(lp889
(I11
I1
tp890
a(I76
I1
tp891
a(I98
I1
tp892
asVeasier
p893
(lp894
(I93
I1
tp895
asV2012
p896
(lp897
(I2
I1
tp898
asVflex
p899
(lp900
(I98
I1
tp901
asVceo
p902
(lp903
(I52
I1
tp904
a(I98
I1
tp905
asV2015
p906
(lp907
(I52
I1
tp908
a(I98
I1
tp909
asVmodification
p910
(lp911
(I93
I1
tp912
asVces
p913
(lp914
(I98
I3
tp915
asVthree-act
p916
(lp917
(I2
I1
tp918
asVsundar
p919
(lp920
(I93
I1
tp921
a(I98
I1
tp922
asVninja
p923
(lp924
(I76
I52
tp925
asVday
p926
(lp927
(I11
I1
tp928
asVbigger
p929
(lp930
(I52
I1
tp931
asVsuccessor
p932
(lp933
(I98
I1
tp934
asVname
p935
(lp936
(I11
I1
tp937
asVfully
p938
(lp939
(I11
I2
tp940
asVsaving
p941
(lp942
(I98
I1
tp943
asVcovering
p944
(lp945
(I11
I1
tp946
a(I98
I1
tp947
asVfitness
p948
(lp949
(I98
I1
tp950
asVwent
p951
(lp952
(I52
I1
tp953
asVkeyboards
p954
(lp955
(I76
I1
tp956
a(I98
I1
tp957
asVside
p958
(lp959
(I52
I1
tp960
asVmean
p961
(lp962
(I76
I1
tp963
asVeveryone
p964
(lp965
(I93
I1
tp966
asVfinancial
p967
(lp968
(I52
I1
tp969
asVfairly
p970
(lp971
(I98
I1
tp972
asVseries
p973
(lp974
(I2
I1
tp975
asVpositioned
p976
(lp977
(I98
I1
tp978
asVrelated
p979
(lp980
(I98
I1
tp981
asVbooks
p982
(lp983
(I52
I1
tp984
asVexpect
p985
(lp986
(I98
I55
tp987
asVforgot
p988
(lp989
(I35
I4
tp990
asVet
p991
(lp992
(I11
I1
tp993
asVdawn
p994
(lp995
(I11
I1
tp996
asVevent
p997
(lp998
(I76
I1
tp999
a(I98
I8
tp1000
asVspecial
p1001
(lp1002
(I98
I1
tp1003
asVebooks
p1004
(lp1005
(I52
I2
tp1006
asVinitiatives
p1007
(lp1008
(I98
I1
tp1009
asVpsychology
p1010
(lp1011
(I2
I1
tp1012
asV'
p1013
(lp1014
(I11
I1
tp1015
a(I2
I54
tp1016
a(I35
I50
tp1017
asVsince
p1018
(lp1019
(I76
I1
tp1020
a(I93
I1
tp1021
a(I98
I2
tp1022
asVurbane
p1023
(lp1024
(I98
I1
tp1025
asVcontent
p1026
(lp1027
(I52
I1
tp1028
asVcompanies
p1029
(lp1030
(I98
I2
tp1031
asVencourage
p1032
(lp1033
(I52
I1
tp1034
asVcurrently-rumored
p1035
(lp1036
(I2
I1
tp1037
asVgot
p1038
(lp1039
(I52
I1
tp1040
asVmediatek
p1041
(lp1042
(I93
I1
tp1043
asVcyanogen
p1044
(lp1045
(I93
I66
tp1046
asVtime-waster
p1047
(lp1048
(I35
I50
tp1049
asVjessica
p1050
(lp1051
(I2
I1
tp1052
asVfavored
p1053
(lp1054
(I52
I1
tp1055
asVcars
p1056
(lp1057
(I35
I50
tp1058
asVipod
p1059
(lp1060
(I2
I1
tp1061
asV299
p1062
(lp1063
(I93
I1
tp1064
asVincentives
p1065
(lp1066
(I52
I1
tp1067
asVlittle
p1068
(lp1069
(I11
I1
tp1070
a(I2
I1
tp1071
a(I98
I1
tp1072
asVzuckerberg
p1073
(lp1074
(I2
I1
tp1075
asVbase
p1076
(lp1077
(I11
I1
tp1078
asVsurely
p1079
(lp1080
(I98
I1
tp1081
asVyork
p1082
(lp1083
(I11
I1
tp1084
asVmembers
p1085
(lp1086
(I11
I1
tp1087
a(I76
I1
tp1088
asVask
p1089
(lp1090
(I35
I1
tp1091
a(I93
I1
tp1092
asVhorse
p1093
(lp1094
(I98
I1
tp1095
asVupon
p1096
(lp1097
(I98
I1
tp1098
asVbloatware
p1099
(lp1100
(I93
I1
tp1101
asVdefinition
p1102
(lp1103
(I76
I1
tp1104
asVunique
p1105
(lp1106
(I93
I2
tp1107
asVperform
p1108
(lp1109
(I93
I1
tp1110
asVoctacore
p1111
(lp1112
(I93
I1
tp1113
asVg
p1114
(lp1115
(I98
I1
tp1116
asVlaunch
p1117
(lp1118
(I98
I1
tp1119
asVstarts
p1120
(lp1121
(I98
I1
tp1122
asVcould
p1123
(lp1124
(I98
I1
tp1125
asVscript
p1126
(lp1127
(I2
I3
tp1128
asVkeep
p1129
(lp1130
(I2
I1
tp1131
a(I52
I2
tp1132
asVbookmark
p1133
(lp1134
(I98
I1
tp1135
asVplace
p1136
(lp1137
(I11
I1
tp1138
asVmassive
p1139
(lp1140
(I52
I1
tp1141
asVincorporated
p1142
(lp1143
(I2
I1
tp1144
asVleading
p1145
(lp1146
(I52
I2
tp1147
asVscheduled
p1148
(lp1149
(I98
I1
tp1150
asVuses
p1151
(lp1152
(I98
I2
tp1153
asVoppo
p1154
(lp1155
(I93
I1
tp1156
asVfirst
p1157
(lp1158
(I76
I2
tp1159
a(I93
I1
tp1160
a(I98
I1
tp1161
asVlow-end
p1162
(lp1163
(I93
I1
tp1164
a(I98
I2
tp1165
asVmajor
p1166
(lp1167
(I2
I1
tp1168
a(I98
I1
tp1169
asValready
p1170
(lp1171
(I11
I3
tp1172
a(I93
I1
tp1173
a(I98
I2
tp1174
asVhero
p1175
(lp1176
(I2
I51
tp1177
a(I93
I59
tp1178
asVfeatures
p1179
(lp1180
(I93
I3
tp1181
asVreconnected
p1182
(lp1183
(I2
I1
tp1184
asVfeel
p1185
(lp1186
(I11
I1
tp1187
asVquestion
p1188
(lp1189
(I93
I1
tp1190
a(I98
I1
tp1191
asVpowerful
p1192
(lp1193
(I52
I1
tp1194
a(I93
I1
tp1195
asVone
p1196
(lp1197
(I93
I2
tp1198
a(I98
I6
tp1199
asVhook
p1200
(lp1201
(I93
I1
tp1202
asVfassbender
p1203
(lp1204
(I2
I1
tp1205
asVdone
p1206
(lp1207
(I35
I1
tp1208
a(I98
I1
tp1209
asVunspecified
p1210
(lp1211
(I2
I1
tp1212
asVanother
p1213
(lp1214
(I35
I2
tp1215
asVpic.twitter.com/h4jmi8hpfa
p1216
(lp1217
(I76
I1
tp1218
asVopen
p1219
(lp1220
(I93
I1
tp1221
asVcity
p1222
(lp1223
(I11
I1
tp1224
asVguess
p1225
(lp1226
(I2
I1
tp1227
asVlong
p1228
(lp1229
(I98
I1
tp1230
asVreference
p1231
(lp1232
(I93
I2
tp1233
asVlikely
p1234
(lp1235
(I93
I1
tp1236
a(I98
I3
tp1237
asVprivacy
p1238
(lp1239
(I35
I1
tp1240
asVintroduction
p1241
(lp1242
(I2
I1
tp1243
asVrevealed
p1244
(lp1245
(I2
I1
tp1246
asVhandsets
p1247
(lp1248
(I98
I1
tp1249
asVsystem
p1250
(lp1251
(I2
I1
tp1252
a(I93
I1
tp1253
asVleast
p1254
(lp1255
(I2
I1
tp1256
asVmonday
p1257
(lp1258
(I98
I2
tp1259
asVcourted
p1260
(lp1261
(I2
I1
tp1262
asVconfirming
p1263
(lp1264
(I35
I1
tp1265
asV2
p1266
(lp1267
(I93
I3
tp1268
a(I98
I1
tp1269
asVtell
p1270
(lp1271
(I98
I1
tp1272
asVphones
p1273
(lp1274
(I93
I2
tp1275
a(I98
I11
tp1276
asVperfectly
p1277
(lp1278
(I11
I1
tp1279
asVbitter
p1280
(lp1281
(I52
I50
tp1282
asVstore
p1283
(lp1284
(I35
I1
tp1285
a(I93
I1
tp1286
a(I98
I1
tp1287
asVeyes
p1288
(lp1289
(I76
I1
tp1290
asVfrustration
p1291
(lp1292
(I52
I1
tp1293
asVhub
p1294
(lp1295
(I98
I1
tp1296
asVseason
p1297
(lp1298
(I2
I1
tp1299
asVupdate
p1300
(lp1301
(I98
I1
tp1302
asVexactly
p1303
(lp1304
(I76
I50
tp1305
a(I98
I1
tp1306
asVpark
p1307
(lp1308
(I11
I56
tp1309
asVreleased
p1310
(lp1311
(I93
I2
tp1312
asVpart
p1313
(lp1314
(I52
I1
tp1315
a(I93
I1
tp1316
asVauthors
p1317
(lp1318
(I52
I3
tp1319
asV13-megapixel
p1320
(lp1321
(I93
I1
tp1322
asV11
p1323
(lp1324
(I93
I1
tp1325
asV10
p1326
(lp1327
(I76
I1
tp1328
a(I98
I53
tp1329
asVjohn
p1330
(lp1331
(I98
I1
tp1332
asVjobs
p1333
(lp1334
(I2
I58
tp1335
asV16
p1336
(lp1337
(I2
I2
tp1338
asVscenes
p1339
(lp1340
(I2
I1
tp1341
asVfuture
p1342
(lp1343
(I98
I2
tp1344
asVfruits
p1345
(lp1346
(I93
I1
tp1347
asVkindle
p1348
(lp1349
(I52
I1
tp1350
asVled
p1351
(lp1352
(I93
I1
tp1353
asVsculpture
p1354
(lp1355
(I11
I2
tp1356
asVacquisition
p1357
(lp1358
(I98
I1
tp1359
asVresult
p1360
(lp1361
(I93
I1
tp1362
asVplans
p1363
(lp1364
(I98
I1
tp1365
asVsan
p1366
(lp1367
(I98
I1
tp1368
asVdynamically
p1369
(lp1370
(I52
I1
tp1371
asVpartnership
p1372
(lp1373
(I93
I2
tp1374
a(I98
I1
tp1375
asVnyan
p1376
(lp1377
(I76
I1
tp1378
asV45-minute
p1379
(lp1380
(I98
I1
tp1381
asVhachette
p1382
(lp1383
(I52
I60
tp1384
asVsay
p1385
(lp1386
(I11
I1
tp1387
a(I2
I1
tp1388
a(I93
I1
tp1389
asVcurved
p1390
(lp1391
(I98
I1
tp1392
asVsaw
p1393
(lp1394
(I76
I1
tp1395
asVgear
p1396
(lp1397
(I98
I1
tp1398
asVagency
p1399
(lp1400
(I52
I2
tp1401
asVparks
p1402
(lp1403
(I11
I2
tp1404
asValso
p1405
(lp1406
(I11
I1
tp1407
a(I2
I1
tp1408
a(I35
I1
tp1409
a(I98
I3
tp1410
asVedge
p1411
(lp1412
(I98
I1
tp1413
asVbest
p1414
(lp1415
(I35
I1
tp1416
a(I98
I1
tp1417
asVonline
p1418
(lp1419
(I52
I1
tp1420
asVperformance
p1421
(lp1422
(I93
I1
tp1423
asVcompliant
p1424
(lp1425
(I93
I1
tp1426
asVatop
p1427
(lp1428
(I11
I1
tp1429
asVcloser
p1430
(lp1431
(I98
I1
tp1432
asVplay
p1433
(lp1434
(I2
I2
tp1435
a(I93
I1
tp1436
asVsure
p1437
(lp1438
(I98
I1
tp1439
asVmultiple
p1440
(lp1441
(I93
I1
tp1442
asVcommitting
p1443
(lp1444
(I98
I1
tp1445
asVthough
p1446
(lp1447
(I11
I1
tp1448
a(I2
I1
tp1449
a(I93
I1
tp1450
asVtrack
p1451
(lp1452
(I76
I1
tp1453
asVebook
p1454
(lp1455
(I52
I3
tp1456
asVbrooklyn
p1457
(lp1458
(I11
I51
tp1459
asVsignificant
p1460
(lp1461
(I52
I1
tp1462
asVservices
p1463
(lp1464
(I93
I5
tp1465
asVamerica
p1466
(lp1467
(I93
I1
tp1468
asVhands-on
p1469
(lp1470
(I98
I1
tp1471
asVcountries
p1472
(lp1473
(I93
I1
tp1474
asValcatel
p1475
(lp1476
(I93
I55
tp1477
asVlg\u2019s
p1478
(lp1479
(I98
I1
tp1480
asVmobile
p1481
(lp1482
(I76
I1
tp1483
a(I93
I1
tp1484
a(I98
I56
tp1485
asV4.4.4
p1486
(lp1487
(I93
I1
tp1488
asVclear
p1489
(lp1490
(I98
I1
tp1491
asVsometimes
p1492
(lp1493
(I11
I1
tp1494
asVcover
p1495
(lp1496
(I11
I1
tp1497
asVinfrastructure
p1498
(lp1499
(I98
I2
tp1500
asVwildcard
p1501
(lp1502
(I98
I1
tp1503
asVfire-breathing
p1504
(lp1505
(I76
I52
tp1506
asVmicrosoft
p1507
(lp1508
(I76
I54
tp1509
a(I98
I6
tp1510
asVfact
p1511
(lp1512
(I98
I1
tp1513
asVunicorn\u2019s
p1514
(lp1515
(I76
I1
tp1516
asVparticularly
p1517
(lp1518
(I2
I1
tp1519
asVshow
p1520
(lp1521
(I98
I10
tp1522
asVchances
p1523
(lp1524
(I98
I1
tp1525
asVultra-thin
p1526
(lp1527
(I98
I1
tp1528
asVsupported
p1529
(lp1530
(I93
I2
tp1531
asVparticipate
p1532
(lp1533
(I2
I2
tp1534
asVcorner
p1535
(lp1536
(I11
I1
tp1537
asVt-mobile
p1538
(lp1539
(I93
I1
tp1540
asVfind
p1541
(lp1542
(I2
I1
tp1543
a(I98
I1
tp1544
asVground
p1545
(lp1546
(I98
I1
tp1547
asVpartners
p1548
(lp1549
(I35
I1
tp1550
asVgiant
p1551
(lp1552
(I76
I1
tp1553
asVremoved
p1554
(lp1555
(I11
I4
tp1556
asVbased
p1557
(lp1558
(I93
I1
tp1559
asV(
p1560
(lp1561
(I2
I2
tp1562
a(I52
I1
tp1563
a(I76
I1
tp1564
a(I93
I1
tp1565
a(I98
I2
tp1566
asVdelays
p1567
(lp1568
(I52
I1
tp1569
asVit\u2019s
p1570
(lp1571
(I76
I4
tp1572
a(I98
I5
tp1573
asVdevelopers
p1574
(lp1575
(I98
I1
tp1576
asVbust
p1577
(lp1578
(I11
I59
tp1579
asVgoing
p1580
(lp1581
(I2
I1
tp1582
asVm8
p1583
(lp1584
(I98
I1
tp1585
asVemployee
p1586
(lp1587
(I11
I1
tp1588
asVriding
p1589
(lp1590
(I76
I51
tp1591
asVposted
p1592
(lp1593
(I52
I1
tp1594
asVthousands
p1595
(lp1596
(I98
I1
tp1597
asVarmour
p1598
(lp1599
(I98
I1
tp1600
asVboyle
p1601
(lp1602
(I2
I1
tp1603
asVdispute
p1604
(lp1605
(I52
I50
tp1606
asVmeant
p1607
(lp1608
(I11
I2
tp1609
asV6-inch
p1610
(lp1611
(I93
I3
tp1612
asVoverall
p1613
(lp1614
(I35
I1
tp1615
asVmission
p1616
(lp1617
(I93
I1
tp1618
asVamazon
p1619
(lp1620
(I52
I58
tp1621
asVnearly
p1622
(lp1623
(I98
I1
tp1624
asVdespite
p1625
(lp1626
(I98
I1
tp1627
asVreport
p1628
(lp1629
(I98
I1
tp1630
asVtrade
p1631
(lp1632
(I98
I3
tp1633
asVmultiyear
p1634
(lp1635
(I52
I1
tp1636
asVreveal
p1637
(lp1638
(I2
I1
tp1639
asVruns
p1640
(lp1641
(I98
I1
tp1642
asVoverbearing
p1643
(lp1644
(I52
I1
tp1645
asVsleeve
p1646
(lp1647
(I98
I1
tp1648
asVartist
p1649
(lp1650
(I11
I1
tp1651
asVremove
p1652
(lp1653
(I11
I3
tp1654
asVmorning
p1655
(lp1656
(I11
I1
tp1657
a(I98
I1
tp1658
asVgreene
p1659
(lp1660
(I11
I1
tp1661
asVcofounder
p1662
(lp1663
(I93
I1
tp1664
asVvision
p1665
(lp1666
(I93
I1
tp1667
asVaffordable
p1668
(lp1669
(I52
I1
tp1670
asVset
p1671
(lp1672
(I2
I1
tp1673
asVexists
p1674
(lp1675
(I35
I50
tp1676
asVvine
p1677
(lp1678
(I11
I1
tp1679
asVkeynote
p1680
(lp1681
(I98
I1
tp1682
asVbusinesspeople
p1683
(lp1684
(I98
I1
tp1685
asVsee
p1686
(lp1687
(I76
I2
tp1688
a(I98
I4
tp1689
asVofficials
p1690
(lp1691
(I11
I1
tp1692
asVfrontrunner
p1693
(lp1694
(I2
I1
tp1695
asVus
p1696
(lp1697
(I93
I52
tp1698
a(I98
I3
tp1699
asVrecently
p1700
(lp1701
(I2
I1
tp1702
a(I52
I1
tp1703
asVdeclined
p1704
(lp1705
(I11
I1
tp1706
asVgmail
p1707
(lp1708
(I93
I1
tp1709
asV11:30am
p1710
(lp1711
(I11
I1
tp1712
asVsaid
p1713
(lp1714
(I11
I1
tp1715
a(I93
I3
tp1716
a(I98
I2
tp1717
asVlots
p1718
(lp1719
(I98
I3
tp1720
asVmovie
p1721
(lp1722
(I2
I2
tp1723
asVaway
p1724
(lp1725
(I76
I1
tp1726
asVplease
p1727
(lp1728
(I35
I4
tp1729
asVupgraded
p1730
(lp1731
(I93
I1
tp1732
asVyet
p1733
(lp1734
(I93
I1
tp1735
a(I98
I1
tp1736
asVwo
p1737
(lp1738
(I52
I1
tp1739
asV3
p1740
(lp1741
(I93
I1
tp1742
asVunable
p1743
(lp1744
(I11
I1
tp1745
asVclosed
p1746
(lp1747
(I98
I1
tp1748
asVtens
p1749
(lp1750
(I98
I1
tp1751
asVteens
p1752
(lp1753
(I2
I1
tp1754
asVreading
p1755
(lp1756
(I2
I1
tp1757
asVapproach
p1758
(lp1759
(I11
I1
tp1760
a(I52
I1
tp1761
asVemail
p1762
(lp1763
(I35
I4
tp1764
a(I52
I1
tp1765
a(I76
I1
tp1766
asVschuster
p1767
(lp1768
(I52
I1
tp1769
asVavailable
p1770
(lp1771
(I35
I1
tp1772
a(I93
I3
tp1773
asVhtc
p1774
(lp1775
(I98
I3
tp1776
asVmonths-long
p1777
(lp1778
(I52
I1
tp1779
asVterms
p1780
(lp1781
(I35
I1
tp1782
a(I52
I1
tp1783
a(I98
I1
tp1784
asVinitially
p1785
(lp1786
(I11
I1
tp1787
a(I2
I1
tp1788
asVhandful
p1789
(lp1790
(I93
I1
tp1791
asVhowever
p1792
(lp1793
(I93
I1
tp1794
asVsoutheast
p1795
(lp1796
(I11
I1
tp1797
asVreal-life
p1798
(lp1799
(I2
I1
tp1800
asVcut
p1801
(lp1802
(I52
I1
tp1803
asVwindows
p1804
(lp1805
(I76
I8
tp1806
a(I98
I4
tp1807
asVpremise
p1808
(lp1809
(I93
I1
tp1810
asVarticle
p1811
(lp1812
(I93
I1
tp1813
asVcome
p1814
(lp1815
(I11
I1
tp1816
a(I93
I52
tp1817
asVbronze
p1818
(lp1819
(I11
I1
tp1820
asVpatched
p1821
(lp1822
(I52
I1
tp1823
asVlast
p1824
(lp1825
(I93
I1
tp1826
a(I98
I3
tp1827
asV19.99
p1828
(lp1829
(I52
I1
tp1830
asVmany
p1831
(lp1832
(I52
I1
tp1833
asVaccording
p1834
(lp1835
(I11
I1
tp1836
a(I2
I1
tp1837
asVenabling
p1838
(lp1839
(I93
I1
tp1840
asVplanned
p1841
(lp1842
(I98
I1
tp1843
asVcyanogenmod
p1844
(lp1845
(I93
I2
tp1846
asVlogin
p1847
(lp1848
(I35
I6
tp1849
asVhe\u2019ll
p1850
(lp1851
(I98
I1
tp1852
asVwhole
p1853
(lp1854
(I11
I1
tp1855
a(I93
I1
tp1856
asVnearby
p1857
(lp1858
(I11
I1
tp1859
asVnegotiation
p1860
(lp1861
(I52
I1
tp1862
asVsupply
p1863
(lp1864
(I52
I1
tp1865
asVappeared
p1866
(lp1867
(I76
I1
tp1868
asVguaranteed
p1869
(lp1870
(I98
I1
tp1871
asVtuesday
p1872
(lp1873
(I98
I1
tp1874
asVunicorns
p1875
(lp1876
(I76
I1
tp1877
asVperiod
p1878
(lp1879
(I52
I1
tp1880
asVz4
p1881
(lp1882
(I98
I2
tp1883
asVlikes
p1884
(lp1885
(I76
I1
tp1886
asVmaximize
p1887
(lp1888
(I52
I1
tp1889
asVunsuccessful
p1890
(lp1891
(I11
I1
tp1892
asVleaked
p1893
(lp1894
(I98
I2
tp1895
asVspeak
p1896
(lp1897
(I2
I1
tp1898
asVconference
p1899
(lp1900
(I98
I1
tp1901
asVmuch
p1902
(lp1903
(I98
I3
tp1904
asVenhancements
p1905
(lp1906
(I93
I1
tp1907
asVputs
p1908
(lp1909
(I93
I1
tp1910
asVthree
p1911
(lp1912
(I2
I1
tp1913
asVmark
p1914
(lp1915
(I2
I1
tp1916
asVsecret
p1917
(lp1918
(I2
I1
tp1919
asVspread
p1920
(lp1921
(I93
I1
tp1922
asVdon\u2019t
p1923
(lp1924
(I98
I2
tp1925
asVexpected
p1926
(lp1927
(I98
I2
tp1928
asVcorrection
p1929
(lp1930
(I93
I1
tp1931
asVidol
p1932
(lp1933
(I93
I1
tp1934
asVwalter
p1935
(lp1936
(I2
I1
tp1937
asVusername
p1938
(lp1939
(I35
I3
tp1940
asVdialogue
p1941
(lp1942
(I2
I1
tp1943
asVlived
p1944
(lp1945
(I2
I1
tp1946
asVdoesn\u2019t
p1947
(lp1948
(I98
I2
tp1949
asVbypass
p1950
(lp1951
(I93
I1
tp1952
asVpainted
p1953
(lp1954
(I52
I1
tp1955
asVgiven
p1956
(lp1957
(I98
I1
tp1958
asVworker
p1959
(lp1960
(I11
I1
tp1961
asVsmartwatch
p1962
(lp1963
(I98
I1
tp1964
asVpriced
p1965
(lp1966
(I52
I1
tp1967
asVlaptops
p1968
(lp1969
(I76
I1
tp1970
asVphotos
p1971
(lp1972
(I11
I1
tp1973
asVlives
p1974
(lp1975
(I2
I2
tp1976
asVprices
p1977
(lp1978
(I52
I2
tp1979
asVmodern-day
p1980
(lp1981
(I11
I1
tp1982
asVcase
p1983
(lp1984
(I2
I2
tp1985
asVglobally
p1986
(lp1987
(I93
I1
tp1988
asVsmartphones
p1989
(lp1990
(I93
I1
tp1991
a(I98
I1
tp1992
asVlook
p1993
(lp1994
(I11
I1
tp1995
a(I76
I1
tp1996
a(I98
I2
tp1997
asVlaunches
p1998
(lp1999
(I2
I1
tp2000
a(I98
I1
tp2001
asVvalue
p2002
(lp2003
(I52
I1
tp2004
a(I93
I1
tp2005
asVhead-mounted
p2006
(lp2007
(I98
I2
tp2008
asVn't
p2009
(lp2010
(I2
I7
tp2011
a(I52
I3
tp2012
a(I93
I1
tp2013
asVcast
p2014
(lp2015
(I11
I1
tp2016
a(I2
I1
tp2017
asVnear
p2018
(lp2019
(I11
I1
tp2020
asVfun
p2021
(lp2022
(I98
I1
tp2023
asV2+
p2024
(lp2025
(I93
I56
tp2026
asVlaunched
p2027
(lp2028
(I98
I1
tp2029
asVresolved
p2030
(lp2031
(I52
I50
tp2032
asVi\u2019d
p2033
(lp2034
(I93
I1
tp2035
asValmost
p2036
(lp2037
(I35
I1
tp2038
asVregistered
p2039
(lp2040
(I35
I1
tp2041
asVaccessories
p2042
(lp2043
(I93
I1
tp2044
asVmoto
p2045
(lp2046
(I98
I1
tp2047
asVhardware
p2048
(lp2049
(I98
I2
tp2050
asVvr
p2051
(lp2052
(I98
I2
tp2053
asVreports
p2054
(lp2055
(I98
I1
tp2056
asVpartner
p2057
(lp2058
(I98
I1
tp2059
asVstickers
p2060
(lp2061
(I76
I1
tp2062
asVsuited-up
p2063
(lp2064
(I98
I1
tp2065
asVgrown
p2066
(lp2067
(I93
I1
tp2068
asVshooting
p2069
(lp2070
(I76
I1
tp2071
asVlacking
p2072
(lp2073
(I76
I1
tp2074
asVdesign
p2075
(lp2076
(I98
I1
tp2077
asVnewsroom
p2078
(lp2079
(I2
I1
tp2080
asVmedia
p2081
(lp2082
(I11
I2
tp2083
asVmake
p2084
(lp2085
(I93
I1
tp2086
a(I98
I1
tp2087
asVcheck
p2088
(lp2089
(I76
I1
tp2090
asVspeech
p2091
(lp2092
(I98
I1
tp2093
asVnegotiations
p2094
(lp2095
(I52
I1
tp2096
asVlargest
p2097
(lp2098
(I98
I1
tp2099
asV9
p2100
(lp2101
(I76
I2
tp2102
asVparty
p2103
(lp2104
(I35
I4
tp2105
asVandroid
p2106
(lp2107
(I76
I1
tp2108
a(I93
I5
tp2109
asVweek
p2110
(lp2111
(I76
I1
tp2112
a(I98
I2
tp2113
asVindependent
p2114
(lp2115
(I2
I1
tp2116
asVadvancements
p2117
(lp2118
(I98
I1
tp2119
asVbale
p2120
(lp2121
(I2
I1
tp2122
asVios
p2123
(lp2124
(I76
I1
tp2125
asVeffect
p2126
(lp2127
(I52
I1
tp2128
asVperhaps
p2129
(lp2130
(I93
I1
tp2131
a(I98
I2
tp2132
asVrunning
p2133
(lp2134
(I76
I1
tp2135
a(I93
I1
tp2136
asVlevels
p2137
(lp2138
(I52
I1
tp2139
asVarrived
p2140
(lp2141
(I11
I2
tp2142
asVuser
p2143
(lp2144
(I35
I2
tp2145
asVstatue
p2146
(lp2147
(I11
I1
tp2148
asVunicorn
p2149
(lp2150
(I76
I51
tp2151
asVdark
p2152
(lp2153
(I98
I1
tp2154
asVrumors
p2155
(lp2156
(I98
I1
tp2157
asVinsisted
p2158
(lp2159
(I52
I1
tp2160
asVthoughts
p2161
(lp2162
(I2
I1
tp2163
asVrecent
p2164
(lp2165
(I93
I1
tp2166
a(I98
I2
tp2167
asVauthors\u2019
p2168
(lp2169
(I52
I1
tp2170
asVshortly
p2171
(lp2172
(I11
I1
tp2173
a(I76
I1
tp2174
asVlargely
p2175
(lp2176
(I98
I1
tp2177
asVpietsch
p2178
(lp2179
(I52
I1
tp2180
asVwell
p2181
(lp2182
(I98
I1
tp2183
asVthr
p2184
(lp2185
(I2
I1
tp2186
asVmaker
p2187
(lp2188
(I76
I1
tp2189
asV2gb
p2190
(lp2191
(I93
I1
tp2192
asVwithout
p2193
(lp2194
(I93
I1
tp2195
asVmicrosoft\u2019s
p2196
(lp2197
(I76
I1
tp2198
asVclaims
p2199
(lp2200
(I52
I2
tp2201
asVmodel
p2202
(lp2203
(I52
I2
tp2204
asVoneplus
p2205
(lp2206
(I93
I1
tp2207
asVcorporate
p2208
(lp2209
(I76
I1
tp2210
asVspend
p2211
(lp2212
(I2
I1
tp2213
asVmid-range
p2214
(lp2215
(I93
I1
tp2216
a(I98
I3
tp2217
asVrestore
p2218
(lp2219
(I52
I1
tp2220
asVreliant
p2221
(lp2222
(I93
I1
tp2223
asVless
p2224
(lp2225
(I93
I1
tp2226
asVgenerally
p2227
(lp2228
(I93
I1
tp2229
asVlaptop
p2230
(lp2231
(I76
I3
tp2232
asVanti-social
p2233
(lp2234
(I2
I1
tp2235
asVsleepy
p2236
(lp2237
(I98
I1
tp2238
asVisaacson
p2239
(lp2240
(I2
I2
tp2241
asVsources
p2242
(lp2243
(I98
I1
tp2244
asV\u2014
p2245
(lp2246
(I2
I6
tp2247
a(I52
I1
tp2248
asVworld
p2249
(lp2250
(I2
I2
tp2251
a(I76
I2
tp2252
a(I93
I2
tp2253
a(I98
I55
tp2254
asVfirefox
p2255
(lp2256
(I98
I3
tp2257
asVyes
p2258
(lp2259
(I35
I2
tp2260
asVchastain
p2261
(lp2262
(I2
I1
tp2263
asVcaptured
p2264
(lp2265
(I11
I1
tp2266
asVannouncement
p2267
(lp2268
(I2
I1
tp2269
asVparkgoers
p2270
(lp2271
(I11
I1
tp2272
asV$
p2273
(lp2274
(I52
I3
tp2275
a(I93
I1
tp2276
asVtablet
p2277
(lp2278
(I98
I2
tp2279
asVseems
p2280
(lp2281
(I98
I1
tp2282
asVcharacter
p2283
(lp2284
(I2
I1
tp2285
asVrangers
p2286
(lp2287
(I11
I1
tp2288
asVbook
p2289
(lp2290
(I2
I1
tp2291
a(I52
I1
tp2292
asVparents
p2293
(lp2294
(I2
I1
tp2295
asVexpecting
p2296
(lp2297
(I98
I3
tp2298
asVprison
p2299
(lp2300
(I11
I1
tp2301
asVsnap
p2302
(lp2303
(I93
I1
tp2304
asVtake
p2305
(lp2306
(I2
I1
tp2307
a(I52
I1
tp2308
asVactresses
p2309
(lp2310
(I2
I1
tp2311
asVbio
p2312
(lp2313
(I2
I1
tp2314
asVcustomers
p2315
(lp2316
(I52
I1
tp2317
asVcasting
p2318
(lp2319
(I2
I1
tp2320
asVwhet
p2321
(lp2322
(I98
I1
tp2323
asVpic.twitter.com/2dyqbeln4l
p2324
(lp2325
(I11
I1
tp2326
asVread
p2327
(lp2328
(I35
I1
tp2329
asVbig
p2330
(lp2331
(I98
I4
tp2332
asVproviding
p2333
(lp2334
(I98
I1
tp2335
asVpossible
p2336
(lp2337
(I35
I1
tp2338
asVearly
p2339
(lp2340
(I52
I1
tp2341
a(I98
I1
tp2342
asVpossibly
p2343
(lp2344
(I98
I1
tp2345
asVgame
p2346
(lp2347
(I98
I1
tp2348
asVpreinstalled
p2349
(lp2350
(I93
I1
tp2351
asVknow
p2352
(lp2353
(I11
I1
tp2354
a(I2
I1
tp2355
a(I93
I1
tp2356
a(I98
I1
tp2357
asVpress
p2358
(lp2359
(I98
I6
tp2360
asVusing
p2361
(lp2362
(I35
I5
tp2363
asVbit
p2364
(lp2365
(I76
I1
tp2366
a(I98
I1
tp2367
asVaccepted
p2368
(lp2369
(I11
I1
tp2370
asVlike
p2371
(lp2372
(I35
I5
tp2373
a(I76
I1
tp2374
a(I98
I3
tp2375
asVmartyrs
p2376
(lp2377
(I11
I1
tp2378
asVrenegade
p2379
(lp2380
(I11
I51
tp2381
asVgift
p2382
(lp2383
(I11
I1
tp2384
asVcooler
p2385
(lp2386
(I76
I1
tp2387
asVinterestingly
p2388
(lp2389
(I2
I1
tp2390
asVnokia\u2019s
p2391
(lp2392
(I98
I1
tp2393
asV've
p2394
(lp2395
(I11
I1
tp2396
a(I93
I1
tp2397
asVspecific
p2398
(lp2399
(I35
I1
tp2400
a(I52
I1
tp2401
asVaudience
p2402
(lp2403
(I35
I1
tp2404
asVhigher-end
p2405
(lp2406
(I98
I1
tp2407
asVeither
p2408
(lp2409
(I2
I1
tp2410
asVjanuary
p2411
(lp2412
(I98
I1
tp2413
asVpopular
p2414
(lp2415
(I11
I1
tp2416
asVgoogle\u2019s
p2417
(lp2418
(I93
I1
tp2419
asVdebut
p2420
(lp2421
(I2
I1
tp2422
asVhonored
p2423
(lp2424
(I11
I1
tp2425
asVoften
p2426
(lp2427
(I98
I2
tp2428
asVdeal
p2429
(lp2430
(I52
I2
tp2431
asVpeople
p2432
(lp2433
(I2
I2
tp2434
asVbookseller
p2435
(lp2436
(I52
I1
tp2437
asVspring
p2438
(lp2439
(I93
I2
tp2440
asVtwitter
p2441
(lp2442
(I35
I4
tp2443
asVhanding
p2444
(lp2445
(I76
I1
tp2446
asValive
p2447
(lp2448
(I2
I1
tp2449
asVi\u2019ve
p2450
(lp2451
(I76
I1
tp2452
asVpricing
p2453
(lp2454
(I52
I1
tp2455
asVnewsletter
p2456
(lp2457
(I35
I1
tp2458
asV5-inch
p2459
(lp2460
(I98
I1
tp2461
asVsized
p2462
(lp2463
(I11
I1
tp2464
asVand/or
p2465
(lp2466
(I35
I1
tp2467
asVcongress
p2468
(lp2469
(I76
I1
tp2470
a(I93
I1
tp2471
a(I98
I55
tp2472
asVunlocked
p2473
(lp2474
(I93
I1
tp2475
asVdrop
p2476
(lp2477
(I98
I1
tp2478
asVnoon
p2479
(lp2480
(I11
I1
tp2481
asVroster
p2482
(lp2483
(I52
I1
tp2484
asVbenefit
p2485
(lp2486
(I93
I1
tp2487
asV/
p2488
(lp2489
(I2
I1
tp2490
asVseller
p2491
(lp2492
(I52
I1
tp2493
asVeverything
p2494
(lp2495
(I98
I1
tp2496
asVeliminate
p2497
(lp2498
(I93
I1
tp2499
asVprovides
p2500
(lp2501
(I2
I1
tp2502
a(I93
I1
tp2503
asVdenied
p2504
(lp2505
(I2
I1
tp2506
asVcnn
p2507
(lp2508
(I52
I1
tp2509
asV?
p2510
(lp2511
(I35
I6
tp2512
a(I93
I1
tp2513
a(I98
I3
tp2514
asVblackberry
p2515
(lp2516
(I98
I3
tp2517
asVwelcome
p2518
(lp2519
(I98
I1
tp2520
asVbiopic
p2521
(lp2522
(I2
I2
tp2523
asVbusiness
p2524
(lp2525
(I98
I1
tp2526
asVagreement
p2527
(lp2528
(I52
I1
tp2529
asV2ghz
p2530
(lp2531
(I93
I1
tp2532
asVshifting
p2533
(lp2534
(I98
I1
tp2535
asVpublisher-friendly
p2536
(lp2537
(I52
I1
tp2538
asVsnapped
p2539
(lp2540
(I76
I1
tp2541
asVpost
p2542
(lp2543
(I93
I1
tp2544
asVwaving
p2545
(lp2546
(I76
I1
tp2547
asVworking
p2548
(lp2549
(I98
I1
tp2550
asVanything
p2551
(lp2552
(I76
I1
tp2553
a(I98
I3
tp2554
asVoh
p2555
(lp2556
(I98
I1
tp2557
asVspilled
p2558
(lp2559
(I52
I1
tp2560
asVmonths
p2561
(lp2562
(I98
I1
tp2563
asVplus
p2564
(lp2565
(I98
I1
tp2566
asVos
p2567
(lp2568
(I93
I59
tp2569
a(I98
I2
tp2570
asVprocessor
p2571
(lp2572
(I93
I1
tp2573
asVsoftware
p2574
(lp2575
(I76
I1
tp2576
a(I93
I5
tp2577
asVcontains
p2578
(lp2579
(I52
I1
tp2580
asVkitkat
p2581
(lp2582
(I93
I1
tp2583
asVkeeps
p2584
(lp2585
(I52
I1
tp2586
asVenough
p2587
(lp2588
(I98
I1
tp2589
asVheadsets
p2590
(lp2591
(I76
I1
tp2592
asVpreexisting
p2593
(lp2594
(I11
I1
tp2595
asVtwo
p2596
(lp2597
(I98
I4
tp2598
asVsamsung\u2019s
p2599
(lp2600
(I98
I2
tp2601
asVgoogle
p2602
(lp2603
(I93
I5
tp2604
a(I98
I2
tp2605
asVportrayal
p2606
(lp2607
(I2
I1
tp2608
asV.
p2609
(lp2610
(I11
I15
tp2611
a(I2
I11
tp2612
a(I35
I11
tp2613
a(I52
I11
tp2614
a(I76
I11
tp2615
a(I93
I19
tp2616
a(I98
I38
tp2617
asVmotorola
p2618
(lp2619
(I98
I2
tp2620
asV9.99
p2621
(lp2622
(I52
I1
tp2623
asVnetworking
p2624
(lp2625
(I2
I1
tp2626
asV1983
p2627
(lp2628
(I2
I1
tp2629
asVsupport
p2630
(lp2631
(I93
I1
tp2632
asVapps
p2633
(lp2634
(I76
I1
tp2635
a(I93
I1
tp2636
asV1988
p2637
(lp2638
(I2
I1
tp2639
asVsides
p2640
(lp2641
(I98
I1
tp2642
asVaccordingly
p2643
(lp2644
(I11
I1
tp2645
asVcats
p2646
(lp2647
(I76
I1
tp2648
asVway
p2649
(lp2650
(I11
I1
tp2651
a(I98
I1
tp2652
asV:
p2653
(lp2654
(I11
I1
tp2655
a(I2
I2
tp2656
a(I93
I1
tp2657
a(I98
I3
tp2658
asVacross
p2659
(lp2660
(I93
I1
tp2661
asVcatered
p2662
(lp2663
(I98
I1
tp2664
asVhotspots
p2665
(lp2666
(I98
I1
tp2667
asVhead
p2668
(lp2669
(I93
I1
tp2670
a(I98
I1
tp2671
asVbuy
p2672
(lp2673
(I98
I1
tp2674
asVnorth
p2675
(lp2676
(I93
I1
tp2677
asVcomplete
p2678
(lp2679
(I35
I1
tp2680
asVoffer
p2681
(lp2682
(I52
I1
tp2683
a(I93
I1
tp2684
asVbecoming
p2685
(lp2686
(I35
I1
tp2687
asVfireworks
p2688
(lp2689
(I98
I1
tp2690
asVback
p2691
(lp2692
(I98
I2
tp2693
asVt-shirt
p2694
(lp2695
(I76
I2
tp2696
asVlink
p2697
(lp2698
(I35
I1
tp2699
asVyear\u2019s
p2700
(lp2701
(I98
I2
tp2702
asVnewer
p2703
(lp2704
(I93
I1
tp2705
asVletter.
p2706
(lp2707
(I52
I1
tp2708
asVtrying
p2709
(lp2710
(I11
I1
tp2711
a(I76
I1
tp2712
asVshowcase
p2713
(lp2714
(I98
I1
tp2715
asVfort
p2716
(lp2717
(I11
I1
tp2718
asVreset
p2719
(lp2720
(I35
I1
tp2721
asVpull
p2722
(lp2723
(I98
I1
tp2724
asVmade
p2725
(lp2726
(I2
I1
tp2727
asVstelter
p2728
(lp2729
(I52
I1
tp2730
asVversions
p2731
(lp2732
(I93
I1
tp2733
asVmarkets
p2734
(lp2735
(I98
I1
tp2736
asVofficial
p2737
(lp2738
(I76
I1
tp2739
asVhosting
p2740
(lp2741
(I98
I4
tp2742
asVsigned
p2743
(lp2744
(I35
I4
tp2745
a(I52
I1
tp2746
asVunveils
p2747
(lp2748
(I98
I1
tp2749
asVplaced
p2750
(lp2751
(I11
I1
tp2752
asV're
p2753
(lp2754
(I11
I2
tp2755
a(I98
I1
tp2756
asVmonument
p2757
(lp2758
(I11
I2
tp2759
asVproblem
p2760
(lp2761
(I93
I1
tp2762
asVpiece
p2763
(lp2764
(I11
I1
tp2765
asVdisplay
p2766
(lp2767
(I93
I1
tp2768
asVplinths
p2769
(lp2770
(I11
I1
tp2771
asVassociated
p2772
(lp2773
(I98
I1
tp2774
asVpin
p2775
(lp2776
(I11
I1
tp2777
a(I2
I1
tp2778
a(I52
I1
tp2779
a(I76
I1
tp2780
a(I93
I1
tp2781
a(I98
I1
tp2782
asVclassic
p2783
(lp2784
(I98
I1
tp2785
asVhandset
p2786
(lp2787
(I93
I1
tp2788
asVyear
p2789
(lp2790
(I93
I2
tp2791
a(I98
I10
tp2792
asVsales
p2793
(lp2794
(I52
I1
tp2795
asVcovers
p2796
(lp2797
(I93
I1
tp2798
asVgeneral
p2799
(lp2800
(I93
I1
tp2801
asV''
p2802
(lp2803
(I11
I4
tp2804
a(I2
I7
tp2805
a(I52
I3
tp2806
a(I93
I3
tp2807
asVbarcelona
p2808
(lp2809
(I98
I1
tp2810
asVrally
p2811
(lp2812
(I52
I1
tp2813
asVship
p2814
(lp2815
(I11
I1
tp2816
asVface-off
p2817
(lp2818
(I52
I1
tp2819
asVcampus
p2820
(lp2821
(I76
I1
tp2822
asVfilm
p2823
(lp2824
(I2
I53
tp2825
asVdeeper
p2826
(lp2827
(I93
I1
tp2828
asVrainbow
p2829
(lp2830
(I76
I1
tp2831
asVpassword
p2832
(lp2833
(I35
I2
tp2834
asVassessing
p2835
(lp2836
(I11
I1
tp2837
asV'll
p2838
(lp2839
(I35
I2
tp2840
a(I98
I1
tp2841
asVhachette-published
p2842
(lp2843
(I52
I2
tp2844
asVunjustifiably
p2845
(lp2846
(I52
I1
tp2847
asVincredible
p2848
(lp2849
(I35
I50
tp2850
asVagreeing
p2851
(lp2852
(I35
I1
tp2853
asVexcel
p2854
(lp2855
(I76
I1
tp2856
asVwebos
p2857
(lp2858
(I98
I1
tp2859
asVvirtual
p2860
(lp2861
(I98
I1
tp2862
asVreality
p2863
(lp2864
(I98
I1
tp2865
asVoccasional
p2866
(lp2867
(I35
I1
tp2868
asVstarted
p2869
(lp2870
(I98
I1
tp2871
asVinterested
p2872
(lp2873
(I2
I1
tp2874
asVrole
p2875
(lp2876
(I2
I3
tp2877
asVnormal
p2878
(lp2879
(I52
I1
tp2880
asVbrings
p2881
(lp2882
(I93
I1
tp2883
asVdepartment
p2884
(lp2885
(I11
I2
tp2886
asVannouncements
p2887
(lp2888
(I98
I4
tp2889
asVreally
p2890
(lp2891
(I76
I1
tp2892
asVfrancisco
p2893
(lp2894
(I98
I1
tp2895
asV's
p2896
(lp2897
(I2
I13
tp2898
a(I35
I50
tp2899
a(I52
I1
tp2900
a(I76
I2
tp2901
a(I93
I59
tp2902
a(I98
I2
tp2903
asVusers
p2904
(lp2905
(I35
I1
tp2906
a(I93
I1
tp2907
asVreportedly
p2908
(lp2909
(I2
I2
tp2910
asVleak
p2911
(lp2912
(I98
I1
tp2913
asVnarrative
p2914
(lp2915
(I2
I1
tp2916
asVdisclosed
p2917
(lp2918
(I52
I1
tp2919
asVvariation
p2920
(lp2921
(I93
I1
tp2922
asVincludes
p2923
(lp2924
(I93
I1
tp2925
asVgifts
p2926
(lp2927
(I11
I1
tp2928
asVconcurrent
p2929
(lp2930
(I98
I1
tp2931
asVchance
p2932
(lp2933
(I98
I1
tp2934
asVbackstage
p2935
(lp2936
(I2
I2
tp2937
asVallowing
p2938
(lp2939
(I52
I1
tp2940
asVcoverage
p2941
(lp2942
(I98
I1
tp2943
asVincluded
p2944
(lp2945
(I93
I1
tp2946
asVelse
p2947
(lp2948
(I98
I1
tp2949
asVheroine
p2950
(lp2951
(I2
I1
tp2952
asVstructure
p2953
(lp2954
(I2
I1
tp2955
asVnetwork
p2956
(lp2957
(I2
I2
tp2958
asVbuilding
p2959
(lp2960
(I93
I1
tp2961
asVlineup
p2962
(lp2963
(I98
I1
tp2964
asVe
p2965
(lp2966
(I98
I1
tp2967
asV3rd
p2968
(lp2969
(I35
I4
tp2970
asVsamsung
p2971
(lp2972
(I98
I4
tp2973
asVvirtually
p2974
(lp2975
(I98
I1
tp2976
asVblogs
p2977
(lp2978
(I98
I1
tp2979
asVrequired
p2980
(lp2981
(I35
I1
tp2982
asVdaily
p2983
(lp2984
(I35
I1
tp2985
asVoriginal
p2986
(lp2987
(I93
I1
tp2988
asVfeud
p2989
(lp2990
(I52
I1
tp2991
asVmimic
p2992
(lp2993
(I11
I1
tp2994
asV2001
p2995
(lp2996
(I2
I1
tp2997
asVtime
p2998
(lp2999
(I2
I2
tp3000
asVn1
p3001
(lp3002
(I93
I1
tp3003
asVhero2+
p3004
(lp3005
(I93
I1
tp3006
asVavoid
p3007
(lp3008
(I11
I1
tp3009
asVkondik
p3010
(lp3011
(I93
I2
tp3012
as.None
