ccollections
defaultdict
p0
(c__builtin__
list
p1
tp2
Rp3
Vlimited
p4
(lp5
(I20
I1
tp6
asVfour
p7
(lp8
(I0
I1
tp9
a(I51
I1
tp10
a(I65
I1
tp11
asVhanging
p12
(lp13
(I0
I1
tp14
asVwhose
p15
(lp16
(I0
I1
tp17
asVtweet
p18
(lp19
(I0
I1
tp20
a(I37
I1
tp21
a(I51
I1
tp22
a(I65
I1
tp23
a(I68
I1
tp24
a(I74
I1
tp25
a(I9
I1
tp26
asV340
p27
(lp28
(I51
I1
tp29
asVlore
p30
(lp31
(I74
I1
tp32
asVworth
p33
(lp34
(I0
I1
tp35
a(I65
I2
tp36
asVmilitantly
p37
(lp38
(I0
I1
tp39
asV@
p40
(lp41
(I68
I2
tp42
asVrisk
p43
(lp44
(I0
I2
tp45
asVpublicly-released
p46
(lp47
(I51
I1
tp48
asVevery
p49
(lp50
(I0
I3
tp51
a(I20
I1
tp52
asVcustomizable
p53
(lp54
(I51
I1
tp55
asVsupports
p56
(lp57
(I51
I1
tp58
asVcompanies
p59
(lp60
(I20
I1
tp61
asVs'uhd
p62
(lp63
(I63
I50
tp64
asVred
p65
(lp66
(I51
I1
tp67
a(I9
I1
tp68
asVenjoy
p69
(lp70
(I0
I2
tp71
asVchew
p72
(lp73
(I0
I1
tp74
asVforce
p75
(lp76
(I37
I1
tp77
a(I51
I2
tp78
a(I9
I53
tp79
asVmaneuver
p80
(lp81
(I20
I1
tp82
asVphones
p83
(lp84
(I65
I55
tp85
asVguidelines
p86
(lp87
(I20
I1
tp88
asVdirect
p89
(lp90
(I74
I1
tp91
a(I9
I1
tp92
asVsecond
p93
(lp94
(I0
I1
tp95
asVshrugging
p96
(lp97
(I0
I1
tp98
asVair
p99
(lp100
(I9
I1
tp101
asVmachines
p102
(lp103
(I37
I2
tp104
asVapproached
p105
(lp106
(I9
I1
tp107
asVeven
p108
(lp109
(I74
I1
tp110
a(I9
I1
tp111
asVinteractions
p112
(lp113
(I51
I2
tp114
asV60kg
p115
(lp116
(I37
I1
tp117
asVnew
p118
(lp119
(I20
I1
tp120
a(I37
I52
tp121
a(I51
I1
tp122
a(I65
I1
tp123
a(I74
I55
tp124
a(I9
I8
tp125
asVnet
p126
(lp127
(I20
I51
tp128
asVever
p129
(lp130
(I20
I1
tp131
asVtold
p132
(lp133
(I65
I1
tp134
a(I9
I2
tp135
asVkicked
p136
(lp137
(I74
I2
tp138
a(I9
I1
tp139
asVprotection
p140
(lp141
(I20
I1
tp142
asVstudio
p143
(lp144
(I74
I1
tp145
asVcelebration
p146
(lp147
(I9
I1
tp148
asVelaborate
p149
(lp150
(I74
I1
tp151
asVchanged
p152
(lp153
(I9
I1
tp154
asVsuperstitious
p155
(lp156
(I9
I1
tp157
asVchanges
p158
(lp159
(I51
I1
tp160
a(I9
I1
tp161
asVcriticism
p162
(lp163
(I9
I1
tp164
asVcampaign
p165
(lp166
(I74
I3
tp167
asVexplained
p168
(lp169
(I74
I1
tp170
a(I9
I2
tp171
asVreplace
p172
(lp173
(I51
I1
tp174
asVbrought
p175
(lp176
(I9
I1
tp177
asVr2-unit
p178
(lp179
(I9
I1
tp180
asVstern
p181
(lp182
(I20
I1
tp183
asVpunching
p184
(lp185
(I0
I1
tp186
asVglance
p187
(lp188
(I51
I1
tp189
asVunit
p190
(lp191
(I9
I1
tp192
asVwould
p193
(lp194
(I0
I1
tp195
a(I20
I10
tp196
a(I45
I1
tp197
a(I51
I1
tp198
a(I63
I1
tp199
a(I74
I1
tp200
a(I9
I4
tp201
asVbrowse
p202
(lp203
(I37
I1
tp204
asVarms
p205
(lp206
(I68
I1
tp207
asVnoting
p208
(lp209
(I20
I1
tp210
a(I65
I1
tp211
asVmusic
p212
(lp213
(I20
I8
tp214
asVpassport
p215
(lp216
(I68
I2
tp217
asVrecommend
p218
(lp219
(I65
I1
tp220
asVtype
p221
(lp222
(I0
I1
tp223
asVtell
p224
(lp225
(I51
I1
tp226
a(I9
I2
tp227
asVbrings
p228
(lp229
(I0
I1
tp230
asVyahoo
p231
(lp232
(I0
I1
tp233
a(I9
I1
tp234
asVaware
p235
(lp236
(I20
I1
tp237
asVphone
p238
(lp239
(I20
I1
tp240
a(I65
I6
tp241
asVadult
p242
(lp243
(I0
I2
tp244
asVhold
p245
(lp246
(I65
I1
tp247
asVcircumstances
p248
(lp249
(I20
I1
tp250
asVlocked
p251
(lp252
(I51
I1
tp253
asVroom
p254
(lp255
(I20
I1
tp256
asVwork
p257
(lp258
(I0
I1
tp259
a(I51
I1
tp260
asVmovies
p261
(lp262
(I0
I54
tp263
a(I9
I2
tp264
asVera
p265
(lp266
(I0
I1
tp267
asVexceptions
p268
(lp269
(I0
I1
tp270
a(I20
I1
tp271
a(I51
I1
tp272
asVakin
p273
(lp274
(I0
I1
tp275
asVexample
p276
(lp277
(I0
I2
tp278
a(I68
I1
tp279
asV16gb
p280
(lp281
(I37
I2
tp282
asVswipes
p283
(lp284
(I51
I2
tp285
asVgive
p286
(lp287
(I74
I1
tp288
asVmayhew
p289
(lp290
(I9
I1
tp291
asVpaparazzi
p292
(lp293
(I0
I1
tp294
asVwant
p295
(lp296
(I0
I3
tp297
a(I37
I2
tp298
a(I51
I1
tp299
a(I68
I1
tp300
asVjensen
p301
(lp302
(I74
I1
tp303
asVend
p304
(lp305
(I65
I1
tp306
a(I68
I1
tp307
asVx-wing
p308
(lp309
(I9
I1
tp310
asVthing
p311
(lp312
(I0
I1
tp313
a(I9
I1
tp314
asVprovide
p315
(lp316
(I45
I2
tp317
a(I63
I2
tp318
asVfeature
p319
(lp320
(I20
I1
tp321
a(I37
I1
tp322
a(I65
I1
tp323
a(I74
I1
tp324
asVmachine
p325
(lp326
(I37
I3
tp327
asVinterview
p328
(lp329
(I0
I1
tp330
asVmassive
p331
(lp332
(I45
I50
tp333
asVearlier
p334
(lp335
(I0
I1
tp336
a(I37
I1
tp337
asVlax
p338
(lp339
(I68
I2
tp340
asVmeaningful
p341
(lp342
(I65
I1
tp343
asVouroboros
p344
(lp345
(I0
I1
tp346
asVtypes
p347
(lp348
(I51
I1
tp349
asVattempt
p350
(lp351
(I0
I1
tp352
asVthird
p353
(lp354
(I65
I1
tp355
asVfictional
p356
(lp357
(I74
I2
tp358
asVgreen
p359
(lp360
(I51
I1
tp361
asVenter
p362
(lp363
(I37
I1
tp364
a(I51
I1
tp365
asVorder
p366
(lp367
(I20
I1
tp368
a(I45
I1
tp369
a(I63
I1
tp370
asVtelecom
p371
(lp372
(I20
I1
tp373
asVresponsive
p374
(lp375
(I51
I1
tp376
a(I65
I1
tp377
asVglances
p378
(lp379
(I51
I2
tp380
asVfit
p381
(lp382
(I51
I2
tp383
a(I9
I1
tp384
asVpersonal
p385
(lp386
(I9
I1
tp387
asV,
p388
(lp389
(I0
I32
tp390
a(I20
I33
tp391
a(I37
I25
tp392
a(I45
I9
tp393
a(I51
I47
tp394
a(I63
I9
tp395
a(I65
I20
tp396
a(I68
I15
tp397
a(I74
I122
tp398
a(I9
I34
tp399
asVcrew
p400
(lp401
(I9
I1
tp402
asVbetter
p403
(lp404
(I45
I1
tp405
a(I63
I1
tp406
asV400
p407
(lp408
(I65
I1
tp409
asVeasier
p410
(lp411
(I51
I1
tp412
asVaffected
p413
(lp414
(I9
I1
tp415
asVpegg
p416
(lp417
(I0
I1
tp418
asVeffects
p419
(lp420
(I20
I1
tp421
asVschools
p422
(lp423
(I37
I1
tp424
asV30-foot-tall
p425
(lp426
(I0
I1
tp427
asVreasonably
p428
(lp429
(I65
I1
tp430
asVfilling
p431
(lp432
(I51
I1
tp433
asVreasonable
p434
(lp435
(I20
I1
tp436
asVwent
p437
(lp438
(I9
I1
tp439
asVside
p440
(lp441
(I0
I1
tp442
a(I51
I1
tp443
asVdurability
p444
(lp445
(I37
I1
tp446
asVseries
p447
(lp448
(I51
I1
tp449
a(I65
I1
tp450
a(I74
I3
tp451
a(I9
I1
tp452
asV390
p453
(lp454
(I51
I1
tp455
asVforgot
p456
(lp457
(I45
I4
tp458
a(I63
I4
tp459
asVdawn
p460
(lp461
(I74
I2
tp462
asVnetwork
p463
(lp464
(I20
I2
tp465
asVcontent
p466
(lp467
(I20
I1
tp468
asVgot
p469
(lp470
(I65
I1
tp471
a(I68
I1
tp472
asVnewly
p473
(lp474
(I37
I1
tp475
asVforth
p476
(lp477
(I51
I1
tp478
a(I9
I2
tp479
asVstandard
p480
(lp481
(I37
I1
tp482
a(I51
I1
tp483
asVwanted
p484
(lp485
(I9
I1
tp486
asVgameplay
p487
(lp488
(I74
I1
tp489
asVcornerstone
p490
(lp491
(I74
I1
tp492
asVenormous
p493
(lp494
(I20
I1
tp495
asVr0
p496
(lp497
(I9
I1
tp498
asVr2
p499
(lp500
(I9
I1
tp501
asVcreated
p502
(lp503
(I9
I1
tp504
asVstarts
p505
(lp506
(I0
I1
tp507
asVinexpensive
p508
(lp509
(I65
I2
tp510
asVmessages
p511
(lp512
(I51
I1
tp513
asVdays
p514
(lp515
(I65
I1
tp516
asVcreates
p517
(lp518
(I51
I1
tp519
asVmusicians
p520
(lp521
(I68
I1
tp522
asVonto
p523
(lp524
(I9
I1
tp525
asVspeeds
p526
(lp527
(I20
I1
tp528
asVenix
p529
(lp530
(I74
I3
tp531
asValready
p532
(lp533
(I0
I1
tp534
a(I51
I2
tp535
asVfeatures
p536
(lp537
(I20
I1
tp538
a(I65
I1
tp539
asVchromebooks
p540
(lp541
(I37
I54
tp542
asVfeatured
p543
(lp544
(I9
I1
tp545
asVanother
p546
(lp547
(I0
I1
tp548
a(I45
I2
tp549
a(I51
I1
tp550
a(I63
I2
tp551
a(I9
I1
tp552
asVthick
p553
(lp554
(I65
I1
tp555
asVservice
p556
(lp557
(I20
I55
tp558
asVsimilarly
p559
(lp560
(I0
I1
tp561
asVtop
p562
(lp563
(I51
I2
tp564
asVtouting
p565
(lp566
(I20
I1
tp567
asVconfirming
p568
(lp569
(I45
I1
tp570
a(I63
I1
tp571
asVwildly
p572
(lp573
(I68
I1
tp574
asVtoolset
p575
(lp576
(I51
I1
tp577
asVjohn
p578
(lp579
(I20
I1
tp580
a(I9
I3
tp581
asVdogs
p582
(lp583
(I51
I1
tp584
asVwestern
p585
(lp586
(I74
I1
tp587
asVshowed
p588
(lp589
(I0
I1
tp590
a(I9
I1
tp591
asVlikely
p592
(lp593
(I20
I1
tp594
asVseated
p595
(lp596
(I0
I1
tp597
asVproject
p598
(lp599
(I9
I1
tp600
asVspoiled
p601
(lp602
(I74
I1
tp603
asVfeeling
p604
(lp605
(I0
I1
tp606
asVdesperate
p607
(lp608
(I0
I1
tp609
asVram
p610
(lp611
(I37
I2
tp612
asVmind
p613
(lp614
(I20
I1
tp615
asVrefreshingly
p616
(lp617
(I0
I1
tp618
asVseen
p619
(lp620
(I37
I2
tp621
a(I51
I1
tp622
a(I68
I2
tp623
a(I9
I1
tp624
asVrelatively
p625
(lp626
(I65
I1
tp627
asVlatter
p628
(lp629
(I37
I2
tp630
asVrecommended
p631
(lp632
(I51
I1
tp633
asVin-the-know
p634
(lp635
(I0
I1
tp636
asVthough
p637
(lp638
(I20
I2
tp639
a(I37
I1
tp640
a(I68
I1
tp641
a(I74
I1
tp642
a(I9
I1
tp643
asVbruce
p644
(lp645
(I0
I1
tp646
asVgermany
p647
(lp648
(I68
I2
tp649
asVplenty
p650
(lp651
(I20
I1
tp652
a(I37
I1
tp653
asVconceded
p654
(lp655
(I9
I1
tp656
asVpromotions
p657
(lp658
(I0
I1
tp659
asVpeers
p660
(lp661
(I0
I1
tp662
asValcatel
p663
(lp664
(I65
I55
tp665
asVflow
p666
(lp667
(I51
I2
tp668
asVzero-rating
p669
(lp670
(I20
I1
tp671
asVdetriment
p672
(lp673
(I20
I1
tp674
asVconsumer
p675
(lp676
(I20
I4
tp677
asVnotion
p678
(lp679
(I0
I1
tp680
a(I20
I1
tp681
asVcame
p682
(lp683
(I68
I1
tp684
asVsaying
p685
(lp686
(I20
I2
tp687
asVsaga
p688
(lp689
(I9
I1
tp690
asVmishandling
p691
(lp692
(I37
I1
tp693
asVmeetings
p694
(lp695
(I9
I1
tp696
asVparticipate
p697
(lp698
(I20
I1
tp699
asVsubtle
p700
(lp701
(I20
I1
tp702
asVfinally
p703
(lp704
(I9
I1
tp705
asVmenu
p706
(lp707
(I51
I2
tp708
asVrich
p709
(lp710
(I74
I1
tp711
asVannounce
p712
(lp713
(I74
I1
tp714
asVpersonality
p715
(lp716
(I9
I1
tp717
asVstop
p718
(lp719
(I0
I50
tp720
asVpreferred
p721
(lp722
(I65
I1
tp723
asVforemost
p724
(lp725
(I20
I1
tp726
asVchristopher
p727
(lp728
(I0
I1
tp729
asValtogether
p730
(lp731
(I20
I1
tp732
asVbad
p733
(lp734
(I65
I1
tp735
a(I9
I1
tp736
asVarchitecture
p737
(lp738
(I20
I1
tp739
asVflanked
p740
(lp741
(I68
I1
tp742
asVrelease
p743
(lp744
(I0
I2
tp745
a(I51
I1
tp746
a(I74
I3
tp747
asVears
p748
(lp749
(I0
I1
tp750
asVrespond
p751
(lp752
(I0
I1
tp753
asVplaystation
p754
(lp755
(I74
I1
tp756
asVfair
p757
(lp758
(I0
I1
tp759
asVhours-long
p760
(lp761
(I74
I1
tp762
asVbest
p763
(lp764
(I0
I52
tp765
a(I37
I2
tp766
a(I45
I1
tp767
a(I51
I1
tp768
a(I63
I1
tp769
a(I9
I1
tp770
asVsubject
p771
(lp772
(I20
I1
tp773
asVsaid
p774
(lp775
(I20
I2
tp776
a(I37
I1
tp777
a(I74
I1
tp778
a(I9
I2
tp779
asVaway
p780
(lp781
(I20
I2
tp782
asVt-mobile
p783
(lp784
(I20
I6
tp785
asVlazy
p786
(lp787
(I51
I1
tp788
asVterms
p789
(lp790
(I0
I2
tp791
a(I45
I1
tp792
a(I63
I1
tp793
asVextend
p794
(lp795
(I51
I1
tp796
asVnature
p797
(lp798
(I20
I1
tp799
asVrolled
p800
(lp801
(I9
I1
tp802
asVhowever
p803
(lp804
(I68
I1
tp805
a(I9
I1
tp806
asVunfold
p807
(lp808
(I0
I1
tp809
asVclues
p810
(lp811
(I74
I1
tp812
asVnews
p813
(lp814
(I20
I2
tp815
a(I65
I1
tp816
a(I74
I1
tp817
asVroller
p818
(lp819
(I0
I1
tp820
asVessentially
p821
(lp822
(I0
I1
tp823
asVgames
p824
(lp825
(I74
I1
tp826
asVplanned
p827
(lp828
(I74
I1
tp829
asVlogin
p830
(lp831
(I45
I6
tp832
a(I63
I6
tp833
asVasked
p834
(lp835
(I20
I1
tp836
asVtough
p837
(lp838
(I37
I52
tp839
asVsan
p840
(lp841
(I51
I1
tp842
asVtargeting
p843
(lp844
(I20
I1
tp845
asVputs
p846
(lp847
(I20
I1
tp848
a(I9
I1
tp849
asVbasis
p850
(lp851
(I20
I3
tp852
asVthree
p853
(lp854
(I65
I2
tp855
asV.
p856
(lp857
(I0
I37
tp858
a(I20
I20
tp859
a(I37
I19
tp860
a(I45
I11
tp861
a(I51
I52
tp862
a(I63
I11
tp863
a(I65
I14
tp864
a(I68
I8
tp865
a(I74
I13
tp866
a(I9
I36
tp867
asVcommission
p868
(lp869
(I20
I1
tp870
asVmuch
p871
(lp872
(I0
I2
tp873
a(I20
I1
tp874
a(I51
I1
tp875
a(I65
I2
tp876
asVprivilege
p877
(lp878
(I20
I1
tp879
asVentered
p880
(lp881
(I0
I1
tp882
asVwebsite
p883
(lp884
(I51
I1
tp885
a(I74
I1
tp886
asVlife
p887
(lp888
(I0
I1
tp889
a(I37
I1
tp890
a(I74
I1
tp891
asVfleeting
p892
(lp893
(I0
I1
tp894
asVdismiss
p895
(lp896
(I51
I1
tp897
asVtapping
p898
(lp899
(I51
I1
tp900
asVchild
p901
(lp902
(I9
I1
tp903
asV3.5-inch
p904
(lp905
(I65
I1
tp906
asVlesser
p907
(lp908
(I20
I1
tp909
asVugly
p910
(lp911
(I37
I1
tp912
asVstopping
p913
(lp914
(I20
I1
tp915
asVlaunched
p916
(lp917
(I20
I1
tp918
asVmistake
p919
(lp920
(I20
I1
tp921
asVtoolkit
p922
(lp923
(I51
I1
tp924
asVii
p925
(lp926
(I20
I5
tp927
asVmcquarrie
p928
(lp929
(I0
I2
tp930
asVfaked
p931
(lp932
(I0
I1
tp933
asVtremendously
p934
(lp935
(I9
I1
tp936
asVinteracts
p937
(lp938
(I51
I1
tp939
asVthings
p940
(lp941
(I20
I1
tp942
a(I51
I51
tp943
a(I63
I50
tp944
a(I9
I50
tp945
asVmake
p946
(lp947
(I0
I1
tp948
a(I20
I1
tp949
a(I51
I4
tp950
a(I74
I1
tp951
a(I9
I1
tp952
asVwound
p953
(lp954
(I0
I1
tp955
asVamount
p956
(lp957
(I65
I1
tp958
asVunfortunate
p959
(lp960
(I65
I1
tp961
asVseveral
p962
(lp963
(I9
I3
tp964
asVfairly
p965
(lp966
(I20
I1
tp967
a(I37
I1
tp968
asVi3
p969
(lp970
(I37
I1
tp971
asVpick
p972
(lp973
(I37
I1
tp974
a(I9
I1
tp975
asVhang
p976
(lp977
(I65
I1
tp978
asVcharacters
p979
(lp980
(I9
I2
tp981
asVanimations
p982
(lp983
(I51
I1
tp984
asVopportunity
p985
(lp986
(I20
I1
tp987
asVlos
p988
(lp989
(I68
I1
tp990
asV720p
p991
(lp992
(I65
I1
tp993
asVaugmentations
p994
(lp995
(I74
I1
tp996
asV800
p997
(lp998
(I65
I1
tp999
asVleft
p1000
(lp1001
(I0
I1
tp1002
a(I51
I3
tp1003
asVproposed
p1004
(lp1005
(I20
I2
tp1006
asVthrottling
p1007
(lp1008
(I20
I4
tp1009
asVphoto
p1010
(lp1011
(I9
I1
tp1012
asVbandwidth
p1013
(lp1014
(I20
I1
tp1015
asVhuman
p1016
(lp1017
(I74
I3
tp1018
asVyes
p1019
(lp1020
(I20
I1
tp1021
a(I45
I2
tp1022
a(I63
I2
tp1023
asVyet
p1024
(lp1025
(I68
I1
tp1026
asVadding
p1027
(lp1028
(I74
I1
tp1029
asVhan
p1030
(lp1031
(I9
I2
tp1032
asVinfinitely
p1033
(lp1034
(I51
I1
tp1035
asVfurry
p1036
(lp1037
(I9
I1
tp1038
asVcharacter
p1039
(lp1040
(I74
I1
tp1041
a(I9
I6
tp1042
asVbrainstorming
p1043
(lp1044
(I9
I1
tp1045
asVboard
p1046
(lp1047
(I65
I1
tp1048
a(I68
I1
tp1049
asVhat
p1050
(lp1051
(I65
I1
tp1052
asVbehind-the-scenes
p1053
(lp1054
(I9
I1
tp1055
asVactresses
p1056
(lp1057
(I9
I1
tp1058
asVcasting
p1059
(lp1060
(I9
I1
tp1061
asVbreaks
p1062
(lp1063
(I0
I1
tp1064
asVpossible
p1065
(lp1066
(I20
I1
tp1067
a(I45
I1
tp1068
a(I51
I1
tp1069
a(I63
I1
tp1070
asVcaps
p1071
(lp1072
(I20
I1
tp1073
asVpossibly
p1074
(lp1075
(I74
I1
tp1076
asVdesigners
p1077
(lp1078
(I9
I1
tp1079
asVgifs
p1080
(lp1081
(I51
I1
tp1082
asVintertwined
p1083
(lp1084
(I9
I1
tp1085
asVhunt
p1086
(lp1087
(I0
I1
tp1088
asV50
p1089
(lp1090
(I37
I1
tp1091
asVxbox
p1092
(lp1093
(I74
I52
tp1094
asVspecific
p1095
(lp1096
(I20
I1
tp1097
a(I45
I1
tp1098
a(I51
I1
tp1099
a(I63
I1
tp1100
asVarbitrary
p1101
(lp1102
(I20
I1
tp1103
asVsecurity
p1104
(lp1105
(I68
I1
tp1106
asVtriple-boot
p1107
(lp1108
(I65
I52
tp1109
asVright
p1110
(lp1111
(I0
I1
tp1112
a(I51
I2
tp1113
asVpeople
p1114
(lp1115
(I0
I1
tp1116
a(I65
I1
tp1117
asVcrown
p1118
(lp1119
(I51
I1
tp1120
asVsomehow
p1121
(lp1122
(I68
I1
tp1123
asVcommonplace
p1124
(lp1125
(I20
I1
tp1126
a(I65
I1
tp1127
asVdear
p1128
(lp1129
(I0
I1
tp1130
asV5-inch
p1131
(lp1132
(I65
I1
tp1133
asVpurple
p1134
(lp1135
(I51
I1
tp1136
asVnotification
p1137
(lp1138
(I51
I3
tp1139
asV/
p1140
(lp1141
(I51
I2
tp1142
asVfilming
p1143
(lp1144
(I9
I1
tp1145
asVcore
p1146
(lp1147
(I37
I1
tp1148
a(I74
I1
tp1149
asVmarketing
p1150
(lp1151
(I0
I6
tp1152
asVstarring
p1153
(lp1154
(I0
I1
tp1155
asVpost
p1156
(lp1157
(I0
I1
tp1158
asVsuper
p1159
(lp1160
(I45
I50
tp1161
asVafternoon
p1162
(lp1163
(I68
I1
tp1164
asVeight
p1165
(lp1166
(I37
I1
tp1167
asVefforts
p1168
(lp1169
(I0
I1
tp1170
asVtwitch
p1171
(lp1172
(I74
I2
tp1173
asVautomatically
p1174
(lp1175
(I51
I1
tp1176
asVraised
p1177
(lp1178
(I51
I1
tp1179
asVpresence
p1180
(lp1181
(I51
I1
tp1182
a(I68
I1
tp1183
asVlow-cost
p1184
(lp1185
(I65
I1
tp1186
asVcapped
p1187
(lp1188
(I20
I1
tp1189
asVsupport
p1190
(lp1191
(I51
I2
tp1192
a(I65
I1
tp1193
asVinitial
p1194
(lp1195
(I9
I1
tp1196
asVknowing
p1197
(lp1198
(I0
I2
tp1199
asVbroadwell
p1200
(lp1201
(I37
I1
tp1202
asVstuck
p1203
(lp1204
(I0
I1
tp1205
asVjoseph
p1206
(lp1207
(I0
I1
tp1208
asVway
p1209
(lp1210
(I0
I1
tp1211
a(I20
I1
tp1212
a(I51
I1
tp1213
a(I68
I1
tp1214
a(I9
I3
tp1215
asVcall
p1216
(lp1217
(I51
I1
tp1218
asVhead
p1219
(lp1220
(I68
I2
tp1221
a(I9
I1
tp1222
asVform
p1223
(lp1224
(I74
I1
tp1225
asVmanufacturers
p1226
(lp1227
(I37
I1
tp1228
asVbecoming
p1229
(lp1230
(I45
I1
tp1231
a(I63
I1
tp1232
a(I68
I1
tp1233
asVford
p1234
(lp1235
(I9
I1
tp1236
asVwireless
p1237
(lp1238
(I20
I55
tp1239
asVnotifications
p1240
(lp1241
(I51
I1
tp1242
asVremoved
p1243
(lp1244
(I0
I1
tp1245
asVreset
p1246
(lp1247
(I45
I1
tp1248
a(I63
I1
tp1249
asVmaximum
p1250
(lp1251
(I0
I1
tp1252
asVdevices
p1253
(lp1254
(I20
I1
tp1255
a(I65
I2
tp1256
asVannotations
p1257
(lp1258
(I51
I1
tp1259
asVpassenger
p1260
(lp1261
(I68
I53
tp1262
asVcovers
p1263
(lp1264
(I37
I1
tp1265
asV''
p1266
(lp1267
(I0
I1
tp1268
a(I20
I10
tp1269
a(I37
I3
tp1270
a(I51
I19
tp1271
a(I68
I2
tp1272
a(I74
I4
tp1273
a(I9
I7
tp1274
asVcheck
p1275
(lp1276
(I65
I1
tp1277
asVregime
p1278
(lp1279
(I20
I1
tp1280
asVagreeing
p1281
(lp1282
(I45
I1
tp1283
a(I63
I1
tp1284
asVactor
p1285
(lp1286
(I9
I2
tp1287
asVreality
p1288
(lp1289
(I0
I2
tp1290
asVunambiguously
p1291
(lp1292
(I20
I1
tp1293
asVholding
p1294
(lp1295
(I0
I1
tp1296
asVdigital
p1297
(lp1298
(I51
I1
tp1299
asVdevelopers
p1300
(lp1301
(I51
I4
tp1302
asVcompany
p1303
(lp1304
(I20
I1
tp1305
asVsubsidize
p1306
(lp1307
(I20
I1
tp1308
asV's
p1309
(lp1310
(I0
I17
tp1311
a(I20
I65
tp1312
a(I37
I9
tp1313
a(I51
I2
tp1314
a(I65
I53
tp1315
a(I68
I1
tp1316
a(I74
I1
tp1317
a(I9
I57
tp1318
asVmodels
p1319
(lp1320
(I65
I2
tp1321
asVleak
p1322
(lp1323
(I74
I1
tp1324
asVwelcome
p1325
(lp1326
(I20
I1
tp1327
asVupdate
p1328
(lp1329
(I51
I1
tp1330
asVwars
p1331
(lp1332
(I9
I56
tp1333
asVtrailers
p1334
(lp1335
(I0
I1
tp1336
asV'd
p1337
(lp1338
(I20
I1
tp1339
a(I65
I1
tp1340
asV'm
p1341
(lp1342
(I0
I4
tp1343
asVcount\u2026
p1344
(lp1345
(I51
I1
tp1346
asVweekend
p1347
(lp1348
(I0
I1
tp1349
asVfaster
p1350
(lp1351
(I51
I1
tp1352
asVvigorously
p1353
(lp1354
(I20
I1
tp1355
asVdaily
p1356
(lp1357
(I45
I1
tp1358
a(I63
I1
tp1359
asVtime
p1360
(lp1361
(I0
I4
tp1362
a(I20
I2
tp1363
a(I51
I1
tp1364
a(I65
I1
tp1365
a(I68
I1
tp1366
a(I74
I2
tp1367
asVconcept
p1368
(lp1369
(I0
I1
tp1370
asV11.6-inch
p1371
(lp1372
(I37
I1
tp1373
asVthemes
p1374
(lp1375
(I0
I1
tp1376
asVtheaters
p1377
(lp1378
(I0
I1
tp1379
asVjarring
p1380
(lp1381
(I20
I1
tp1382
asVcertainly
p1383
(lp1384
(I20
I1
tp1385
asVanticipation
p1386
(lp1387
(I0
I1
tp1388
asVj.j.
p1389
(lp1390
(I9
I2
tp1391
asVeverything
p1392
(lp1393
(I51
I2
tp1394
a(I9
I2
tp1395
asVcharge
p1396
(lp1397
(I20
I1
tp1398
asVmust
p1399
(lp1400
(I0
I3
tp1401
a(I51
I2
tp1402
asVbrown
p1403
(lp1404
(I51
I1
tp1405
asVsmartphone
p1406
(lp1407
(I65
I2
tp1408
asVsci-fi
p1409
(lp1410
(I0
I1
tp1411
asVadvantage
p1412
(lp1413
(I20
I1
tp1414
asVsponsors
p1415
(lp1416
(I45
I1
tp1417
a(I63
I1
tp1418
asVminute
p1419
(lp1420
(I0
I1
tp1421
asVcool
p1422
(lp1423
(I51
I1
tp1424
asVcantkillprogress
p1425
(lp1426
(I74
I1
tp1427
asVlevel
p1428
(lp1429
(I20
I1
tp1430
asVturns
p1431
(lp1432
(I0
I1
tp1433
a(I9
I2
tp1434
asVfragile
p1435
(lp1436
(I68
I1
tp1437
asVteam
p1438
(lp1439
(I9
I1
tp1440
asVquick
p1441
(lp1442
(I51
I2
tp1443
a(I65
I1
tp1444
asVguy
p1445
(lp1446
(I9
I2
tp1447
asVdroid
p1448
(lp1449
(I9
I3
tp1450
asVsays
p1451
(lp1452
(I20
I1
tp1453
a(I37
I3
tp1454
a(I51
I2
tp1455
asVsign
p1456
(lp1457
(I45
I1
tp1458
a(I63
I1
tp1459
asVcargo
p1460
(lp1461
(I68
I1
tp1462
asVstands
p1463
(lp1464
(I63
I50
tp1465
asVexempts
p1466
(lp1467
(I20
I1
tp1468
asVgoes
p1469
(lp1470
(I51
I1
tp1471
asVinternational
p1472
(lp1473
(I68
I1
tp1474
asVclimbs
p1475
(lp1476
(I0
I1
tp1477
asVupgrade
p1478
(lp1479
(I51
I1
tp1480
asVappears
p1481
(lp1482
(I37
I2
tp1483
a(I74
I1
tp1484
asVchange
p1485
(lp1486
(I20
I53
tp1487
a(I51
I2
tp1488
a(I9
I1
tp1489
asVpassengers
p1490
(lp1491
(I68
I1
tp1492
asVstandout
p1493
(lp1494
(I37
I1
tp1495
a(I65
I1
tp1496
asVcommonly
p1497
(lp1498
(I68
I1
tp1499
asVusually
p1500
(lp1501
(I0
I1
tp1502
asVconveniently
p1503
(lp1504
(I0
I1
tp1505
asV20mb
p1506
(lp1507
(I51
I1
tp1508
asVmontreal
p1509
(lp1510
(I74
I2
tp1511
asVtasks
p1512
(lp1513
(I51
I1
tp1514
asVextra
p1515
(lp1516
(I68
I1
tp1517
asVflexibility
p1518
(lp1519
(I51
I2
tp1520
asVpixi
p1521
(lp1522
(I65
I56
tp1523
asVverge
p1524
(lp1525
(I0
I50
tp1526
a(I20
I51
tp1527
a(I37
I50
tp1528
a(I45
I51
tp1529
a(I51
I50
tp1530
a(I63
I51
tp1531
a(I65
I50
tp1532
a(I68
I50
tp1533
a(I74
I50
tp1534
a(I9
I50
tp1535
asVmarket
p1536
(lp1537
(I65
I1
tp1538
asVworking
p1539
(lp1540
(I9
I1
tp1541
asVlive
p1542
(lp1543
(I0
I1
tp1544
asViphone
p1545
(lp1546
(I51
I10
tp1547
a(I65
I1
tp1548
asVfilms
p1549
(lp1550
(I0
I1
tp1551
a(I9
I1
tp1552
asVtheoretical
p1553
(lp1554
(I20
I1
tp1555
asVtoday
p1556
(lp1557
(I0
I1
tp1558
a(I20
I1
tp1559
a(I37
I2
tp1560
a(I51
I1
tp1561
a(I68
I1
tp1562
a(I9
I50
tp1563
asVathena
p1564
(lp1565
(I68
I7
tp1566
asV``
p1567
(lp1568
(I0
I3
tp1569
a(I20
I10
tp1570
a(I37
I3
tp1571
a(I51
I19
tp1572
a(I74
I4
tp1573
a(I9
I7
tp1574
asVsharing
p1575
(lp1576
(I45
I1
tp1577
a(I63
I1
tp1578
asVteased
p1579
(lp1580
(I74
I1
tp1581
asVclue
p1582
(lp1583
(I51
I1
tp1584
asVteaser
p1585
(lp1586
(I0
I1
tp1587
a(I74
I1
tp1588
a(I9
I3
tp1589
asVavoiding
p1590
(lp1591
(I0
I1
tp1592
asVoriginally
p1593
(lp1594
(I74
I1
tp1595
a(I9
I2
tp1596
asVmaking
p1597
(lp1598
(I0
I1
tp1599
a(I9
I1
tp1600
asVdedicated
p1601
(lp1602
(I45
I1
tp1603
a(I63
I1
tp1604
asVstream
p1605
(lp1606
(I74
I2
tp1607
asVnexus
p1608
(lp1609
(I65
I1
tp1610
asVdecember
p1611
(lp1612
(I68
I1
tp1613
a(I9
I2
tp1614
asVawesome
p1615
(lp1616
(I0
I1
tp1617
asVwe\u2019re
p1618
(lp1619
(I51
I1
tp1620
asVthere\u2019s
p1621
(lp1622
(I51
I2
tp1623
asVpic.twitter.com/6pyhiqlc9a
p1624
(lp1625
(I68
I1
tp1626
asVperformed
p1627
(lp1628
(I0
I2
tp1629
asVallowed
p1630
(lp1631
(I20
I2
tp1632
asVdivided
p1633
(lp1634
(I74
I3
tp1635
asVwatching
p1636
(lp1637
(I0
I1
tp1638
a(I51
I1
tp1639
asVpins
p1640
(lp1641
(I51
I1
tp1642
asVdeep-pocketed
p1643
(lp1644
(I20
I1
tp1645
asVmap
p1646
(lp1647
(I51
I2
tp1648
asVunbelievable
p1649
(lp1650
(I0
I1
tp1651
asVinformation
p1652
(lp1653
(I45
I1
tp1654
a(I51
I5
tp1655
a(I63
I1
tp1656
a(I9
I1
tp1657
asVmay
p1658
(lp1659
(I20
I2
tp1660
a(I37
I1
tp1661
asVspot
p1662
(lp1663
(I0
I1
tp1664
asVapplications
p1665
(lp1666
(I20
I1
tp1667
asVmankind
p1668
(lp1669
(I74
I3
tp1670
asVdate
p1671
(lp1672
(I74
I1
tp1673
asVdata
p1674
(lp1675
(I20
I8
tp1676
a(I45
I2
tp1677
a(I63
I2
tp1678
asVman
p1679
(lp1680
(I74
I1
tp1681
asVclassroom
p1682
(lp1683
(I37
I53
tp1684
asVstress
p1685
(lp1686
(I37
I1
tp1687
asVmaybe
p1688
(lp1689
(I0
I1
tp1690
a(I51
I1
tp1691
asVincrease
p1692
(lp1693
(I0
I1
tp1694
asVpulled
p1695
(lp1696
(I0
I1
tp1697
asVtalk
p1698
(lp1699
(I0
I1
tp1700
asVimpossible-to-copy
p1701
(lp1702
(I9
I1
tp1703
asVexclusive
p1704
(lp1705
(I37
I1
tp1706
asVindeed
p1707
(lp1708
(I65
I1
tp1709
asVyears
p1710
(lp1711
(I0
I1
tp1712
a(I20
I1
tp1713
a(I74
I1
tp1714
a(I9
I1
tp1715
asVcourse
p1716
(lp1717
(I65
I1
tp1718
a(I74
I1
tp1719
a(I9
I1
tp1720
asVstill
p1721
(lp1722
(I20
I2
tp1723
a(I65
I4
tp1724
a(I9
I1
tp1725
asVgroup
p1726
(lp1727
(I51
I1
tp1728
asVonetouch
p1729
(lp1730
(I65
I1
tp1731
asVconstitutes
p1732
(lp1733
(I20
I1
tp1734
asVpolicy
p1735
(lp1736
(I45
I1
tp1737
a(I63
I1
tp1738
asVloophole
p1739
(lp1740
(I20
I1
tp1741
asVunveiling
p1742
(lp1743
(I37
I1
tp1744
asVviews
p1745
(lp1746
(I51
I1
tp1747
asVnation
p1748
(lp1749
(I0
I2
tp1750
asVexecute
p1751
(lp1752
(I51
I1
tp1753
asVname
p1754
(lp1755
(I51
I2
tp1756
a(I74
I1
tp1757
asVcorners
p1758
(lp1759
(I37
I1
tp1760
asVdrop
p1761
(lp1762
(I0
I2
tp1763
asVpre-rendered
p1764
(lp1765
(I51
I1
tp1766
asVcheck-in
p1767
(lp1768
(I68
I1
tp1769
asVentirely
p1770
(lp1771
(I51
I1
tp1772
asVsquare
p1773
(lp1774
(I74
I3
tp1775
asVdirecting
p1776
(lp1777
(I9
I1
tp1778
asVsnapshots
p1779
(lp1780
(I51
I1
tp1781
asVchallenges
p1782
(lp1783
(I74
I1
tp1784
asVex
p1785
(lp1786
(I74
I58
tp1787
asVyear
p1788
(lp1789
(I20
I3
tp1790
a(I51
I3
tp1791
a(I74
I1
tp1792
asVhappen
p1793
(lp1794
(I0
I2
tp1795
asV3rd
p1796
(lp1797
(I45
I4
tp1798
a(I63
I4
tp1799
asVspace
p1800
(lp1801
(I51
I1
tp1802
asVprofit
p1803
(lp1804
(I0
I1
tp1805
asVlooking
p1806
(lp1807
(I65
I1
tp1808
a(I9
I1
tp1809
asVseriously
p1810
(lp1811
(I51
I1
tp1812
asVemerged
p1813
(lp1814
(I0
I1
tp1815
asVinternet
p1816
(lp1817
(I0
I1
tp1818
a(I20
I5
tp1819
asVviable
p1820
(lp1821
(I65
I1
tp1822
asVc740
p1823
(lp1824
(I37
I2
tp1825
asVshows
p1826
(lp1827
(I65
I1
tp1828
asVinevitably
p1829
(lp1830
(I20
I1
tp1831
asVpossibility
p1832
(lp1833
(I65
I1
tp1834
asVcare
p1835
(lp1836
(I0
I1
tp1837
asVdomes
p1838
(lp1839
(I9
I2
tp1840
asVturn
p1841
(lp1842
(I0
I1
tp1843
asVplace
p1844
(lp1845
(I0
I1
tp1846
a(I51
I1
tp1847
a(I9
I1
tp1848
asVaboard
p1849
(lp1850
(I68
I1
tp1851
asVthink
p1852
(lp1853
(I0
I1
tp1854
asVfirst
p1855
(lp1856
(I0
I7
tp1857
a(I20
I2
tp1858
a(I68
I51
tp1859
a(I74
I3
tp1860
a(I9
I3
tp1861
asVsuspend
p1862
(lp1863
(I0
I1
tp1864
asVclause
p1865
(lp1866
(I20
I1
tp1867
asVone
p1868
(lp1869
(I0
I5
tp1870
a(I20
I2
tp1871
a(I37
I6
tp1872
a(I51
I2
tp1873
a(I68
I1
tp1874
a(I74
I53
tp1875
a(I9
I1
tp1876
asVshipyard
p1877
(lp1878
(I9
I1
tp1879
asVspecifically
p1880
(lp1881
(I37
I1
tp1882
asVdirectly
p1883
(lp1884
(I20
I1
tp1885
asVimpossible
p1886
(lp1887
(I0
I1
tp1888
asVsounds
p1889
(lp1890
(I68
I1
tp1891
asVopen
p1892
(lp1893
(I20
I2
tp1894
a(I51
I2
tp1895
asVlittle
p1896
(lp1897
(I37
I1
tp1898
a(I74
I1
tp1899
asVnecessarily
p1900
(lp1901
(I51
I1
tp1902
asVresponse
p1903
(lp1904
(I20
I1
tp1905
asVanyone
p1906
(lp1907
(I65
I1
tp1908
a(I68
I1
tp1909
asVindicate
p1910
(lp1911
(I51
I1
tp1912
asVconvention
p1913
(lp1914
(I9
I1
tp1915
asVeyes
p1916
(lp1917
(I0
I1
tp1918
asVbroadcast
p1919
(lp1920
(I68
I1
tp1921
asVreleased
p1922
(lp1923
(I0
I2
tp1924
a(I65
I1
tp1925
asVridiculous
p1926
(lp1927
(I0
I1
tp1928
asV11
p1929
(lp1930
(I51
I50
tp1931
asV10
p1932
(lp1933
(I9
I50
tp1934
asVtelevision
p1935
(lp1936
(I0
I1
tp1937
asV15
p1938
(lp1939
(I37
I2
tp1940
a(I68
I1
tp1941
asVunfortunately
p1942
(lp1943
(I65
I1
tp1944
asVdirt-cheap
p1945
(lp1946
(I65
I1
tp1947
asVfuture
p1948
(lp1949
(I51
I1
tp1950
a(I9
I1
tp1951
asVdisallowed
p1952
(lp1953
(I20
I2
tp1954
asVprospect
p1955
(lp1956
(I9
I1
tp1957
asVdocumentation
p1958
(lp1959
(I51
I3
tp1960
asVenhanced
p1961
(lp1962
(I37
I1
tp1963
asVnicer
p1964
(lp1965
(I51
I1
tp1966
asVsay
p1967
(lp1968
(I37
I1
tp1969
asVsaw
p1970
(lp1971
(I0
I2
tp1972
a(I9
I2
tp1973
asVoffering
p1974
(lp1975
(I65
I1
tp1976
asVupgrading
p1977
(lp1978
(I51
I1
tp1979
asVaside
p1980
(lp1981
(I74
I1
tp1982
asVoutright
p1983
(lp1984
(I20
I1
tp1985
asVnote
p1986
(lp1987
(I20
I1
tp1988
asVpotential
p1989
(lp1990
(I65
I1
tp1991
asVtake
p1992
(lp1993
(I0
I2
tp1994
a(I20
I1
tp1995
a(I68
I1
tp1996
asVonline
p1997
(lp1998
(I9
I1
tp1999
asVtimers
p2000
(lp2001
(I51
I1
tp2002
asVdeus
p2003
(lp2004
(I74
I58
tp2005
asVbegin
p2006
(lp2007
(I51
I1
tp2008
asVsure
p2009
(lp2010
(I0
I2
tp2011
asVmultiple
p2012
(lp2013
(I9
I1
tp2014
asVnormal
p2015
(lp2016
(I68
I1
tp2017
asVprice
p2018
(lp2019
(I37
I1
tp2020
asVknew
p2021
(lp2022
(I51
I2
tp2023
a(I9
I1
tp2024
asVpaid
p2025
(lp2026
(I20
I1
tp2027
a(I68
I1
tp2028
asVfcc
p2029
(lp2030
(I20
I58
tp2031
asVprinted
p2032
(lp2033
(I9
I1
tp2034
asVpages
p2035
(lp2036
(I51
I2
tp2037
a(I9
I1
tp2038
asVicon
p2039
(lp2040
(I51
I2
tp2041
asVforever
p2042
(lp2043
(I9
I1
tp2044
asVconsidered
p2045
(lp2046
(I37
I1
tp2047
asVlater
p2048
(lp2049
(I0
I1
tp2050
a(I51
I2
tp2051
asVimplications
p2052
(lp2053
(I20
I1
tp2054
asVsale
p2055
(lp2056
(I37
I1
tp2057
asVnot\u2026
p2058
(lp2059
(I51
I1
tp2060
asVsenior
p2061
(lp2062
(I20
I1
tp2063
asVshot
p2064
(lp2065
(I0
I2
tp2066
asVregulated
p2067
(lp2068
(I20
I1
tp2069
asVshow
p2070
(lp2071
(I9
I1
tp2072
asVgerman
p2073
(lp2074
(I68
I1
tp2075
asVcheap
p2076
(lp2077
(I37
I1
tp2078
a(I65
I2
tp2079
asVbright
p2080
(lp2081
(I51
I1
tp2082
asVcorner
p2083
(lp2084
(I51
I1
tp2085
asVslow
p2086
(lp2087
(I20
I1
tp2088
asVratio
p2089
(lp2090
(I51
I1
tp2091
asVtitle
p2092
(lp2093
(I20
I6
tp2094
asV3
p2095
(lp2096
(I20
I50
tp2097
asVgoing
p2098
(lp2099
(I0
I1
tp2100
a(I68
I1
tp2101
a(I9
I3
tp2102
asVbelieving
p2103
(lp2104
(I9
I1
tp2105
asVget
p2106
(lp2107
(I0
I2
tp2108
a(I20
I2
tp2109
a(I51
I1
tp2110
a(I9
I1
tp2111
asVsoon
p2112
(lp2113
(I0
I1
tp2114
asVnearly
p2115
(lp2116
(I37
I1
tp2117
asVssd
p2118
(lp2119
(I37
I2
tp2120
asVreveal
p2121
(lp2122
(I74
I2
tp2123
asVresource
p2124
(lp2125
(I51
I1
tp2126
asVhinges
p2127
(lp2128
(I37
I1
tp2129
asVmorning
p2130
(lp2131
(I9
I1
tp2132
asVscientist
p2133
(lp2134
(I68
I1
tp2135
asVsilently
p2136
(lp2137
(I9
I1
tp2138
asVseat
p2139
(lp2140
(I68
I4
tp2141
a(I9
I1
tp2142
asV1920
p2143
(lp2144
(I37
I1
tp2145
asVafoul
p2146
(lp2147
(I20
I1
tp2148
asVruined
p2149
(lp2150
(I0
I1
tp2151
asVdives
p2152
(lp2153
(I0
I1
tp2154
asVconcern
p2155
(lp2156
(I20
I1
tp2157
asVvertical
p2158
(lp2159
(I51
I1
tp2160
asVways
p2161
(lp2162
(I0
I1
tp2163
a(I20
I50
tp2164
asVreview
p2165
(lp2166
(I51
I1
tp2167
asVenough
p2168
(lp2169
(I37
I3
tp2170
a(I51
I1
tp2171
asVreading
p2172
(lp2173
(I9
I1
tp2174
asVacross
p2175
(lp2176
(I20
I1
tp2177
asVnotice
p2178
(lp2179
(I20
I1
tp2180
asVparent
p2181
(lp2182
(I51
I1
tp2183
asVscreen
p2184
(lp2185
(I0
I2
tp2186
a(I51
I6
tp2187
a(I65
I1
tp2188
asVairport's
p2189
(lp2190
(I68
I1
tp2191
asVjets
p2192
(lp2193
(I45
I50
tp2194
asVcome
p2195
(lp2196
(I20
I1
tp2197
asVpixels
p2198
(lp2199
(I51
I2
tp2200
asVdates
p2201
(lp2202
(I51
I1
tp2203
asVdiscernible
p2204
(lp2205
(I65
I1
tp2206
asVmany
p2207
(lp2208
(I0
I1
tp2209
a(I20
I1
tp2210
a(I9
I2
tp2211
asVaccording
p2212
(lp2213
(I51
I1
tp2214
a(I68
I1
tp2215
a(I74
I1
tp2216
a(I9
I2
tp2217
asVpatrons
p2218
(lp2219
(I68
I1
tp2220
asVcomes
p2221
(lp2222
(I0
I1
tp2223
a(I51
I3
tp2224
a(I65
I1
tp2225
a(I74
I1
tp2226
asVpoe
p2227
(lp2228
(I9
I1
tp2229
asVmuttered
p2230
(lp2231
(I0
I1
tp2232
asVunusual
p2233
(lp2234
(I37
I1
tp2235
asVwearers
p2236
(lp2237
(I51
I1
tp2238
asVcapable
p2239
(lp2240
(I37
I1
tp2241
a(I65
I1
tp2242
asVfilmmakers
p2243
(lp2244
(I0
I3
tp2245
asVmark
p2246
(lp2247
(I9
I2
tp2248
asVinformer
p2249
(lp2250
(I74
I2
tp2251
asVsystems
p2252
(lp2253
(I65
I53
tp2254
asVengine
p2255
(lp2256
(I74
I3
tp2257
asV38mm
p2258
(lp2259
(I51
I1
tp2260
asVoffered
p2261
(lp2262
(I65
I1
tp2263
asVlaptops
p2264
(lp2265
(I37
I1
tp2266
asVphotos
p2267
(lp2268
(I0
I1
tp2269
a(I9
I1
tp2270
asVupstarts
p2271
(lp2272
(I20
I1
tp2273
asVformer
p2274
(lp2275
(I37
I1
tp2276
asVpilot
p2277
(lp2278
(I9
I1
tp2279
asVpaying
p2280
(lp2281
(I65
I1
tp2282
a(I68
I51
tp2283
asVlevitt
p2284
(lp2285
(I0
I1
tp2286
asVn't
p2287
(lp2288
(I0
I9
tp2289
a(I20
I5
tp2290
a(I37
I1
tp2291
a(I51
I1
tp2292
a(I65
I57
tp2293
a(I68
I1
tp2294
a(I9
I6
tp2295
asVcast
p2296
(lp2297
(I9
I5
tp2298
asVongoing
p2299
(lp2300
(I74
I1
tp2301
asVtwists
p2302
(lp2303
(I0
I1
tp2304
a(I74
I1
tp2305
asVtelephone
p2306
(lp2307
(I20
I1
tp2308
asVscavenger
p2309
(lp2310
(I9
I1
tp2311
asVdifferent
p2312
(lp2313
(I37
I1
tp2314
a(I51
I1
tp2315
a(I65
I53
tp2316
a(I68
I1
tp2317
asVpay
p2318
(lp2319
(I20
I1
tp2320
a(I68
I1
tp2321
asVbowl
p2322
(lp2323
(I45
I50
tp2324
asVweek
p2325
(lp2326
(I0
I1
tp2327
asVcase-by-case
p2328
(lp2329
(I20
I2
tp2330
asVthat\u2019s
p2331
(lp2332
(I51
I1
tp2333
asVnest
p2334
(lp2335
(I51
I1
tp2336
asVdirector
p2337
(lp2338
(I0
I2
tp2339
asVrunning
p2340
(lp2341
(I65
I1
tp2342
asVwired
p2343
(lp2344
(I20
I2
tp2345
asVchanging
p2346
(lp2347
(I0
I1
tp2348
asVtheater
p2349
(lp2350
(I0
I3
tp2351
asVpacing
p2352
(lp2353
(I74
I1
tp2354
asVwithout
p2355
(lp2356
(I37
I1
tp2357
asVsolve
p2358
(lp2359
(I74
I1
tp2360
asVcoordinate
p2361
(lp2362
(I51
I1
tp2363
asVmodel
p2364
(lp2365
(I37
I2
tp2366
a(I65
I2
tp2367
asVmoney
p2368
(lp2369
(I0
I1
tp2370
asVactions
p2371
(lp2372
(I51
I2
tp2373
asVharrison
p2374
(lp2375
(I9
I1
tp2376
asVtouch
p2377
(lp2378
(I51
I2
tp2379
asVps4
p2380
(lp2381
(I74
I51
tp2382
asVannouncement
p2383
(lp2384
(I74
I1
tp2385
asVclueless
p2386
(lp2387
(I0
I1
tp2388
asVthinking
p2389
(lp2390
(I0
I1
tp2391
asVseems
p2392
(lp2393
(I20
I1
tp2394
asVboyega
p2395
(lp2396
(I9
I3
tp2397
asVbigger
p2398
(lp2399
(I20
I1
tp2400
a(I37
I1
tp2401
asVcomplements
p2402
(lp2403
(I51
I1
tp2404
asVreal
p2405
(lp2406
(I0
I2
tp2407
a(I20
I1
tp2408
a(I9
I2
tp2409
asVaround
p2410
(lp2411
(I0
I1
tp2412
a(I37
I2
tp2413
a(I51
I1
tp2414
a(I65
I1
tp2415
a(I74
I1
tp2416
a(I9
I1
tp2417
asVspectacular
p2418
(lp2419
(I0
I1
tp2420
asVread
p2421
(lp2422
(I45
I1
tp2423
a(I51
I2
tp2424
a(I63
I1
tp2425
asVgestures
p2426
(lp2427
(I51
I1
tp2428
asVfeaturette
p2429
(lp2430
(I0
I1
tp2431
asVstunt
p2432
(lp2433
(I0
I7
tp2434
asVdisappointed
p2435
(lp2436
(I37
I1
tp2437
a(I65
I1
tp2438
asVintel
p2439
(lp2440
(I37
I1
tp2441
asVkennedy
p2442
(lp2443
(I9
I4
tp2444
asVcollective
p2445
(lp2446
(I0
I1
tp2447
asV've
p2448
(lp2449
(I0
I1
tp2450
a(I37
I1
tp2451
a(I51
I2
tp2452
a(I65
I2
tp2453
a(I74
I1
tp2454
a(I9
I1
tp2455
asVaudience
p2456
(lp2457
(I0
I1
tp2458
a(I45
I1
tp2459
a(I63
I1
tp2460
asVeither
p2461
(lp2462
(I37
I3
tp2463
a(I51
I1
tp2464
asVdownward
p2465
(lp2466
(I51
I1
tp2467
asVimages
p2468
(lp2469
(I51
I3
tp2470
asVdameron
p2471
(lp2472
(I9
I3
tp2473
asVunlocked
p2474
(lp2475
(I65
I1
tp2476
asVability
p2477
(lp2478
(I0
I1
tp2479
asVbackstopped
p2480
(lp2481
(I20
I1
tp2482
asVprovides
p2483
(lp2484
(I51
I1
tp2485
asVyou\u2019ll
p2486
(lp2487
(I51
I1
tp2488
asVpower
p2489
(lp2490
(I51
I1
tp2491
asVseconds
p2492
(lp2493
(I51
I1
tp2494
asVsquarely
p2495
(lp2496
(I9
I1
tp2497
asVnon-harmful
p2498
(lp2499
(I20
I1
tp2500
asVtatooine
p2501
(lp2502
(I9
I2
tp2503
asVindustry
p2504
(lp2505
(I0
I1
tp2506
a(I20
I2
tp2507
asVfavorite
p2508
(lp2509
(I51
I1
tp2510
a(I9
I1
tp2511
asVnon-interactive
p2512
(lp2513
(I51
I2
tp2514
asVnothing
p2515
(lp2516
(I20
I1
tp2517
asVairline
p2518
(lp2519
(I68
I52
tp2520
asVos
p2521
(lp2522
(I65
I2
tp2523
asVinclusion
p2524
(lp2525
(I65
I1
tp2526
asVinstruments
p2527
(lp2528
(I68
I1
tp2529
asVimage
p2530
(lp2531
(I51
I1
tp2532
asVfisher
p2533
(lp2534
(I9
I1
tp2535
asVfast
p2536
(lp2537
(I20
I1
tp2538
asVever-increasing
p2539
(lp2540
(I68
I1
tp2541
asVassumed
p2542
(lp2543
(I9
I1
tp2544
asVfates
p2545
(lp2546
(I9
I1
tp2547
asVstart
p2548
(lp2549
(I37
I1
tp2550
asVlow
p2551
(lp2552
(I0
I1
tp2553
a(I65
I1
tp2554
asVlot
p2555
(lp2556
(I51
I4
tp2557
a(I9
I3
tp2558
asVslowly
p2559
(lp2560
(I0
I1
tp2561
asVcomplete
p2562
(lp2563
(I45
I1
tp2564
a(I63
I1
tp2565
asVtrying
p2566
(lp2567
(I0
I2
tp2568
asVwhirring
p2569
(lp2570
(I9
I1
tp2571
asVhappening
p2572
(lp2573
(I51
I1
tp2574
asVjakku
p2575
(lp2576
(I9
I2
tp2577
asVdefine
p2578
(lp2579
(I51
I1
tp2580
asVwants
p2581
(lp2582
(I37
I1
tp2583
a(I51
I1
tp2584
asVvideos
p2585
(lp2586
(I51
I2
tp2587
a(I74
I1
tp2588
asVcinema
p2589
(lp2590
(I0
I1
tp2591
asVcertain
p2592
(lp2593
(I0
I1
tp2594
a(I20
I2
tp2595
asVwatches
p2596
(lp2597
(I51
I1
tp2598
asVgeneral
p2599
(lp2600
(I37
I2
tp2601
asVacer
p2602
(lp2603
(I37
I58
tp2604
asVfilm
p2605
(lp2606
(I0
I6
tp2607
a(I9
I5
tp2608
asVfill
p2609
(lp2610
(I65
I1
tp2611
asVrubber
p2612
(lp2613
(I0
I2
tp2614
asVcinematography
p2615
(lp2616
(I0
I1
tp2617
asVannouncements
p2618
(lp2619
(I9
I1
tp2620
asVbriefly
p2621
(lp2622
(I51
I1
tp2623
asVopen-ended
p2624
(lp2625
(I74
I1
tp2626
asVseparate
p2627
(lp2628
(I0
I1
tp2629
a(I51
I1
tp2630
asVimportant
p2631
(lp2632
(I51
I1
tp2633
asVincluded
p2634
(lp2635
(I74
I3
tp2636
asV480
p2637
(lp2638
(I65
I1
tp2639
asVbuilding
p2640
(lp2641
(I0
I1
tp2642
asVfirebrand
p2643
(lp2644
(I20
I1
tp2645
asVscroll
p2646
(lp2647
(I51
I1
tp2648
asVadam
p2649
(lp2650
(I74
I1
tp2651
asVr0-lo
p2652
(lp2653
(I9
I1
tp2654
asVresolution
p2655
(lp2656
(I51
I3
tp2657
a(I65
I2
tp2658
asVoriginal
p2659
(lp2660
(I9
I2
tp2661
asVsince
p2662
(lp2663
(I0
I1
tp2664
a(I20
I1
tp2665
a(I51
I1
tp2666
a(I74
I1
tp2667
a(I9
I1
tp2668
asVmonth
p2669
(lp2670
(I0
I1
tp2671
a(I37
I1
tp2672
asVthoughtful
p2673
(lp2674
(I0
I1
tp2675
asVlooper
p2676
(lp2677
(I0
I1
tp2678
asVreluctant
p2679
(lp2680
(I9
I1
tp2681
asVprogram
p2682
(lp2683
(I20
I2
tp2684
asV1080p
p2685
(lp2686
(I65
I1
tp2687
asVwoman
p2688
(lp2689
(I9
I1
tp2690
asVworse
p2691
(lp2692
(I0
I1
tp2693
asVfar
p2694
(lp2695
(I20
I1
tp2696
a(I65
I1
tp2697
a(I74
I1
tp2698
asVrogue
p2699
(lp2700
(I0
I2
tp2701
asVdecide
p2702
(lp2703
(I51
I1
tp2704
asVfall
p2705
(lp2706
(I0
I1
tp2707
asVticket
p2708
(lp2709
(I0
I1
tp2710
asVdifference
p2711
(lp2712
(I37
I1
tp2713
asVaccompanying
p2714
(lp2715
(I68
I1
tp2716
asVlarge
p2717
(lp2718
(I68
I1
tp2719
asVwearer
p2720
(lp2721
(I51
I2
tp2722
asVdamper
p2723
(lp2724
(I20
I1
tp2725
asVauthenticating
p2726
(lp2727
(I45
I1
tp2728
a(I63
I1
tp2729
asVoscar
p2730
(lp2731
(I9
I2
tp2732
asVinstagram
p2733
(lp2734
(I74
I1
tp2735
asVbuilt-in
p2736
(lp2737
(I51
I1
tp2738
asVdisplays
p2739
(lp2740
(I51
I1
tp2741
a(I65
I1
tp2742
asVpass
p2743
(lp2744
(I51
I1
tp2745
asVconsumers
p2746
(lp2747
(I20
I1
tp2748
a(I37
I1
tp2749
asVbrief
p2750
(lp2751
(I51
I1
tp2752
a(I74
I1
tp2753
asVversion
p2754
(lp2755
(I9
I1
tp2756
asVscientists
p2757
(lp2758
(I68
I2
tp2759
asVlearned
p2760
(lp2761
(I51
I51
tp2762
a(I9
I51
tp2763
asVrevealing
p2764
(lp2765
(I0
I1
tp2766
asVentry-level
p2767
(lp2768
(I65
I1
tp2769
asVfull
p2770
(lp2771
(I0
I1
tp2772
a(I68
I1
tp2773
a(I9
I1
tp2774
asVhours
p2775
(lp2776
(I37
I2
tp2777
asVoperating
p2778
(lp2779
(I65
I53
tp2780
asVpublisher
p2781
(lp2782
(I74
I1
tp2783
asVexperience
p2784
(lp2785
(I0
I2
tp2786
a(I45
I2
tp2787
a(I63
I2
tp2788
asVairport
p2789
(lp2790
(I68
I4
tp2791
asVpublished
p2792
(lp2793
(I0
I2
tp2794
asVaction
p2795
(lp2796
(I0
I52
tp2797
a(I74
I1
tp2798
a(I9
I1
tp2799
asVoptions
p2800
(lp2801
(I37
I1
tp2802
a(I51
I1
tp2803
a(I65
I1
tp2804
asVvia
p2805
(lp2806
(I68
I1
tp2807
a(I74
I1
tp2808
asVfamily
p2809
(lp2810
(I65
I2
tp2811
a(I9
I2
tp2812
asVscreens
p2813
(lp2814
(I65
I2
tp2815
asVput
p2816
(lp2817
(I0
I1
tp2818
a(I20
I1
tp2819
asVanalyzing
p2820
(lp2821
(I20
I1
tp2822
asVread-only
p2823
(lp2824
(I51
I1
tp2825
asV854
p2826
(lp2827
(I65
I1
tp2828
asV272
p2829
(lp2830
(I51
I1
tp2831
asV249
p2832
(lp2833
(I37
I1
tp2834
asVtwo
p2835
(lp2836
(I0
I1
tp2837
a(I37
I52
tp2838
a(I51
I2
tp2839
a(I68
I1
tp2840
a(I74
I1
tp2841
asV6
p2842
(lp2843
(I65
I1
tp2844
asVlineups
p2845
(lp2846
(I65
I1
tp2847
asVoperators
p2848
(lp2849
(I20
I2
tp2850
asVexcuse
p2851
(lp2852
(I0
I1
tp2853
asVbasically
p2854
(lp2855
(I51
I1
tp2856
asVparticular
p2857
(lp2858
(I0
I1
tp2859
a(I20
I1
tp2860
a(I37
I1
tp2861
asVknown
p2862
(lp2863
(I74
I1
tp2864
a(I9
I1
tp2865
asVnone
p2866
(lp2867
(I20
I1
tp2868
a(I63
I50
tp2869
asVnine
p2870
(lp2871
(I37
I1
tp2872
asVbudgets
p2873
(lp2874
(I37
I1
tp2875
asVlearn
p2876
(lp2877
(I45
I1
tp2878
a(I63
I1
tp2879
asVcompare
p2880
(lp2881
(I65
I1
tp2882
asVshare
p2883
(lp2884
(I0
I3
tp2885
a(I37
I3
tp2886
a(I45
I1
tp2887
a(I51
I3
tp2888
a(I63
I1
tp2889
a(I65
I3
tp2890
a(I68
I3
tp2891
a(I74
I3
tp2892
a(I9
I3
tp2893
asVeidos
p2894
(lp2895
(I74
I2
tp2896
asVless-expensive
p2897
(lp2898
(I37
I1
tp2899
asVsense
p2900
(lp2901
(I51
I1
tp2902
asVphrase
p2903
(lp2904
(I51
I1
tp2905
asV!
p2906
(lp2907
(I0
I1
tp2908
a(I45
I1
tp2909
a(I63
I1
tp2910
a(I68
I1
tp2911
asVhuge
p2912
(lp2913
(I20
I2
tp2914
a(I65
I2
tp2915
asVcourt
p2916
(lp2917
(I20
I1
tp2918
asVprocessors
p2919
(lp2920
(I37
I1
tp2921
asVrather
p2922
(lp2923
(I65
I1
tp2924
asVcomfort
p2925
(lp2926
(I0
I1
tp2927
asVsnippet
p2928
(lp2929
(I51
I1
tp2930
asVmaps
p2931
(lp2932
(I51
I2
tp2933
asVcreature
p2934
(lp2935
(I9
I1
tp2936
asVplans
p2937
(lp2938
(I20
I2
tp2939
a(I74
I1
tp2940
asVdaisy
p2941
(lp2942
(I9
I4
tp2943
asVvariant
p2944
(lp2945
(I37
I2
tp2946
asVmapping
p2947
(lp2948
(I51
I1
tp2949
asVquestioning
p2950
(lp2951
(I20
I1
tp2952
asVplane
p2953
(lp2954
(I0
I1
tp2955
a(I9
I1
tp2956
asVcoming
p2957
(lp2958
(I0
I3
tp2959
a(I51
I2
tp2960
a(I74
I52
tp2961
asVhorizontal
p2962
(lp2963
(I51
I1
tp2964
asVlifecycle
p2965
(lp2966
(I0
I1
tp2967
asVreplete
p2968
(lp2969
(I0
I1
tp2970
asVshort
p2971
(lp2972
(I51
I1
tp2973
asVtwisting
p2974
(lp2975
(I37
I1
tp2976
asV)
p2977
(lp2978
(I0
I4
tp2979
a(I37
I2
tp2980
a(I51
I7
tp2981
a(I68
I2
tp2982
a(I9
I1
tp2983
asVreplied
p2984
(lp2985
(I20
I1
tp2986
asVhelp
p2987
(lp2988
(I65
I1
tp2989
a(I74
I1
tp2990
asVmission
p2991
(lp2992
(I0
I1
tp2993
a(I9
I1
tp2994
asVpaper
p2995
(lp2996
(I9
I1
tp2997
asVdeveloper
p2998
(lp2999
(I74
I1
tp3000
asV24
p3001
(lp3002
(I9
I1
tp3003
asVwon\u2019t
p3004
(lp3005
(I51
I1
tp3006
asVactually
p3007
(lp3008
(I0
I1
tp3009
a(I63
I50
tp3010
a(I65
I51
tp3011
a(I9
I1
tp3012
asVlate
p3013
(lp3014
(I74
I1
tp3015
asVruining
p3016
(lp3017
(I0
I1
tp3018
asVisaac
p3019
(lp3020
(I9
I3
tp3021
asVsoccer
p3022
(lp3023
(I9
I1
tp3024
asVmight
p3025
(lp3026
(I0
I1
tp3027
a(I20
I1
tp3028
asVgood
p3029
(lp3030
(I65
I1
tp3031
a(I9
I1
tp3032
asVceo
p3033
(lp3034
(I20
I1
tp3035
asVii-driven
p3036
(lp3037
(I20
I1
tp3038
asVviewers
p3039
(lp3040
(I74
I1
tp3041
asVbb-8
p3042
(lp3043
(I9
I1
tp3044
asVfully
p3045
(lp3046
(I51
I1
tp3047
asVflylaxairport
p3048
(lp3049
(I68
I1
tp3050
asVfound
p3051
(lp3052
(I0
I2
tp3053
a(I9
I1
tp3054
asVtrailer
p3055
(lp3056
(I0
I4
tp3057
a(I9
I1
tp3058
asVharm
p3059
(lp3060
(I20
I1
tp3061
asVgeneration
p3062
(lp3063
(I65
I1
tp3064
asVhard
p3065
(lp3066
(I0
I3
tp3067
a(I20
I1
tp3068
asVidea
p3069
(lp3070
(I0
I2
tp3071
asVfoxes
p3072
(lp3073
(I51
I1
tp3074
asVexpect
p3075
(lp3076
(I51
I1
tp3077
asVreally
p3078
(lp3079
(I0
I2
tp3080
asVsurrounded
p3081
(lp3082
(I0
I1
tp3083
asV7
p3084
(lp3085
(I0
I2
tp3086
asVissue
p3087
(lp3088
(I0
I2
tp3089
a(I74
I1
tp3090
a(I9
I1
tp3091
asVios
p3092
(lp3093
(I51
I5
tp3094
asVpleasant
p3095
(lp3096
(I65
I2
tp3097
asVreason
p3098
(lp3099
(I0
I1
tp3100
a(I37
I1
tp3101
asVbase
p3102
(lp3103
(I37
I1
tp3104
asVmembers
p3105
(lp3106
(I9
I2
tp3107
asVimagine
p3108
(lp3109
(I0
I1
tp3110
asVask
p3111
(lp3112
(I45
I1
tp3113
a(I63
I1
tp3114
asVdefinition
p3115
(lp3116
(I20
I1
tp3117
asVowners
p3118
(lp3119
(I51
I1
tp3120
asVbenefits
p3121
(lp3122
(I20
I1
tp3123
asVe.g
p3124
(lp3125
(I51
I2
tp3126
asVcomputers
p3127
(lp3128
(I0
I1
tp3129
asVterrible
p3130
(lp3131
(I0
I1
tp3132
asVdisincentive
p3133
(lp3134
(I0
I1
tp3135
asVpilots
p3136
(lp3137
(I9
I1
tp3138
asVreinforced
p3139
(lp3140
(I37
I2
tp3141
asVfeed
p3142
(lp3143
(I68
I1
tp3144
asVmajor
p3145
(lp3146
(I74
I1
tp3147
asVfeel
p3148
(lp3149
(I0
I1
tp3150
asVrevolution
p3151
(lp3152
(I74
I3
tp3153
asVdone
p3154
(lp3155
(I0
I1
tp3156
a(I45
I1
tp3157
a(I63
I1
tp3158
a(I74
I1
tp3159
asVstory
p3160
(lp3161
(I51
I1
tp3162
asVscript
p3163
(lp3164
(I9
I1
tp3165
asVintroduction
p3166
(lp3167
(I51
I1
tp3168
asVleading
p3169
(lp3170
(I74
I1
tp3171
asVswipe
p3172
(lp3173
(I51
I2
tp3174
asVleast
p3175
(lp3176
(I20
I1
tp3177
a(I51
I1
tp3178
a(I65
I1
tp3179
a(I68
I1
tp3180
asVregulation
p3181
(lp3182
(I20
I3
tp3183
asVassumption
p3184
(lp3185
(I0
I1
tp3186
asVpassed
p3187
(lp3188
(I37
I1
tp3189
asVstore
p3190
(lp3191
(I45
I1
tp3192
a(I63
I1
tp3193
asVmainstay
p3194
(lp3195
(I9
I1
tp3196
asVoption
p3197
(lp3198
(I37
I1
tp3199
a(I51
I1
tp3200
asVbehind
p3201
(lp3202
(I9
I1
tp3203
asVlitigated
p3204
(lp3205
(I20
I1
tp3206
asVtom
p3207
(lp3208
(I0
I1
tp3209
a(I20
I1
tp3210
asVpart
p3211
(lp3212
(I20
I1
tp3213
a(I51
I1
tp3214
a(I9
I1
tp3215
asVkind
p3216
(lp3217
(I68
I1
tp3218
a(I9
I1
tp3219
asVlegs
p3220
(lp3221
(I68
I1
tp3222
asVgotten
p3223
(lp3224
(I65
I1
tp3225
a(I9
I1
tp3226
asV15-inch
p3227
(lp3228
(I37
I2
tp3229
asVsupposed
p3230
(lp3231
(I37
I1
tp3232
asVtoward
p3233
(lp3234
(I37
I1
tp3235
asVinteractive
p3236
(lp3237
(I74
I1
tp3238
asVr2-d2
p3239
(lp3240
(I9
I1
tp3241
asVpre-existing
p3242
(lp3243
(I51
I1
tp3244
asVfootnote
p3245
(lp3246
(I51
I1
tp3247
asValongside
p3248
(lp3249
(I0
I1
tp3250
asValike
p3251
(lp3252
(I20
I1
tp3253
asVsell
p3254
(lp3255
(I0
I2
tp3256
asVpaths
p3257
(lp3258
(I9
I1
tp3259
asVbuilt
p3260
(lp3261
(I37
I1
tp3262
a(I9
I1
tp3263
asVdepending
p3264
(lp3265
(I20
I1
tp3266
asValso
p3267
(lp3268
(I0
I1
tp3269
a(I37
I1
tp3270
a(I45
I1
tp3271
a(I63
I1
tp3272
a(I74
I2
tp3273
asVbuild
p3274
(lp3275
(I0
I2
tp3276
asVplay
p3277
(lp3278
(I20
I1
tp3279
a(I65
I2
tp3280
a(I74
I2
tp3281
asVsponsored
p3282
(lp3283
(I20
I4
tp3284
asVplan
p3285
(lp3286
(I9
I1
tp3287
asVsignificant
p3288
(lp3289
(I20
I1
tp3290
asVservices
p3291
(lp3292
(I20
I6
tp3293
asVmeasured
p3294
(lp3295
(I51
I1
tp3296
asVmobile
p3297
(lp3298
(I20
I1
tp3299
asVclear
p3300
(lp3301
(I0
I1
tp3302
a(I20
I1
tp3303
a(I37
I2
tp3304
asVcover
p3305
(lp3306
(I74
I1
tp3307
asVclean
p3308
(lp3309
(I0
I1
tp3310
asVceleron
p3311
(lp3312
(I37
I1
tp3313
asVheadlined
p3314
(lp3315
(I74
I1
tp3316
asVdefended
p3317
(lp3318
(I20
I1
tp3319
asVfinn
p3320
(lp3321
(I9
I2
tp3322
asVnewest
p3323
(lp3324
(I0
I2
tp3325
asVfont
p3326
(lp3327
(I51
I1
tp3328
asVnetworks
p3329
(lp3330
(I20
I1
tp3331
a(I65
I1
tp3332
asVfungible
p3333
(lp3334
(I20
I1
tp3335
asVawakens
p3336
(lp3337
(I9
I53
tp3338
asVincreasingly
p3339
(lp3340
(I0
I1
tp3341
asV'athena
p3342
(lp3343
(I68
I50
tp3344
asVpretty
p3345
(lp3346
(I65
I2
tp3347
asV4:5
p3348
(lp3349
(I51
I1
tp3350
asVmeanwhile
p3351
(lp3352
(I0
I1
tp3353
asVbanned
p3354
(lp3355
(I20
I1
tp3356
asVcheaper
p3357
(lp3358
(I37
I1
tp3359
asVfeels
p3360
(lp3361
(I65
I1
tp3362
asVcompeting
p3363
(lp3364
(I65
I1
tp3365
asVbanner
p3366
(lp3367
(I74
I1
tp3368
asVcry
p3369
(lp3370
(I65
I1
tp3371
asVcommon
p3372
(lp3373
(I37
I1
tp3374
asVhype
p3375
(lp3376
(I0
I2
tp3377
asVx
p3378
(lp3379
(I37
I2
tp3380
a(I51
I2
tp3381
a(I65
I4
tp3382
asVbulky
p3383
(lp3384
(I68
I1
tp3385
asVset
p3386
(lp3387
(I0
I1
tp3388
a(I74
I1
tp3389
asVaspect
p3390
(lp3391
(I20
I1
tp3392
a(I51
I1
tp3393
asV312
p3394
(lp3395
(I51
I1
tp3396
asVsee
p3397
(lp3398
(I0
I5
tp3399
a(I37
I1
tp3400
asVindividual
p3401
(lp3402
(I20
I1
tp3403
asVdeploying
p3404
(lp3405
(I0
I1
tp3406
asVmovie
p3407
(lp3408
(I0
I10
tp3409
a(I9
I1
tp3410
asVcurrently
p3411
(lp3412
(I45
I50
tp3413
asVplease
p3414
(lp3415
(I45
I4
tp3416
a(I63
I4
tp3417
asVfans
p3418
(lp3419
(I37
I1
tp3420
asVmyriad
p3421
(lp3422
(I0
I1
tp3423
asVcaptured
p3424
(lp3425
(I68
I1
tp3426
asVprobably
p3427
(lp3428
(I0
I2
tp3429
a(I37
I1
tp3430
a(I65
I1
tp3431
a(I68
I1
tp3432
asVavailable
p3433
(lp3434
(I37
I2
tp3435
a(I45
I1
tp3436
a(I51
I2
tp3437
a(I63
I1
tp3438
asVsolo
p3439
(lp3440
(I9
I2
tp3441
asVcreating
p3442
(lp3443
(I74
I1
tp3444
asVopt-out
p3445
(lp3446
(I20
I1
tp3447
asVsold
p3448
(lp3449
(I0
I1
tp3450
asVattention
p3451
(lp3452
(I65
I1
tp3453
asV4gb
p3454
(lp3455
(I37
I2
tp3456
asVinterface
p3457
(lp3458
(I51
I3
tp3459
asVcryptic
p3460
(lp3461
(I74
I1
tp3462
asVlast
p3463
(lp3464
(I0
I1
tp3465
a(I20
I2
tp3466
a(I74
I1
tp3467
a(I9
I1
tp3468
asVbarely
p3469
(lp3470
(I0
I1
tp3471
asVcontext
p3472
(lp3473
(I51
I1
tp3474
asVfocused
p3475
(lp3476
(I20
I1
tp3477
asVwhole
p3478
(lp3479
(I0
I1
tp3480
a(I65
I1
tp3481
asVarbitrarily
p3482
(lp3483
(I20
I1
tp3484
asVconsume
p3485
(lp3486
(I20
I1
tp3487
asVpoint
p3488
(lp3489
(I0
I1
tp3490
a(I9
I1
tp3491
asVsimple
p3492
(lp3493
(I51
I1
tp3494
asVwhatever
p3495
(lp3496
(I51
I1
tp3497
asVsimply
p3498
(lp3499
(I20
I1
tp3500
a(I68
I1
tp3501
asVdescribed
p3502
(lp3503
(I65
I1
tp3504
asVraise
p3505
(lp3506
(I51
I1
tp3507
asVcreate
p3508
(lp3509
(I51
I2
tp3510
asVtrilogy
p3511
(lp3512
(I9
I1
tp3513
asVdue
p3514
(lp3515
(I9
I1
tp3516
asVpc
p3517
(lp3518
(I74
I52
tp3519
asVcollected
p3520
(lp3521
(I9
I1
tp3522
asV4
p3523
(lp3524
(I74
I1
tp3525
asVdialogue
p3526
(lp3527
(I0
I1
tp3528
asVflight
p3529
(lp3530
(I68
I2
tp3531
asVwheeler
p3532
(lp3533
(I20
I1
tp3534
asVelse
p3535
(lp3536
(I51
I1
tp3537
a(I68
I1
tp3538
asVanthony
p3539
(lp3540
(I9
I1
tp3541
asVlives
p3542
(lp3543
(I68
I1
tp3544
asV259.99
p3545
(lp3546
(I37
I1
tp3547
asVprices
p3548
(lp3549
(I0
I1
tp3550
asVdespite
p3551
(lp3552
(I68
I1
tp3553
asVhamill
p3554
(lp3555
(I9
I2
tp3556
asVintriguing
p3557
(lp3558
(I65
I1
tp3559
asVlook
p3560
(lp3561
(I20
I1
tp3562
a(I37
I1
tp3563
a(I51
I2
tp3564
a(I65
I2
tp3565
a(I74
I1
tp3566
a(I9
I2
tp3567
asVsolid
p3568
(lp3569
(I37
I1
tp3570
asVforeshadowed
p3571
(lp3572
(I20
I1
tp3573
asVtechnical
p3574
(lp3575
(I51
I1
tp3576
asVfun
p3577
(lp3578
(I0
I2
tp3579
a(I9
I1
tp3580
asVfleet
p3581
(lp3582
(I45
I50
tp3583
asVloop
p3584
(lp3585
(I51
I1
tp3586
asVmoto
p3587
(lp3588
(I65
I5
tp3589
asVlengthy
p3590
(lp3591
(I74
I1
tp3592
asVrules
p3593
(lp3594
(I0
I1
tp3595
a(I20
I54
tp3596
asV299.99
p3597
(lp3598
(I37
I1
tp3599
asVc910
p3600
(lp3601
(I37
I4
tp3602
asV9
p3603
(lp3604
(I63
I50
tp3605
asVdevelopment
p3606
(lp3607
(I51
I1
tp3608
asVjet-setters
p3609
(lp3610
(I68
I1
tp3611
asVused
p3612
(lp3613
(I65
I1
tp3614
asV3gs
p3615
(lp3616
(I65
I1
tp3617
asVyesterday
p3618
(lp3619
(I0
I1
tp3620
a(I74
I1
tp3621
asVmoment
p3622
(lp3623
(I0
I1
tp3624
a(I51
I1
tp3625
a(I9
I1
tp3626
asVmoving
p3627
(lp3628
(I20
I1
tp3629
asVuser
p3630
(lp3631
(I45
I2
tp3632
a(I63
I2
tp3633
asVhard-pressing
p3634
(lp3635
(I51
I1
tp3636
asVrecent
p3637
(lp3638
(I9
I1
tp3639
asVopt-in
p3640
(lp3641
(I20
I1
tp3642
asVspent
p3643
(lp3644
(I0
I1
tp3645
asVanalysis
p3646
(lp3647
(I20
I1
tp3648
asV2gb
p3649
(lp3650
(I37
I1
tp3651
asVedge
p3652
(lp3653
(I51
I2
tp3654
asVlegere
p3655
(lp3656
(I20
I1
tp3657
asVentry
p3658
(lp3659
(I74
I1
tp3660
asV768
p3661
(lp3662
(I37
I1
tp3663
asVludicrous
p3664
(lp3665
(I0
I1
tp3666
asVworld
p3667
(lp3668
(I0
I1
tp3669
a(I74
I2
tp3670
asV$
p3671
(lp3672
(I37
I4
tp3673
asVhumanoid
p3674
(lp3675
(I68
I52
tp3676
asVparents
p3677
(lp3678
(I9
I1
tp3679
asVviolations
p3680
(lp3681
(I20
I1
tp3682
asVchairman
p3683
(lp3684
(I20
I1
tp3685
asVcustomers
p3686
(lp3687
(I20
I4
tp3688
a(I65
I1
tp3689
asVwookies
p3690
(lp3691
(I9
I1
tp3692
asVbig
p3693
(lp3694
(I0
I2
tp3695
a(I51
I1
tp3696
a(I65
I1
tp3697
a(I74
I1
tp3698
a(I9
I1
tp3699
asVunlimited
p3700
(lp3701
(I20
I2
tp3702
asVgame
p3703
(lp3704
(I74
I8
tp3705
asVmulti-os
p3706
(lp3707
(I65
I1
tp3708
asVdamage
p3709
(lp3710
(I37
I1
tp3711
asVprojects
p3712
(lp3713
(I74
I2
tp3714
asVmodifications
p3715
(lp3716
(I20
I1
tp3717
asVwatchkit
p3718
(lp3719
(I51
I5
tp3720
asVstylish
p3721
(lp3722
(I37
I1
tp3723
asVback
p3724
(lp3725
(I0
I1
tp3726
a(I51
I4
tp3727
a(I65
I1
tp3728
a(I9
I3
tp3729
asVstreaming
p3730
(lp3731
(I20
I2
tp3732
asVprioritization
p3733
(lp3734
(I20
I1
tp3735
asVnewsletter
p3736
(lp3737
(I45
I1
tp3738
a(I63
I1
tp3739
asVand/or
p3740
(lp3741
(I45
I1
tp3742
a(I63
I1
tp3743
asVbenefit
p3744
(lp3745
(I20
I1
tp3746
asVrun
p3747
(lp3748
(I20
I1
tp3749
a(I65
I2
tp3750
asVprocessing
p3751
(lp3752
(I51
I1
tp3753
asV\u2026
p3754
(lp3755
(I51
I1
tp3756
asVextensions
p3757
(lp3758
(I51
I1
tp3759
asVseeing
p3760
(lp3761
(I68
I1
tp3762
a(I9
I1
tp3763
asVletter
p3764
(lp3765
(I20
I1
tp3766
asVneutrality
p3767
(lp3768
(I20
I51
tp3769
asV15.6-inch
p3770
(lp3771
(I37
I1
tp3772
asVkathleen
p3773
(lp3774
(I9
I3
tp3775
asVlone
p3776
(lp3777
(I51
I1
tp3778
asVlong
p3779
(lp3780
(I37
I1
tp3781
a(I51
I3
tp3782
asVcustom
p3783
(lp3784
(I51
I3
tp3785
asVcamera
p3786
(lp3787
(I9
I1
tp3788
asVsuit
p3789
(lp3790
(I0
I2
tp3791
asV:
p3792
(lp3793
(I0
I3
tp3794
a(I20
I4
tp3795
a(I37
I1
tp3796
a(I51
I4
tp3797
a(I68
I1
tp3798
a(I74
I3
tp3799
a(I9
I53
tp3800
asVscared
p3801
(lp3802
(I9
I1
tp3803
asVopens
p3804
(lp3805
(I51
I2
tp3806
asVposter
p3807
(lp3808
(I0
I1
tp3809
asVregistered
p3810
(lp3811
(I45
I1
tp3812
a(I63
I1
tp3813
asVretina
p3814
(lp3815
(I51
I1
tp3816
asVlink
p3817
(lp3818
(I45
I1
tp3819
a(I63
I1
tp3820
asVrussian
p3821
(lp3822
(I74
I1
tp3823
asVline
p3824
(lp3825
(I0
I1
tp3826
a(I37
I1
tp3827
a(I65
I1
tp3828
asVposted
p3829
(lp3830
(I9
I1
tp3831
asVapps\u2019
p3832
(lp3833
(I51
I1
tp3834
asVus
p3835
(lp3836
(I65
I2
tp3837
asVplanet
p3838
(lp3839
(I9
I2
tp3840
asVwindows
p3841
(lp3842
(I65
I1
tp3843
asV're
p3844
(lp3845
(I0
I2
tp3846
a(I20
I1
tp3847
a(I37
I1
tp3848
a(I51
I1
tp3849
a(I65
I4
tp3850
a(I9
I2
tp3851
asVui
p3852
(lp3853
(I51
I1
tp3854
asVsimilar
p3855
(lp3856
(I51
I1
tp3857
asVcalled
p3858
(lp3859
(I0
I1
tp3860
a(I37
I1
tp3861
a(I51
I1
tp3862
a(I74
I1
tp3863
a(I9
I1
tp3864
asVconstant
p3865
(lp3866
(I51
I1
tp3867
asVinfluence
p3868
(lp3869
(I74
I1
tp3870
asVentrance
p3871
(lp3872
(I20
I1
tp3873
asVsingle
p3874
(lp3875
(I51
I1
tp3876
asVwarning
p3877
(lp3878
(I20
I1
tp3879
asVhome
p3880
(lp3881
(I9
I1
tp3882
asVabrams
p3883
(lp3884
(I9
I5
tp3885
asVhigher-quality
p3886
(lp3887
(I65
I1
tp3888
asV1.5-foot
p3889
(lp3890
(I37
I1
tp3891
asVoccasional
p3892
(lp3893
(I45
I1
tp3894
a(I63
I1
tp3895
asVdictating
p3896
(lp3897
(I51
I1
tp3898
asVelements
p3899
(lp3900
(I51
I1
tp3901
asVusers
p3902
(lp3903
(I45
I1
tp3904
a(I63
I1
tp3905
a(I65
I1
tp3906
asVrobots
p3907
(lp3908
(I68
I1
tp3909
asVlufthansa
p3910
(lp3911
(I68
I2
tp3912
asVposters
p3913
(lp3914
(I0
I1
tp3915
asVstructure
p3916
(lp3917
(I74
I1
tp3918
asVago
p3919
(lp3920
(I65
I1
tp3921
a(I68
I1
tp3922
asVe
p3923
(lp3924
(I65
I3
tp3925
asVrequired
p3926
(lp3927
(I45
I1
tp3928
a(I51
I1
tp3929
a(I63
I1
tp3930
asVwatch\u2019s
p3931
(lp3932
(I51
I1
tp3933
asVpresenting
p3934
(lp3935
(I0
I1
tp3936
asVliterally
p3937
(lp3938
(I0
I1
tp3939
asV2009
p3940
(lp3941
(I65
I1
tp3942
asVwillis
p3943
(lp3944
(I0
I1
tp3945
asVcode
p3946
(lp3947
(I51
I1
tp3948
asVexisting
p3949
(lp3950
(I51
I1
tp3951
asVgo
p3952
(lp3953
(I0
I1
tp3954
a(I20
I2
tp3955
a(I37
I1
tp3956
a(I51
I1
tp3957
asVsimon
p3958
(lp3959
(I0
I1
tp3960
asVairplay
p3961
(lp3962
(I51
I2
tp3963
asVinclude
p3964
(lp3965
(I37
I1
tp3966
a(I65
I1
tp3967
a(I74
I1
tp3968
asVsent
p3969
(lp3970
(I20
I1
tp3971
a(I9
I1
tp3972
asVfacebook
p3973
(lp3974
(I0
I1
tp3975
a(I37
I1
tp3976
a(I45
I6
tp3977
a(I51
I1
tp3978
a(I63
I6
tp3979
a(I65
I1
tp3980
a(I68
I1
tp3981
a(I74
I1
tp3982
a(I9
I1
tp3983
asVexperiencing
p3984
(lp3985
(I0
I1
tp3986
asVnotes
p3987
(lp3988
(I20
I1
tp3989
asVfewer
p3990
(lp3991
(I0
I2
tp3992
asVtry
p3993
(lp3994
(I45
I2
tp3995
a(I63
I2
tp3996
asVnoted
p3997
(lp3998
(I20
I1
tp3999
asVhinder
p4000
(lp4001
(I20
I1
tp4002
asVsmaller
p4003
(lp4004
(I37
I2
tp4005
a(I51
I1
tp4006
asV1080
p4007
(lp4008
(I37
I1
tp4009
asVteasers
p4010
(lp4011
(I0
I2
tp4012
asVvideo
p4013
(lp4014
(I20
I1
tp4015
a(I51
I1
tp4016
asVfamiliar-looking
p4017
(lp4018
(I9
I1
tp4019
asVreclassification
p4020
(lp4021
(I20
I1
tp4022
asVgiving
p4023
(lp4024
(I20
I1
tp4025
a(I74
I1
tp4026
asVmarketed
p4027
(lp4028
(I37
I1
tp4029
asVcell
p4030
(lp4031
(I74
I1
tp4032
asVconsistently
p4033
(lp4034
(I37
I1
tp4035
asV;
p4036
(lp4037
(I51
I1
tp4038
asVcommercial
p4039
(lp4040
(I68
I3
tp4041
asVgiant
p4042
(lp4043
(I0
I1
tp4044
asVhighly
p4045
(lp4046
(I51
I1
tp4047
asVobjects
p4048
(lp4049
(I51
I1
tp4050
asVlet
p4051
(lp4052
(I20
I1
tp4053
asVgreat
p4054
(lp4055
(I0
I1
tp4056
a(I37
I1
tp4057
a(I45
I1
tp4058
a(I63
I1
tp4059
asVreceive
p4060
(lp4061
(I45
I1
tp4062
a(I63
I1
tp4063
asV32
p4064
(lp4065
(I9
I1
tp4066
asVlarger
p4067
(lp4068
(I37
I1
tp4069
a(I51
I1
tp4070
a(I9
I1
tp4071
asVleaving
p4072
(lp4073
(I45
I50
tp4074
asVsuggests
p4075
(lp4076
(I20
I1
tp4077
asVopinion
p4078
(lp4079
(I20
I1
tp4080
asVclimb
p4081
(lp4082
(I0
I1
tp4083
asVmakes
p4084
(lp4085
(I51
I1
tp4086
asVthat\u2019ll
p4087
(lp4088
(I51
I1
tp4089
asVnamed
p4090
(lp4091
(I68
I1
tp4092
asVfirefox
p4093
(lp4094
(I65
I1
tp4095
asVapple
p4096
(lp4097
(I51
I66
tp4098
asVapp
p4099
(lp4100
(I51
I14
tp4101
asVclassrooms
p4102
(lp4103
(I37
I1
tp4104
asVprivate
p4105
(lp4106
(I45
I50
tp4107
asVgordon
p4108
(lp4109
(I0
I1
tp4110
asVstanding
p4111
(lp4112
(I37
I1
tp4113
asVuse
p4114
(lp4115
(I51
I1
tp4116
asV&
p4117
(lp4118
(I20
I3
tp4119
asVremains
p4120
(lp4121
(I68
I1
tp4122
asVnext
p4123
(lp4124
(I51
I3
tp4125
a(I68
I1
tp4126
a(I74
I2
tp4127
asVdoubt
p4128
(lp4129
(I37
I1
tp4130
a(I9
I1
tp4131
asVball-meets-r2
p4132
(lp4133
(I9
I1
tp4134
asVstage
p4135
(lp4136
(I9
I1
tp4137
asVnewsletters
p4138
(lp4139
(I45
I1
tp4140
a(I63
I1
tp4141
asVstarted
p4142
(lp4143
(I68
I1
tp4144
a(I9
I1
tp4145
asV32gb
p4146
(lp4147
(I37
I1
tp4148
asVaccount
p4149
(lp4150
(I45
I4
tp4151
a(I63
I4
tp4152
a(I68
I1
tp4153
asVcrosses
p4154
(lp4155
(I9
I1
tp4156
asVride
p4157
(lp4158
(I0
I1
tp4159
asVobvious
p4160
(lp4161
(I20
I1
tp4162
asVfreedom
p4163
(lp4164
(I20
I5
tp4165
a(I74
I1
tp4166
asVmeet
p4167
(lp4168
(I37
I1
tp4169
a(I51
I1
tp4170
asVdrops
p4171
(lp4172
(I37
I2
tp4173
asVtap
p4174
(lp4175
(I51
I1
tp4176
asVproviders
p4177
(lp4178
(I20
I2
tp4179
asVprocess
p4180
(lp4181
(I68
I2
tp4182
asVhigh
p4183
(lp4184
(I0
I2
tp4185
asVpulling
p4186
(lp4187
(I9
I1
tp4188
asVsomething
p4189
(lp4190
(I65
I1
tp4191
a(I68
I1
tp4192
asVnative
p4193
(lp4194
(I51
I2
tp4195
asVsit
p4196
(lp4197
(I68
I1
tp4198
asVinstead
p4199
(lp4200
(I0
I1
tp4201
a(I45
I4
tp4202
a(I63
I4
tp4203
a(I68
I1
tp4204
asVwatch
p4205
(lp4206
(I0
I1
tp4207
a(I51
I66
tp4208
asVwrist
p4209
(lp4210
(I51
I2
tp4211
asVrobot
p4212
(lp4213
(I68
I53
tp4214
asVit\u2019s
p4215
(lp4216
(I51
I3
tp4217
asVfurious
p4218
(lp4219
(I0
I2
tp4220
asVapple\u2019s
p4221
(lp4222
(I51
I2
tp4223
asVproducer
p4224
(lp4225
(I9
I2
tp4226
asVmove
p4227
(lp4228
(I20
I1
tp4229
a(I51
I1
tp4230
asVincluding
p4231
(lp4232
(I74
I1
tp4233
a(I9
I1
tp4234
asVlooks
p4235
(lp4236
(I37
I1
tp4237
a(I51
I3
tp4238
a(I68
I1
tp4239
asVcruise
p4240
(lp4241
(I0
I4
tp4242
asVgalaxy
p4243
(lp4244
(I9
I1
tp4245
asVchoose
p4246
(lp4247
(I45
I1
tp4248
a(I63
I1
tp4249
asVcovered
p4250
(lp4251
(I0
I1
tp4252
asV2011
p4253
(lp4254
(I74
I1
tp4255
asV2010
p4256
(lp4257
(I20
I1
tp4258
asVcrash
p4259
(lp4260
(I9
I1
tp4261
asVsnake
p4262
(lp4263
(I51
I1
tp4264
asVfront
p4265
(lp4266
(I0
I1
tp4267
asVdocumented
p4268
(lp4269
(I51
I1
tp4270
asVday
p4271
(lp4272
(I20
I1
tp4273
a(I68
I1
tp4274
asVstunts
p4275
(lp4276
(I0
I3
tp4277
asVfebruary
p4278
(lp4279
(I37
I1
tp4280
asVthrill
p4281
(lp4282
(I0
I3
tp4283
asVmode
p4284
(lp4285
(I65
I1
tp4286
asVaccompanied
p4287
(lp4288
(I68
I1
tp4289
asVstudios
p4290
(lp4291
(I0
I5
tp4292
a(I74
I1
tp4293
asVproduct
p4294
(lp4295
(I65
I1
tp4296
asVstatic
p4297
(lp4298
(I51
I2
tp4299
asVmeasure
p4300
(lp4301
(I51
I1
tp4302
asVsandy
p4303
(lp4304
(I9
I1
tp4305
asVrey
p4306
(lp4307
(I9
I2
tp4308
asVfundamentally
p4309
(lp4310
(I51
I1
tp4311
asV'
p4312
(lp4313
(I20
I1
tp4314
a(I68
I50
tp4315
asVwholly
p4316
(lp4317
(I0
I1
tp4318
asVcause
p4319
(lp4320
(I51
I1
tp4321
asVannounced
p4322
(lp4323
(I37
I2
tp4324
a(I65
I1
tp4325
a(I74
I3
tp4326
asVshut
p4327
(lp4328
(I20
I1
tp4329
asVshots
p4330
(lp4331
(I0
I2
tp4332
asV4-inch
p4333
(lp4334
(I65
I1
tp4335
asVcompletely
p4336
(lp4337
(I0
I2
tp4338
asVprincess
p4339
(lp4340
(I9
I1
tp4341
asVcould
p4342
(lp4343
(I20
I4
tp4344
a(I51
I1
tp4345
a(I65
I3
tp4346
a(I68
I1
tp4347
a(I74
I2
tp4348
a(I9
I1
tp4349
asVtimes
p4350
(lp4351
(I51
I2
tp4352
asVkeen
p4353
(lp4354
(I20
I1
tp4355
asVlte
p4356
(lp4357
(I20
I2
tp4358
a(I65
I5
tp4359
asVtimed
p4360
(lp4361
(I0
I1
tp4362
asVpowerful
p4363
(lp4364
(I37
I1
tp4365
a(I65
I1
tp4366
asVscene
p4367
(lp4368
(I0
I3
tp4369
asVmanagement
p4370
(lp4371
(I20
I3
tp4372
asVprivacy
p4373
(lp4374
(I45
I1
tp4375
a(I63
I1
tp4376
asVrevealed
p4377
(lp4378
(I51
I1
tp4379
a(I74
I1
tp4380
a(I9
I1
tp4381
asVsystem
p4382
(lp4383
(I20
I2
tp4384
asVexhilarating
p4385
(lp4386
(I0
I1
tp4387
asVexactly
p4388
(lp4389
(I0
I1
tp4390
a(I9
I1
tp4391
asVloved
p4392
(lp4393
(I0
I1
tp4394
asVcoaster
p4395
(lp4396
(I0
I1
tp4397
asVdiscriminating
p4398
(lp4399
(I20
I1
tp4400
asVenforced
p4401
(lp4402
(I20
I1
tp4403
asVthwarted
p4404
(lp4405
(I0
I1
tp4406
asVneed
p4407
(lp4408
(I0
I50
tp4409
a(I37
I1
tp4410
a(I51
I2
tp4411
asVapparently
p4412
(lp4413
(I74
I1
tp4414
asVclearly
p4415
(lp4416
(I20
I1
tp4417
asVable
p4418
(lp4419
(I20
I2
tp4420
a(I37
I2
tp4421
a(I51
I2
tp4422
a(I65
I2
tp4423
asVbattles
p4424
(lp4425
(I20
I1
tp4426
asVdeclined
p4427
(lp4428
(I9
I1
tp4429
asVstormtrooper
p4430
(lp4431
(I9
I3
tp4432
asVtechnicality
p4433
(lp4434
(I68
I1
tp4435
asVconnected
p4436
(lp4437
(I65
I1
tp4438
asVdevice
p4439
(lp4440
(I20
I2
tp4441
a(I51
I1
tp4442
a(I65
I1
tp4443
asVso-called
p4444
(lp4445
(I20
I2
tp4446
asVdeny
p4447
(lp4448
(I20
I1
tp4449
asVpipe
p4450
(lp4451
(I20
I1
tp4452
asVabsurd
p4453
(lp4454
(I0
I1
tp4455
asVselection
p4456
(lp4457
(I51
I1
tp4458
asVagreed
p4459
(lp4460
(I9
I1
tp4461
asVsupported
p4462
(lp4463
(I51
I1
tp4464
asVanyway
p4465
(lp4466
(I51
I1
tp4467
asVbring
p4468
(lp4469
(I65
I1
tp4470
a(I74
I1
tp4471
asVplanning
p4472
(lp4473
(I20
I1
tp4474
asV42mm
p4475
(lp4476
(I51
I1
tp4477
asVchromebook
p4478
(lp4479
(I37
I7
tp4480
asVpartners
p4481
(lp4482
(I45
I1
tp4483
a(I63
I1
tp4484
a(I65
I1
tp4485
asVtaps
p4486
(lp4487
(I51
I2
tp4488
asV(
p4489
(lp4490
(I0
I4
tp4491
a(I37
I2
tp4492
a(I51
I7
tp4493
a(I68
I2
tp4494
a(I9
I1
tp4495
asVcache
p4496
(lp4497
(I51
I1
tp4498
asVethan
p4499
(lp4500
(I0
I1
tp4501
asVmeant
p4502
(lp4503
(I37
I2
tp4504
a(I65
I2
tp4505
asVmeans
p4506
(lp4507
(I20
I1
tp4508
a(I51
I2
tp4509
a(I65
I1
tp4510
asVfamiliar
p4511
(lp4512
(I0
I1
tp4513
asVoverall
p4514
(lp4515
(I45
I1
tp4516
a(I63
I1
tp4517
a(I65
I1
tp4518
asVprohibition
p4519
(lp4520
(I20
I1
tp4521
asVwiggle
p4522
(lp4523
(I20
I1
tp4524
asVones
p4525
(lp4526
(I37
I1
tp4527
asVwords
p4528
(lp4529
(I20
I2
tp4530
a(I51
I2
tp4531
asVbuyer
p4532
(lp4533
(I65
I1
tp4534
asVscrolling
p4535
(lp4536
(I51
I1
tp4537
asVteams
p4538
(lp4539
(I0
I1
tp4540
asVview
p4541
(lp4542
(I51
I2
tp4543
asVwithstand
p4544
(lp4545
(I37
I3
tp4546
asVomission
p4547
(lp4548
(I65
I1
tp4549
asVofficials
p4550
(lp4551
(I20
I1
tp4552
asVcyberpunk
p4553
(lp4554
(I74
I1
tp4555
asVbattery
p4556
(lp4557
(I37
I1
tp4558
asVsuperhero
p4559
(lp4560
(I0
I1
tp4561
asVpattern
p4562
(lp4563
(I0
I1
tp4564
asVwo
p4565
(lp4566
(I0
I2
tp4567
a(I20
I1
tp4568
a(I37
I1
tp4569
a(I65
I1
tp4570
asVlucasfilm
p4571
(lp4572
(I9
I1
tp4573
asVclosed
p4574
(lp4575
(I0
I1
tp4576
asVemail
p4577
(lp4578
(I45
I4
tp4579
a(I63
I4
tp4580
asVends
p4581
(lp4582
(I37
I1
tp4583
a(I9
I1
tp4584
asVscrolls
p4585
(lp4586
(I51
I2
tp4587
asVopening
p4588
(lp4589
(I0
I1
tp4590
asVc720
p4591
(lp4592
(I37
I2
tp4593
asVkey
p4594
(lp4595
(I51
I1
tp4596
asVsquared-off
p4597
(lp4598
(I9
I1
tp4599
asVrestrictions
p4600
(lp4601
(I51
I1
tp4602
asVtaking
p4603
(lp4604
(I20
I1
tp4605
a(I37
I1
tp4606
a(I68
I1
tp4607
asVapril
p4608
(lp4609
(I0
I1
tp4610
asVkinds
p4611
(lp4612
(I0
I1
tp4613
asVotherwise
p4614
(lp4615
(I37
I1
tp4616
asVcomment
p4617
(lp4618
(I51
I1
tp4619
asVca
p4620
(lp4621
(I0
I1
tp4622
a(I20
I1
tp4623
a(I65
I51
tp4624
asVaddition
p4625
(lp4626
(I51
I1
tp4627
asVhellish
p4628
(lp4629
(I68
I1
tp4630
asVspoiling
p4631
(lp4632
(I0
I50
tp4633
asVusername
p4634
(lp4635
(I45
I3
tp4636
a(I63
I3
tp4637
asVcorresponding
p4638
(lp4639
(I51
I1
tp4640
asVverizon
p4641
(lp4642
(I20
I3
tp4643
asVcontroller
p4644
(lp4645
(I51
I1
tp4646
asV2014
p4647
(lp4648
(I68
I1
tp4649
asVsmartphones
p4650
(lp4651
(I65
I3
tp4652
asVunlike
p4653
(lp4654
(I51
I1
tp4655
asVchoices
p4656
(lp4657
(I74
I1
tp4658
a(I9
I1
tp4659
asV4.5-
p4660
(lp4661
(I65
I1
tp4662
asVannual
p4663
(lp4664
(I9
I1
tp4665
asValmost
p4666
(lp4667
(I20
I2
tp4668
a(I45
I1
tp4669
a(I51
I1
tp4670
a(I63
I1
tp4671
asVinsanely
p4672
(lp4673
(I0
I1
tp4674
asVsurprisingly
p4675
(lp4676
(I65
I1
tp4677
asVlinkedin
p4678
(lp4679
(I74
I1
tp4680
asVhardware
p4681
(lp4682
(I65
I1
tp4683
asVexamined
p4684
(lp4685
(I20
I1
tp4686
asVaudiences
p4687
(lp4688
(I9
I1
tp4689
asVperhaps
p4690
(lp4691
(I20
I2
tp4692
asVbegan
p4693
(lp4694
(I0
I1
tp4695
asVstrange
p4696
(lp4697
(I9
I1
tp4698
asVunits
p4699
(lp4700
(I9
I2
tp4701
asVparty
p4702
(lp4703
(I45
I4
tp4704
a(I63
I4
tp4705
asVandroid
p4706
(lp4707
(I65
I1
tp4708
asVgets
p4709
(lp4710
(I0
I1
tp4711
asVsuper-cheap
p4712
(lp4713
(I65
I1
tp4714
asVwell
p4715
(lp4716
(I0
I1
tp4717
a(I20
I1
tp4718
a(I37
I1
tp4719
a(I51
I2
tp4720
a(I74
I1
tp4721
a(I9
I2
tp4722
asVmuscle
p4723
(lp4724
(I0
I1
tp4725
asVlatest
p4726
(lp4727
(I74
I1
tp4728
asVcarrie
p4729
(lp4730
(I9
I1
tp4731
asVless
p4732
(lp4733
(I51
I1
tp4734
asVmoments
p4735
(lp4736
(I0
I50
tp4737
asV\u2014
p4738
(lp4739
(I0
I5
tp4740
a(I20
I10
tp4741
a(I37
I7
tp4742
a(I51
I7
tp4743
a(I63
I50
tp4744
a(I65
I3
tp4745
a(I68
I2
tp4746
a(I74
I2
tp4747
a(I9
I6
tp4748
asVweb
p4749
(lp4750
(I37
I1
tp4751
asVheaded
p4752
(lp4753
(I37
I1
tp4754
asVreasons
p4755
(lp4756
(I0
I1
tp4757
asVcombing
p4758
(lp4759
(I51
I1
tp4760
asVkick
p4761
(lp4762
(I68
I1
tp4763
asVidentical
p4764
(lp4765
(I37
I1
tp4766
asVincreased
p4767
(lp4768
(I0
I1
tp4769
asVgovernment
p4770
(lp4771
(I20
I1
tp4772
asVchecking
p4773
(lp4774
(I68
I1
tp4775
asVinterrogation
p4776
(lp4777
(I74
I1
tp4778
asVfive
p4779
(lp4780
(I51
I1
tp4781
asVknow
p4782
(lp4783
(I0
I1
tp4784
a(I9
I1
tp4785
asVpress
p4786
(lp4787
(I51
I1
tp4788
asVvariants
p4789
(lp4790
(I37
I1
tp4791
asVpassword
p4792
(lp4793
(I45
I2
tp4794
a(I63
I2
tp4795
asVlike
p4796
(lp4797
(I0
I2
tp4798
a(I20
I3
tp4799
a(I37
I1
tp4800
a(I45
I5
tp4801
a(I51
I3
tp4802
a(I63
I5
tp4803
a(I65
I1
tp4804
a(I68
I2
tp4805
a(I74
I1
tp4806
a(I9
I2
tp4807
asVsizes
p4808
(lp4809
(I37
I1
tp4810
a(I51
I1
tp4811
asVbecome
p4812
(lp4813
(I65
I1
tp4814
asVworks
p4815
(lp4816
(I51
I51
tp4817
a(I74
I1
tp4818
a(I9
I1
tp4819
asVpage
p4820
(lp4821
(I51
I1
tp4822
a(I74
I1
tp4823
asVsequence
p4824
(lp4825
(I0
I1
tp4826
asVtwitter
p4827
(lp4828
(I45
I4
tp4829
a(I63
I4
tp4830
a(I68
I2
tp4831
asVbig-budget
p4832
(lp4833
(I0
I1
tp4834
asVablaze
p4835
(lp4836
(I0
I1
tp4837
asVpeter
p4838
(lp4839
(I9
I1
tp4840
asVdisbelief
p4841
(lp4842
(I0
I1
tp4843
asVbroad
p4844
(lp4845
(I0
I1
tp4846
asVdiscretion
p4847
(lp4848
(I20
I1
tp4849
asVassuming
p4850
(lp4851
(I20
I1
tp4852
asV?
p4853
(lp4854
(I45
I6
tp4855
a(I51
I3
tp4856
a(I63
I6
tp4857
a(I68
I1
tp4858
a(I9
I4
tp4859
asVlimitations
p4860
(lp4861
(I20
I1
tp4862
asVridley
p4863
(lp4864
(I9
I4
tp4865
asVpanel
p4866
(lp4867
(I9
I50
tp4868
asVactual
p4869
(lp4870
(I9
I1
tp4871
asVextension
p4872
(lp4873
(I51
I2
tp4874
asVuniverse
p4875
(lp4876
(I74
I2
tp4877
asVangeles
p4878
(lp4879
(I68
I1
tp4880
asVcarrier
p4881
(lp4882
(I20
I2
tp4883
a(I65
I1
tp4884
asVkeeps
p4885
(lp4886
(I51
I1
tp4887
asVinterstellar
p4888
(lp4889
(I0
I1
tp4890
asVweather
p4891
(lp4892
(I51
I1
tp4893
asVfemale
p4894
(lp4895
(I9
I2
tp4896
asVadditional
p4897
(lp4898
(I9
I1
tp4899
asVdaniels
p4900
(lp4901
(I9
I1
tp4902
asVapps
p4903
(lp4904
(I20
I1
tp4905
a(I51
I10
tp4906
asVbiggest
p4907
(lp4908
(I37
I1
tp4909
asVtroubling
p4910
(lp4911
(I20
I2
tp4912
asVnaturally
p4913
(lp4914
(I37
I1
tp4915
a(I9
I1
tp4916
asVsequel
p4917
(lp4918
(I74
I1
tp4919
asVteaming
p4920
(lp4921
(I9
I1
tp4922
asVmade
p4923
(lp4924
(I37
I1
tp4925
asVwhether
p4926
(lp4927
(I20
I1
tp4928
a(I37
I1
tp4929
a(I9
I1
tp4930
asVofficial
p4931
(lp4932
(I20
I4
tp4933
a(I74
I1
tp4934
a(I9
I1
tp4935
asVsigned
p4936
(lp4937
(I45
I4
tp4938
a(I63
I4
tp4939
asVexcitement
p4940
(lp4941
(I0
I2
tp4942
asVconvince
p4943
(lp4944
(I0
I1
tp4945
asVproblem
p4946
(lp4947
(I20
I1
tp4948
a(I65
I1
tp4949
asVminutes
p4950
(lp4951
(I51
I1
tp4952
a(I68
I1
tp4953
asVdisplay
p4954
(lp4955
(I37
I4
tp4956
a(I51
I1
tp4957
asVpin
p4958
(lp4959
(I0
I1
tp4960
a(I37
I1
tp4961
a(I51
I1
tp4962
a(I65
I1
tp4963
a(I68
I1
tp4964
a(I74
I1
tp4965
a(I9
I1
tp4966
asVuniversal
p4967
(lp4968
(I0
I1
tp4969
asVpic
p4970
(lp4971
(I68
I1
tp4972
asVeducation
p4973
(lp4974
(I37
I1
tp4975
asV'll
p4976
(lp4977
(I20
I1
tp4978
a(I37
I4
tp4979
a(I45
I2
tp4980
a(I51
I1
tp4981
a(I63
I2
tp4982
a(I68
I2
tp4983
a(I9
I1
tp4984
asVdressed
p4985
(lp4986
(I0
I1
tp4987
asVboot
p4988
(lp4989
(I65
I1
tp4990
asVincredibly
p4991
(lp4992
(I65
I1
tp4993
asVfrancisco
p4994
(lp4995
(I51
I1
tp4996
asVstar
p4997
(lp4998
(I74
I1
tp4999
a(I9
I56
tp5000
asVchance
p5001
(lp5002
(I65
I1
tp5003
asVadditionally
p5004
(lp5005
(I51
I1
tp5006
asVusing
p5007
(lp5008
(I20
I1
tp5009
a(I45
I5
tp5010
a(I51
I2
tp5011
a(I63
I5
tp5012
asVsamsung
p5013
(lp5014
(I63
I50
tp5015
asVstarting
p5016
(lp5017
(I51
I1
tp5018
asV1366
p5019
(lp5020
(I37
I1
tp5021
as.None
