ccollections
defaultdict
p0
(c__builtin__
list
p1
tp2
Rp3
Vlimited
p4
(lp5
(I58
I1
tp6
asVsurrounded
p7
(lp8
(I104
I1
tp9
asVwi-fi
p10
(lp11
(I80
I1
tp12
asVissued
p13
(lp14
(I100
I1
tp15
asVephemeral
p16
(lp17
(I58
I1
tp18
asVdollar
p19
(lp20
(I4
I1
tp21
a(I46
I1
tp22
asVmonth
p23
(lp24
(I58
I4
tp25
asVfounded
p26
(lp27
(I29
I1
tp28
asVexecuting
p29
(lp30
(I5
I1
tp31
asVangeles-based
p32
(lp33
(I58
I1
tp34
asVper
p35
(lp36
(I29
I1
tp37
a(I58
I2
tp38
asVrecode
p39
(lp40
(I58
I1
tp41
asVaviation
p42
(lp43
(I79
I1
tp44
asVgo
p45
(lp46
(I100
I2
tp47
a(I29
I1
tp48
a(I5
I50
tp49
asVfollow
p50
(lp51
(I29
I2
tp52
a(I4
I1
tp53
asVpaint
p54
(lp55
(I80
I1
tp56
asVissues
p57
(lp58
(I79
I1
tp59
asVequipment
p60
(lp61
(I80
I1
tp62
asVfronts
p63
(lp64
(I29
I1
tp65
asVattracted
p66
(lp67
(I4
I1
tp68
asVelectricity
p69
(lp70
(I80
I4
tp71
asVperfectly
p72
(lp73
(I80
I1
tp74
asVtweet
p75
(lp76
(I100
I1
tp77
a(I104
I1
tp78
a(I29
I1
tp79
a(I4
I1
tp80
a(I46
I1
tp81
a(I5
I1
tp82
a(I58
I1
tp83
a(I79
I1
tp84
a(I80
I1
tp85
asVseriously
p86
(lp87
(I4
I1
tp88
asVjames
p89
(lp90
(I5
I1
tp91
asVlower
p92
(lp93
(I79
I2
tp94
asVfinally
p95
(lp96
(I4
I1
tp97
asVturn-by-turn
p98
(lp99
(I100
I1
tp100
asV14
p101
(lp102
(I79
I1
tp103
asVpopularity
p104
(lp105
(I5
I1
tp106
asVgrasping
p107
(lp108
(I5
I1
tp109
asVtweed
p110
(lp111
(I80
I1
tp112
asVinclude
p113
(lp114
(I100
I1
tp115
a(I79
I1
tp116
asVaccelerometers
p117
(lp118
(I29
I1
tp119
asVresources
p120
(lp121
(I46
I1
tp122
asVreveal
p123
(lp124
(I80
I1
tp125
asV19.99
p126
(lp127
(I58
I1
tp128
asVsmartphone
p129
(lp130
(I100
I2
tp131
a(I29
I2
tp132
a(I49
I50
tp133
asVseized
p134
(lp135
(I4
I1
tp136
asVmainstream
p137
(lp138
(I29
I1
tp139
a(I5
I50
tp140
asVg1
p141
(lp142
(I100
I1
tp143
asVfar
p144
(lp145
(I29
I1
tp146
a(I5
I1
tp147
a(I79
I2
tp148
a(I80
I1
tp149
asVdessert
p150
(lp151
(I100
I1
tp152
asVrise
p153
(lp154
(I5
I4
tp155
a(I79
I1
tp156
asVconnects
p157
(lp158
(I104
I1
tp159
asVdocumentaries
p160
(lp161
(I5
I1
tp162
asVintel
p163
(lp164
(I5
I1
tp165
asVfacebook
p166
(lp167
(I100
I1
tp168
a(I104
I1
tp169
a(I29
I1
tp170
a(I4
I1
tp171
a(I44
I6
tp172
a(I46
I1
tp173
a(I49
I6
tp174
a(I5
I1
tp175
a(I58
I1
tp176
a(I79
I1
tp177
a(I80
I1
tp178
asVupdates
p179
(lp180
(I100
I1
tp181
asVanonymous
p182
(lp183
(I4
I2
tp184
asVsurprise
p185
(lp186
(I4
I1
tp187
asV10-year
p188
(lp189
(I79
I3
tp190
asVspecific
p191
(lp192
(I44
I1
tp193
a(I49
I1
tp194
asVdifference
p195
(lp196
(I5
I3
tp197
asVmultiple
p198
(lp199
(I5
I1
tp200
asVroving
p201
(lp202
(I80
I1
tp203
asVvast
p204
(lp205
(I80
I1
tp206
asVentire
p207
(lp208
(I104
I1
tp209
a(I29
I1
tp210
a(I5
I1
tp211
a(I80
I2
tp212
asVbasics
p213
(lp214
(I5
I1
tp215
asVmagic
p216
(lp217
(I80
I1
tp218
asVannouncing
p219
(lp220
(I46
I1
tp221
asVimmediately
p222
(lp223
(I58
I1
tp224
asVskills
p225
(lp226
(I5
I2
tp227
asVvalley
p228
(lp229
(I4
I1
tp230
asVbutton
p231
(lp232
(I104
I1
tp233
a(I58
I1
tp234
asVdig
p235
(lp236
(I4
I1
tp237
asVcompanies
p238
(lp239
(I4
I1
tp240
a(I46
I2
tp241
asVcarmac
p242
(lp243
(I5
I3
tp244
asVfewer
p245
(lp246
(I79
I2
tp247
asVyurt
p248
(lp249
(I80
I1
tp250
asVtry
p251
(lp252
(I44
I2
tp253
a(I49
I2
tp254
asVeclair
p255
(lp256
(I100
I1
tp257
asVrace
p258
(lp259
(I29
I1
tp260
asVworld-class
p261
(lp262
(I5
I1
tp263
asVplain
p264
(lp265
(I100
I1
tp266
asVsmall
p267
(lp268
(I104
I1
tp269
a(I5
I1
tp270
asVguy
p271
(lp272
(I80
I1
tp273
asVhustle
p274
(lp275
(I5
I1
tp276
asVauthenticating
p277
(lp278
(I44
I1
tp279
a(I49
I1
tp280
asVround
p281
(lp282
(I104
I1
tp283
asVattracting
p284
(lp285
(I4
I1
tp286
asVdroid
p287
(lp288
(I100
I1
tp289
asVhtc
p290
(lp291
(I100
I1
tp292
asVinstagram
p293
(lp294
(I80
I1
tp295
asVrozentals
p296
(lp297
(I29
I3
tp298
asVtrend
p299
(lp300
(I79
I1
tp301
asVphones
p302
(lp303
(I100
I1
tp304
asVguidelines
p305
(lp306
(I4
I1
tp307
asVrequest
p308
(lp309
(I58
I1
tp310
asVsign
p311
(lp312
(I44
I1
tp313
a(I49
I1
tp314
asVpast
p315
(lp316
(I58
I1
tp317
a(I79
I1
tp318
asVfold
p319
(lp320
(I29
I1
tp321
asVrate
p322
(lp323
(I104
I1
tp324
a(I79
I1
tp325
asVcost
p326
(lp327
(I104
I1
tp328
asVvideo
p329
(lp330
(I100
I50
tp331
a(I5
I5
tp332
asVprofiles
p333
(lp334
(I5
I1
tp335
asVgrowing
p336
(lp337
(I5
I1
tp338
asVharder
p339
(lp340
(I5
I1
tp341
asVfeats
p342
(lp343
(I5
I1
tp344
asVspecs
p345
(lp346
(I104
I1
tp347
asVconsented
p348
(lp349
(I4
I1
tp350
asVtrick
p351
(lp352
(I29
I1
tp353
asVplays
p354
(lp355
(I5
I1
tp356
asVappear
p357
(lp358
(I104
I1
tp359
asVun-plugged
p360
(lp361
(I80
I4
tp362
asVsum
p363
(lp364
(I80
I1
tp365
asVright-swipe
p366
(lp367
(I58
I1
tp368
asVkent
p369
(lp370
(I80
I1
tp371
asVcurrent
p372
(lp373
(I4
I1
tp374
asVconsistently
p375
(lp376
(I5
I2
tp377
asV526
p378
(lp379
(I79
I1
tp380
asVversion
p381
(lp382
(I100
I2
tp383
a(I104
I1
tp384
a(I58
I56
tp385
asVnew
p386
(lp387
(I104
I52
tp388
a(I46
I1
tp389
a(I49
I50
tp390
a(I5
I51
tp391
asV;
p392
(lp393
(I100
I5
tp394
a(I5
I2
tp395
asVorder
p396
(lp397
(I44
I1
tp398
a(I49
I1
tp399
a(I5
I4
tp400
a(I80
I1
tp401
asVever
p402
(lp403
(I104
I1
tp404
a(I46
I1
tp405
a(I5
I50
tp406
asVpublic
p407
(lp408
(I100
I2
tp409
a(I4
I1
tp410
asVmovement
p411
(lp412
(I29
I1
tp413
asVmemories
p414
(lp415
(I5
I1
tp416
asV5,000-person
p417
(lp418
(I46
I1
tp419
asVniche
p420
(lp421
(I5
I4
tp422
asVfocuses
p423
(lp424
(I5
I2
tp425
asVled
p426
(lp427
(I58
I1
tp428
asVexchange
p429
(lp430
(I4
I1
tp431
a(I80
I1
tp432
asVcommunicate
p433
(lp434
(I29
I1
tp435
asVfewest
p436
(lp437
(I79
I50
tp438
asVnever
p439
(lp440
(I4
I1
tp441
asVcertainly
p442
(lp443
(I4
I1
tp444
asVagreement
p445
(lp446
(I46
I1
tp447
asVreported
p448
(lp449
(I29
I1
tp450
a(I58
I1
tp451
asV3g
p452
(lp453
(I80
I2
tp454
asVoperating
p455
(lp456
(I100
I1
tp457
asVassociations
p458
(lp459
(I46
I1
tp460
asVothers
p461
(lp462
(I5
I1
tp463
asValone
p464
(lp465
(I4
I1
tp466
asValong
p467
(lp468
(I100
I1
tp469
a(I5
I1
tp470
asVquite
p471
(lp472
(I104
I1
tp473
asVlanguishing
p474
(lp475
(I46
I1
tp476
asVextreme
p477
(lp478
(I5
I1
tp479
asVarena
p480
(lp481
(I5
I1
tp482
asVnotably
p483
(lp484
(I79
I1
tp485
asVgreat
p486
(lp487
(I44
I51
tp488
a(I49
I1
tp489
asVlol
p490
(lp491
(I5
I1
tp492
asVtalent
p493
(lp494
(I29
I1
tp495
a(I5
I1
tp496
asVco-founded
p497
(lp498
(I58
I1
tp499
asVuneasy
p500
(lp501
(I46
I1
tp502
asVventures
p503
(lp504
(I4
I1
tp505
asVacross
p506
(lp507
(I46
I1
tp508
a(I58
I2
tp509
asVstudy
p510
(lp511
(I4
I1
tp512
a(I46
I1
tp513
asV30
p514
(lp515
(I5
I1
tp516
asVallows
p517
(lp518
(I29
I1
tp519
asVreason
p520
(lp521
(I5
I1
tp522
asVreports
p523
(lp524
(I4
I5
tp525
a(I46
I1
tp526
a(I58
I2
tp527
asVshooter
p528
(lp529
(I5
I1
tp530
asVtrial
p531
(lp532
(I46
I1
tp533
asVproducts
p534
(lp535
(I5
I1
tp536
asVpaying
p537
(lp538
(I58
I1
tp539
asVbrowsing
p540
(lp541
(I5
I1
tp542
a(I80
I1
tp543
asVaction
p544
(lp545
(I104
I1
tp546
a(I29
I2
tp547
asVaka
p548
(lp549
(I100
I1
tp550
asVhistory
p551
(lp552
(I100
I50
tp553
asVnavigation
p554
(lp555
(I100
I1
tp556
asVmaker
p557
(lp558
(I104
I1
tp559
asVdating
p560
(lp561
(I58
I1
tp562
asVnamed
p563
(lp564
(I104
I1
tp565
asVvia
p566
(lp567
(I100
I1
tp568
asVfollowed
p569
(lp570
(I29
I2
tp571
a(I5
I1
tp572
asVwearables
p573
(lp574
(I100
I2
tp575
a(I49
I50
tp576
asVfamily
p577
(lp578
(I5
I1
tp579
a(I80
I1
tp580
asVbiotech
p581
(lp582
(I4
I2
tp583
asVwin
p584
(lp585
(I5
I1
tp586
asVapp
p587
(lp588
(I29
I1
tp589
a(I58
I4
tp590
asVimagine
p591
(lp592
(I5
I1
tp593
asVangrily
p594
(lp595
(I80
I1
tp596
asVstrap
p597
(lp598
(I104
I1
tp599
asVcounty
p600
(lp601
(I80
I1
tp602
asVask
p603
(lp604
(I44
I1
tp605
a(I49
I1
tp606
asVstartup
p607
(lp608
(I4
I2
tp609
a(I46
I1
tp610
a(I58
I1
tp611
asVcrosby
p612
(lp613
(I5
I1
tp614
asVverge
p615
(lp616
(I100
I50
tp617
a(I104
I50
tp618
a(I29
I50
tp619
a(I4
I50
tp620
a(I44
I51
tp621
a(I46
I50
tp622
a(I49
I51
tp623
a(I5
I51
tp624
a(I58
I50
tp625
a(I79
I50
tp626
a(I80
I50
tp627
asVbroadcasters
p628
(lp629
(I5
I1
tp630
asVfestivals
p631
(lp632
(I80
I3
tp633
asVboasts
p634
(lp635
(I4
I1
tp636
asVkind
p637
(lp638
(I46
I2
tp639
a(I80
I1
tp640
asVmarket
p641
(lp642
(I104
I1
tp643
asVkits
p644
(lp645
(I4
I2
tp646
a(I46
I1
tp647
asVconventional
p648
(lp649
(I104
I1
tp650
asVdisappearances
p651
(lp652
(I79
I1
tp653
asVdna
p654
(lp655
(I4
I2
tp656
asVtakes
p657
(lp658
(I104
I1
tp659
a(I5
I1
tp660
a(I80
I1
tp661
asVworking
p662
(lp663
(I29
I1
tp664
asVmay
p665
(lp666
(I4
I1
tp667
a(I79
I1
tp668
asVintense
p669
(lp670
(I5
I1
tp671
asVachieve
p672
(lp673
(I5
I1
tp674
asVtwo
p675
(lp676
(I46
I1
tp677
a(I58
I1
tp678
asVflat
p679
(lp680
(I80
I1
tp681
asVnext
p682
(lp683
(I100
I1
tp684
a(I29
I56
tp685
a(I80
I1
tp686
asV1,000
p687
(lp688
(I46
I1
tp689
asVindie
p690
(lp691
(I5
I1
tp692
asVcamera
p693
(lp694
(I29
I52
tp695
asVmusic
p696
(lp697
(I104
I2
tp698
a(I80
I54
tp699
asVpassport
p700
(lp701
(I58
I2
tp702
asVlock
p703
(lp704
(I80
I1
tp705
asVtaken
p706
(lp707
(I79
I1
tp708
asVsurvive
p709
(lp710
(I4
I2
tp711
a(I5
I1
tp712
asVmeans
p713
(lp714
(I79
I1
tp715
asVmarkets
p716
(lp717
(I58
I1
tp718
asVlos
p719
(lp720
(I58
I1
tp721
asVtoday
p722
(lp723
(I100
I3
tp724
a(I29
I1
tp725
a(I58
I52
tp726
asVhockey
p727
(lp728
(I5
I1
tp729
asVsort
p730
(lp731
(I46
I1
tp732
asVmain
p733
(lp734
(I5
I1
tp735
a(I58
I1
tp736
asV``
p737
(lp738
(I104
I4
tp739
a(I29
I1
tp740
a(I4
I2
tp741
a(I46
I3
tp742
a(I5
I1
tp743
a(I58
I3
tp744
a(I80
I4
tp745
asVnewsletters
p746
(lp747
(I44
I1
tp748
a(I49
I1
tp749
asVknows
p750
(lp751
(I100
I1
tp752
asVholy
p753
(lp754
(I29
I2
tp755
asVstarted
p756
(lp757
(I100
I1
tp758
asVcompany
p759
(lp760
(I100
I1
tp761
a(I104
I2
tp762
a(I29
I3
tp763
a(I4
I10
tp764
a(I46
I1
tp765
a(I58
I2
tp766
asVapparent
p767
(lp768
(I5
I1
tp769
asVsnuck
p770
(lp771
(I80
I1
tp772
asV99
p773
(lp774
(I4
I1
tp775
a(I46
I1
tp776
asVphone
p777
(lp778
(I104
I1
tp779
asVtechnology-free
p780
(lp781
(I80
I51
tp782
asVappeal
p783
(lp784
(I5
I1
tp785
asVimpossible
p786
(lp787
(I5
I1
tp788
a(I80
I1
tp789
asVupgrades
p790
(lp791
(I5
I1
tp792
asVseparates
p793
(lp794
(I5
I1
tp795
asVknown
p796
(lp797
(I58
I1
tp798
asVbates
p799
(lp800
(I80
I1
tp801
asVairlines
p802
(lp803
(I79
I1
tp804
asVsleeping
p805
(lp806
(I80
I1
tp807
asVweathering
p808
(lp809
(I80
I1
tp810
asVwomen
p811
(lp812
(I80
I1
tp813
asVfly
p814
(lp815
(I29
I3
tp816
asV1990
p817
(lp818
(I80
I1
tp819
asVkeeping
p820
(lp821
(I104
I1
tp822
asVpride
p823
(lp824
(I5
I1
tp825
asVhour
p826
(lp827
(I29
I1
tp828
asVplayer
p829
(lp830
(I46
I1
tp831
a(I5
I1
tp832
asVscience
p833
(lp834
(I29
I1
tp835
asVride
p836
(lp837
(I100
I1
tp838
asVwork
p839
(lp840
(I4
I2
tp841
a(I5
I7
tp842
asVsight
p843
(lp844
(I80
I1
tp845
asVtv
p846
(lp847
(I80
I1
tp848
asVreviews
p849
(lp850
(I58
I1
tp851
asVhuge
p852
(lp853
(I49
I50
tp854
asVanywhere
p855
(lp856
(I29
I51
tp857
asVtinder
p858
(lp859
(I58
I61
tp860
asVpre-order
p861
(lp862
(I29
I1
tp863
asVco-workers
p864
(lp865
(I5
I1
tp866
asVlearn
p867
(lp868
(I44
I1
tp869
a(I49
I1
tp870
asVfollowing
p871
(lp872
(I29
I1
tp873
a(I46
I1
tp874
asVmaking
p875
(lp876
(I5
I1
tp877
a(I79
I1
tp878
asVflights
p879
(lp880
(I79
I1
tp881
asVusability
p882
(lp883
(I100
I1
tp884
asVheart
p885
(lp886
(I104
I1
tp887
asVdedicated
p888
(lp889
(I44
I1
tp890
a(I49
I1
tp891
asVperfecting
p892
(lp893
(I29
I1
tp894
asVwant
p895
(lp896
(I29
I1
tp897
a(I80
I1
tp898
asVmh17
p899
(lp900
(I79
I1
tp901
asVpredict
p902
(lp903
(I29
I1
tp904
asVexpanding
p905
(lp906
(I4
I1
tp907
asVnetworks
p908
(lp909
(I80
I1
tp910
asVallowed
p911
(lp912
(I4
I1
tp913
asVshare
p914
(lp915
(I100
I3
tp916
a(I104
I3
tp917
a(I29
I3
tp918
a(I4
I3
tp919
a(I44
I1
tp920
a(I46
I5
tp921
a(I49
I1
tp922
a(I5
I3
tp923
a(I58
I3
tp924
a(I79
I3
tp925
a(I80
I3
tp926
asVpromotional
p927
(lp928
(I104
I1
tp929
asVheels
p930
(lp931
(I46
I1
tp932
asVcollaborate
p933
(lp934
(I46
I1
tp935
asVsomething
p936
(lp937
(I80
I1
tp938
asV1,495
p939
(lp940
(I29
I1
tp941
asVsense
p942
(lp943
(I29
I2
tp944
asVtimes
p945
(lp946
(I5
I1
tp947
asVviewers
p948
(lp949
(I5
I1
tp950
asVsimple
p951
(lp952
(I5
I2
tp953
asVworse
p954
(lp955
(I79
I1
tp956
asV5.0
p957
(lp958
(I100
I1
tp959
asVsilicon
p960
(lp961
(I4
I1
tp962
asVgrown-ups
p963
(lp964
(I80
I1
tp965
asVgoal
p966
(lp967
(I80
I1
tp968
asVsidney
p969
(lp970
(I5
I1
tp971
asVturn
p972
(lp973
(I79
I1
tp974
asVprovide
p975
(lp976
(I44
I2
tp977
a(I49
I2
tp978
asVgyroscopes
p979
(lp980
(I29
I1
tp981
asVsix
p982
(lp983
(I100
I1
tp984
asVaggravates
p985
(lp986
(I5
I1
tp987
asVfeature
p988
(lp989
(I29
I1
tp990
a(I58
I3
tp991
asVenforcers
p992
(lp993
(I80
I2
tp994
asVmakes
p995
(lp996
(I58
I1
tp997
asVmaps
p998
(lp999
(I29
I1
tp1000
asVstrategy
p1001
(lp1002
(I5
I1
tp1003
asVforest
p1004
(lp1005
(I80
I1
tp1006
asVskater
p1007
(lp1008
(I29
I1
tp1009
asVrewind
p1010
(lp1011
(I58
I1
tp1012
asVmotels
p1013
(lp1014
(I80
I1
tp1015
asVinstead
p1016
(lp1017
(I104
I1
tp1018
a(I44
I4
tp1019
a(I49
I4
tp1020
a(I5
I1
tp1021
a(I80
I1
tp1022
asVgenome-wide
p1023
(lp1024
(I46
I1
tp1025
asVwork-in-progress
p1026
(lp1027
(I5
I1
tp1028
asVexplains
p1029
(lp1030
(I29
I1
tp1031
asVcharging
p1032
(lp1033
(I80
I1
tp1034
asV!
p1035
(lp1036
(I44
I1
tp1037
a(I49
I1
tp1038
asVbuildings
p1039
(lp1040
(I29
I1
tp1041
asVsandwich
p1042
(lp1043
(I100
I1
tp1044
asVfiancée
p1045
(lp1046
(I5
I1
tp1047
asVplans
p1048
(lp1049
(I5
I1
tp1050
asVquadcopters
p1051
(lp1052
(I29
I1
tp1053
asVinformation
p1054
(lp1055
(I4
I3
tp1056
a(I44
I1
tp1057
a(I46
I3
tp1058
a(I49
I1
tp1059
asVkickstarter
p1060
(lp1061
(I29
I1
tp1062
asVdesignated
p1063
(lp1064
(I29
I1
tp1065
asVearlier
p1066
(lp1067
(I58
I1
tp1068
asVvomit
p1069
(lp1070
(I80
I1
tp1071
asVsponsors
p1072
(lp1073
(I44
I1
tp1074
a(I49
I1
tp1075
asVlan
p1076
(lp1077
(I5
I1
tp1078
asVtries
p1079
(lp1080
(I5
I1
tp1081
asVbrands
p1082
(lp1083
(I80
I1
tp1084
asVdesigned
p1085
(lp1086
(I100
I1
tp1087
asVmen
p1088
(lp1089
(I80
I1
tp1090
asVmessaging
p1091
(lp1092
(I58
I1
tp1093
asVfits
p1094
(lp1095
(I80
I1
tp1096
asVpleasures
p1097
(lp1098
(I80
I1
tp1099
asVqueries
p1100
(lp1101
(I46
I1
tp1102
asVdata
p1103
(lp1104
(I4
I6
tp1105
a(I44
I2
tp1106
a(I46
I55
tp1107
a(I49
I2
tp1108
asVincluded
p1109
(lp1110
(I58
I1
tp1111
asVchanges
p1112
(lp1113
(I5
I1
tp1114
asVshort
p1115
(lp1116
(I80
I1
tp1117
asVcameraphone
p1118
(lp1119
(I104
I1
tp1120
asVremember
p1121
(lp1122
(I100
I1
tp1123
asVsucceeded
p1124
(lp1125
(I5
I1
tp1126
asVmaybe
p1127
(lp1128
(I100
I1
tp1129
asVinformants
p1130
(lp1131
(I80
I1
tp1132
asVappreciate
p1133
(lp1134
(I5
I2
tp1135
asVmark
p1136
(lp1137
(I29
I1
tp1138
asVchief
p1139
(lp1140
(I4
I1
tp1141
asVundo
p1142
(lp1143
(I58
I1
tp1144
asValgorithms
p1145
(lp1146
(I29
I1
tp1147
asVultimate
p1148
(lp1149
(I29
I1
tp1150
asVallow
p1151
(lp1152
(I29
I3
tp1153
asVevery
p1154
(lp1155
(I80
I1
tp1156
asV1000
p1157
(lp1158
(I29
I1
tp1159
asVdream
p1160
(lp1161
(I100
I1
tp1162
asVbegan
p1163
(lp1164
(I29
I1
tp1165
asVtappy
p1166
(lp1167
(I58
I1
tp1168
asVapse
p1169
(lp1170
(I29
I1
tp1171
asVnorgard
p1172
(lp1173
(I58
I1
tp1174
asVcountryside
p1175
(lp1176
(I80
I1
tp1177
asVfeedback
p1178
(lp1179
(I58
I1
tp1180
asVoffice
p1181
(lp1182
(I4
I1
tp1183
asVfood
p1184
(lp1185
(I80
I1
tp1186
asVindeed
p1187
(lp1188
(I104
I1
tp1189
asVpointed
p1190
(lp1191
(I79
I1
tp1192
asVcompeting
p1193
(lp1194
(I5
I1
tp1195
asVvary
p1196
(lp1197
(I58
I1
tp1198
asVmission
p1199
(lp1200
(I4
I1
tp1201
a(I80
I1
tp1202
asVyears
p1203
(lp1204
(I100
I3
tp1205
a(I5
I1
tp1206
asVproduced
p1207
(lp1208
(I4
I1
tp1209
asVcourse
p1210
(lp1211
(I29
I1
tp1212
a(I80
I1
tp1213
asVgangs
p1214
(lp1215
(I80
I1
tp1216
asVtablets
p1217
(lp1218
(I100
I3
tp1219
asVlooks
p1220
(lp1221
(I100
I1
tp1222
a(I104
I52
tp1223
a(I29
I1
tp1224
a(I80
I1
tp1225
asVquake
p1226
(lp1227
(I5
I1
tp1228
asVleft
p1229
(lp1230
(I5
I1
tp1231
asVstill
p1232
(lp1233
(I4
I2
tp1234
a(I46
I2
tp1235
a(I5
I3
tp1236
a(I79
I2
tp1237
asVinaccessible
p1238
(lp1239
(I5
I1
tp1240
asVindustries
p1241
(lp1242
(I29
I1
tp1243
asVhelicopters
p1244
(lp1245
(I29
I1
tp1246
asVstyle
p1247
(lp1248
(I100
I1
tp1249
asVdisconnect
p1250
(lp1251
(I80
I1
tp1252
asVmonitor
p1253
(lp1254
(I104
I1
tp1255
asVfit
p1256
(lp1257
(I29
I1
tp1258
asVbrian
p1259
(lp1260
(I58
I1
tp1261
asVpersonal
p1262
(lp1263
(I4
I1
tp1264
a(I46
I1
tp1265
asVcleanest
p1266
(lp1267
(I100
I1
tp1268
asVbackpack
p1269
(lp1270
(I29
I1
tp1271
asVsucceeds
p1272
(lp1273
(I5
I1
tp1274
asVbackers
p1275
(lp1276
(I29
I1
tp1277
asV,
p1278
(lp1279
(I100
I30
tp1280
a(I104
I15
tp1281
a(I29
I23
tp1282
a(I4
I18
tp1283
a(I44
I9
tp1284
a(I46
I11
tp1285
a(I49
I9
tp1286
a(I5
I61
tp1287
a(I58
I15
tp1288
a(I79
I14
tp1289
a(I80
I32
tp1290
asVactually
p1291
(lp1292
(I29
I1
tp1293
a(I79
I2
tp1294
asVlate
p1295
(lp1296
(I100
I1
tp1297
a(I4
I1
tp1298
asVplatform
p1299
(lp1300
(I46
I1
tp1301
asVcontinue
p1302
(lp1303
(I4
I2
tp1304
a(I5
I1
tp1305
asVcompelling
p1306
(lp1307
(I5
I1
tp1308
asVchoose
p1309
(lp1310
(I44
I1
tp1311
a(I49
I1
tp1312
asVfade
p1313
(lp1314
(I5
I1
tp1315
asV2015
p1316
(lp1317
(I104
I1
tp1318
a(I29
I1
tp1319
asV2014
p1320
(lp1321
(I100
I1
tp1322
a(I5
I1
tp1323
a(I79
I53
tp1324
asVweeks
p1325
(lp1326
(I58
I2
tp1327
asVteam
p1328
(lp1329
(I29
I2
tp1330
a(I5
I1
tp1331
asV2011
p1332
(lp1333
(I100
I2
tp1334
asVtechcrunch
p1335
(lp1336
(I58
I3
tp1337
asV2013
p1338
(lp1339
(I100
I1
tp1340
a(I4
I1
tp1341
a(I79
I1
tp1342
asV2012
p1343
(lp1344
(I4
I1
tp1345
asVartisanal
p1346
(lp1347
(I80
I1
tp1348
asVcount
p1349
(lp1350
(I79
I1
tp1351
asVdesigns
p1352
(lp1353
(I100
I1
tp1354
asVsomeone
p1355
(lp1356
(I5
I2
tp1357
asVreturn
p1358
(lp1359
(I4
I1
tp1360
asVdiseases
p1361
(lp1362
(I46
I2
tp1363
asVsmash
p1364
(lp1365
(I80
I2
tp1366
asVceo
p1367
(lp1368
(I29
I1
tp1369
asVdistraction
p1370
(lp1371
(I80
I1
tp1372
asVkiller
p1373
(lp1374
(I29
I1
tp1375
asV1,295
p1376
(lp1377
(I29
I1
tp1378
asVruns
p1379
(lp1380
(I29
I1
tp1381
asVintroduce
p1382
(lp1383
(I58
I1
tp1384
asVcupcake
p1385
(lp1386
(I100
I1
tp1387
asVmention
p1388
(lp1389
(I58
I1
tp1390
asVporn-y
p1391
(lp1392
(I58
I1
tp1393
asVces
p1394
(lp1395
(I104
I1
tp1396
a(I29
I2
tp1397
asVparty
p1398
(lp1399
(I44
I4
tp1400
a(I49
I4
tp1401
asVcommunities
p1402
(lp1403
(I5
I1
tp1404
asVspend
p1405
(lp1406
(I80
I1
tp1407
asVassociation
p1408
(lp1409
(I46
I1
tp1410
asVeasily
p1411
(lp1412
(I29
I1
tp1413
asVmasters
p1414
(lp1415
(I5
I1
tp1416
asVgets
p1417
(lp1418
(I4
I51
tp1419
asVhalfpipe
p1420
(lp1421
(I29
I1
tp1422
asVentrepreneur
p1423
(lp1424
(I29
I1
tp1425
asVmastery
p1426
(lp1427
(I5
I1
tp1428
asValways
p1429
(lp1430
(I100
I1
tp1431
a(I4
I1
tp1432
a(I5
I3
tp1433
asV265
p1434
(lp1435
(I79
I1
tp1436
asVattacks
p1437
(lp1438
(I5
I1
tp1439
asVblicharz
p1440
(lp1441
(I5
I1
tp1442
asVdelightful
p1443
(lp1444
(I80
I1
tp1445
asVlatvia
p1446
(lp1447
(I29
I1
tp1448
asVjeremy
p1449
(lp1450
(I80
I1
tp1451
asVturns
p1452
(lp1453
(I79
I1
tp1454
asVdisregard
p1455
(lp1456
(I79
I1
tp1457
asVdonated
p1458
(lp1459
(I4
I1
tp1460
asVwent
p1461
(lp1462
(I5
I1
tp1463
asVtop-to-tail
p1464
(lp1465
(I80
I1
tp1466
asVside
p1467
(lp1468
(I4
I1
tp1469
asVeveryone
p1470
(lp1471
(I104
I50
tp1472
a(I5
I1
tp1473
asVdirectly
p1474
(lp1475
(I80
I1
tp1476
asVgaming
p1477
(lp1478
(I5
I2
tp1479
asVukeleles
p1480
(lp1481
(I80
I1
tp1482
asVseries
p1483
(lp1484
(I5
I1
tp1485
asVmass-market
p1486
(lp1487
(I5
I1
tp1488
asVhard
p1489
(lp1490
(I4
I1
tp1491
a(I46
I1
tp1492
asVproduct
p1493
(lp1494
(I29
I2
tp1495
a(I46
I1
tp1496
a(I58
I1
tp1497
asVlycra
p1498
(lp1499
(I80
I1
tp1500
asVcarry
p1501
(lp1502
(I79
I1
tp1503
asVinvestigated
p1504
(lp1505
(I79
I1
tp1506
asVstatic
p1507
(lp1508
(I80
I1
tp1509
asVexpect
p1510
(lp1511
(I5
I1
tp1512
asVyear
p1513
(lp1514
(I29
I1
tp1515
a(I58
I1
tp1516
a(I79
I7
tp1517
asVavoided
p1518
(lp1519
(I104
I1
tp1520
asVinstances
p1521
(lp1522
(I5
I1
tp1523
asVmonitors
p1524
(lp1525
(I104
I1
tp1526
asVwhip
p1527
(lp1528
(I29
I1
tp1529
asVreally
p1530
(lp1531
(I100
I1
tp1532
a(I29
I1
tp1533
a(I5
I2
tp1534
a(I80
I1
tp1535
asVliving
p1536
(lp1537
(I5
I1
tp1538
asVciting
p1539
(lp1540
(I58
I1
tp1541
asVfunding
p1542
(lp1543
(I29
I1
tp1544
asVgamers
p1545
(lp1546
(I5
I2
tp1547
asV'
p1548
(lp1549
(I29
I2
tp1550
a(I46
I50
tp1551
a(I80
I1
tp1552
asVelectronic
p1553
(lp1554
(I5
I1
tp1555
asVtried
p1556
(lp1557
(I5
I1
tp1558
asVsince
p1559
(lp1560
(I29
I1
tp1561
asVcrucial
p1562
(lp1563
(I46
I1
tp1564
asVresearch
p1565
(lp1566
(I4
I3
tp1567
a(I46
I53
tp1568
asVcollisions
p1569
(lp1570
(I29
I1
tp1571
asVacting
p1572
(lp1573
(I104
I1
tp1574
asVsafety
p1575
(lp1576
(I79
I3
tp1577
asVhealth
p1578
(lp1579
(I4
I1
tp1580
asVadapt
p1581
(lp1582
(I5
I1
tp1583
asVfor-profit
p1584
(lp1585
(I4
I1
tp1586
asVinternet
p1587
(lp1588
(I29
I1
tp1589
a(I80
I3
tp1590
asVgot
p1591
(lp1592
(I29
I2
tp1593
a(I80
I1
tp1594
asV9.99
p1595
(lp1596
(I58
I1
tp1597
asVannounced
p1598
(lp1599
(I104
I1
tp1600
a(I46
I1
tp1601
asVshows
p1602
(lp1603
(I104
I1
tp1604
a(I4
I1
tp1605
asVdunk
p1606
(lp1607
(I5
I1
tp1608
asVexactly
p1609
(lp1610
(I80
I2
tp1611
asVturning
p1612
(lp1613
(I80
I1
tp1614
asVscottish
p1615
(lp1616
(I80
I1
tp1617
asVanonymously
p1618
(lp1619
(I4
I1
tp1620
asVcars
p1621
(lp1622
(I100
I1
tp1623
asVsinful
p1624
(lp1625
(I80
I1
tp1626
asVmillion
p1627
(lp1628
(I29
I1
tp1629
a(I4
I53
tp1630
a(I46
I1
tp1631
a(I5
I1
tp1632
asVgiven
p1633
(lp1634
(I46
I1
tp1635
a(I5
I2
tp1636
a(I79
I1
tp1637
asVfree
p1638
(lp1639
(I100
I1
tp1640
asVstandard
p1641
(lp1642
(I104
I1
tp1643
asVban
p1644
(lp1645
(I4
I1
tp1646
asVregulators
p1647
(lp1648
(I4
I1
tp1649
asVancestry
p1650
(lp1651
(I4
I1
tp1652
a(I46
I1
tp1653
asVcomplicated
p1654
(lp1655
(I5
I1
tp1656
asVmembers
p1657
(lp1658
(I4
I1
tp1659
asVmastering
p1660
(lp1661
(I5
I1
tp1662
asVbacked
p1663
(lp1664
(I4
I1
tp1665
asVnetworking
p1666
(lp1667
(I80
I1
tp1668
asVsensors
p1669
(lp1670
(I29
I2
tp1671
asVwanted
p1672
(lp1673
(I5
I1
tp1674
asVsvalbard
p1675
(lp1676
(I80
I1
tp1677
asVlollipop
p1678
(lp1679
(I100
I1
tp1680
asVshot
p1681
(lp1682
(I79
I1
tp1683
asVcare
p1684
(lp1685
(I5
I1
tp1686
asVdays
p1687
(lp1688
(I80
I1
tp1689
asVmadars
p1690
(lp1691
(I29
I1
tp1692
asVpictures
p1693
(lp1694
(I80
I1
tp1695
asVprogramming
p1696
(lp1697
(I5
I1
tp1698
asVterrible
p1699
(lp1700
(I58
I1
tp1701
a(I80
I51
tp1702
asVbritish
p1703
(lp1704
(I80
I3
tp1705
asVkeep
p1706
(lp1707
(I4
I1
tp1708
asVmotion
p1709
(lp1710
(I29
I1
tp1711
asVthing
p1712
(lp1713
(I29
I1
tp1714
asVplace
p1715
(lp1716
(I80
I3
tp1717
asVtempting
p1718
(lp1719
(I80
I1
tp1720
asVdaubed
p1721
(lp1722
(I80
I1
tp1723
asVuses
p1724
(lp1725
(I29
I1
tp1726
asVretail
p1727
(lp1728
(I29
I1
tp1729
asVfirst
p1730
(lp1731
(I100
I3
tp1732
a(I104
I1
tp1733
a(I4
I2
tp1734
asVkey
p1735
(lp1736
(I80
I1
tp1737
asVspans
p1738
(lp1739
(I5
I1
tp1740
asValready
p1741
(lp1742
(I4
I1
tp1743
a(I5
I1
tp1744
asVfeatures
p1745
(lp1746
(I104
I1
tp1747
a(I29
I1
tp1748
a(I58
I1
tp1749
asVrender
p1750
(lp1751
(I104
I2
tp1752
asVrevenue
p1753
(lp1754
(I4
I1
tp1755
a(I46
I1
tp1756
asVfeel
p1757
(lp1758
(I104
I1
tp1759
a(I80
I1
tp1760
asVattractions
p1761
(lp1762
(I46
I1
tp1763
asVpowerful
p1764
(lp1765
(I44
I50
tp1766
asVnumber
p1767
(lp1768
(I79
I1
tp1769
asVowned
p1770
(lp1771
(I80
I1
tp1772
asVone
p1773
(lp1774
(I5
I3
tp1775
a(I80
I2
tp1776
asVfeet
p1777
(lp1778
(I29
I1
tp1779
asVclumsy
p1780
(lp1781
(I100
I1
tp1782
asVvenue
p1783
(lp1784
(I80
I1
tp1785
asVimprovements
p1786
(lp1787
(I79
I1
tp1788
asVdone
p1789
(lp1790
(I44
I1
tp1791
a(I49
I1
tp1792
asVspecifically
p1793
(lp1794
(I5
I1
tp1795
asVanother
p1796
(lp1797
(I44
I2
tp1798
a(I49
I2
tp1799
a(I80
I1
tp1800
asVdrones
p1801
(lp1802
(I29
I4
tp1803
asVgatherings
p1804
(lp1805
(I5
I1
tp1806
asVsays
p1807
(lp1808
(I104
I3
tp1809
a(I4
I1
tp1810
asVring
p1811
(lp1812
(I104
I1
tp1813
asVopen
p1814
(lp1815
(I104
I1
tp1816
asVtomorrow
p1817
(lp1818
(I100
I1
tp1819
asVmillions
p1820
(lp1821
(I100
I1
tp1822
asVtake
p1823
(lp1824
(I80
I1
tp1825
asVanyone
p1826
(lp1827
(I5
I1
tp1828
a(I80
I1
tp1829
asVsurveys
p1830
(lp1831
(I46
I1
tp1832
asVbasketball
p1833
(lp1834
(I5
I2
tp1835
asVservice
p1836
(lp1837
(I4
I2
tp1838
a(I58
I1
tp1839
asVprivacy
p1840
(lp1841
(I44
I1
tp1842
a(I49
I1
tp1843
asVfestival
p1844
(lp1845
(I5
I1
tp1846
a(I80
I55
tp1847
asVinterwoven
p1848
(lp1849
(I5
I1
tp1850
asVtop
p1851
(lp1852
(I29
I1
tp1853
asVswipe
p1854
(lp1855
(I58
I1
tp1856
asVeurope
p1857
(lp1858
(I58
I1
tp1859
asVsystem
p1860
(lp1861
(I100
I1
tp1862
asVplastic
p1863
(lp1864
(I104
I1
tp1865
asVroche
p1866
(lp1867
(I4
I1
tp1868
asVneeded
p1869
(lp1870
(I29
I1
tp1871
asVleash
p1872
(lp1873
(I29
I2
tp1874
asV2
p1875
(lp1876
(I5
I2
tp1877
asVrates
p1878
(lp1879
(I79
I2
tp1880
asVtruly
p1881
(lp1882
(I5
I2
tp1883
asVstatement
p1884
(lp1885
(I46
I1
tp1886
asVautonomous
p1887
(lp1888
(I29
I1
tp1889
asVserved
p1890
(lp1891
(I80
I1
tp1892
asVhundred
p1893
(lp1894
(I5
I1
tp1895
asVranging
p1896
(lp1897
(I58
I1
tp1898
asVspeaking
p1899
(lp1900
(I4
I1
tp1901
asVgps
p1902
(lp1903
(I29
I1
tp1904
asVpervasive
p1905
(lp1906
(I100
I1
tp1907
asVfigures
p1908
(lp1909
(I79
I1
tp1910
asVeyes
p1911
(lp1912
(I104
I1
tp1913
asVselling
p1914
(lp1915
(I4
I3
tp1916
asVlot
p1917
(lp1918
(I29
I1
tp1919
asVreleases
p1920
(lp1921
(I100
I1
tp1922
asVcrowds
p1923
(lp1924
(I5
I1
tp1925
asVbrains
p1926
(lp1927
(I100
I1
tp1928
asVbowel
p1929
(lp1930
(I4
I1
tp1931
asVnobody
p1932
(lp1933
(I29
I1
tp1934
asVproving
p1935
(lp1936
(I46
I1
tp1937
asVads
p1938
(lp1939
(I58
I1
tp1940
asVrejected
p1941
(lp1942
(I58
I1
tp1943
asVwell-organized
p1944
(lp1945
(I46
I1
tp1946
asVresulted
p1947
(lp1948
(I58
I1
tp1949
asVpart
p1950
(lp1951
(I4
I1
tp1952
asVdifferentiate
p1953
(lp1954
(I80
I1
tp1955
asVslashed
p1956
(lp1957
(I4
I1
tp1958
asVattempt
p1959
(lp1960
(I5
I2
tp1961
asVspecify
p1962
(lp1963
(I104
I1
tp1964
asVneck
p1965
(lp1966
(I80
I1
tp1967
asV10
p1968
(lp1969
(I4
I1
tp1970
a(I5
I1
tp1971
a(I58
I1
tp1972
asVmulti-billion
p1973
(lp1974
(I46
I1
tp1975
asV\u203a
p1976
(lp1977
(I29
I1
tp1978
asVrugged
p1979
(lp1980
(I29
I1
tp1981
asVtarget
p1982
(lp1983
(I29
I1
tp1984
asVfrankly
p1985
(lp1986
(I100
I1
tp1987
asVrecruitment
p1988
(lp1989
(I46
I1
tp1990
asV19
p1991
(lp1992
(I79
I1
tp1993
asVrival
p1994
(lp1995
(I4
I1
tp1996
asVbest-of-five
p1997
(lp1998
(I5
I1
tp1999
asVplayers
p2000
(lp2001
(I5
I3
tp2002
asVmeasured
p2003
(lp2004
(I79
I1
tp2005
asVlikely
p2006
(lp2007
(I4
I1
tp2008
a(I46
I1
tp2009
asVbed
p2010
(lp2011
(I80
I1
tp2012
asVproject
p2013
(lp2014
(I29
I2
tp2015
asVmatter
p2016
(lp2017
(I5
I1
tp2018
asVfuture
p2019
(lp2020
(I100
I1
tp2021
a(I5
I1
tp2022
asV0.99
p2023
(lp2024
(I58
I1
tp2025
asVstore
p2026
(lp2027
(I44
I1
tp2028
a(I49
I1
tp2029
a(I58
I1
tp2030
asVoutdoors
p2031
(lp2032
(I29
I1
tp2033
asVdesign
p2034
(lp2035
(I80
I1
tp2036
asVjoy
p2037
(lp2038
(I80
I1
tp2039
asVbeard
p2040
(lp2041
(I80
I1
tp2042
asVplaying
p2043
(lp2044
(I5
I2
tp2045
asVlaunches
p2046
(lp2047
(I58
I1
tp2048
asVconfirming
p2049
(lp2050
(I44
I1
tp2051
a(I49
I1
tp2052
asV1.5
p2053
(lp2054
(I100
I1
tp2055
asVobstacles
p2056
(lp2057
(I29
I3
tp2058
asV1.3
p2059
(lp2060
(I29
I1
tp2061
asVviewer
p2062
(lp2063
(I5
I1
tp2064
asVnavigate
p2065
(lp2066
(I29
I1
tp2067
asVpro
p2068
(lp2069
(I29
I1
tp2070
asVmodern
p2071
(lp2072
(I100
I1
tp2073
asVstreet
p2074
(lp2075
(I79
I1
tp2076
asVspelled
p2077
(lp2078
(I46
I1
tp2079
asVmedical
p2080
(lp2081
(I4
I6
tp2082
a(I46
I53
tp2083
asVmurder
p2084
(lp2085
(I80
I1
tp2086
asVspectacle
p2087
(lp2088
(I5
I1
tp2089
asVneed
p2090
(lp2091
(I4
I1
tp2092
a(I5
I3
tp2093
asVseen
p2094
(lp2095
(I100
I1
tp2096
a(I5
I1
tp2097
a(I79
I1
tp2098
asVseem
p2099
(lp2100
(I5
I2
tp2101
a(I79
I1
tp2102
asVheavy-hitters
p2103
(lp2104
(I4
I1
tp2105
asVoption
p2106
(lp2107
(I46
I1
tp2108
a(I58
I1
tp2109
asVsell
p2110
(lp2111
(I4
I2
tp2112
asVthought
p2113
(lp2114
(I29
I1
tp2115
asVsport
p2116
(lp2117
(I5
I1
tp2118
asVangle
p2119
(lp2120
(I29
I1
tp2121
asVbuilt
p2122
(lp2123
(I29
I1
tp2124
asVdepending
p2125
(lp2126
(I29
I1
tp2127
asVable
p2128
(lp2129
(I29
I1
tp2130
a(I5
I1
tp2131
asVbuilding
p2132
(lp2133
(I58
I1
tp2134
asVdome
p2135
(lp2136
(I80
I1
tp2137
asVinvestment
p2138
(lp2139
(I4
I1
tp2140
asValso
p2141
(lp2142
(I104
I1
tp2143
a(I29
I1
tp2144
a(I4
I1
tp2145
a(I44
I1
tp2146
a(I46
I1
tp2147
a(I49
I1
tp2148
a(I58
I1
tp2149
a(I79
I1
tp2150
asVmr.
p2151
(lp2152
(I80
I2
tp2153
asVdrone
p2154
(lp2155
(I29
I57
tp2156
asVbest
p2157
(lp2158
(I104
I1
tp2159
a(I44
I1
tp2160
a(I49
I1
tp2161
a(I5
I4
tp2162
asVonline
p2163
(lp2164
(I5
I1
tp2165
a(I80
I1
tp2166
asVfirst-person
p2167
(lp2168
(I5
I1
tp2169
asVharvested
p2170
(lp2171
(I80
I1
tp2172
asVregistered
p2173
(lp2174
(I44
I1
tp2175
a(I49
I1
tp2176
asVhoneycomb
p2177
(lp2178
(I100
I1
tp2179
asVeven
p2180
(lp2181
(I5
I3
tp2182
a(I79
I3
tp2183
asVplay
p2184
(lp2185
(I5
I7
tp2186
asVadded
p2187
(lp2188
(I29
I1
tp2189
asVunless
p2190
(lp2191
(I5
I2
tp2192
a(I58
I1
tp2193
asVspectator
p2194
(lp2195
(I5
I1
tp2196
asVthough
p2197
(lp2198
(I5
I2
tp2199
a(I58
I1
tp2200
asVtrack
p2201
(lp2202
(I29
I2
tp2203
asVprice
p2204
(lp2205
(I29
I1
tp2206
a(I58
I1
tp2207
asVmeasures
p2208
(lp2209
(I79
I2
tp2210
asVchart
p2211
(lp2212
(I29
I1
tp2213
asVpaid
p2214
(lp2215
(I58
I54
tp2216
asVbeta
p2217
(lp2218
(I58
I1
tp2219
asVimportantly
p2220
(lp2221
(I100
I1
tp2222
asVplan
p2223
(lp2224
(I4
I1
tp2225
asVkitkat
p2226
(lp2227
(I100
I1
tp2228
asVposition
p2229
(lp2230
(I29
I3
tp2231
asVdevice
p2232
(lp2233
(I104
I1
tp2234
a(I80
I1
tp2235
asVadds
p2236
(lp2237
(I58
I2
tp2238
asVsegment
p2239
(lp2240
(I104
I1
tp2241
a(I5
I1
tp2242
asV23andme
p2243
(lp2244
(I4
I60
tp2245
a(I46
I56
tp2246
asVplanning
p2247
(lp2248
(I4
I1
tp2249
asVrepossess
p2250
(lp2251
(I80
I1
tp2252
asV800,000
p2253
(lp2254
(I4
I1
tp2255
asValcatel
p2256
(lp2257
(I104
I55
tp2258
asVairasia
p2259
(lp2260
(I79
I1
tp2261
asVmobile
p2262
(lp2263
(I100
I1
tp2264
asVclear
p2265
(lp2266
(I104
I1
tp2267
a(I58
I1
tp2268
a(I80
I1
tp2269
asVsidekick
p2270
(lp2271
(I29
I1
tp2272
asVmetal
p2273
(lp2274
(I104
I1
tp2275
asVsale
p2276
(lp2277
(I29
I1
tp2278
asVpremiered
p2279
(lp2280
(I5
I1
tp2281
asVface
p2282
(lp2283
(I104
I2
tp2284
asVtraditional
p2285
(lp2286
(I104
I1
tp2287
a(I80
I2
tp2288
asVcompetitors
p2289
(lp2290
(I104
I1
tp2291
a(I5
I2
tp2292
asVreputation
p2293
(lp2294
(I46
I1
tp2295
asVtech
p2296
(lp2297
(I4
I1
tp2298
asVclean
p2299
(lp2300
(I100
I1
tp2301
asVmovie
p2302
(lp2303
(I5
I1
tp2304
asVprofessional
p2305
(lp2306
(I5
I5
tp2307
asVtypical
p2308
(lp2309
(I5
I1
tp2310
asVconsumer
p2311
(lp2312
(I29
I52
tp2313
asVchunky
p2314
(lp2315
(I80
I1
tp2316
asVprecise
p2317
(lp2318
(I29
I1
tp2319
asVafloat
p2320
(lp2321
(I4
I1
tp2322
asVparticularly
p2323
(lp2324
(I100
I1
tp2325
asVgold
p2326
(lp2327
(I5
I1
tp2328
asVsummer
p2329
(lp2330
(I80
I1
tp2331
asVviolation
p2332
(lp2333
(I4
I1
tp2334
asVfamiliarity
p2335
(lp2336
(I5
I1
tp2337
asVfreemium
p2338
(lp2339
(I58
I1
tp2340
asVleague
p2341
(lp2342
(I5
I6
tp2343
asVcheap
p2344
(lp2345
(I104
I50
tp2346
asVanyway
p2347
(lp2348
(I80
I3
tp2349
asVunfathomable
p2350
(lp2351
(I5
I1
tp2352
asVabilities
p2353
(lp2354
(I5
I2
tp2355
asVbring
p2356
(lp2357
(I5
I1
tp2358
asVattempts
p2359
(lp2360
(I5
I1
tp2361
asVairleash
p2362
(lp2363
(I29
I1
tp2364
asVemploy
p2365
(lp2366
(I80
I1
tp2367
asVhigh-profile
p2368
(lp2369
(I79
I1
tp2370
asVhigh-level
p2371
(lp2372
(I5
I1
tp2373
asVfind
p2374
(lp2375
(I80
I2
tp2376
asVdecade
p2377
(lp2378
(I29
I1
tp2379
asVchromebook
p2380
(lp2381
(I44
I50
tp2382
asVpartners
p2383
(lp2384
(I44
I1
tp2385
a(I49
I1
tp2386
asVgiant
p2387
(lp2388
(I4
I1
tp2389
a(I46
I1
tp2390
asVslow
p2391
(lp2392
(I100
I1
tp2393
asVbased
p2394
(lp2395
(I29
I1
tp2396
asVknowledge
p2397
(lp2398
(I5
I1
tp2399
a(I80
I1
tp2400
asVspite
p2401
(lp2402
(I79
I1
tp2403
asVpungent
p2404
(lp2405
(I80
I1
tp2406
asV(
p2407
(lp2408
(I100
I1
tp2409
a(I104
I2
tp2410
a(I4
I1
tp2411
a(I46
I2
tp2412
a(I5
I2
tp2413
a(I58
I2
tp2414
a(I79
I1
tp2415
a(I80
I1
tp2416
asVexplain
p2417
(lp2418
(I5
I1
tp2419
asVit\u2019s
p2420
(lp2421
(I4
I1
tp2422
asVenough
p2423
(lp2424
(I4
I1
tp2425
a(I5
I1
tp2426
asVcontrols
p2427
(lp2428
(I104
I2
tp2429
a(I29
I1
tp2430
asVtheme
p2431
(lp2432
(I100
I1
tp2433
asVgoing
p2434
(lp2435
(I29
I1
tp2436
a(I4
I1
tp2437
a(I46
I1
tp2438
a(I80
I1
tp2439
asVgenerators
p2440
(lp2441
(I80
I1
tp2442
asVjudged
p2443
(lp2444
(I4
I1
tp2445
asVpretty
p2446
(lp2447
(I44
I50
tp2448
asV1,100
p2449
(lp2450
(I4
I1
tp2451
asVriding
p2452
(lp2453
(I29
I1
tp2454
asVwatching
p2455
(lp2456
(I5
I2
tp2457
asVmulti-trillion
p2458
(lp2459
(I4
I1
tp2460
asVloved
p2461
(lp2462
(I80
I1
tp2463
asVmeant
p2464
(lp2465
(I29
I1
tp2466
asVreset
p2467
(lp2468
(I44
I1
tp2469
a(I49
I1
tp2470
asVexecutive
p2471
(lp2472
(I4
I1
tp2473
asVtrickles
p2474
(lp2475
(I80
I1
tp2476
asVget
p2477
(lp2478
(I4
I1
tp2479
a(I44
I50
tp2480
a(I5
I2
tp2481
a(I80
I2
tp2482
asVfamiliar
p2483
(lp2484
(I5
I1
tp2485
a(I58
I1
tp2486
asVbanned
p2487
(lp2488
(I4
I3
tp2489
asVwatch
p2490
(lp2491
(I104
I10
tp2492
a(I29
I1
tp2493
a(I5
I2
tp2494
asVaccount
p2495
(lp2496
(I44
I4
tp2497
a(I49
I4
tp2498
asVtrees
p2499
(lp2500
(I29
I1
tp2501
asVsoon
p2502
(lp2503
(I5
I1
tp2504
asVpocket
p2505
(lp2506
(I29
I1
tp2507
a(I80
I1
tp2508
asVfamous
p2509
(lp2510
(I80
I1
tp2511
asV1,074
p2512
(lp2513
(I79
I1
tp2514
asVones
p2515
(lp2516
(I80
I1
tp2517
asVdoctor\u2019s
p2518
(lp2519
(I4
I1
tp2520
asVdespite
p2521
(lp2522
(I4
I1
tp2523
a(I79
I1
tp2524
asVreport
p2525
(lp2526
(I58
I1
tp2527
asVfalling
p2528
(lp2529
(I79
I1
tp2530
asVareas
p2531
(lp2532
(I29
I1
tp2533
a(I79
I2
tp2534
asVpartnered
p2535
(lp2536
(I4
I1
tp2537
asVevolution
p2538
(lp2539
(I29
I51
tp2540
asVtournaments
p2541
(lp2542
(I5
I1
tp2543
asVshowed
p2544
(lp2545
(I5
I1
tp2546
asVcoca-cola-mandated
p2547
(lp2548
(I80
I1
tp2549
asVspokesperson
p2550
(lp2551
(I58
I1
tp2552
asVmisguided
p2553
(lp2554
(I4
I1
tp2555
asVdropping
p2556
(lp2557
(I79
I2
tp2558
a(I80
I1
tp2559
asVsaliva
p2560
(lp2561
(I4
I1
tp2562
a(I46
I1
tp2563
asVremove
p2564
(lp2565
(I58
I1
tp2566
asVemail
p2567
(lp2568
(I44
I4
tp2569
a(I49
I4
tp2570
asVwatched
p2571
(lp2572
(I5
I1
tp2573
asVbad
p2574
(lp2575
(I79
I1
tp2576
a(I80
I1
tp2577
asVmiles
p2578
(lp2579
(I29
I1
tp2580
asVactivity
p2581
(lp2582
(I104
I2
tp2583
asVrelease
p2584
(lp2585
(I100
I1
tp2586
asVlondon
p2587
(lp2588
(I80
I1
tp2589
asVtent
p2590
(lp2591
(I80
I1
tp2592
asVthumbs
p2593
(lp2594
(I4
I51
tp2595
asVrespond
p2596
(lp2597
(I58
I1
tp2598
asVaffordable
p2599
(lp2600
(I104
I1
tp2601
asVset
p2602
(lp2603
(I29
I1
tp2604
a(I46
I1
tp2605
asVfascinating
p2606
(lp2607
(I5
I1
tp2608
asVedited
p2609
(lp2610
(I5
I1
tp2611
asVacquired
p2612
(lp2613
(I58
I1
tp2614
asVhand-crafted
p2615
(lp2616
(I80
I1
tp2617
asVtesting
p2618
(lp2619
(I4
I1
tp2620
a(I58
I3
tp2621
asVairdog
p2622
(lp2623
(I29
I10
tp2624
asVzones
p2625
(lp2626
(I29
I1
tp2627
a(I80
I1
tp2628
asVsee
p2629
(lp2630
(I29
I2
tp2631
asVcomputer
p2632
(lp2633
(I29
I1
tp2634
asVus
p2635
(lp2636
(I4
I2
tp2637
a(I58
I1
tp2638
a(I80
I2
tp2639
asVtop-level
p2640
(lp2641
(I5
I1
tp2642
asV2.0
p2643
(lp2644
(I100
I1
tp2645
asVarm
p2646
(lp2647
(I4
I1
tp2648
asVpacked
p2649
(lp2650
(I29
I1
tp2651
a(I80
I1
tp2652
asVstatistically
p2653
(lp2654
(I79
I1
tp2655
asVimaginatively
p2656
(lp2657
(I104
I1
tp2658
asVsaid
p2659
(lp2660
(I5
I1
tp2661
a(I58
I1
tp2662
asVvoluntary
p2663
(lp2664
(I46
I1
tp2665
asVcamping
p2666
(lp2667
(I80
I1
tp2668
asVattempting
p2669
(lp2670
(I80
I1
tp2671
asV3rd
p2672
(lp2673
(I44
I4
tp2674
a(I49
I4
tp2675
asVaway
p2676
(lp2677
(I29
I1
tp2678
a(I80
I1
tp2679
asVcurrently
p2680
(lp2681
(I29
I2
tp2682
a(I79
I2
tp2683
asVplease
p2684
(lp2685
(I44
I4
tp2686
a(I49
I4
tp2687
asVt-mobile
p2688
(lp2689
(I100
I1
tp2690
asVoutside
p2691
(lp2692
(I4
I1
tp2693
asVproof
p2694
(lp2695
(I4
I1
tp2696
asVprops
p2697
(lp2698
(I29
I1
tp2699
asVlimit
p2700
(lp2701
(I58
I1
tp2702
asVnumerous
p2703
(lp2704
(I100
I1
tp2705
asVsold
p2706
(lp2707
(I4
I2
tp2708
asV360
p2709
(lp2710
(I104
I2
tp2711
asVbought
p2712
(lp2713
(I46
I1
tp2714
asVavailable
p2715
(lp2716
(I104
I2
tp2717
a(I29
I2
tp2718
a(I4
I1
tp2719
a(I44
I1
tp2720
a(I49
I1
tp2721
a(I58
I1
tp2722
asVsetbacks
p2723
(lp2724
(I4
I1
tp2725
asVgenes
p2726
(lp2727
(I46
I1
tp2728
asVterms
p2729
(lp2730
(I44
I1
tp2731
a(I46
I1
tp2732
a(I49
I1
tp2733
asVuk
p2734
(lp2735
(I4
I1
tp2736
a(I80
I1
tp2737
asVright
p2738
(lp2739
(I5
I1
tp2740
asVxoom
p2741
(lp2742
(I100
I1
tp2743
asVwo
p2744
(lp2745
(I5
I2
tp2746
asV640,000
p2747
(lp2748
(I46
I1
tp2749
asVscreen
p2750
(lp2751
(I104
I1
tp2752
asVattention
p2753
(lp2754
(I5
I1
tp2755
asVhowever
p2756
(lp2757
(I4
I3
tp2758
a(I79
I1
tp2759
asVweirdly
p2760
(lp2761
(I80
I1
tp2762
asVspectacles
p2763
(lp2764
(I5
I1
tp2765
asVswaying
p2766
(lp2767
(I80
I1
tp2768
asVfatality
p2769
(lp2770
(I79
I1
tp2771
asVsnitches
p2772
(lp2773
(I80
I1
tp2774
asVinterface
p2775
(lp2776
(I100
I1
tp2777
asVnews
p2778
(lp2779
(I29
I1
tp2780
asVunderstanding
p2781
(lp2782
(I5
I1
tp2783
asVcome
p2784
(lp2785
(I29
I1
tp2786
asVrelying
p2787
(lp2788
(I29
I1
tp2789
a(I80
I1
tp2790
asVimprove
p2791
(lp2792
(I100
I1
tp2793
asVsuggested
p2794
(lp2795
(I29
I1
tp2796
asVreceived
p2797
(lp2798
(I4
I1
tp2799
asVaccident
p2800
(lp2801
(I79
I4
tp2802
asVdefense
p2803
(lp2804
(I5
I1
tp2805
asVsigned
p2806
(lp2807
(I44
I4
tp2808
a(I49
I4
tp2809
asVlimits
p2810
(lp2811
(I58
I1
tp2812
asVpolicy
p2813
(lp2814
(I44
I1
tp2815
a(I49
I1
tp2816
asVmany
p2817
(lp2818
(I100
I2
tp2819
a(I79
I1
tp2820
a(I80
I2
tp2821
asVtaking
p2822
(lp2823
(I4
I1
tp2824
asVannual
p2825
(lp2826
(I4
I1
tp2827
a(I79
I1
tp2828
asVcalled
p2829
(lp2830
(I80
I1
tp2831
asVlifeline
p2832
(lp2833
(I4
I1
tp2834
asVnegative
p2835
(lp2836
(I58
I1
tp2837
asVgames
p2838
(lp2839
(I5
I6
tp2840
asVreceives
p2841
(lp2842
(I104
I1
tp2843
asVinteresting
p2844
(lp2845
(I5
I1
tp2846
asVlogin
p2847
(lp2848
(I44
I6
tp2849
a(I49
I6
tp2850
asVmasses
p2851
(lp2852
(I5
I1
tp2853
asVdecades
p2854
(lp2855
(I79
I51
tp2856
asValbeit
p2857
(lp2858
(I5
I1
tp2859
asVduty
p2860
(lp2861
(I5
I1
tp2862
asVamong
p2863
(lp2864
(I5
I1
tp2865
asVpresumably
p2866
(lp2867
(I104
I1
tp2868
asVinflammatory
p2869
(lp2870
(I4
I1
tp2871
asVtone
p2872
(lp2873
(I80
I1
tp2874
asVfields
p2875
(lp2876
(I80
I2
tp2877
asVrelatable
p2878
(lp2879
(I5
I2
tp2880
asVpoint
p2881
(lp2882
(I4
I1
tp2883
asVbattery
p2884
(lp2885
(I49
I50
tp2886
asVca
p2887
(lp2888
(I5
I1
tp2889
asVcommunity
p2890
(lp2891
(I4
I1
tp2892
a(I5
I1
tp2893
asV29
p2894
(lp2895
(I79
I1
tp2896
asV60
p2897
(lp2898
(I46
I1
tp2899
asVdedication
p2900
(lp2901
(I5
I1
tp2902
asVvisually
p2903
(lp2904
(I5
I1
tp2905
asVsimply
p2906
(lp2907
(I29
I1
tp2908
asVlikes
p2909
(lp2910
(I58
I2
tp2911
asVlearning
p2912
(lp2913
(I5
I1
tp2914
asVapproval
p2915
(lp2916
(I4
I2
tp2917
asVrespect
p2918
(lp2919
(I5
I1
tp2920
asVno-fly
p2921
(lp2922
(I29
I1
tp2923
asVlaudable
p2924
(lp2925
(I80
I1
tp2926
asVtalking
p2927
(lp2928
(I80
I1
tp2929
asVbetter
p2930
(lp2931
(I44
I1
tp2932
a(I49
I1
tp2933
a(I5
I4
tp2934
a(I80
I2
tp2935
asVe-sports
p2936
(lp2937
(I5
I61
tp2938
asVasks
p2939
(lp2940
(I5
I50
tp2941
asVcapable
p2942
(lp2943
(I5
I1
tp2944
asVhelico
p2945
(lp2946
(I29
I1
tp2947
asVimpromptu
p2948
(lp2949
(I80
I1
tp2950
asVcreate
p2951
(lp2952
(I104
I1
tp2953
asVfilmmakers
p2954
(lp2955
(I5
I1
tp2956
asVthree
p2957
(lp2958
(I29
I1
tp2959
a(I5
I1
tp2960
a(I80
I1
tp2961
asVquickly
p2962
(lp2963
(I100
I1
tp2964
a(I46
I1
tp2965
a(I5
I1
tp2966
asVgopro
p2967
(lp2968
(I29
I1
tp2969
asVmuch
p2970
(lp2971
(I4
I1
tp2972
a(I5
I1
tp2973
a(I80
I1
tp2974
asVteamwork
p2975
(lp2976
(I5
I1
tp2977
asVchange
p2978
(lp2979
(I5
I3
tp2980
asVinterest
p2981
(lp2982
(I4
I2
tp2983
a(I5
I1
tp2984
asVrecognize
p2985
(lp2986
(I5
I2
tp2987
asVcollected
p2988
(lp2989
(I4
I1
tp2990
asVsuperhuman
p2991
(lp2992
(I5
I3
tp2993
asVwait
p2994
(lp2995
(I80
I1
tp2996
asVimportant
p2997
(lp2998
(I5
I1
tp2999
asVdisclosed
p3000
(lp3001
(I46
I1
tp3002
asVfirm
p3003
(lp3004
(I4
I1
tp3005
asVlife
p3006
(lp3007
(I100
I1
tp3008
asVpartnership
p3009
(lp3010
(I100
I1
tp3011
asVcontrolled
p3012
(lp3013
(I29
I1
tp3014
asVrestrictions
p3015
(lp3016
(I46
I1
tp3017
asVbody
p3018
(lp3019
(I80
I1
tp3020
asVmichal
p3021
(lp3022
(I5
I1
tp3023
asVsmartwatch
p3024
(lp3025
(I104
I51
tp3026
asVelse
p3027
(lp3028
(I5
I2
tp3029
asVphotos
p3030
(lp3031
(I104
I1
tp3032
asVcoherent
p3033
(lp3034
(I5
I1
tp3035
asVlets
p3036
(lp3037
(I58
I2
tp3038
asVlives
p3039
(lp3040
(I5
I1
tp3041
asVlegends
p3042
(lp3043
(I5
I5
tp3044
asVprices
p3045
(lp3046
(I104
I1
tp3047
a(I4
I1
tp3048
a(I58
I2
tp3049
asVlast
p3050
(lp3051
(I5
I2
tp3052
a(I58
I4
tp3053
a(I79
I1
tp3054
asVgeneral
p3055
(lp3056
(I5
I1
tp3057
asVcountless
p3058
(lp3059
(I100
I1
tp3060
asVcase
p3061
(lp3062
(I100
I1
tp3063
asVwater-resistant
p3064
(lp3065
(I29
I1
tp3066
asVprospect
p3067
(lp3068
(I80
I1
tp3069
asVsmartphones
p3070
(lp3071
(I100
I1
tp3072
a(I104
I1
tp3073
a(I80
I2
tp3074
asVlook
p3075
(lp3076
(I104
I1
tp3077
a(I4
I1
tp3078
asVraw
p3079
(lp3080
(I46
I1
tp3081
asVsolid
p3082
(lp3083
(I5
I1
tp3084
asVmight
p3085
(lp3086
(I29
I1
tp3087
a(I4
I1
tp3088
a(I79
I1
tp3089
asVtribeca
p3090
(lp3091
(I5
I1
tp3092
asVappearance
p3093
(lp3094
(I100
I1
tp3095
asVbudget
p3096
(lp3097
(I104
I1
tp3098
asVvalue
p3099
(lp3100
(I46
I1
tp3101
asVchoices
p3102
(lp3103
(I104
I1
tp3104
asVn't
p3105
(lp3106
(I100
I1
tp3107
a(I104
I1
tp3108
a(I29
I1
tp3109
a(I4
I1
tp3110
a(I5
I11
tp3111
a(I79
I2
tp3112
asVugly
p3113
(lp3114
(I100
I1
tp3115
asVmomentum
p3116
(lp3117
(I29
I1
tp3118
asV32
p3119
(lp3120
(I79
I1
tp3121
asVsituation
p3122
(lp3123
(I5
I1
tp3124
a(I58
I1
tp3125
asVreal
p3126
(lp3127
(I29
I1
tp3128
asVclapping
p3129
(lp3130
(I80
I1
tp3131
asVchanged
p3132
(lp3133
(I5
I1
tp3134
asVorientation
p3135
(lp3136
(I29
I1
tp3137
asVplayed
p3138
(lp3139
(I5
I1
tp3140
asValmost
p3141
(lp3142
(I100
I1
tp3143
a(I44
I1
tp3144
a(I49
I1
tp3145
a(I5
I1
tp3146
asVundercut
p3147
(lp3148
(I104
I50
tp3149
asVmoto
p3150
(lp3151
(I104
I1
tp3152
asVhardware
p3153
(lp3154
(I104
I1
tp3155
asVthree-quarters
p3156
(lp3157
(I4
I1
tp3158
asVgood
p3159
(lp3160
(I80
I1
tp3161
asVembrace
p3162
(lp3163
(I100
I1
tp3164
asVexperience
p3165
(lp3166
(I44
I2
tp3167
a(I49
I2
tp3168
asVacer
p3169
(lp3170
(I44
I50
tp3171
a(I49
I50
tp3172
asVready
p3173
(lp3174
(I29
I1
tp3175
asVtechnology
p3176
(lp3177
(I29
I1
tp3178
asVcoca-cola
p3179
(lp3180
(I80
I1
tp3181
asVpink
p3182
(lp3183
(I80
I1
tp3184
asVmovements
p3185
(lp3186
(I29
I1
tp3187
asVmohawk
p3188
(lp3189
(I80
I1
tp3190
asVtattoo
p3191
(lp3192
(I80
I1
tp3193
asVdifferent
p3194
(lp3195
(I46
I1
tp3196
a(I58
I2
tp3197
a(I80
I1
tp3198
asVgrandiose
p3199
(lp3200
(I5
I1
tp3201
asVanymore
p3202
(lp3203
(I5
I1
tp3204
asVprior
p3205
(lp3206
(I5
I1
tp3207
asV)
p3208
(lp3209
(I100
I1
tp3210
a(I104
I2
tp3211
a(I4
I1
tp3212
a(I46
I2
tp3213
a(I5
I2
tp3214
a(I58
I2
tp3215
a(I79
I1
tp3216
a(I80
I1
tp3217
asVpay
p3218
(lp3219
(I58
I1
tp3220
asVmake
p3221
(lp3222
(I29
I1
tp3223
a(I4
I2
tp3224
a(I5
I2
tp3225
a(I80
I1
tp3226
asVdisappearance
p3227
(lp3228
(I79
I1
tp3229
asVreminded
p3230
(lp3231
(I5
I1
tp3232
asVdebuted
p3233
(lp3234
(I100
I2
tp3235
asVarchive
p3236
(lp3237
(I5
I1
tp3238
asVmatches
p3239
(lp3240
(I5
I1
tp3241
asVwall
p3242
(lp3243
(I79
I1
tp3244
asVlargest
p3245
(lp3246
(I46
I2
tp3247
a(I5
I1
tp3248
asVfifth-largest
p3249
(lp3250
(I4
I1
tp3251
asVandroid
p3252
(lp3253
(I100
I68
tp3254
a(I104
I1
tp3255
asVfill
p3256
(lp3257
(I104
I1
tp3258
asVtests
p3259
(lp3260
(I4
I3
tp3261
asV676
p3262
(lp3263
(I79
I1
tp3264
asVadvertising
p3265
(lp3266
(I80
I1
tp3267
asVweek
p3268
(lp3269
(I58
I2
tp3270
asVautonomously
p3271
(lp3272
(I29
I1
tp3273
asVused
p3274
(lp3275
(I4
I1
tp3276
a(I5
I1
tp3277
asVgrail
p3278
(lp3279
(I29
I2
tp3280
asVforced
p3281
(lp3282
(I58
I1
tp3283
a(I80
I1
tp3284
asVkeys
p3285
(lp3286
(I29
I1
tp3287
asVunlimited
p3288
(lp3289
(I58
I1
tp3290
asVsemi-active
p3291
(lp3292
(I104
I1
tp3293
asVupon
p3294
(lp3295
(I4
I1
tp3296
asV10-20
p3297
(lp3298
(I29
I1
tp3299
asVdirector
p3300
(lp3301
(I5
I1
tp3302
asVaverage
p3303
(lp3304
(I29
I1
tp3305
a(I5
I1
tp3306
a(I79
I3
tp3307
asVrunning
p3308
(lp3309
(I46
I1
tp3310
asVlevels
p3311
(lp3312
(I79
I1
tp3313
asVarrived
p3314
(lp3315
(I100
I1
tp3316
asVuser
p3317
(lp3318
(I29
I1
tp3319
a(I44
I2
tp3320
a(I46
I1
tp3321
a(I49
I2
tp3322
asVcontinuing
p3323
(lp3324
(I79
I1
tp3325
asVleft-swiped
p3326
(lp3327
(I58
I1
tp3328
asVvalidate
p3329
(lp3330
(I4
I1
tp3331
asVtotally
p3332
(lp3333
(I80
I1
tp3334
asVimplement
p3335
(lp3336
(I29
I1
tp3337
asVrecent
p3338
(lp3339
(I58
I1
tp3340
a(I79
I1
tp3341
asVplate
p3342
(lp3343
(I80
I1
tp3344
asVearly
p3345
(lp3346
(I5
I1
tp3347
asVlupus
p3348
(lp3349
(I46
I1
tp3350
asVtracking
p3351
(lp3352
(I29
I1
tp3353
asVreconsider
p3354
(lp3355
(I58
I1
tp3356
asVdatabase
p3357
(lp3358
(I4
I2
tp3359
a(I46
I2
tp3360
asVnevertheless
p3361
(lp3362
(I46
I1
tp3363
asVstudies
p3364
(lp3365
(I46
I1
tp3366
asV'traditional
p3367
(lp3368
(I80
I1
tp3369
asVhumble
p3370
(lp3371
(I100
I1
tp3372
asVwell
p3373
(lp3374
(I29
I1
tp3375
a(I5
I3
tp3376
asVgame
p3377
(lp3378
(I5
I10
tp3379
asVanalysis
p3380
(lp3381
(I46
I1
tp3382
asVasked
p3383
(lp3384
(I5
I1
tp3385
asVsports
p3386
(lp3387
(I104
I1
tp3388
a(I29
I2
tp3389
a(I5
I2
tp3390
asVperson
p3391
(lp3392
(I29
I1
tp3393
a(I58
I1
tp3394
asVwithout
p3395
(lp3396
(I29
I1
tp3397
a(I4
I1
tp3398
a(I5
I1
tp3399
a(I80
I1
tp3400
asVgreatest
p3401
(lp3402
(I5
I1
tp3403
asVuninterpreted
p3404
(lp3405
(I4
I1
tp3406
asVswiss
p3407
(lp3408
(I4
I1
tp3409
asVclaims
p3410
(lp3411
(I104
I2
tp3412
asVmodel
p3413
(lp3414
(I29
I1
tp3415
asVlogistically
p3416
(lp3417
(I80
I1
tp3418
asV162-person
p3419
(lp3420
(I79
I1
tp3421
asVconceit
p3422
(lp3423
(I80
I1
tp3424
asVresearchers
p3425
(lp3426
(I46
I2
tp3427
asVlatest
p3428
(lp3429
(I29
I1
tp3430
a(I46
I1
tp3431
asVcomment
p3432
(lp3433
(I58
I1
tp3434
asVwojcicki
p3435
(lp3436
(I4
I1
tp3437
asVpowering
p3438
(lp3439
(I100
I1
tp3440
asVincreasingly
p3441
(lp3442
(I29
I1
tp3443
asVmoney
p3444
(lp3445
(I4
I1
tp3446
asVadjustments
p3447
(lp3448
(I29
I1
tp3449
asVweekend
p3450
(lp3451
(I79
I1
tp3452
a(I80
I1
tp3453
asVcompetitive
p3454
(lp3455
(I5
I3
tp3456
asVdevastatingly
p3457
(lp3458
(I80
I1
tp3459
asVsources
p3460
(lp3461
(I58
I1
tp3462
asVselect
p3463
(lp3464
(I5
I1
tp3465
asVidentify
p3466
(lp3467
(I46
I1
tp3468
asV\u2014
p3469
(lp3470
(I100
I2
tp3471
a(I104
I1
tp3472
a(I4
I5
tp3473
a(I46
I2
tp3474
a(I5
I4
tp3475
a(I79
I2
tp3476
a(I80
I3
tp3477
asVhuman
p3478
(lp3479
(I80
I1
tp3480
asVusing
p3481
(lp3482
(I4
I1
tp3483
a(I44
I5
tp3484
a(I49
I5
tp3485
asVuseful
p3486
(lp3487
(I4
I1
tp3488
asVyes
p3489
(lp3490
(I44
I2
tp3491
a(I49
I2
tp3492
asVspeed
p3493
(lp3494
(I29
I2
tp3495
asVyet
p3496
(lp3497
(I100
I1
tp3498
a(I104
I1
tp3499
a(I58
I1
tp3500
asVfunctionally
p3501
(lp3502
(I80
I1
tp3503
asVushered
p3504
(lp3505
(I100
I1
tp3506
asVcut
p3507
(lp3508
(I104
I1
tp3509
a(I5
I1
tp3510
asV$
p3511
(lp3512
(I29
I3
tp3513
a(I4
I57
tp3514
a(I46
I2
tp3515
a(I5
I1
tp3516
a(I58
I4
tp3517
asVhint
p3518
(lp3519
(I29
I1
tp3520
asVseems
p3521
(lp3522
(I104
I1
tp3523
asVimprovement
p3524
(lp3525
(I79
I1
tp3526
asVmakers
p3527
(lp3528
(I80
I1
tp3529
asVeager
p3530
(lp3531
(I100
I1
tp3532
asVadd
p3533
(lp3534
(I100
I1
tp3535
asVforbes
p3536
(lp3537
(I4
I2
tp3538
asVwatchable
p3539
(lp3540
(I5
I1
tp3541
asVhalo
p3542
(lp3543
(I5
I1
tp3544
asVinnocent
p3545
(lp3546
(I80
I3
tp3547
asVcrack
p3548
(lp3549
(I58
I1
tp3550
asVmonday
p3551
(lp3552
(I58
I1
tp3553
asVsmart
p3554
(lp3555
(I104
I1
tp3556
asVdivot
p3557
(lp3558
(I104
I1
tp3559
asVmatch
p3560
(lp3561
(I104
I1
tp3562
asVgenome
p3563
(lp3564
(I4
I1
tp3565
asVstyles
p3566
(lp3567
(I104
I1
tp3568
asVcustomers
p3569
(lp3570
(I4
I3
tp3571
a(I46
I2
tp3572
asVsmartwatches
p3573
(lp3574
(I104
I1
tp3575
asVsick
p3576
(lp3577
(I80
I1
tp3578
asVgovernment
p3579
(lp3580
(I4
I1
tp3581
asVread
p3582
(lp3583
(I44
I1
tp3584
a(I49
I1
tp3585
asVbig
p3586
(lp3587
(I29
I1
tp3588
a(I4
I53
tp3589
asVshowing
p3590
(lp3591
(I104
I1
tp3592
a(I79
I1
tp3593
asVcomparisons
p3594
(lp3595
(I5
I1
tp3596
asVpossible
p3597
(lp3598
(I44
I1
tp3599
a(I49
I1
tp3600
asVmalaysia
p3601
(lp3602
(I79
I1
tp3603
asVcaps
p3604
(lp3605
(I80
I1
tp3606
asV299
p3607
(lp3608
(I4
I1
tp3609
asVgenotyped
p3610
(lp3611
(I46
I1
tp3612
asVhaul
p3613
(lp3614
(I4
I1
tp3615
asVgrid
p3616
(lp3617
(I80
I3
tp3618
asVknow
p3619
(lp3620
(I104
I1
tp3621
a(I5
I2
tp3622
asVaerospace
p3623
(lp3624
(I29
I1
tp3625
asVpress
p3626
(lp3627
(I46
I1
tp3628
asVworld
p3629
(lp3630
(I100
I1
tp3631
a(I4
I1
tp3632
a(I46
I1
tp3633
a(I5
I3
tp3634
asVpassword
p3635
(lp3636
(I44
I2
tp3637
a(I49
I2
tp3638
asVusually
p3639
(lp3640
(I80
I1
tp3641
asVformal
p3642
(lp3643
(I104
I1
tp3644
asVusername
p3645
(lp3646
(I44
I3
tp3647
a(I49
I3
tp3648
asVmotorola
p3649
(lp3650
(I100
I2
tp3651
asVnecessary
p3652
(lp3653
(I5
I1
tp3654
asVlike
p3655
(lp3656
(I100
I1
tp3657
a(I29
I3
tp3658
a(I44
I5
tp3659
a(I49
I5
tp3660
a(I5
I6
tp3661
a(I58
I1
tp3662
a(I79
I1
tp3663
a(I80
I1
tp3664
asVflight
p3665
(lp3666
(I79
I56
tp3667
asVsizes
p3668
(lp3669
(I100
I1
tp3670
asVfollows
p3671
(lp3672
(I29
I51
tp3673
asVcrashes
p3674
(lp3675
(I79
I51
tp3676
asVperforming
p3677
(lp3678
(I5
I1
tp3679
asVmanual
p3680
(lp3681
(I29
I1
tp3682
asVpharma
p3683
(lp3684
(I4
I52
tp3685
asVrainstorms
p3686
(lp3687
(I80
I1
tp3688
asV've
p3689
(lp3690
(I5
I3
tp3691
a(I79
I1
tp3692
a(I80
I3
tp3693
asVshapes
p3694
(lp3695
(I100
I1
tp3696
asVaudience
p3697
(lp3698
(I44
I1
tp3699
a(I49
I1
tp3700
asVindividuals
p3701
(lp3702
(I4
I1
tp3703
a(I46
I2
tp3704
a(I5
I1
tp3705
asVeither
p3706
(lp3707
(I4
I1
tp3708
asVfully
p3709
(lp3710
(I104
I1
tp3711
a(I29
I1
tp3712
a(I46
I1
tp3713
a(I5
I1
tp3714
asVpopular
p3715
(lp3716
(I46
I1
tp3717
a(I58
I1
tp3718
asVbecome
p3719
(lp3720
(I29
I2
tp3721
a(I5
I1
tp3722
a(I80
I1
tp3723
asVbuff
p3724
(lp3725
(I29
I1
tp3726
asVsignal
p3727
(lp3728
(I80
I1
tp3729
asVtrying
p3730
(lp3731
(I80
I3
tp3732
asV23andme\u2019s
p3733
(lp3734
(I4
I2
tp3735
asVmotivator
p3736
(lp3737
(I80
I2
tp3738
asVgoogle
p3739
(lp3740
(I100
I3
tp3741
a(I4
I1
tp3742
asVappliances
p3743
(lp3744
(I100
I1
tp3745
asVdeal
p3746
(lp3747
(I4
I52
tp3748
a(I46
I3
tp3749
asVpeople
p3750
(lp3751
(I5
I8
tp3752
a(I79
I1
tp3753
a(I80
I2
tp3754
asVunderstand
p3755
(lp3756
(I5
I4
tp3757
asVtwitter
p3758
(lp3759
(I44
I4
tp3760
a(I49
I4
tp3761
asVsequences
p3762
(lp3763
(I5
I1
tp3764
asVtournament
p3765
(lp3766
(I5
I2
tp3767
asVback
p3768
(lp3769
(I29
I1
tp3770
a(I80
I1
tp3771
asV50
p3772
(lp3773
(I4
I53
tp3774
asVpaternalistic
p3775
(lp3776
(I80
I1
tp3777
asVborn
p3778
(lp3779
(I29
I1
tp3780
asVshortcoming
p3781
(lp3782
(I5
I1
tp3783
asV3.0
p3784
(lp3785
(I100
I1
tp3786
asVhighlands
p3787
(lp3788
(I80
I1
tp3789
asVhome
p3790
(lp3791
(I4
I2
tp3792
a(I80
I1
tp3793
asVobeying
p3794
(lp3795
(I80
I1
tp3796
asVnewsletter
p3797
(lp3798
(I44
I1
tp3799
a(I49
I1
tp3800
asVconfusing
p3801
(lp3802
(I5
I1
tp3803
asVshutter
p3804
(lp3805
(I104
I1
tp3806
asVpassions
p3807
(lp3808
(I29
I1
tp3809
asVand/or
p3810
(lp3811
(I44
I1
tp3812
a(I49
I1
tp3813
asVgenetics
p3814
(lp3815
(I4
I1
tp3816
a(I46
I1
tp3817
asVwristband
p3818
(lp3819
(I29
I1
tp3820
asVlead
p3821
(lp3822
(I80
I1
tp3823
asVbottom
p3824
(lp3825
(I104
I1
tp3826
asVestablish
p3827
(lp3828
(I5
I1
tp3829
asVavoid
p3830
(lp3831
(I29
I4
tp3832
asVdauntingly
p3833
(lp3834
(I5
I1
tp3835
asVbenefit
p3836
(lp3837
(I46
I1
tp3838
asVice
p3839
(lp3840
(I100
I1
tp3841
asVmoon
p3842
(lp3843
(I80
I1
tp3844
asVanonymized
p3845
(lp3846
(I46
I1
tp3847
asVleap
p3848
(lp3849
(I29
I1
tp3850
asVtracker
p3851
(lp3852
(I104
I1
tp3853
asVconnecting
p3854
(lp3855
(I29
I1
tp3856
asVunit
p3857
(lp3858
(I29
I1
tp3859
asVanne
p3860
(lp3861
(I4
I1
tp3862
asVesl
p3863
(lp3864
(I5
I1
tp3865
asVadorable
p3866
(lp3867
(I5
I1
tp3868
asV?
p3869
(lp3870
(I100
I3
tp3871
a(I44
I6
tp3872
a(I49
I6
tp3873
a(I5
I51
tp3874
a(I80
I11
tp3875
asVpayments
p3876
(lp3877
(I4
I1
tp3878
asVlowest
p3879
(lp3880
(I79
I1
tp3881
asVrun
p3882
(lp3883
(I100
I1
tp3884
a(I5
I1
tp3885
a(I80
I1
tp3886
asVbusiness
p3887
(lp3888
(I4
I1
tp3889
a(I58
I1
tp3890
asVspambots
p3891
(lp3892
(I58
I1
tp3893
asVmarketing
p3894
(lp3895
(I4
I1
tp3896
asVjournal
p3897
(lp3898
(I79
I2
tp3899
asVlose
p3900
(lp3901
(I5
I1
tp3902
asVnotable
p3903
(lp3904
(I100
I1
tp3905
asVuse
p3906
(lp3907
(I100
I2
tp3908
a(I29
I2
tp3909
a(I4
I1
tp3910
a(I5
I1
tp3911
a(I80
I1
tp3912
asV24-hour
p3913
(lp3914
(I58
I1
tp3915
asVoverall
p3916
(lp3917
(I44
I1
tp3918
a(I49
I1
tp3919
asValoft
p3920
(lp3921
(I29
I1
tp3922
asVevolve
p3923
(lp3924
(I5
I1
tp3925
asVwi-fi-free
p3926
(lp3927
(I80
I1
tp3928
asVrelationship
p3929
(lp3930
(I5
I1
tp3931
asValthough
p3932
(lp3933
(I104
I1
tp3934
a(I4
I1
tp3935
a(I46
I2
tp3936
asVfound
p3937
(lp3938
(I5
I1
tp3939
asVinfiltrating
p3940
(lp3941
(I80
I1
tp3942
asVmajor
p3943
(lp3944
(I79
I1
tp3945
asVsuper
p3946
(lp3947
(I5
I1
tp3948
asVpermitted
p3949
(lp3950
(I46
I1
tp3951
asVneon
p3952
(lp3953
(I80
I1
tp3954
asVwealth
p3955
(lp3956
(I29
I1
tp3957
asVgained
p3958
(lp3959
(I5
I1
tp3960
asVworks
p3961
(lp3962
(I5
I1
tp3963
asVwould
p3964
(lp3965
(I29
I2
tp3966
a(I44
I1
tp3967
a(I49
I1
tp3968
a(I5
I2
tp3969
asVgetting
p3970
(lp3971
(I29
I1
tp3972
asVpfizer
p3973
(lp3974
(I4
I1
tp3975
a(I46
I52
tp3976
asVintensity
p3977
(lp3978
(I5
I2
tp3979
asVindustry
p3980
(lp3981
(I29
I2
tp3982
a(I4
I2
tp3983
a(I46
I1
tp3984
asVpowered
p3985
(lp3986
(I80
I1
tp3987
asVfavorite
p3988
(lp3989
(I5
I1
tp3990
asVshipping
p3991
(lp3992
(I29
I1
tp3993
asVjourney
p3994
(lp3995
(I5
I1
tp3996
asVplus
p3997
(lp3998
(I5
I1
tp3999
a(I58
I5
tp4000
asVplaces
p4001
(lp4002
(I80
I1
tp4003
asVlatvian
p4004
(lp4005
(I29
I1
tp4006
asVreportedly
p4007
(lp4008
(I4
I1
tp4009
a(I58
I53
tp4010
asVsponsored
p4011
(lp4012
(I100
I1
tp4013
asVtwitch
p4014
(lp4015
(I5
I1
tp4016
asVdocumentary
p4017
(lp4018
(I5
I51
tp4019
asVstakes
p4020
(lp4021
(I5
I1
tp4022
asVseeing
p4023
(lp4024
(I5
I2
tp4025
a(I80
I1
tp4026
asVmixture
p4027
(lp4028
(I80
I1
tp4029
asVdreadlocks
p4030
(lp4031
(I80
I1
tp4032
asVsignificant
p4033
(lp4034
(I80
I1
tp4035
asVsmoothie
p4036
(lp4037
(I80
I2
tp4038
asVpreviously
p4039
(lp4040
(I4
I1
tp4041
asVwithin
p4042
(lp4043
(I29
I1
tp4044
a(I5
I1
tp4045
asVplug
p4046
(lp4047
(I80
I1
tp4048
asVfunctional
p4049
(lp4050
(I104
I1
tp4051
asVdataset
p4052
(lp4053
(I46
I1
tp4054
asVstop
p4055
(lp4056
(I80
I1
tp4057
asVnothing
p4058
(lp4059
(I100
I1
tp4060
asVbolstering
p4061
(lp4062
(I46
I1
tp4063
asVaccounts
p4064
(lp4065
(I4
I1
tp4066
asV.
p4067
(lp4068
(I100
I8
tp4069
a(I104
I8
tp4070
a(I29
I20
tp4071
a(I4
I17
tp4072
a(I44
I11
tp4073
a(I46
I9
tp4074
a(I49
I11
tp4075
a(I5
I44
tp4076
a(I58
I13
tp4077
a(I79
I11
tp4078
a(I80
I13
tp4079
asVlebron
p4080
(lp4081
(I5
I2
tp4082
asVmethods
p4083
(lp4084
(I4
I1
tp4085
asVbeneath
p4086
(lp4087
(I79
I1
tp4088
asVpharmaceutical
p4089
(lp4090
(I4
I3
tp4091
a(I46
I2
tp4092
asVcities
p4093
(lp4094
(I58
I1
tp4095
asVstory
p4096
(lp4097
(I5
I2
tp4098
asVadditional
p4099
(lp4100
(I4
I1
tp4101
asVinsider
p4102
(lp4103
(I58
I1
tp4104
asVspending
p4105
(lp4106
(I80
I1
tp4107
asVextremely
p4108
(lp4109
(I5
I2
tp4110
asVflying
p4111
(lp4112
(I29
I52
tp4113
asVgenetic
p4114
(lp4115
(I4
I6
tp4116
a(I46
I4
tp4117
asVlong
p4118
(lp4119
(I4
I3
tp4120
asVpayment
p4121
(lp4122
(I4
I1
tp4123
asVstart
p4124
(lp4125
(I29
I1
tp4126
asVaccordingly
p4127
(lp4128
(I29
I1
tp4129
asVclinical
p4130
(lp4131
(I46
I1
tp4132
asVinner
p4133
(lp4134
(I104
I1
tp4135
asVfraction
p4136
(lp4137
(I104
I1
tp4138
asVforward
p4139
(lp4140
(I4
I1
tp4141
asVcall
p4142
(lp4143
(I5
I1
tp4144
asVwearing
p4145
(lp4146
(I80
I1
tp4147
asV:
p4148
(lp4149
(I104
I2
tp4150
a(I29
I2
tp4151
a(I46
I1
tp4152
a(I5
I56
tp4153
a(I58
I1
tp4154
a(I80
I1
tp4155
asVlaunching
p4156
(lp4157
(I58
I52
tp4158
asVfunction
p4159
(lp4160
(I58
I1
tp4161
asVbillion
p4162
(lp4163
(I4
I1
tp4164
asVcomplete
p4165
(lp4166
(I44
I1
tp4167
a(I49
I1
tp4168
asVoffering
p4169
(lp4170
(I4
I1
tp4171
a(I80
I1
tp4172
asVoffer
p4173
(lp4174
(I104
I2
tp4175
a(I46
I51
tp4176
a(I80
I1
tp4177
asVconstantly
p4178
(lp4179
(I5
I1
tp4180
asVbecoming
p4181
(lp4182
(I44
I1
tp4183
a(I49
I1
tp4184
asVhundreds
p4185
(lp4186
(I80
I1
tp4187
asVidea
p4188
(lp4189
(I80
I51
tp4190
asVnotifications
p4191
(lp4192
(I104
I2
tp4193
asVlink
p4194
(lp4195
(I44
I1
tp4196
a(I49
I1
tp4197
asVlarger
p4198
(lp4199
(I80
I1
tp4200
asVline
p4201
(lp4202
(I49
I50
tp4203
asVediting
p4204
(lp4205
(I5
I1
tp4206
asVpain
p4207
(lp4208
(I80
I1
tp4209
asVhouses
p4210
(lp4211
(I80
I1
tp4212
asVhappening
p4213
(lp4214
(I5
I1
tp4215
asVfda
p4216
(lp4217
(I4
I3
tp4218
a(I46
I1
tp4219
asVrush
p4220
(lp4221
(I5
I1
tp4222
asVmade
p4223
(lp4224
(I5
I2
tp4225
asVtactics
p4226
(lp4227
(I5
I1
tp4228
asVintuitive
p4229
(lp4230
(I100
I1
tp4231
asVtraits
p4232
(lp4233
(I46
I2
tp4234
asVwhether
p4235
(lp4236
(I58
I1
tp4237
asVmorning
p4238
(lp4239
(I80
I1
tp4240
asVdevices
p4241
(lp4242
(I100
I1
tp4243
asVunveils
p4244
(lp4245
(I49
I50
tp4246
asVplanet
p4247
(lp4248
(I100
I1
tp4249
a(I80
I1
tp4250
asVnestle
p4251
(lp4252
(I100
I1
tp4253
asV're
p4254
(lp4255
(I100
I1
tp4256
a(I29
I1
tp4257
a(I5
I6
tp4258
a(I80
I1
tp4259
asVnicest
p4260
(lp4261
(I100
I1
tp4262
asViterated
p4263
(lp4264
(I100
I1
tp4265
asVplanes
p4266
(lp4267
(I79
I1
tp4268
asVproblem
p4269
(lp4270
(I104
I1
tp4271
a(I4
I1
tp4272
asVsimilar
p4273
(lp4274
(I104
I1
tp4275
a(I4
I1
tp4276
asVdisplay
p4277
(lp4278
(I104
I2
tp4279
asVdistance
p4280
(lp4281
(I80
I1
tp4282
asVmechanics
p4283
(lp4284
(I5
I2
tp4285
asVgone
p4286
(lp4287
(I100
I1
tp4288
a(I80
I1
tp4289
asVlater
p4290
(lp4291
(I29
I2
tp4292
a(I58
I1
tp4293
asVad
p4294
(lp4295
(I58
I1
tp4296
asVpin
p4297
(lp4298
(I100
I1
tp4299
a(I104
I1
tp4300
a(I29
I1
tp4301
a(I4
I1
tp4302
a(I46
I1
tp4303
a(I5
I1
tp4304
a(I58
I1
tp4305
a(I79
I1
tp4306
a(I80
I1
tp4307
asVdeaths
p4308
(lp4309
(I79
I5
tp4310
asVminutes
p4311
(lp4312
(I29
I1
tp4313
a(I46
I1
tp4314
a(I5
I2
tp4315
asVforgot
p4316
(lp4317
(I44
I4
tp4318
a(I49
I4
tp4319
asVadvancements
p4320
(lp4321
(I29
I1
tp4322
asVdisease
p4323
(lp4324
(I4
I1
tp4325
asV''
p4326
(lp4327
(I104
I4
tp4328
a(I29
I1
tp4329
a(I4
I2
tp4330
a(I46
I3
tp4331
a(I5
I3
tp4332
a(I58
I3
tp4333
a(I80
I6
tp4334
asVengineering
p4335
(lp4336
(I29
I1
tp4337
asVsharing
p4338
(lp4339
(I44
I1
tp4340
a(I49
I1
tp4341
asVstarcraft
p4342
(lp4343
(I5
I2
tp4344
asVpartly
p4345
(lp4346
(I4
I1
tp4347
asVnotes
p4348
(lp4349
(I58
I1
tp4350
a(I79
I1
tp4351
asVcheck
p4352
(lp4353
(I29
I1
tp4354
a(I80
I1
tp4355
asVfilm
p4356
(lp4357
(I5
I4
tp4358
asVcream
p4359
(lp4360
(I100
I1
tp4361
asV4.4
p4362
(lp4363
(I100
I1
tp4364
asVcompared
p4365
(lp4366
(I80
I1
tp4367
asV'll
p4368
(lp4369
(I104
I1
tp4370
a(I44
I2
tp4371
a(I49
I2
tp4372
a(I5
I2
tp4373
a(I80
I1
tp4374
asV4.0
p4375
(lp4376
(I100
I1
tp4377
asVagreeing
p4378
(lp4379
(I44
I1
tp4380
a(I49
I1
tp4381
asVway
p4382
(lp4383
(I58
I1
tp4384
a(I80
I2
tp4385
asV45
p4386
(lp4387
(I29
I1
tp4388
asVthanks
p4389
(lp4390
(I5
I1
tp4391
a(I80
I1
tp4392
asVteams
p4393
(lp4394
(I5
I4
tp4395
asVoccasional
p4396
(lp4397
(I44
I1
tp4398
a(I49
I1
tp4399
asVconditions
p4400
(lp4401
(I46
I1
tp4402
asVfunctionality
p4403
(lp4404
(I100
I1
tp4405
asVdetails
p4406
(lp4407
(I104
I1
tp4408
a(I5
I1
tp4409
asVambitious
p4410
(lp4411
(I4
I1
tp4412
asVtest
p4413
(lp4414
(I4
I1
tp4415
a(I46
I1
tp4416
asVstoryline
p4417
(lp4418
(I5
I1
tp4419
asVdevelopers
p4420
(lp4421
(I5
I1
tp4422
asVdecodeme
p4423
(lp4424
(I4
I1
tp4425
asVbriefly
p4426
(lp4427
(I5
I1
tp4428
asVprestigious
p4429
(lp4430
(I5
I1
tp4431
asV's
p4432
(lp4433
(I100
I10
tp4434
a(I104
I3
tp4435
a(I29
I6
tp4436
a(I4
I8
tp4437
a(I44
I50
tp4438
a(I46
I3
tp4439
a(I5
I12
tp4440
a(I58
I3
tp4441
a(I79
I1
tp4442
a(I80
I8
tp4443
asVusers
p4444
(lp4445
(I29
I1
tp4446
a(I44
I1
tp4447
a(I46
I50
tp4448
a(I49
I1
tp4449
a(I58
I1
tp4450
asVbeginnings
p4451
(lp4452
(I100
I1
tp4453
asVskill
p4454
(lp4455
(I5
I2
tp4456
asV2005
p4457
(lp4458
(I79
I1
tp4459
asVjune
p4460
(lp4461
(I29
I1
tp4462
asVupdate
p4463
(lp4464
(I58
I1
tp4465
asVgenentech
p4466
(lp4467
(I4
I55
tp4468
a(I46
I1
tp4469
asVstay
p4470
(lp4471
(I29
I1
tp4472
asV'd
p4473
(lp4474
(I29
I1
tp4475
a(I80
I1
tp4476
asVrising
p4477
(lp4478
(I79
I1
tp4479
asVstudied
p4480
(lp4481
(I5
I1
tp4482
asVthroughout
p4483
(lp4484
(I5
I1
tp4485
asVhighlighting
p4486
(lp4487
(I5
I1
tp4488
asV'm
p4489
(lp4490
(I5
I3
tp4491
asVfriends
p4492
(lp4493
(I5
I2
tp4494
a(I80
I1
tp4495
asVnetwork
p4496
(lp4497
(I58
I1
tp4498
a(I79
I2
tp4499
asVago
p4500
(lp4501
(I100
I1
tp4502
asVattendees
p4503
(lp4504
(I80
I1
tp4505
asVaccidents
p4506
(lp4507
(I79
I5
tp4508
asVremote
p4509
(lp4510
(I104
I1
tp4511
asVfda\u2019s
p4512
(lp4513
(I4
I1
tp4514
asVrequired
p4515
(lp4516
(I44
I1
tp4517
a(I49
I1
tp4518
asVrather
p4519
(lp4520
(I58
I1
tp4521
a(I80
I1
tp4522
asVdota
p4523
(lp4524
(I5
I1
tp4525
asVdaily
p4526
(lp4527
(I104
I1
tp4528
a(I44
I1
tp4529
a(I49
I1
tp4530
asVportion
p4531
(lp4532
(I80
I1
tp4533
asVstockpile
p4534
(lp4535
(I4
I1
tp4536
asVedgars
p4537
(lp4538
(I29
I1
tp4539
asVtime
p4540
(lp4541
(I29
I1
tp4542
a(I5
I6
tp4543
a(I80
I3
tp4544
asVserious
p4545
(lp4546
(I4
I1
tp4547
a(I46
I1
tp4548
a(I80
I1
tp4549
asV2008
p4550
(lp4551
(I100
I2
tp4552
asV2009
p4553
(lp4554
(I100
I1
tp4555
asVstarting
p4556
(lp4557
(I46
I1
tp4558
asVreceive
p4559
(lp4560
(I44
I1
tp4561
a(I49
I1
tp4562
asVstick
p4563
(lp4564
(I80
I1
tp4565
as.None
