ccollections
defaultdict
p0
(c__builtin__
list
p1
tp2
Rp3
Vcameras
p4
(lp5
(I53
I1
tp6
asVhigher-end
p7
(lp8
(I53
I1
tp9
asVsms
p10
(lp11
(I72
I1
tp12
asVglobal
p13
(lp14
(I43
I1
tp15
asVfocus
p16
(lp17
(I16
I2
tp18
asVmonth
p19
(lp20
(I53
I1
tp21
asVfounded
p22
(lp23
(I16
I1
tp24
asVmanager
p25
(lp26
(I16
I2
tp27
asVsofter
p28
(lp29
(I21
I53
tp30
asV/
p31
(lp32
(I72
I1
tp33
asVgo
p34
(lp35
(I16
I1
tp36
a(I43
I1
tp37
asV15
p38
(lp39
(I94
I50
tp40
asV2100
p41
(lp42
(I43
I1
tp43
asVcenters
p44
(lp45
(I43
I2
tp46
asVissues
p47
(lp48
(I62
I1
tp49
asVquickpic
p50
(lp51
(I72
I4
tp52
asVfronts
p53
(lp54
(I16
I1
tp55
asVreplacements
p56
(lp57
(I43
I1
tp58
asVmarvel-branded
p59
(lp60
(I62
I1
tp61
asVbackup
p62
(lp63
(I72
I1
tp64
asVzone
p65
(lp66
(I40
I1
tp67
asVicons
p68
(lp69
(I72
I1
tp70
asVtv
p71
(lp72
(I16
I6
tp73
asV540
p74
(lp75
(I53
I1
tp76
asVtweet
p77
(lp78
(I16
I1
tp79
a(I21
I1
tp80
a(I40
I1
tp81
a(I43
I1
tp82
a(I53
I1
tp83
a(I62
I1
tp84
a(I72
I1
tp85
asVwayne
p86
(lp87
(I72
I1
tp88
asVfunctions
p89
(lp90
(I53
I1
tp91
asVopportunities
p92
(lp93
(I16
I1
tp94
a(I62
I1
tp95
asVenvironment
p96
(lp97
(I43
I1
tp98
asVcommonly
p99
(lp100
(I53
I1
tp101
asVcharge
p102
(lp103
(I16
I2
tp104
asVprogram
p105
(lp106
(I16
I2
tp107
asVbrilliant
p108
(lp109
(I72
I1
tp110
asV\u20ac129
p111
(lp112
(I53
I1
tp113
asVinclude
p114
(lp115
(I53
I1
tp116
a(I72
I1
tp117
asVpresentation
p118
(lp119
(I43
I2
tp120
asV@
p121
(lp122
(I16
I1
tp123
asVuptick
p124
(lp125
(I43
I1
tp126
asVsmartphone
p127
(lp128
(I53
I51
tp129
a(I62
I1
tp130
a(I72
I1
tp131
asVsci-fi
p132
(lp133
(I40
I1
tp134
asVdeeper
p135
(lp136
(I43
I1
tp137
asVwithout
p138
(lp139
(I43
I1
tp140
asVfar
p141
(lp142
(I16
I1
tp143
a(I43
I3
tp144
a(I72
I1
tp145
asVminimal
p146
(lp147
(I72
I1
tp148
asVhorror
p149
(lp150
(I40
I1
tp151
asVrise
p152
(lp153
(I43
I1
tp154
asVrhyme
p155
(lp156
(I40
I1
tp157
asVsponsors
p158
(lp159
(I27
I1
tp160
a(I40
I1
tp161
a(I94
I1
tp162
asVchoudhry
p163
(lp164
(I16
I1
tp165
asVchoice
p166
(lp167
(I53
I1
tp168
asV5.0
p169
(lp170
(I72
I2
tp171
asVfacebook
p172
(lp173
(I16
I1
tp174
a(I21
I1
tp175
a(I27
I6
tp176
a(I40
I7
tp177
a(I43
I1
tp178
a(I53
I1
tp179
a(I62
I1
tp180
a(I72
I1
tp181
a(I94
I6
tp182
asVadditional
p183
(lp184
(I72
I1
tp185
asVblasters
p186
(lp187
(I16
I1
tp188
asVfall
p189
(lp190
(I40
I1
tp191
a(I72
I1
tp192
asVtelling
p193
(lp194
(I43
I1
tp195
asV960
p196
(lp197
(I53
I1
tp198
asVfullest
p199
(lp200
(I72
I1
tp201
asVfaa
p202
(lp203
(I40
I54
tp204
asVbringing
p205
(lp206
(I40
I1
tp207
asVfan
p208
(lp209
(I72
I1
tp210
asVcondition
p211
(lp212
(I43
I1
tp213
asVhdr
p214
(lp215
(I53
I1
tp216
asVentire
p217
(lp218
(I21
I1
tp219
asVcable
p220
(lp221
(I16
I1
tp222
asVcalled
p223
(lp224
(I72
I1
tp225
asVdeficient
p226
(lp227
(I43
I1
tp228
asVlouis
p229
(lp230
(I43
I1
tp231
asVnotes
p232
(lp233
(I43
I2
tp234
a(I72
I1
tp235
asVlist
p236
(lp237
(I16
I1
tp238
a(I72
I2
tp239
asVsolution
p240
(lp241
(I43
I1
tp242
asVleave
p243
(lp244
(I16
I1
tp245
a(I40
I1
tp246
asVlauncher
p247
(lp248
(I72
I5
tp249
asVrace
p250
(lp251
(I53
I1
tp252
asVhighway
p253
(lp254
(I43
I1
tp255
asVteam
p256
(lp257
(I16
I1
tp258
asVquick
p259
(lp260
(I62
I1
tp261
a(I72
I1
tp262
asVguy
p263
(lp264
(I16
I1
tp265
asVauthenticating
p266
(lp267
(I27
I1
tp268
a(I40
I1
tp269
a(I94
I1
tp270
asVsolutions
p271
(lp272
(I43
I1
tp273
asVrevolution
p274
(lp275
(I16
I1
tp276
asVsays
p277
(lp278
(I16
I2
tp279
a(I40
I51
tp280
a(I43
I1
tp281
a(I72
I1
tp282
asVfreight
p283
(lp284
(I43
I1
tp285
asVthin
p286
(lp287
(I53
I1
tp288
asVphones
p289
(lp290
(I21
I1
tp291
a(I53
I5
tp292
a(I72
I2
tp293
asVwarns
p294
(lp295
(I43
I1
tp296
asVguidelines
p297
(lp298
(I72
I1
tp299
asVsign
p300
(lp301
(I27
I1
tp302
a(I40
I1
tp303
a(I94
I1
tp304
asVjump
p305
(lp306
(I72
I1
tp307
asVsecond
p308
(lp309
(I62
I1
tp310
asVdesign
p311
(lp312
(I21
I5
tp313
a(I72
I71
tp314
asVperspective
p315
(lp316
(I53
I1
tp317
asVmay
p318
(lp319
(I53
I1
tp320
asVrealistic
p321
(lp322
(I62
I1
tp323
asVdownload
p324
(lp325
(I72
I2
tp326
asVdistinctly
p327
(lp328
(I62
I1
tp329
asVwo
p330
(lp331
(I43
I1
tp332
a(I72
I1
tp333
asVmakers
p334
(lp335
(I72
I2
tp336
asVawait
p337
(lp338
(I72
I1
tp339
asVbold
p340
(lp341
(I72
I3
tp342
asVeven
p343
(lp344
(I16
I1
tp345
a(I43
I2
tp346
a(I62
I2
tp347
a(I72
I4
tp348
asVcargo
p349
(lp350
(I43
I1
tp351
asVmaterial
p352
(lp353
(I72
I67
tp354
asVappear
p355
(lp356
(I53
I1
tp357
asVactionable
p358
(lp359
(I72
I1
tp360
asVfact
p361
(lp362
(I53
I1
tp363
asVhavoc
p364
(lp365
(I43
I1
tp366
asVcurrent
p367
(lp368
(I72
I1
tp369
asVthorny
p370
(lp371
(I43
I1
tp372
asVversion
p373
(lp374
(I21
I2
tp375
a(I62
I1
tp376
a(I72
I1
tp377
asVcar-sharing
p378
(lp379
(I43
I1
tp380
asVfossil
p381
(lp382
(I43
I1
tp383
asVcars
p384
(lp385
(I43
I2
tp386
asVnew
p387
(lp388
(I16
I4
tp389
a(I21
I1
tp390
a(I43
I4
tp391
a(I53
I1
tp392
a(I62
I1
tp393
a(I72
I7
tp394
asV;
p395
(lp396
(I16
I2
tp397
asVever
p398
(lp399
(I21
I2
tp400
asVpublic
p401
(lp402
(I40
I2
tp403
asVtold
p404
(lp405
(I16
I1
tp406
asVwidget
p407
(lp408
(I72
I2
tp409
asVhomescreen
p410
(lp411
(I72
I3
tp412
asVled
p413
(lp414
(I16
I2
tp415
asVcabinet
p416
(lp417
(I72
I4
tp418
asVorleans
p419
(lp420
(I43
I1
tp421
asVrespectively
p422
(lp423
(I53
I1
tp424
asVstraight-forward
p425
(lp426
(I72
I1
tp427
asVnever
p428
(lp429
(I43
I2
tp430
asVsubpar
p431
(lp432
(I53
I1
tp433
asVtaps
p434
(lp435
(I72
I1
tp436
asVanswers
p437
(lp438
(I43
I1
tp439
asVwater
p440
(lp441
(I43
I1
tp442
asVfun
p443
(lp444
(I53
I1
tp445
a(I72
I4
tp446
asVbusy
p447
(lp448
(I43
I1
tp449
asVfocused
p450
(lp451
(I16
I1
tp452
asVsink
p453
(lp454
(I43
I1
tp455
asVyards
p456
(lp457
(I43
I1
tp458
asVcongestion
p459
(lp460
(I43
I1
tp461
asValone
p462
(lp463
(I43
I1
tp464
asVignore
p465
(lp466
(I72
I1
tp467
asVnovember
p468
(lp469
(I16
I2
tp470
asVstrong
p471
(lp472
(I53
I50
tp473
asVappears
p474
(lp475
(I62
I1
tp476
asVchange
p477
(lp478
(I16
I1
tp479
a(I43
I3
tp480
asVwait
p481
(lp482
(I16
I1
tp483
asVbox
p484
(lp485
(I53
I1
tp486
a(I72
I1
tp487
asVgreat
p488
(lp489
(I16
I1
tp490
a(I27
I1
tp491
a(I40
I1
tp492
a(I43
I1
tp493
a(I72
I3
tp494
a(I94
I1
tp495
asV2045
p496
(lp497
(I43
I2
tp498
asVnoticeable
p499
(lp500
(I21
I1
tp501
asVcanadian
p502
(lp503
(I21
I1
tp504
asVreceive
p505
(lp506
(I27
I1
tp507
a(I40
I1
tp508
a(I94
I1
tp509
asVstudy
p510
(lp511
(I43
I5
tp512
asV30
p513
(lp514
(I43
I1
tp515
asVnextgen
p516
(lp517
(I43
I1
tp518
asVhost
p519
(lp520
(I43
I1
tp521
asVexperience
p522
(lp523
(I27
I2
tp524
a(I40
I2
tp525
a(I53
I1
tp526
a(I72
I3
tp527
a(I94
I2
tp528
asV4.99
p529
(lp530
(I72
I1
tp531
asVairport
p532
(lp533
(I43
I2
tp534
asVproducts
p535
(lp536
(I16
I1
tp537
a(I62
I1
tp538
asVadvertising
p539
(lp540
(I62
I2
tp541
asVpick
p542
(lp543
(I43
I1
tp544
a(I62
I1
tp545
asVhigh-tech
p546
(lp547
(I62
I1
tp548
asVresidents
p549
(lp550
(I43
I1
tp551
asVsound
p552
(lp553
(I62
I1
tp554
asVchanges
p555
(lp556
(I21
I2
tp557
asVoptions
p558
(lp559
(I43
I1
tp560
asVpoint
p561
(lp562
(I53
I1
tp563
asVbeautiful
p564
(lp565
(I72
I1
tp566
asVtasks
p567
(lp568
(I21
I1
tp569
asVuseful
p570
(lp571
(I53
I1
tp572
a(I72
I3
tp573
asVsearch
p574
(lp575
(I72
I1
tp576
asVapp
p577
(lp578
(I53
I1
tp579
a(I72
I16
tp580
asVimplode
p581
(lp582
(I43
I1
tp583
asVthemes
p584
(lp585
(I72
I1
tp586
asVcrazy
p587
(lp588
(I62
I1
tp589
asVreplace
p590
(lp591
(I43
I1
tp592
asVscaled
p593
(lp594
(I16
I1
tp595
asVput
p596
(lp597
(I21
I1
tp598
asVcolor
p599
(lp600
(I72
I2
tp601
asVcross-platform
p602
(lp603
(I72
I1
tp604
asVverge
p605
(lp606
(I16
I50
tp607
a(I21
I50
tp608
a(I27
I51
tp609
a(I40
I51
tp610
a(I43
I50
tp611
a(I53
I50
tp612
a(I62
I50
tp613
a(I72
I50
tp614
a(I94
I51
tp615
asVfake
p616
(lp617
(I40
I1
tp618
asVmanage
p619
(lp620
(I72
I1
tp621
asVapply
p622
(lp623
(I72
I1
tp624
asVactions
p625
(lp626
(I72
I1
tp627
asVtools
p628
(lp629
(I72
I1
tp630
asVunit
p631
(lp632
(I16
I1
tp633
asVsky
p634
(lp635
(I40
I1
tp636
asVsummer
p637
(lp638
(I62
I1
tp639
asVcountdown
p640
(lp641
(I53
I1
tp642
asVuse
p643
(lp644
(I21
I2
tp645
a(I53
I1
tp646
a(I62
I1
tp647
a(I72
I6
tp648
asVcheating
p649
(lp650
(I72
I1
tp651
asVevernote
p652
(lp653
(I72
I1
tp654
asVtakes
p655
(lp656
(I21
I1
tp657
a(I43
I1
tp658
a(I72
I1
tp659
asVwould
p660
(lp661
(I27
I1
tp662
a(I40
I3
tp663
a(I43
I1
tp664
a(I94
I1
tp665
asV&
p666
(lp667
(I21
I63
tp668
asVremains
p669
(lp670
(I16
I1
tp671
asVsuper
p672
(lp673
(I40
I52
tp674
asVtwo
p675
(lp676
(I21
I3
tp677
a(I62
I1
tp678
asVflat
p679
(lp680
(I72
I1
tp681
asVnext
p682
(lp683
(I16
I1
tp684
a(I21
I1
tp685
a(I43
I3
tp686
asV419.99
p687
(lp688
(I21
I1
tp689
asVcents
p690
(lp691
(I43
I1
tp692
asVlive
p693
(lp694
(I16
I1
tp695
a(I40
I1
tp696
asVcamera
p697
(lp698
(I21
I1
tp699
a(I53
I5
tp700
asVmusic
p701
(lp702
(I72
I1
tp703
asVpassport
p704
(lp705
(I21
I63
tp706
asV6
p707
(lp708
(I43
I50
tp709
asVfilms
p710
(lp711
(I40
I1
tp712
asVsurvive
p713
(lp714
(I40
I1
tp715
asVbundled
p716
(lp717
(I16
I1
tp718
asVstart
p719
(lp720
(I53
I1
tp721
asVtoday
p722
(lp723
(I16
I1
tp724
a(I21
I2
tp725
a(I43
I1
tp726
asVrepairing
p727
(lp728
(I43
I1
tp729
asV``
p730
(lp731
(I21
I1
tp732
a(I40
I3
tp733
a(I43
I8
tp734
a(I53
I1
tp735
a(I62
I1
tp736
asVsharing
p737
(lp738
(I27
I1
tp739
a(I40
I1
tp740
a(I72
I1
tp741
a(I94
I1
tp742
asVhour-by-hour
p743
(lp744
(I72
I1
tp745
asVupcoming
p746
(lp747
(I16
I1
tp748
asVstarted
p749
(lp750
(I53
I1
tp751
asVtax
p752
(lp753
(I43
I1
tp754
asVcompany
p755
(lp756
(I16
I53
tp757
a(I21
I1
tp758
a(I53
I1
tp759
asVwaterways
p760
(lp761
(I43
I1
tp762
asVrefrain
p763
(lp764
(I40
I1
tp765
asVmixtape
p766
(lp767
(I72
I1
tp768
asVphone
p769
(lp770
(I21
I2
tp771
a(I53
I5
tp772
a(I72
I4
tp773
asVconsoles
p774
(lp775
(I16
I1
tp776
asVgoods
p777
(lp778
(I43
I1
tp779
asVeverywhere
p780
(lp781
(I62
I2
tp782
asVbasically
p783
(lp784
(I43
I1
tp785
a(I62
I1
tp786
asVsharply
p787
(lp788
(I43
I1
tp789
asVexcellent
p790
(lp791
(I53
I1
tp792
asVdownturn
p793
(lp794
(I43
I1
tp795
asVhold
p796
(lp797
(I21
I1
tp798
asVeffort
p799
(lp800
(I72
I1
tp801
asVfolder
p802
(lp803
(I72
I1
tp804
asVworst
p805
(lp806
(I43
I1
tp807
asVvp
p808
(lp809
(I16
I1
tp810
asVaccount
p811
(lp812
(I27
I4
tp813
a(I40
I4
tp814
a(I72
I1
tp815
a(I94
I4
tp816
asVgraphic
p817
(lp818
(I43
I1
tp819
asVroom
p820
(lp821
(I16
I2
tp822
asVthanks
p823
(lp824
(I72
I1
tp825
asVlaguardia
p826
(lp827
(I43
I1
tp828
asVpursue
p829
(lp830
(I16
I1
tp831
asVcar
p832
(lp833
(I43
I2
tp834
asVoriginally
p835
(lp836
(I62
I1
tp837
asVwork
p838
(lp839
(I16
I1
tp840
a(I21
I1
tp841
a(I43
I1
tp842
asVcohesive
p843
(lp844
(I72
I1
tp845
asVdev
p846
(lp847
(I16
I1
tp848
asVhuge
p849
(lp850
(I43
I2
tp851
a(I62
I2
tp852
asVremain
p853
(lp854
(I16
I1
tp855
asVanywhere
p856
(lp857
(I40
I1
tp858
asVnine
p859
(lp860
(I43
I1
tp861
asVtemperatures
p862
(lp863
(I43
I1
tp864
asVinstall
p865
(lp866
(I72
I1
tp867
asVlearn
p868
(lp869
(I27
I1
tp870
a(I40
I1
tp871
a(I94
I1
tp872
asVgrowing
p873
(lp874
(I43
I1
tp875
asVstrategies
p876
(lp877
(I43
I1
tp878
asVvoice-activated
p879
(lp880
(I53
I1
tp881
asVexample
p882
(lp883
(I53
I1
tp884
a(I72
I1
tp885
asV16gb
p886
(lp887
(I53
I2
tp888
asVdropped
p889
(lp890
(I53
I1
tp891
asVcontrol
p892
(lp893
(I43
I1
tp894
asVdedicated
p895
(lp896
(I27
I1
tp897
a(I40
I1
tp898
a(I94
I1
tp899
asVcitizens
p900
(lp901
(I40
I1
tp902
asVwant
p903
(lp904
(I43
I1
tp905
a(I72
I4
tp906
asVfigure
p907
(lp908
(I43
I1
tp909
asVnexus
p910
(lp911
(I72
I1
tp912
asVdecember
p913
(lp914
(I16
I1
tp915
a(I21
I1
tp916
asVcited
p917
(lp918
(I43
I1
tp919
asVnewsletters
p920
(lp921
(I27
I1
tp922
a(I40
I1
tp923
a(I94
I1
tp924
asVshare
p925
(lp926
(I16
I3
tp927
a(I21
I3
tp928
a(I27
I1
tp929
a(I40
I4
tp930
a(I43
I3
tp931
a(I53
I3
tp932
a(I62
I3
tp933
a(I72
I3
tp934
a(I94
I1
tp935
asVupdated
p936
(lp937
(I72
I2
tp938
asVhigh
p939
(lp940
(I53
I1
tp941
asVheard
p942
(lp943
(I40
I1
tp944
asV'avengers
p945
(lp946
(I62
I50
tp947
asVpulling
p948
(lp949
(I43
I1
tp950
asVsomething
p951
(lp952
(I16
I2
tp953
a(I62
I2
tp954
a(I72
I1
tp955
asVpurchased
p956
(lp957
(I21
I1
tp958
asVgallon
p959
(lp960
(I43
I1
tp961
asVvoice
p962
(lp963
(I53
I2
tp964
asVdress
p965
(lp966
(I21
I1
tp967
asVreimagined
p968
(lp969
(I27
I50
tp970
asVworse
p971
(lp972
(I43
I2
tp973
asV!
p974
(lp975
(I16
I1
tp976
a(I27
I1
tp977
a(I40
I2
tp978
a(I94
I1
tp979
asVinformation
p980
(lp981
(I27
I1
tp982
a(I40
I1
tp983
a(I72
I1
tp984
a(I94
I1
tp985
asVend
p986
(lp987
(I40
I1
tp988
a(I53
I2
tp989
asVadvantage
p990
(lp991
(I72
I2
tp992
asVawkward
p993
(lp994
(I21
I1
tp995
asVconversation
p996
(lp997
(I43
I1
tp998
a(I72
I1
tp999
asVprovide
p1000
(lp1001
(I27
I2
tp1002
a(I40
I2
tp1003
a(I72
I2
tp1004
a(I94
I2
tp1005
asVself-driving
p1006
(lp1007
(I43
I3
tp1008
asVget
p1009
(lp1010
(I21
I1
tp1011
a(I43
I5
tp1012
a(I72
I2
tp1013
asVfeature
p1014
(lp1015
(I16
I1
tp1016
asVpleasing
p1017
(lp1018
(I72
I1
tp1019
asVconcerned
p1020
(lp1021
(I43
I1
tp1022
asVpair
p1023
(lp1024
(I53
I1
tp1025
asVs.
p1026
(lp1027
(I53
I1
tp1028
asVinstead
p1029
(lp1030
(I27
I4
tp1031
a(I40
I4
tp1032
a(I43
I1
tp1033
a(I62
I1
tp1034
a(I94
I4
tp1035
asVspeaks
p1036
(lp1037
(I53
I1
tp1038
asVinformative
p1039
(lp1040
(I72
I3
tp1041
asVstock
p1042
(lp1043
(I40
I1
tp1044
asVfare
p1045
(lp1046
(I53
I1
tp1047
asVgaming
p1048
(lp1049
(I16
I1
tp1050
asVproduct
p1051
(lp1052
(I16
I2
tp1053
a(I62
I3
tp1054
asVsandwich
p1055
(lp1056
(I21
I1
tp1057
asVdriving
p1058
(lp1059
(I43
I1
tp1060
asV1.99
p1061
(lp1062
(I72
I1
tp1063
asVcrashes
p1064
(lp1065
(I43
I1
tp1066
asVgumming
p1067
(lp1068
(I43
I1
tp1069
asVspecifications
p1070
(lp1071
(I21
I1
tp1072
asVrailways
p1073
(lp1074
(I43
I1
tp1075
asVdive
p1076
(lp1077
(I72
I1
tp1078
asVearlier
p1079
(lp1080
(I53
I1
tp1081
asVupgradable
p1082
(lp1083
(I53
I1
tp1084
asV3rd
p1085
(lp1086
(I27
I4
tp1087
a(I40
I4
tp1088
a(I94
I4
tp1089
asVroutes
p1090
(lp1091
(I43
I1
tp1092
asVwrong
p1093
(lp1094
(I43
I1
tp1095
asVplane
p1096
(lp1097
(I43
I1
tp1098
asVdesigned
p1099
(lp1100
(I21
I1
tp1101
asVsonos
p1102
(lp1103
(I16
I2
tp1104
asVimproving
p1105
(lp1106
(I21
I1
tp1107
asVbackyard
p1108
(lp1109
(I40
I1
tp1110
asVdata
p1111
(lp1112
(I27
I2
tp1113
a(I40
I2
tp1114
a(I43
I1
tp1115
a(I72
I1
tp1116
a(I94
I2
tp1117
asVavengers
p1118
(lp1119
(I62
I2
tp1120
asVefficiently
p1121
(lp1122
(I43
I1
tp1123
asVpurchase
p1124
(lp1125
(I21
I1
tp1126
a(I72
I1
tp1127
asVshort
p1128
(lp1129
(I40
I1
tp1130
asVphysical
p1131
(lp1132
(I53
I1
tp1133
asVliquid
p1134
(lp1135
(I53
I53
tp1136
asVdiabolical
p1137
(lp1138
(I40
I1
tp1139
asVlines
p1140
(lp1141
(I43
I1
tp1142
asVdeparture
p1143
(lp1144
(I16
I1
tp1145
asV1gb
p1146
(lp1147
(I53
I1
tp1148
asVq
p1149
(lp1150
(I62
I1
tp1151
asVgeneric
p1152
(lp1153
(I21
I1
tp1154
asVchief
p1155
(lp1156
(I16
I3
tp1157
asVautomatically
p1158
(lp1159
(I72
I1
tp1160
asVgoodbye
p1161
(lp1162
(I16
I1
tp1163
asVthreatens
p1164
(lp1165
(I43
I1
tp1166
asVevery
p1167
(lp1168
(I16
I53
tp1169
a(I43
I2
tp1170
asVdrone
p1171
(lp1172
(I40
I3
tp1173
asVpulled
p1174
(lp1175
(I21
I1
tp1176
a(I62
I1
tp1177
asVorder
p1178
(lp1179
(I27
I1
tp1180
a(I40
I1
tp1181
a(I94
I1
tp1182
asVgesture
p1183
(lp1184
(I53
I1
tp1185
asVturnover
p1186
(lp1187
(I16
I1
tp1188
asVexclusive
p1189
(lp1190
(I21
I1
tp1191
a(I62
I2
tp1192
asVholds
p1193
(lp1194
(I43
I1
tp1195
asVrounded
p1196
(lp1197
(I21
I2
tp1198
asVhelp
p1199
(lp1200
(I43
I2
tp1201
a(I62
I1
tp1202
asVproducer
p1203
(lp1204
(I43
I1
tp1205
asVdeck
p1206
(lp1207
(I43
I2
tp1208
asVseptember
p1209
(lp1210
(I21
I1
tp1211
asVcontributors
p1212
(lp1213
(I43
I1
tp1214
asVmove
p1215
(lp1216
(I43
I1
tp1217
asVencounter
p1218
(lp1219
(I53
I1
tp1220
asVsoon
p1221
(lp1222
(I62
I1
tp1223
asVmaking
p1224
(lp1225
(I53
I1
tp1226
a(I72
I1
tp1227
asVyears
p1228
(lp1229
(I40
I1
tp1230
a(I43
I2
tp1231
a(I53
I1
tp1232
asVproduced
p1233
(lp1234
(I40
I1
tp1235
asVradar
p1236
(lp1237
(I72
I1
tp1238
asVrounder
p1239
(lp1240
(I21
I51
tp1241
asValready
p1242
(lp1243
(I72
I1
tp1244
asVtablets
p1245
(lp1246
(I62
I3
tp1247
asVlooks
p1248
(lp1249
(I21
I2
tp1250
a(I62
I1
tp1251
asVkeyboard
p1252
(lp1253
(I21
I1
tp1254
asVargued
p1255
(lp1256
(I16
I1
tp1257
asVnavigation
p1258
(lp1259
(I72
I1
tp1260
asVstill
p1261
(lp1262
(I21
I3
tp1263
a(I43
I1
tp1264
a(I53
I1
tp1265
a(I62
I1
tp1266
a(I72
I2
tp1267
asVgalaxy
p1268
(lp1269
(I62
I1
tp1270
asVperfect
p1271
(lp1272
(I43
I1
tp1273
asVbridges
p1274
(lp1275
(I43
I2
tp1276
asVtransitions
p1277
(lp1278
(I72
I4
tp1279
asVgroup
p1280
(lp1281
(I16
I1
tp1282
asVla
p1283
(lp1284
(I43
I1
tp1285
asVthird-party
p1286
(lp1287
(I72
I1
tp1288
asVfix
p1289
(lp1290
(I43
I1
tp1291
asVstriking
p1292
(lp1293
(I21
I1
tp1294
asV,
p1295
(lp1296
(I16
I27
tp1297
a(I21
I69
tp1298
a(I27
I9
tp1299
a(I40
I71
tp1300
a(I43
I51
tp1301
a(I53
I34
tp1302
a(I62
I116
tp1303
a(I72
I69
tp1304
a(I94
I9
tp1305
asVactually
p1306
(lp1307
(I43
I2
tp1308
a(I62
I1
tp1309
a(I72
I1
tp1310
asVbetter
p1311
(lp1312
(I21
I2
tp1313
a(I27
I1
tp1314
a(I40
I2
tp1315
a(I72
I3
tp1316
a(I94
I1
tp1317
asVplatform
p1318
(lp1319
(I16
I4
tp1320
a(I72
I1
tp1321
asVoffers
p1322
(lp1323
(I72
I2
tp1324
asVactivate
p1325
(lp1326
(I53
I1
tp1327
asVchoose
p1328
(lp1329
(I27
I1
tp1330
a(I40
I1
tp1331
a(I94
I1
tp1332
asVpop-up
p1333
(lp1334
(I43
I1
tp1335
asVpolicy
p1336
(lp1337
(I27
I1
tp1338
a(I40
I2
tp1339
a(I94
I1
tp1340
asV2014
p1341
(lp1342
(I16
I1
tp1343
asVmatch
p1344
(lp1345
(I72
I1
tp1346
asVcontextual
p1347
(lp1348
(I53
I1
tp1349
asVdecades
p1350
(lp1351
(I43
I2
tp1352
asValter
p1353
(lp1354
(I21
I1
tp1355
asV2012
p1356
(lp1357
(I21
I1
tp1358
asVdesigns
p1359
(lp1360
(I72
I1
tp1361
asVgood
p1362
(lp1363
(I16
I1
tp1364
a(I43
I3
tp1365
asV3
p1366
(lp1367
(I72
I6
tp1368
asVceo
p1369
(lp1370
(I16
I1
tp1371
asVauto
p1372
(lp1373
(I43
I1
tp1374
asVslate
p1375
(lp1376
(I43
I1
tp1377
asVpractice
p1378
(lp1379
(I21
I1
tp1380
asVcover
p1381
(lp1382
(I62
I1
tp1383
asVband
p1384
(lp1385
(I21
I1
tp1386
asVces
p1387
(lp1388
(I43
I1
tp1389
a(I53
I2
tp1390
asVhands
p1391
(lp1392
(I21
I1
tp1393
asVmisuse
p1394
(lp1395
(I40
I1
tp1396
asVin-app
p1397
(lp1398
(I72
I1
tp1399
asVbigger
p1400
(lp1401
(I16
I2
tp1402
a(I43
I1
tp1403
asVfeet
p1404
(lp1405
(I43
I1
tp1406
asVfebruary
p1407
(lp1408
(I16
I1
tp1409
a(I53
I1
tp1410
asVairports
p1411
(lp1412
(I43
I1
tp1413
asVname
p1414
(lp1415
(I43
I1
tp1416
asVinstallment
p1417
(lp1418
(I21
I1
tp1419
asVmaterializing
p1420
(lp1421
(I43
I1
tp1422
asVcorners
p1423
(lp1424
(I21
I1
tp1425
asVdirectories
p1426
(lp1427
(I72
I1
tp1428
asVdebut
p1429
(lp1430
(I72
I1
tp1431
asVadvent
p1432
(lp1433
(I43
I1
tp1434
asVrefresh
p1435
(lp1436
(I72
I2
tp1437
asVcustomizable
p1438
(lp1439
(I53
I1
tp1440
a(I72
I1
tp1441
asVslide
p1442
(lp1443
(I43
I2
tp1444
asVweather
p1445
(lp1446
(I72
I5
tp1447
asVtesting
p1448
(lp1449
(I43
I1
tp1450
asVman
p1451
(lp1452
(I62
I50
tp1453
asVkeri
p1454
(lp1455
(I16
I1
tp1456
asVhurdle
p1457
(lp1458
(I43
I1
tp1459
asVrepeating
p1460
(lp1461
(I62
I1
tp1462
asVeconomy
p1463
(lp1464
(I43
I2
tp1465
asVbutton
p1466
(lp1467
(I53
I3
tp1468
asVtrailer
p1469
(lp1470
(I62
I55
tp1471
asVmean
p1472
(lp1473
(I62
I1
tp1474
asVweek
p1475
(lp1476
(I72
I1
tp1477
asVeveryone
p1478
(lp1479
(I43
I1
tp1480
asVsignificantly
p1481
(lp1482
(I21
I1
tp1483
asVweight
p1484
(lp1485
(I43
I1
tp1486
asVfairly
p1487
(lp1488
(I72
I1
tp1489
asVhouse
p1490
(lp1491
(I40
I1
tp1492
asVglobe
p1493
(lp1494
(I43
I1
tp1495
asVhard
p1496
(lp1497
(I21
I1
tp1498
a(I72
I1
tp1499
asVidea
p1500
(lp1501
(I16
I2
tp1502
asVunlock
p1503
(lp1504
(I53
I1
tp1505
a(I72
I1
tp1506
asVfrequency
p1507
(lp1508
(I43
I1
tp1509
asVtrading
p1510
(lp1511
(I21
I1
tp1512
asVsluggish
p1513
(lp1514
(I53
I1
tp1515
asVyear
p1516
(lp1517
(I16
I51
tp1518
a(I21
I1
tp1519
a(I43
I1
tp1520
a(I53
I1
tp1521
a(I72
I1
tp1522
asVremiss
p1523
(lp1524
(I72
I1
tp1525
asVbeyond
p1526
(lp1527
(I43
I4
tp1528
asVusdot
p1529
(lp1530
(I43
I5
tp1531
asVevent
p1532
(lp1533
(I40
I1
tp1534
asVspecial
p1535
(lp1536
(I43
I1
tp1537
asVreally
p1538
(lp1539
(I43
I1
tp1540
a(I62
I1
tp1541
asVpower
p1542
(lp1543
(I53
I1
tp1544
asVliving
p1545
(lp1546
(I16
I2
tp1547
a(I72
I1
tp1548
asVultimately
p1549
(lp1550
(I43
I1
tp1551
asVlovers
p1552
(lp1553
(I43
I1
tp1554
asV'
p1555
(lp1556
(I21
I2
tp1557
a(I40
I51
tp1558
a(I43
I2
tp1559
a(I53
I2
tp1560
a(I62
I50
tp1561
asVspace
p1562
(lp1563
(I43
I1
tp1564
asVopen
p1565
(lp1566
(I53
I1
tp1567
asVintegrates
p1568
(lp1569
(I72
I1
tp1570
asVsince
p1571
(lp1572
(I16
I2
tp1573
a(I21
I2
tp1574
asVwashed
p1575
(lp1576
(I53
I1
tp1577
asVlooking
p1578
(lp1579
(I53
I1
tp1580
a(I72
I2
tp1581
asVenjoyment
p1582
(lp1583
(I40
I1
tp1584
asVmessenger
p1585
(lp1586
(I72
I5
tp1587
asVrecently
p1588
(lp1589
(I72
I1
tp1590
asVreader
p1591
(lp1592
(I72
I2
tp1593
asVgot
p1594
(lp1595
(I43
I2
tp1596
asVoffline
p1597
(lp1598
(I72
I1
tp1599
asVbrilliantly
p1600
(lp1601
(I72
I1
tp1602
asVcause
p1603
(lp1604
(I43
I1
tp1605
asVintegrated
p1606
(lp1607
(I72
I1
tp1608
asVannounced
p1609
(lp1610
(I16
I1
tp1611
a(I43
I1
tp1612
a(I62
I1
tp1613
asVshows
p1614
(lp1615
(I43
I1
tp1616
asVcraving
p1617
(lp1618
(I72
I1
tp1619
asVnon-qualcomm
p1620
(lp1621
(I53
I1
tp1622
asVlove
p1623
(lp1624
(I72
I1
tp1625
asVfound
p1626
(lp1627
(I72
I1
tp1628
asVtimeline
p1629
(lp1630
(I21
I1
tp1631
a(I72
I5
tp1632
asVmms
p1633
(lp1634
(I72
I2
tp1635
asVquite
p1636
(lp1637
(I43
I1
tp1638
asVsmall
p1639
(lp1640
(I72
I1
tp1641
asVreason
p1642
(lp1643
(I72
I1
tp1644
asVcollapsible
p1645
(lp1646
(I72
I1
tp1647
asVyork
p1648
(lp1649
(I43
I1
tp1650
asVdire
p1651
(lp1652
(I43
I1
tp1653
asVimagine
p1654
(lp1655
(I43
I2
tp1656
asVbumpy
p1657
(lp1658
(I16
I1
tp1659
asVforecasts
p1660
(lp1661
(I72
I1
tp1662
asVlollipop
p1663
(lp1664
(I53
I1
tp1665
a(I72
I4
tp1666
asVfull-featured
p1667
(lp1668
(I72
I1
tp1669
asVusers
p1670
(lp1671
(I27
I1
tp1672
a(I40
I1
tp1673
a(I72
I2
tp1674
a(I94
I1
tp1675
asVincorporates
p1676
(lp1677
(I72
I2
tp1678
asVunique
p1679
(lp1680
(I43
I1
tp1681
a(I72
I1
tp1682
asVmediatek
p1683
(lp1684
(I53
I1
tp1685
asVg
p1686
(lp1687
(I53
I2
tp1688
asVlaunch
p1689
(lp1690
(I16
I1
tp1691
a(I21
I1
tp1692
a(I53
I3
tp1693
a(I72
I1
tp1694
asV3.99
p1695
(lp1696
(I72
I1
tp1697
asVcould
p1698
(lp1699
(I40
I1
tp1700
a(I43
I1
tp1701
a(I53
I1
tp1702
a(I62
I1
tp1703
asVinexpensive
p1704
(lp1705
(I53
I51
tp1706
asVask
p1707
(lp1708
(I27
I1
tp1709
a(I40
I2
tp1710
a(I94
I1
tp1711
asVterrible
p1712
(lp1713
(I16
I1
tp1714
a(I43
I1
tp1715
asVtimer
p1716
(lp1717
(I53
I1
tp1718
asVtimes
p1719
(lp1720
(I16
I1
tp1721
asVthing
p1722
(lp1723
(I16
I1
tp1724
a(I43
I1
tp1725
a(I53
I1
tp1726
asVamerican
p1727
(lp1728
(I43
I2
tp1729
asVlevels
p1730
(lp1731
(I43
I1
tp1732
asVinches
p1733
(lp1734
(I53
I1
tp1735
asVfuturistic
p1736
(lp1737
(I40
I1
tp1738
asVlte
p1739
(lp1740
(I53
I3
tp1741
asVinvitation
p1742
(lp1743
(I43
I1
tp1744
asVtimed
p1745
(lp1746
(I43
I1
tp1747
asVmoving
p1748
(lp1749
(I43
I1
tp1750
asVretail
p1751
(lp1752
(I21
I1
tp1753
asVassign
p1754
(lp1755
(I53
I1
tp1756
asVfirst
p1757
(lp1758
(I16
I2
tp1759
a(I21
I2
tp1760
a(I72
I1
tp1761
asVarterial
p1762
(lp1763
(I43
I1
tp1764
asVfalcon
p1765
(lp1766
(I72
I3
tp1767
asVmajor
p1768
(lp1769
(I21
I1
tp1770
a(I43
I3
tp1771
a(I72
I1
tp1772
asVfinest
p1773
(lp1774
(I40
I1
tp1775
asVsaving
p1776
(lp1777
(I72
I1
tp1778
asVfeatures
p1779
(lp1780
(I72
I2
tp1781
asVswapped
p1782
(lp1783
(I21
I2
tp1784
asVfeel
p1785
(lp1786
(I72
I1
tp1787
asVthereafter
p1788
(lp1789
(I62
I1
tp1790
asVcoming
p1791
(lp1792
(I43
I1
tp1793
asVencouraging
p1794
(lp1795
(I40
I2
tp1796
asVone
p1797
(lp1798
(I16
I11
tp1799
a(I21
I2
tp1800
a(I43
I4
tp1801
a(I62
I1
tp1802
a(I72
I6
tp1803
asVchannels
p1804
(lp1805
(I21
I1
tp1806
asVfantasy
p1807
(lp1808
(I62
I1
tp1809
asVdone
p1810
(lp1811
(I21
I1
tp1812
a(I27
I1
tp1813
a(I40
I1
tp1814
a(I72
I1
tp1815
a(I94
I1
tp1816
asVgases
p1817
(lp1818
(I43
I1
tp1819
asVdirectly
p1820
(lp1821
(I21
I2
tp1822
a(I72
I1
tp1823
asVdrones
p1824
(lp1825
(I40
I53
tp1826
asVtitled
p1827
(lp1828
(I40
I1
tp1829
asVthick
p1830
(lp1831
(I53
I1
tp1832
asVtrick
p1833
(lp1834
(I53
I1
tp1835
asVquality
p1836
(lp1837
(I53
I2
tp1838
asVengineer
p1839
(lp1840
(I16
I1
tp1841
asVtake
p1842
(lp1843
(I72
I2
tp1844
asVfeedly
p1845
(lp1846
(I72
I1
tp1847
asVancient
p1848
(lp1849
(I43
I1
tp1850
asVservice
p1851
(lp1852
(I40
I1
tp1853
asVprivacy
p1854
(lp1855
(I27
I1
tp1856
a(I40
I1
tp1857
a(I94
I1
tp1858
asVtop
p1859
(lp1860
(I53
I1
tp1861
asVsystem
p1862
(lp1863
(I16
I1
tp1864
a(I43
I2
tp1865
asVleast
p1866
(lp1867
(I43
I1
tp1868
a(I62
I1
tp1869
asVblackberry
p1870
(lp1871
(I21
I58
tp1872
asVanyone
p1873
(lp1874
(I43
I3
tp1875
asVneeded
p1876
(lp1877
(I43
I1
tp1878
asVconfirming
p1879
(lp1880
(I27
I1
tp1881
a(I40
I1
tp1882
a(I94
I1
tp1883
asVrates
p1884
(lp1885
(I72
I1
tp1886
asVrenewable
p1887
(lp1888
(I43
I1
tp1889
asVstorm
p1890
(lp1891
(I43
I1
tp1892
a(I53
I1
tp1893
asVultron
p1894
(lp1895
(I62
I101
tp1896
asVwidgets
p1897
(lp1898
(I72
I1
tp1899
asVfree
p1900
(lp1901
(I72
I8
tp1902
asVwhite
p1903
(lp1904
(I40
I1
tp1905
asVperfectly
p1906
(lp1907
(I43
I1
tp1908
asVsensitivity
p1909
(lp1910
(I21
I1
tp1911
asVstore
p1912
(lp1913
(I27
I1
tp1914
a(I40
I1
tp1915
a(I62
I3
tp1916
a(I72
I4
tp1917
a(I94
I1
tp1918
asVlisted
p1919
(lp1920
(I72
I1
tp1921
asVinterests
p1922
(lp1923
(I43
I1
tp1924
asVurban
p1925
(lp1926
(I43
I2
tp1927
asVselling
p1928
(lp1929
(I21
I2
tp1930
asVlot
p1931
(lp1932
(I21
I1
tp1933
a(I72
I1
tp1934
asVmostly
p1935
(lp1936
(I16
I1
tp1937
asVfloppy
p1938
(lp1939
(I40
I1
tp1940
asVdoomed
p1941
(lp1942
(I16
I1
tp1943
a(I43
I1
tp1944
asVexactly
p1945
(lp1946
(I21
I1
tp1947
a(I53
I3
tp1948
asVserve
p1949
(lp1950
(I53
I1
tp1951
asVpromise
p1952
(lp1953
(I43
I1
tp1954
a(I72
I1
tp1955
asVforward
p1956
(lp1957
(I21
I1
tp1958
asVpart
p1959
(lp1960
(I43
I3
tp1961
a(I62
I1
tp1962
a(I72
I1
tp1963
asVnotification
p1964
(lp1965
(I72
I1
tp1966
asVfocusing
p1967
(lp1968
(I16
I1
tp1969
asVshortly
p1970
(lp1971
(I62
I1
tp1972
asVbelieve
p1973
(lp1974
(I40
I1
tp1975
asV13-megapixel
p1976
(lp1977
(I53
I1
tp1978
asVupdating
p1979
(lp1980
(I72
I1
tp1981
asVcharacter
p1982
(lp1983
(I21
I1
tp1984
asVwide
p1985
(lp1986
(I21
I1
tp1987
asVfaa's
p1988
(lp1989
(I43
I1
tp1990
asVben
p1991
(lp1992
(I16
I1
tp1993
asVkindly
p1994
(lp1995
(I40
I1
tp1996
asV2015
p1997
(lp1998
(I53
I2
tp1999
asVboring
p2000
(lp2001
(I40
I1
tp2002
asVbother
p2003
(lp2004
(I53
I1
tp2005
asVolder
p2006
(lp2007
(I72
I2
tp2008
asVenabled
p2009
(lp2010
(I16
I1
tp2011
asVsee
p2012
(lp2013
(I21
I1
tp2014
a(I40
I1
tp2015
a(I53
I1
tp2016
a(I62
I3
tp2017
a(I72
I1
tp2018
asVfuture
p2019
(lp2020
(I40
I2
tp2021
a(I43
I52
tp2022
a(I72
I1
tp2023
asV0.99
p2024
(lp2025
(I72
I1
tp2026
asVsupposed
p2027
(lp2028
(I16
I4
tp2029
asVbroad
p2030
(lp2031
(I62
I1
tp2032
asVlight
p2033
(lp2034
(I43
I1
tp2035
a(I53
I1
tp2036
asVvideo
p2037
(lp2038
(I16
I53
tp2039
a(I40
I5
tp2040
a(I62
I1
tp2041
asV've
p2042
(lp2043
(I40
I1
tp2044
a(I43
I1
tp2045
a(I72
I1
tp2046
asV18.4
p2047
(lp2048
(I43
I1
tp2049
asVproactive
p2050
(lp2051
(I40
I1
tp2052
asVinteractive
p2053
(lp2054
(I16
I2
tp2055
asVsea
p2056
(lp2057
(I43
I1
tp2058
asVremained
p2059
(lp2060
(I43
I1
tp2061
asVnavigate
p2062
(lp2063
(I21
I1
tp2064
a(I53
I1
tp2065
asVpro
p2066
(lp2067
(I72
I3
tp2068
asVmodern
p2069
(lp2070
(I53
I1
tp2071
a(I72
I1
tp2072
asVmind
p2073
(lp2074
(I43
I1
tp2075
asVcomfortable
p2076
(lp2077
(I21
I2
tp2078
asVtalking
p2079
(lp2080
(I43
I1
tp2081
asVfacing
p2082
(lp2083
(I53
I1
tp2084
asVhandsets
p2085
(lp2086
(I53
I1
tp2087
asVtrust
p2088
(lp2089
(I43
I1
tp2090
asVrelatively
p2091
(lp2092
(I53
I1
tp2093
asVdate
p2094
(lp2095
(I72
I1
tp2096
asVboyd
p2097
(lp2098
(I16
I2
tp2099
asVefficient
p2100
(lp2101
(I43
I1
tp2102
a(I72
I1
tp2103
asVodd
p2104
(lp2105
(I62
I1
tp2106
asVstorage
p2107
(lp2108
(I53
I2
tp2109
a(I72
I1
tp2110
asVideas
p2111
(lp2112
(I16
I1
tp2113
a(I72
I4
tp2114
asVdelightful
p2115
(lp2116
(I72
I2
tp2117
asValso
p2118
(lp2119
(I16
I1
tp2120
a(I27
I1
tp2121
a(I40
I1
tp2122
a(I53
I2
tp2123
a(I72
I4
tp2124
a(I94
I1
tp2125
asVinternal
p2126
(lp2127
(I21
I2
tp2128
asVdirectives
p2129
(lp2130
(I72
I3
tp2131
asVbuild
p2132
(lp2133
(I16
I2
tp2134
a(I43
I1
tp2135
a(I53
I1
tp2136
asVenergy
p2137
(lp2138
(I43
I2
tp2139
asVonline
p2140
(lp2141
(I21
I1
tp2142
a(I62
I1
tp2143
asVwanting
p2144
(lp2145
(I21
I1
tp2146
asVpersonalized
p2147
(lp2148
(I72
I1
tp2149
asVgmail
p2150
(lp2151
(I72
I1
tp2152
asVbecoming
p2153
(lp2154
(I27
I1
tp2155
a(I40
I1
tp2156
a(I94
I1
tp2157
asVfolders
p2158
(lp2159
(I72
I2
tp2160
asVunremarkable
p2161
(lp2162
(I53
I1
tp2163
asVplay
p2164
(lp2165
(I16
I1
tp2166
a(I53
I50
tp2167
a(I72
I4
tp2168
asVtowards
p2169
(lp2170
(I16
I1
tp2171
asVunless
p2172
(lp2173
(I43
I1
tp2174
asVagenda
p2175
(lp2176
(I72
I1
tp2177
asVthough
p2178
(lp2179
(I21
I1
tp2180
a(I43
I1
tp2181
a(I53
I2
tp2182
a(I62
I2
tp2183
a(I72
I1
tp2184
asVcustomize
p2185
(lp2186
(I72
I1
tp2187
asVeggs
p2188
(lp2189
(I27
I50
tp2190
asVpalette
p2191
(lp2192
(I72
I1
tp2193
asV49.99
p2194
(lp2195
(I21
I1
tp2196
asVimportantly
p2197
(lp2198
(I16
I1
tp2199
a(I21
I1
tp2200
asVplan
p2201
(lp2202
(I16
I1
tp2203
a(I21
I1
tp2204
asVsignificant
p2205
(lp2206
(I53
I1
tp2207
asVinline
p2208
(lp2209
(I72
I1
tp2210
asVdevice
p2211
(lp2212
(I21
I1
tp2213
a(I53
I1
tp2214
a(I72
I3
tp2215
asVamerica
p2216
(lp2217
(I43
I1
tp2218
asVextremely
p2219
(lp2220
(I53
I1
tp2221
asVgallery
p2222
(lp2223
(I72
I1
tp2224
asV64-bit
p2225
(lp2226
(I53
I2
tp2227
asVplacement
p2228
(lp2229
(I62
I3
tp2230
asVrefreshing
p2231
(lp2232
(I21
I1
tp2233
asVreleased
p2234
(lp2235
(I43
I1
tp2236
a(I72
I2
tp2237
asVwindows
p2238
(lp2239
(I16
I3
tp2240
asVclear
p2241
(lp2242
(I16
I2
tp2243
a(I43
I1
tp2244
a(I53
I1
tp2245
asVphil
p2246
(lp2247
(I16
I2
tp2248
asVmetal
p2249
(lp2250
(I21
I1
tp2251
asVspend
p2252
(lp2253
(I43
I2
tp2254
asVlooked
p2255
(lp2256
(I21
I1
tp2257
asVbuttery-fluid
p2258
(lp2259
(I72
I1
tp2260
asVdefinitely
p2261
(lp2262
(I16
I1
tp2263
a(I43
I1
tp2264
a(I53
I2
tp2265
asVtech
p2266
(lp2267
(I43
I1
tp2268
asVplace
p2269
(lp2270
(I72
I1
tp2271
asVclean
p2272
(lp2273
(I72
I1
tp2274
asVcaching
p2275
(lp2276
(I72
I1
tp2277
asVbuilt
p2278
(lp2279
(I43
I1
tp2280
a(I72
I1
tp2281
asVlatest
p2282
(lp2283
(I53
I1
tp2284
a(I72
I1
tp2285
asVconsumer
p2286
(lp2287
(I43
I1
tp2288
asVmicrosoft
p2289
(lp2290
(I16
I6
tp2291
asVdot
p2292
(lp2293
(I43
I2
tp2294
asVmarvel
p2295
(lp2296
(I62
I1
tp2297
asVdrastically
p2298
(lp2299
(I16
I1
tp2300
asVparticularly
p2301
(lp2302
(I43
I2
tp2303
asVshow
p2304
(lp2305
(I40
I1
tp2306
asVtext
p2307
(lp2308
(I72
I1
tp2309
asVwatch
p2310
(lp2311
(I62
I1
tp2312
asVbring
p2313
(lp2314
(I40
I52
tp2315
a(I53
I1
tp2316
asVbright
p2317
(lp2318
(I43
I1
tp2319
a(I53
I1
tp2320
a(I72
I1
tp2321
asVserving
p2322
(lp2323
(I53
I1
tp2324
asVgreenhouse
p2325
(lp2326
(I43
I1
tp2327
asV'please
p2328
(lp2329
(I40
I51
tp2330
asVcomputers
p2331
(lp2332
(I62
I1
tp2333
asVfeat
p2334
(lp2335
(I72
I1
tp2336
asVfind
p2337
(lp2338
(I16
I1
tp2339
asVdecade
p2340
(lp2341
(I16
I1
tp2342
asVchromebook
p2343
(lp2344
(I94
I50
tp2345
asVpartners
p2346
(lp2347
(I27
I1
tp2348
a(I40
I1
tp2349
a(I94
I1
tp2350
asVwraps
p2351
(lp2352
(I21
I1
tp2353
asVcopy
p2354
(lp2355
(I40
I1
tp2356
asVbased
p2357
(lp2358
(I72
I3
tp2359
asVadvanced
p2360
(lp2361
(I72
I1
tp2362
asVreassigned
p2363
(lp2364
(I16
I1
tp2365
asVchampioned
p2366
(lp2367
(I16
I1
tp2368
asV(
p2369
(lp2370
(I16
I1
tp2371
a(I21
I5
tp2372
a(I43
I2
tp2373
a(I53
I2
tp2374
a(I72
I2
tp2375
asVmattrick
p2376
(lp2377
(I16
I1
tp2378
asVdistributed
p2379
(lp2380
(I43
I1
tp2381
asVbehind
p2382
(lp2383
(I43
I1
tp2384
asVcontrols
p2385
(lp2386
(I16
I1
tp2387
a(I72
I1
tp2388
asVexamples
p2389
(lp2390
(I72
I1
tp2391
asVflights
p2392
(lp2393
(I43
I1
tp2394
asVgoing
p2395
(lp2396
(I43
I1
tp2397
asVblack
p2398
(lp2399
(I62
I2
tp2400
asVpretty
p2401
(lp2402
(I16
I1
tp2403
a(I43
I1
tp2404
a(I72
I1
tp2405
asVpursuing
p2406
(lp2407
(I43
I1
tp2408
asVfuel
p2409
(lp2410
(I43
I1
tp2411
asVcircle
p2412
(lp2413
(I43
I1
tp2414
asVwool
p2415
(lp2416
(I21
I1
tp2417
asVrectangle
p2418
(lp2419
(I21
I1
tp2420
asVregularly
p2421
(lp2422
(I43
I1
tp2423
asVunveiled
p2424
(lp2425
(I72
I1
tp2426
asVf/1.8
p2427
(lp2428
(I53
I1
tp2429
asVgoes
p2430
(lp2431
(I72
I1
tp2432
asVmeans
p2433
(lp2434
(I16
I1
tp2435
a(I43
I1
tp2436
asVcrumbling
p2437
(lp2438
(I43
I1
tp2439
asVrefreshed
p2440
(lp2441
(I72
I1
tp2442
asVoverall
p2443
(lp2444
(I21
I1
tp2445
a(I27
I1
tp2446
a(I40
I1
tp2447
a(I94
I1
tp2448
asVlikely
p2449
(lp2450
(I72
I1
tp2451
asVpocket
p2452
(lp2453
(I21
I1
tp2454
asVfeels
p2455
(lp2456
(I21
I1
tp2457
asV12
p2458
(lp2459
(I43
I1
tp2460
asVnearly
p2461
(lp2462
(I43
I1
tp2463
asVprobably
p2464
(lp2465
(I43
I3
tp2466
asVreport
p2467
(lp2468
(I43
I1
tp2469
asVapplying
p2470
(lp2471
(I72
I1
tp2472
asVchips
p2473
(lp2474
(I53
I1
tp2475
asVendless
p2476
(lp2477
(I43
I1
tp2478
asVthree-operating-systems-in-one
p2479
(lp2480
(I16
I1
tp2481
asVruns
p2482
(lp2483
(I21
I1
tp2484
asVamid
p2485
(lp2486
(I62
I1
tp2487
asVgranular
p2488
(lp2489
(I72
I1
tp2490
asVgalaxy'
p2491
(lp2492
(I62
I1
tp2493
asVofficially
p2494
(lp2495
(I72
I1
tp2496
asVsimply-named
p2497
(lp2498
(I72
I1
tp2499
asVgenerally
p2500
(lp2501
(I53
I1
tp2502
asVtheme
p2503
(lp2504
(I72
I1
tp2505
asVremove
p2506
(lp2507
(I62
I1
tp2508
asVmethod
p2509
(lp2510
(I40
I1
tp2511
asVbad
p2512
(lp2513
(I16
I1
tp2514
a(I43
I2
tp2515
asVstuff
p2516
(lp2517
(I21
I1
tp2518
a(I43
I3
tp2519
asVsource
p2520
(lp2521
(I62
I1
tp2522
asVshots
p2523
(lp2524
(I62
I1
tp2525
asVx
p2526
(lp2527
(I53
I1
tp2528
asVmovement
p2529
(lp2530
(I21
I1
tp2531
asVvision
p2532
(lp2533
(I16
I4
tp2534
a(I43
I1
tp2535
a(I72
I1
tp2536
asVsecretary
p2537
(lp2538
(I43
I1
tp2539
asVaffordable
p2540
(lp2541
(I53
I1
tp2542
asVquad-core
p2543
(lp2544
(I53
I1
tp2545
asVreference
p2546
(lp2547
(I43
I2
tp2548
asVautomakers
p2549
(lp2550
(I43
I1
tp2551
asVframe
p2552
(lp2553
(I21
I1
tp2554
asVinnovative
p2555
(lp2556
(I43
I1
tp2557
asVstartup
p2558
(lp2559
(I16
I1
tp2560
asVtypography
p2561
(lp2562
(I72
I1
tp2563
asVzones
p2564
(lp2565
(I40
I2
tp2566
asVresponsive
p2567
(lp2568
(I21
I1
tp2569
asVdepends
p2570
(lp2571
(I16
I1
tp2572
asVfull
p2573
(lp2574
(I72
I1
tp2575
asVsigned
p2576
(lp2577
(I27
I4
tp2578
a(I40
I4
tp2579
a(I94
I4
tp2580
asVeliminating
p2581
(lp2582
(I43
I1
tp2583
asVfail
p2584
(lp2585
(I16
I1
tp2586
asVtransportation
p2587
(lp2588
(I43
I58
tp2589
asVcalendar
p2590
(lp2591
(I72
I5
tp2592
asVbloatware
p2593
(lp2594
(I53
I1
tp2595
asVbest
p2596
(lp2597
(I27
I1
tp2598
a(I40
I1
tp2599
a(I43
I1
tp2600
a(I72
I3
tp2601
a(I94
I1
tp2602
asVconcern
p2603
(lp2604
(I53
I1
tp2605
asVinstance
p2606
(lp2607
(I43
I1
tp2608
asVunzip
p2609
(lp2610
(I72
I1
tp2611
asVtypically
p2612
(lp2613
(I72
I1
tp2614
asVtelevised
p2615
(lp2616
(I40
I1
tp2617
asVplaced
p2618
(lp2619
(I53
I1
tp2620
asVfederal
p2621
(lp2622
(I43
I2
tp2623
asVarguably
p2624
(lp2625
(I21
I1
tp2626
asVnightmare
p2627
(lp2628
(I43
I1
tp2629
asVplease
p2630
(lp2631
(I27
I4
tp2632
a(I40
I4
tp2633
a(I94
I4
tp2634
asVpsas
p2635
(lp2636
(I40
I2
tp2637
asVgenius
p2638
(lp2639
(I16
I1
tp2640
asVenough
p2641
(lp2642
(I21
I1
tp2643
a(I43
I2
tp2644
asVhenshaw
p2645
(lp2646
(I16
I1
tp2647
asVvarious
p2648
(lp2649
(I16
I1
tp2650
asVrouting
p2651
(lp2652
(I43
I1
tp2653
asVaction
p2654
(lp2655
(I72
I6
tp2656
asVintegrate
p2657
(lp2658
(I62
I1
tp2659
asVgoogle+
p2660
(lp2661
(I72
I1
tp2662
asVprogress
p2663
(lp2664
(I16
I1
tp2665
asVemail
p2666
(lp2667
(I27
I4
tp2668
a(I40
I4
tp2669
a(I94
I4
tp2670
asV360
p2671
(lp2672
(I16
I1
tp2673
asVavailable
p2674
(lp2675
(I21
I2
tp2676
a(I27
I1
tp2677
a(I40
I1
tp2678
a(I53
I1
tp2679
a(I72
I6
tp2680
a(I94
I1
tp2681
asVreddit
p2682
(lp2683
(I62
I1
tp2684
asVinfrastructure
p2685
(lp2686
(I43
I6
tp2687
asVterms
p2688
(lp2689
(I27
I1
tp2690
a(I40
I1
tp2691
a(I94
I1
tp2692
asViron
p2693
(lp2694
(I62
I50
tp2695
a(I72
I1
tp2696
asVwidow
p2697
(lp2698
(I62
I2
tp2699
asV25
p2700
(lp2701
(I43
I1
tp2702
asVblaster
p2703
(lp2704
(I16
I1
tp2705
asVprettiest
p2706
(lp2707
(I72
I1
tp2708
asVscreen
p2709
(lp2710
(I53
I5
tp2711
asVhowever
p2712
(lp2713
(I16
I1
tp2714
asVgeneral-purpose
p2715
(lp2716
(I16
I1
tp2717
asVagencies
p2718
(lp2719
(I43
I1
tp2720
asVaircraft
p2721
(lp2722
(I43
I1
tp2723
asVrapid
p2724
(lp2725
(I43
I1
tp2726
asVwear
p2727
(lp2728
(I72
I1
tp2729
asVinvite
p2730
(lp2731
(I72
I1
tp2732
asVnext-generation
p2733
(lp2734
(I16
I1
tp2735
asVinterface
p2736
(lp2737
(I72
I3
tp2738
asVrapidly
p2739
(lp2740
(I43
I1
tp2741
a(I72
I1
tp2742
asVprecious
p2743
(lp2744
(I16
I1
tp2745
asVcome
p2746
(lp2747
(I43
I1
tp2748
a(I72
I1
tp2749
asVads
p2750
(lp2751
(I40
I1
tp2752
asVessentially
p2753
(lp2754
(I21
I1
tp2755
asVenables
p2756
(lp2757
(I43
I1
tp2758
asVlast
p2759
(lp2760
(I16
I53
tp2761
a(I21
I2
tp2762
a(I72
I1
tp2763
asVdownloaded
p2764
(lp2765
(I72
I1
tp2766
asVmany
p2767
(lp2768
(I16
I2
tp2769
a(I21
I1
tp2770
a(I40
I1
tp2771
asVtaking
p2772
(lp2773
(I72
I1
tp2774
asVmegapixels
p2775
(lp2776
(I53
I1
tp2777
asVbudgeting
p2778
(lp2779
(I43
I1
tp2780
asVcontract
p2781
(lp2782
(I21
I2
tp2783
asVcustomizing
p2784
(lp2785
(I72
I1
tp2786
asVlayered
p2787
(lp2788
(I21
I1
tp2789
asVgames
p2790
(lp2791
(I16
I4
tp2792
asVbet
p2793
(lp2794
(I62
I1
tp2795
asVlong-term
p2796
(lp2797
(I16
I1
tp2798
asVoperating
p2799
(lp2800
(I16
I1
tp2801
asVlogin
p2802
(lp2803
(I27
I6
tp2804
a(I40
I6
tp2805
a(I94
I6
tp2806
asVbond
p2807
(lp2808
(I62
I1
tp2809
asVwhole
p2810
(lp2811
(I43
I1
tp2812
asVcomes
p2813
(lp2814
(I43
I1
tp2815
a(I53
I2
tp2816
a(I62
I1
tp2817
asVamong
p2818
(lp2819
(I43
I1
tp2820
asVadjusted
p2821
(lp2822
(I43
I1
tp2823
asVdrawer
p2824
(lp2825
(I72
I1
tp2826
asVenjoyable
p2827
(lp2828
(I72
I1
tp2829
asVjeff
p2830
(lp2831
(I16
I1
tp2832
asVsimple
p2833
(lp2834
(I21
I1
tp2835
a(I72
I2
tp2836
asVseems
p2837
(lp2838
(I16
I1
tp2839
a(I21
I1
tp2840
a(I43
I1
tp2841
asVca
p2842
(lp2843
(I40
I1
tp2844
a(I72
I1
tp2845
asVfund
p2846
(lp2847
(I43
I1
tp2848
asVsolve
p2849
(lp2850
(I43
I2
tp2851
asVmulterer
p2852
(lp2853
(I16
I5
tp2854
asV29
p2855
(lp2856
(I16
I1
tp2857
asVrunning
p2858
(lp2859
(I53
I2
tp2860
a(I62
I1
tp2861
a(I72
I1
tp2862
asV62
p2863
(lp2864
(I27
I50
tp2865
asVsimply
p2866
(lp2867
(I43
I1
tp2868
asV65
p2869
(lp2870
(I43
I1
tp2871
asVnews
p2872
(lp2873
(I43
I3
tp2874
a(I53
I1
tp2875
asVtony
p2876
(lp2877
(I62
I1
tp2878
asVtable
p2879
(lp2880
(I43
I1
tp2881
asVoakland
p2882
(lp2883
(I43
I1
tp2884
asValong
p2885
(lp2886
(I72
I1
tp2887
asVbureaucratic
p2888
(lp2889
(I43
I1
tp2890
asVsan
p2891
(lp2892
(I43
I1
tp2893
asVrecut
p2894
(lp2895
(I62
I2
tp2896
asVmeantime
p2897
(lp2898
(I21
I1
tp2899
asVdescribed
p2900
(lp2901
(I43
I1
tp2902
asVvideos
p2903
(lp2904
(I40
I1
tp2905
asV199.99
p2906
(lp2907
(I21
I1
tp2908
asVcreate
p2909
(lp2910
(I72
I1
tp2911
asVacceptance
p2912
(lp2913
(I43
I1
tp2914
asVlets
p2915
(lp2916
(I72
I1
tp2917
asV.
p2918
(lp2919
(I16
I23
tp2920
a(I21
I18
tp2921
a(I27
I11
tp2922
a(I40
I18
tp2923
a(I43
I39
tp2924
a(I53
I21
tp2925
a(I62
I13
tp2926
a(I72
I52
tp2927
a(I94
I11
tp2928
asVmuch
p2929
(lp2930
(I43
I2
tp2931
a(I53
I1
tp2932
a(I72
I1
tp2933
asVdamn
p2934
(lp2935
(I16
I1
tp2936
asVmaintenance
p2937
(lp2938
(I43
I1
tp2939
asVbasic
p2940
(lp2941
(I72
I3
tp2942
asVfull-month
p2943
(lp2944
(I72
I1
tp2945
asVfeaturing
p2946
(lp2947
(I53
I1
tp2948
asVempty
p2949
(lp2950
(I62
I1
tp2951
asVsystems
p2952
(lp2953
(I43
I2
tp2954
asVusername
p2955
(lp2956
(I27
I3
tp2957
a(I40
I3
tp2958
a(I94
I3
tp2959
asVcolors
p2960
(lp2961
(I53
I1
tp2962
a(I72
I4
tp2963
asVram
p2964
(lp2965
(I53
I2
tp2966
asVchampion
p2967
(lp2968
(I16
I1
tp2969
asVz410
p2970
(lp2971
(I53
I6
tp2972
asVgo-to
p2973
(lp2974
(I72
I1
tp2975
asVgas
p2976
(lp2977
(I43
I1
tp2978
asVclimate
p2979
(lp2980
(I43
I2
tp2981
asVelse
p2982
(lp2983
(I43
I2
tp2984
asVanthony
p2985
(lp2986
(I43
I1
tp2987
asVphotos
p2988
(lp2989
(I40
I1
tp2990
a(I72
I1
tp2991
a(I94
I50
tp2992
asVfinished
p2993
(lp2994
(I62
I1
tp2995
asVsimplenote
p2996
(lp2997
(I72
I3
tp2998
asVshortfall
p2999
(lp3000
(I43
I1
tp3001
asVlauderdale
p3002
(lp3003
(I43
I1
tp3004
asVangles
p3005
(lp3006
(I53
I2
tp3007
asV\u203a
p3008
(lp3009
(I53
I1
tp3010
asVformer
p3011
(lp3012
(I16
I2
tp3013
asVstandard
p3014
(lp3015
(I72
I1
tp3016
asVpaying
p3017
(lp3018
(I16
I1
tp3019
asVsmartphones
p3020
(lp3021
(I21
I2
tp3022
asVunify
p3023
(lp3024
(I16
I1
tp3025
asVlook
p3026
(lp3027
(I21
I51
tp3028
a(I72
I3
tp3029
asVwonderfully
p3030
(lp3031
(I72
I1
tp3032
asVchecking
p3033
(lp3034
(I62
I1
tp3035
a(I72
I1
tp3036
asVmight
p3037
(lp3038
(I43
I1
tp3039
a(I62
I3
tp3040
a(I72
I1
tp3041
asVstark
p3042
(lp3043
(I62
I1
tp3044
asVgrainy
p3045
(lp3046
(I53
I1
tp3047
asVanti-smoking
p3048
(lp3049
(I40
I1
tp3050
asVair
p3051
(lp3052
(I43
I1
tp3053
asVn't
p3054
(lp3055
(I40
I53
tp3056
a(I43
I6
tp3057
a(I53
I9
tp3058
a(I62
I2
tp3059
a(I72
I6
tp3060
asVhealthy
p3061
(lp3062
(I43
I1
tp3063
asVwarning
p3064
(lp3065
(I43
I1
tp3066
asVreplaced
p3067
(lp3068
(I21
I1
tp3069
asVskies
p3070
(lp3071
(I43
I1
tp3072
asVcountry
p3073
(lp3074
(I40
I2
tp3075
a(I43
I1
tp3076
asVhubs
p3077
(lp3078
(I43
I1
tp3079
asVprofiled
p3080
(lp3081
(I16
I53
tp3082
asVomaha
p3083
(lp3084
(I43
I1
tp3085
asVsony
p3086
(lp3087
(I62
I1
tp3088
asVlaunched
p3089
(lp3090
(I16
I3
tp3091
a(I53
I1
tp3092
asVfeedlyreader
p3093
(lp3094
(I72
I3
tp3095
asVdent
p3096
(lp3097
(I53
I1
tp3098
asValmost
p3099
(lp3100
(I16
I52
tp3101
a(I27
I1
tp3102
a(I40
I1
tp3103
a(I43
I1
tp3104
a(I94
I1
tp3105
asVsecondary
p3106
(lp3107
(I53
I1
tp3108
asVir
p3109
(lp3110
(I16
I3
tp3111
asVsite
p3112
(lp3113
(I16
I1
tp3114
asVmoto
p3115
(lp3116
(I53
I3
tp3117
asVhelped
p3118
(lp3119
(I16
I1
tp3120
asVreads
p3121
(lp3122
(I43
I3
tp3123
asVroadways
p3124
(lp3125
(I43
I1
tp3126
asVturns
p3127
(lp3128
(I43
I1
tp3129
a(I62
I1
tp3130
asVaperture
p3131
(lp3132
(I53
I1
tp3133
asVhappening
p3134
(lp3135
(I43
I1
tp3136
asVtechnology
p3137
(lp3138
(I43
I2
tp3139
asVspecter
p3140
(lp3141
(I43
I1
tp3142
asVfeed
p3143
(lp3144
(I72
I1
tp3145
asVincreased
p3146
(lp3147
(I43
I1
tp3148
asVdifferent
p3149
(lp3150
(I21
I1
tp3151
a(I53
I1
tp3152
a(I72
I2
tp3153
asVjames
p3154
(lp3155
(I62
I1
tp3156
asV)
p3157
(lp3158
(I16
I1
tp3159
a(I21
I5
tp3160
a(I43
I2
tp3161
a(I53
I2
tp3162
a(I72
I2
tp3163
asVthings
p3164
(lp3165
(I21
I1
tp3166
a(I43
I3
tp3167
a(I72
I1
tp3168
asVmake
p3169
(lp3170
(I72
I1
tp3171
asVmorning
p3172
(lp3173
(I62
I2
tp3174
asVbowl
p3175
(lp3176
(I40
I52
tp3177
asVaccess
p3178
(lp3179
(I72
I2
tp3180
asV'guardians
p3181
(lp3182
(I62
I1
tp3183
asVfoxx
p3184
(lp3185
(I43
I1
tp3186
asVanother
p3187
(lp3188
(I27
I2
tp3189
a(I40
I3
tp3190
a(I62
I2
tp3191
a(I94
I2
tp3192
asVbecame
p3193
(lp3194
(I72
I1
tp3195
asVvirtually
p3196
(lp3197
(I16
I1
tp3198
asVwidely
p3199
(lp3200
(I43
I1
tp3201
asV9
p3202
(lp3203
(I43
I1
tp3204
asVparty
p3205
(lp3206
(I27
I4
tp3207
a(I40
I4
tp3208
a(I94
I4
tp3209
asVandroid
p3210
(lp3211
(I53
I1
tp3212
a(I72
I62
tp3213
asVseveral
p3214
(lp3215
(I43
I3
tp3216
asVspartan
p3217
(lp3218
(I72
I1
tp3219
asVhigher
p3220
(lp3221
(I43
I1
tp3222
a(I53
I1
tp3223
asVdevelopment
p3224
(lp3225
(I16
I3
tp3226
asVvisually
p3227
(lp3228
(I21
I1
tp3229
asVoutside
p3230
(lp3231
(I62
I1
tp3232
asVused
p3233
(lp3234
(I40
I1
tp3235
a(I53
I1
tp3236
a(I72
I1
tp3237
asV4.4
p3238
(lp3239
(I53
I1
tp3240
asVkeys
p3241
(lp3242
(I21
I1
tp3243
a(I53
I1
tp3244
asVcloud
p3245
(lp3246
(I72
I1
tp3247
asVappearances
p3248
(lp3249
(I72
I1
tp3250
asVpublished
p3251
(lp3252
(I62
I2
tp3253
asVrail
p3254
(lp3255
(I43
I2
tp3256
asVeffect
p3257
(lp3258
(I21
I1
tp3259
asVhand
p3260
(lp3261
(I21
I1
tp3262
a(I53
I2
tp3263
asVdirector
p3264
(lp3265
(I16
I1
tp3266
asVovercrowded
p3267
(lp3268
(I43
I1
tp3269
asVviewing
p3270
(lp3271
(I53
I2
tp3272
asVedges
p3273
(lp3274
(I21
I1
tp3275
asVuses
p3276
(lp3277
(I43
I1
tp3278
a(I72
I1
tp3279
asVuser
p3280
(lp3281
(I27
I2
tp3282
a(I40
I2
tp3283
a(I72
I3
tp3284
a(I94
I2
tp3285
asVcharacters
p3286
(lp3287
(I27
I50
tp3288
asVanimations
p3289
(lp3290
(I72
I9
tp3291
asVdark
p3292
(lp3293
(I72
I1
tp3294
asVcontribution
p3295
(lp3296
(I53
I1
tp3297
asVwarming
p3298
(lp3299
(I43
I1
tp3300
asVrecent
p3301
(lp3302
(I21
I1
tp3303
a(I72
I2
tp3304
asVearly
p3305
(lp3306
(I62
I1
tp3307
asVsupports
p3308
(lp3309
(I72
I1
tp3310
asVboydmulterer
p3311
(lp3312
(I16
I1
tp3313
asVdystopian
p3314
(lp3315
(I40
I51
tp3316
a(I43
I1
tp3317
asVnestles
p3318
(lp3319
(I53
I1
tp3320
asVtry
p3321
(lp3322
(I27
I2
tp3323
a(I40
I2
tp3324
a(I94
I2
tp3325
asV720p
p3326
(lp3327
(I53
I2
tp3328
asVwell
p3329
(lp3330
(I16
I1
tp3331
a(I21
I1
tp3332
a(I53
I2
tp3333
a(I72
I1
tp3334
asVcustomized
p3335
(lp3336
(I21
I1
tp3337
asVknow
p3338
(lp3339
(I62
I1
tp3340
asVobviously
p3341
(lp3342
(I43
I1
tp3343
asVwants
p3344
(lp3345
(I43
I1
tp3346
asVperson
p3347
(lp3348
(I16
I2
tp3349
asV2gb
p3350
(lp3351
(I53
I1
tp3352
asVedge
p3353
(lp3354
(I21
I1
tp3355
asVservices
p3356
(lp3357
(I43
I1
tp3358
a(I72
I2
tp3359
asVtrains
p3360
(lp3361
(I43
I1
tp3362
asVtraffic
p3363
(lp3364
(I43
I6
tp3365
asVmodel
p3366
(lp3367
(I21
I1
tp3368
a(I53
I2
tp3369
asVspencer
p3370
(lp3371
(I16
I3
tp3372
asVleft
p3373
(lp3374
(I16
I55
tp3375
a(I40
I1
tp3376
asVadvertises
p3377
(lp3378
(I62
I1
tp3379
asVunfortunately
p3380
(lp3381
(I53
I2
tp3382
asVclog
p3383
(lp3384
(I43
I1
tp3385
asVstores
p3386
(lp3387
(I21
I1
tp3388
asVgraded
p3389
(lp3390
(I43
I1
tp3391
asVless
p3392
(lp3393
(I21
I1
tp3394
a(I43
I2
tp3395
asVmoney
p3396
(lp3397
(I43
I3
tp3398
asVexecutive
p3399
(lp3400
(I16
I51
tp3401
asVresolution
p3402
(lp3403
(I53
I1
tp3404
asVrest
p3405
(lp3406
(I72
I1
tp3407
asVfront
p3408
(lp3409
(I53
I1
tp3410
asVshape
p3411
(lp3412
(I43
I2
tp3413
asV\u2014
p3414
(lp3415
(I16
I8
tp3416
a(I40
I2
tp3417
a(I43
I8
tp3418
a(I53
I6
tp3419
asVaspect
p3420
(lp3421
(I43
I1
tp3422
asVworld
p3423
(lp3424
(I43
I1
tp3425
a(I53
I1
tp3426
a(I62
I1
tp3427
a(I72
I1
tp3428
asVtouch
p3429
(lp3430
(I21
I1
tp3431
asVprotecting
p3432
(lp3433
(I40
I1
tp3434
asVyes
p3435
(lp3436
(I27
I2
tp3437
a(I40
I2
tp3438
a(I94
I2
tp3439
asVyet
p3440
(lp3441
(I72
I1
tp3442
asVps4
p3443
(lp3444
(I16
I1
tp3445
asVstopping
p3446
(lp3447
(I53
I1
tp3448
asVnote
p3449
(lp3450
(I72
I2
tp3451
asVrenewed
p3452
(lp3453
(I16
I1
tp3454
asVconsole
p3455
(lp3456
(I16
I5
tp3457
asV$
p3458
(lp3459
(I21
I4
tp3460
a(I43
I1
tp3461
a(I72
I4
tp3462
asVtablet
p3463
(lp3464
(I62
I2
tp3465
asVhint
p3466
(lp3467
(I21
I1
tp3468
a(I53
I1
tp3469
asVcommon
p3470
(lp3471
(I72
I1
tp3472
asVprecipitation
p3473
(lp3474
(I72
I1
tp3475
asValternate
p3476
(lp3477
(I40
I1
tp3478
asVsmith
p3479
(lp3480
(I16
I1
tp3481
asVattractive
p3482
(lp3483
(I72
I1
tp3484
asVkinect
p3485
(lp3486
(I16
I3
tp3487
asVreasons
p3488
(lp3489
(I43
I50
tp3490
asVadd
p3491
(lp3492
(I72
I1
tp3493
asVsnappy
p3494
(lp3495
(I53
I1
tp3496
asVcombine
p3497
(lp3498
(I72
I1
tp3499
asVboard
p3500
(lp3501
(I43
I1
tp3502
a(I53
I1
tp3503
asVeasy
p3504
(lp3505
(I72
I5
tp3506
asVtechnological
p3507
(lp3508
(I43
I1
tp3509
asVusage
p3510
(lp3511
(I72
I1
tp3512
asV5
p3513
(lp3514
(I53
I1
tp3515
asVjoke
p3516
(lp3517
(I53
I1
tp3518
asVeaster
p3519
(lp3520
(I27
I50
tp3521
asVexcited
p3522
(lp3523
(I43
I1
tp3524
asVsmart
p3525
(lp3526
(I40
I1
tp3527
a(I72
I1
tp3528
asVkareem
p3529
(lp3530
(I16
I1
tp3531
asVreal
p3532
(lp3533
(I40
I1
tp3534
asVpartnership
p3535
(lp3536
(I62
I1
tp3537
asVphoto
p3538
(lp3539
(I62
I1
tp3540
asVaround
p3541
(lp3542
(I21
I1
tp3543
a(I43
I1
tp3544
a(I72
I1
tp3545
asVgovernment
p3546
(lp3547
(I40
I1
tp3548
a(I43
I2
tp3549
asVread
p3550
(lp3551
(I27
I1
tp3552
a(I40
I1
tp3553
a(I94
I1
tp3554
asVbig
p3555
(lp3556
(I16
I2
tp3557
a(I72
I3
tp3558
asVcouple
p3559
(lp3560
(I43
I1
tp3561
a(I62
I1
tp3562
asVpsa
p3563
(lp3564
(I40
I51
tp3565
asVpossible
p3566
(lp3567
(I27
I1
tp3568
a(I40
I1
tp3569
a(I72
I1
tp3570
a(I94
I1
tp3571
asVregulatory
p3572
(lp3573
(I43
I2
tp3574
asVsilkwords
p3575
(lp3576
(I16
I1
tp3577
asV3-second
p3578
(lp3579
(I53
I1
tp3580
asVboxes
p3581
(lp3582
(I16
I1
tp3583
asVinflation
p3584
(lp3585
(I43
I1
tp3586
asVfive
p3587
(lp3588
(I40
I1
tp3589
asVmakes
p3590
(lp3591
(I43
I2
tp3592
a(I53
I50
tp3593
a(I72
I2
tp3594
asVzynga
p3595
(lp3596
(I16
I1
tp3597
asVpress
p3598
(lp3599
(I53
I1
tp3600
a(I72
I2
tp3601
asVusing
p3602
(lp3603
(I27
I5
tp3604
a(I40
I6
tp3605
a(I62
I6
tp3606
a(I72
I51
tp3607
a(I94
I5
tp3608
asVbit
p3609
(lp3610
(I53
I1
tp3611
asVpassword
p3612
(lp3613
(I27
I2
tp3614
a(I40
I2
tp3615
a(I94
I2
tp3616
asVstructurally
p3617
(lp3618
(I43
I1
tp3619
asVprojects
p3620
(lp3621
(I43
I1
tp3622
asVbrought
p3623
(lp3624
(I53
I1
tp3625
asVoutright
p3626
(lp3627
(I21
I2
tp3628
asVmotorola
p3629
(lp3630
(I53
I1
tp3631
asVwhitten
p3632
(lp3633
(I16
I2
tp3634
asVlike
p3635
(lp3636
(I21
I3
tp3637
a(I27
I5
tp3638
a(I40
I7
tp3639
a(I43
I2
tp3640
a(I53
I2
tp3641
a(I62
I4
tp3642
a(I72
I3
tp3643
a(I94
I5
tp3644
asVsuccess
p3645
(lp3646
(I16
I1
tp3647
asVobvious
p3648
(lp3649
(I62
I1
tp3650
asVride-sharing
p3651
(lp3652
(I43
I2
tp3653
asVxbox
p3654
(lp3655
(I16
I71
tp3656
asVspecific
p3657
(lp3658
(I27
I1
tp3659
a(I40
I1
tp3660
a(I94
I1
tp3661
asVmillennials
p3662
(lp3663
(I43
I1
tp3664
asVaudience
p3665
(lp3666
(I27
I1
tp3667
a(I40
I1
tp3668
a(I94
I1
tp3669
asVsteps
p3670
(lp3671
(I53
I1
tp3672
asVeither
p3673
(lp3674
(I16
I1
tp3675
asVarmstrong
p3676
(lp3677
(I43
I1
tp3678
asValways
p3679
(lp3680
(I43
I1
tp3681
a(I53
I1
tp3682
asVbecome
p3683
(lp3684
(I16
I1
tp3685
asVworks
p3686
(lp3687
(I21
I2
tp3688
a(I43
I1
tp3689
a(I72
I2
tp3690
asVpull-to-refresh
p3691
(lp3692
(I72
I2
tp3693
asVawesome
p3694
(lp3695
(I62
I1
tp3696
asVft.
p3697
(lp3698
(I43
I1
tp3699
asVtrailing
p3700
(lp3701
(I62
I1
tp3702
asVclipping
p3703
(lp3704
(I72
I1
tp3705
asVright
p3706
(lp3707
(I21
I1
tp3708
a(I53
I2
tp3709
a(I72
I52
tp3710
asVold
p3711
(lp3712
(I53
I1
tp3713
a(I62
I1
tp3714
a(I72
I1
tp3715
asVworlds
p3716
(lp3717
(I62
I1
tp3718
asVpeople
p3719
(lp3720
(I16
I3
tp3721
a(I40
I1
tp3722
a(I43
I3
tp3723
a(I62
I1
tp3724
a(I72
I1
tp3725
asVoverhauled
p3726
(lp3727
(I72
I1
tp3728
asVbackgrounds
p3729
(lp3730
(I72
I1
tp3731
asVtwitter
p3732
(lp3733
(I16
I1
tp3734
a(I21
I1
tp3735
a(I27
I4
tp3736
a(I40
I4
tp3737
a(I72
I3
tp3738
a(I94
I4
tp3739
asVback
p3740
(lp3741
(I16
I2
tp3742
a(I21
I2
tp3743
a(I53
I1
tp3744
a(I62
I1
tp3745
asVdead
p3746
(lp3747
(I16
I1
tp3748
asVcalling
p3749
(lp3750
(I43
I1
tp3751
asVtelesales
p3752
(lp3753
(I21
I1
tp3754
asVtrends
p3755
(lp3756
(I43
I1
tp3757
asVelements
p3758
(lp3759
(I72
I2
tp3760
asVact
p3761
(lp3762
(I72
I1
tp3763
asVsight
p3764
(lp3765
(I43
I1
tp3766
asVloaded
p3767
(lp3768
(I53
I1
tp3769
asVimages
p3770
(lp3771
(I21
I1
tp3772
a(I72
I4
tp3773
asVhome
p3774
(lp3775
(I40
I1
tp3776
asVoddly
p3777
(lp3778
(I21
I1
tp3779
a(I62
I1
tp3780
asVthinks
p3781
(lp3782
(I62
I1
tp3783
asVshort-term
p3784
(lp3785
(I16
I1
tp3786
asV5-inch
p3787
(lp3788
(I53
I1
tp3789
asVdelivered
p3790
(lp3791
(I43
I1
tp3792
asVand/or
p3793
(lp3794
(I27
I1
tp3795
a(I40
I1
tp3796
a(I94
I1
tp3797
asVattendees
p3798
(lp3799
(I40
I1
tp3800
asVunlocked
p3801
(lp3802
(I53
I1
tp3803
asVliterally
p3804
(lp3805
(I43
I1
tp3806
asVtakeaways
p3807
(lp3808
(I43
I1
tp3809
asVintegration
p3810
(lp3811
(I16
I2
tp3812
a(I62
I1
tp3813
asVper
p3814
(lp3815
(I43
I1
tp3816
asVeverything
p3817
(lp3818
(I43
I3
tp3819
a(I72
I2
tp3820
asVasking
p3821
(lp3822
(I40
I1
tp3823
asVmarket
p3824
(lp3825
(I53
I54
tp3826
asVhyperlocal
p3827
(lp3828
(I72
I1
tp3829
asVdashclock
p3830
(lp3831
(I72
I1
tp3832
asV?
p3833
(lp3834
(I16
I1
tp3835
a(I27
I6
tp3836
a(I40
I7
tp3837
a(I94
I6
tp3838
asVofficer
p3839
(lp3840
(I16
I1
tp3841
asVfelt
p3842
(lp3843
(I53
I3
tp3844
asVrun
p3845
(lp3846
(I16
I4
tp3847
a(I53
I1
tp3848
asVbuckling
p3849
(lp3850
(I43
I1
tp3851
asVbusiness
p3852
(lp3853
(I21
I1
tp3854
asVeasy-to-use
p3855
(lp3856
(I72
I1
tp3857
asVview
p3858
(lp3859
(I72
I1
tp3860
asVnotable
p3861
(lp3862
(I21
I1
tp3863
asVupdate
p3864
(lp3865
(I72
I3
tp3866
asVnotably
p3867
(lp3868
(I43
I1
tp3869
asVstep
p3870
(lp3871
(I16
I2
tp3872
asV649.99
p3873
(lp3874
(I21
I1
tp3875
asVxperia
p3876
(lp3877
(I62
I1
tp3878
asVterrified
p3879
(lp3880
(I43
I50
tp3881
asVthrowback
p3882
(lp3883
(I21
I1
tp3884
asVerotica
p3885
(lp3886
(I16
I1
tp3887
asVwallpaper
p3888
(lp3889
(I72
I1
tp3890
asVdictated
p3891
(lp3892
(I21
I1
tp3893
asVwreak
p3894
(lp3895
(I43
I1
tp3896
asVcompanies
p3897
(lp3898
(I43
I1
tp3899
a(I62
I1
tp3900
asVanything
p3901
(lp3902
(I53
I1
tp3903
asVgetting
p3904
(lp3905
(I43
I2
tp3906
asVergonomically
p3907
(lp3908
(I21
I1
tp3909
asVmarc
p3910
(lp3911
(I16
I1
tp3912
asVfavorite
p3913
(lp3914
(I27
I50
tp3915
a(I72
I2
tp3916
asVbeta
p3917
(lp3918
(I72
I1
tp3919
asVcosts
p3920
(lp3921
(I72
I1
tp3922
asVbrowse
p3923
(lp3924
(I62
I1
tp3925
asVcarrier
p3926
(lp3927
(I21
I2
tp3928
asVjade
p3929
(lp3930
(I53
I56
tp3931
asVsweat
p3932
(lp3933
(I21
I2
tp3934
asVhorizon
p3935
(lp3936
(I43
I1
tp3937
asVpositive
p3938
(lp3939
(I43
I1
tp3940
asVtighter
p3941
(lp3942
(I43
I1
tp3943
asVintroduced
p3944
(lp3945
(I21
I1
tp3946
asVslightly
p3947
(lp3948
(I21
I2
tp3949
asVprocessor
p3950
(lp3951
(I21
I1
tp3952
a(I53
I2
tp3953
asVroad
p3954
(lp3955
(I43
I1
tp3956
asVsoftware
p3957
(lp3958
(I21
I1
tp3959
a(I53
I1
tp3960
asVrepair
p3961
(lp3962
(I43
I1
tp3963
asVrss
p3964
(lp3965
(I72
I1
tp3966
asVrhyming
p3967
(lp3968
(I40
I1
tp3969
asVplenty
p3970
(lp3971
(I72
I1
tp3972
asVwrinkles
p3973
(lp3974
(I72
I1
tp3975
asVselfie
p3976
(lp3977
(I53
I1
tp3978
asVlil
p3979
(lp3980
(I72
I1
tp3981
asVpredictions
p3982
(lp3983
(I72
I1
tp3984
asVstop
p3985
(lp3986
(I43
I1
tp3987
asVnothing
p3988
(lp3989
(I40
I1
tp3990
asVoff-contract
p3991
(lp3992
(I53
I1
tp3993
asVgoogle
p3994
(lp3995
(I43
I2
tp3996
a(I72
I21
tp3997
asVrising
p3998
(lp3999
(I43
I1
tp4000
asVinbox
p4001
(lp4002
(I72
I6
tp4003
asVsamsung
p4004
(lp4005
(I53
I1
tp4006
a(I62
I61
tp4007
asVroads
p4008
(lp4009
(I43
I2
tp4010
asVbrowser
p4011
(lp4012
(I72
I1
tp4013
asVquickly
p4014
(lp4015
(I43
I1
tp4016
a(I53
I1
tp4017
asVlawmaking
p4018
(lp4019
(I43
I1
tp4020
asVoften
p4021
(lp4022
(I72
I1
tp4023
asVstrangely
p4024
(lp4025
(I62
I1
tp4026
asVexisted
p4027
(lp4028
(I43
I1
tp4029
asVrely
p4030
(lp4031
(I72
I1
tp4032
asVfast
p4033
(lp4034
(I53
I1
tp4035
a(I72
I4
tp4036
asVdevices
p4037
(lp4038
(I53
I1
tp4039
asVspending
p4040
(lp4041
(I43
I1
tp4042
asVsupport
p4043
(lp4044
(I16
I1
tp4045
a(I53
I1
tp4046
a(I72
I2
tp4047
asVflying
p4048
(lp4049
(I40
I1
tp4050
asVapps
p4051
(lp4052
(I16
I2
tp4053
a(I53
I1
tp4054
a(I72
I62
tp4055
asVhigh-end
p4056
(lp4057
(I53
I1
tp4058
asVlong
p4059
(lp4060
(I21
I2
tp4061
a(I53
I1
tp4062
a(I72
I3
tp4063
asVfight
p4064
(lp4065
(I62
I1
tp4066
asVoccupy
p4067
(lp4068
(I43
I1
tp4069
asVairline
p4070
(lp4071
(I43
I1
tp4072
asVlow
p4073
(lp4074
(I53
I1
tp4075
asVway
p4076
(lp4077
(I21
I1
tp4078
a(I72
I2
tp4079
asVsuit
p4080
(lp4081
(I21
I4
tp4082
asVbiggest
p4083
(lp4084
(I16
I1
tp4085
a(I43
I2
tp4086
asVthree-decade
p4087
(lp4088
(I43
I1
tp4089
asV:
p4090
(lp4091
(I16
I2
tp4092
a(I21
I2
tp4093
a(I43
I6
tp4094
a(I53
I1
tp4095
a(I62
I53
tp4096
a(I72
I4
tp4097
asVscared
p4098
(lp4099
(I43
I1
tp4100
asVlaunching
p4101
(lp4102
(I72
I1
tp4103
asVhappy
p4104
(lp4105
(I16
I1
tp4106
a(I21
I1
tp4107
asVfiles
p4108
(lp4109
(I72
I1
tp4110
asVbillion
p4111
(lp4112
(I43
I1
tp4113
asVhead
p4114
(lp4115
(I40
I1
tp4116
asVbuy
p4117
(lp4118
(I21
I1
tp4119
asVcomplete
p4120
(lp4121
(I21
I1
tp4122
a(I27
I1
tp4123
a(I40
I1
tp4124
a(I72
I1
tp4125
a(I94
I1
tp4126
asVoffering
p4127
(lp4128
(I21
I1
tp4129
a(I72
I2
tp4130
asVdriverless
p4131
(lp4132
(I43
I2
tp4133
asVbus
p4134
(lp4135
(I43
I1
tp4136
asVregistered
p4137
(lp4138
(I27
I1
tp4139
a(I40
I1
tp4140
a(I94
I1
tp4141
asVcommands
p4142
(lp4143
(I53
I1
tp4144
asVextended
p4145
(lp4146
(I62
I50
tp4147
asVford
p4148
(lp4149
(I43
I1
tp4150
asVdelivery
p4151
(lp4152
(I43
I1
tp4153
asVtaken
p4154
(lp4155
(I53
I1
tp4156
a(I72
I1
tp4157
asVtasked
p4158
(lp4159
(I43
I1
tp4160
asVlink
p4161
(lp4162
(I27
I1
tp4163
a(I40
I1
tp4164
a(I94
I1
tp4165
asVcompetition
p4166
(lp4167
(I53
I1
tp4168
asVnewer
p4169
(lp4170
(I53
I1
tp4171
asVbeat
p4172
(lp4173
(I72
I2
tp4174
asVtrying
p4175
(lp4176
(I16
I1
tp4177
a(I53
I1
tp4178
asVeight-core
p4179
(lp4180
(I53
I1
tp4181
asVbuying
p4182
(lp4183
(I53
I1
tp4184
asVlonger
p4185
(lp4186
(I16
I2
tp4187
asVreset
p4188
(lp4189
(I27
I1
tp4190
a(I40
I1
tp4191
a(I94
I1
tp4192
asVmade
p4193
(lp4194
(I16
I1
tp4195
a(I53
I1
tp4196
a(I62
I1
tp4197
a(I72
I2
tp4198
asVhigh-quality
p4199
(lp4200
(I53
I1
tp4201
asVunderstood
p4202
(lp4203
(I43
I1
tp4204
asVswitch
p4205
(lp4206
(I53
I1
tp4207
a(I72
I1
tp4208
asVinside
p4209
(lp4210
(I62
I1
tp4211
asVpractically
p4212
(lp4213
(I43
I1
tp4214
asVnote-taking
p4215
(lp4216
(I72
I1
tp4217
asVus
p4218
(lp4219
(I21
I1
tp4220
a(I43
I2
tp4221
a(I53
I1
tp4222
a(I62
I1
tp4223
a(I72
I1
tp4224
asVtell
p4225
(lp4226
(I53
I1
tp4227
asVpaired
p4228
(lp4229
(I43
I1
tp4230
asV\u20ac299
p4231
(lp4232
(I53
I1
tp4233
asV're
p4234
(lp4235
(I16
I1
tp4236
a(I40
I1
tp4237
a(I43
I1
tp4238
a(I53
I1
tp4239
a(I62
I3
tp4240
a(I72
I5
tp4241
asVproblem
p4242
(lp4243
(I43
I2
tp4244
asVone-handed
p4245
(lp4246
(I72
I1
tp4247
asVaverage
p4248
(lp4249
(I43
I1
tp4250
asVexpect
p4251
(lp4252
(I62
I1
tp4253
asVgone
p4254
(lp4255
(I16
I2
tp4256
asVnaysayers
p4257
(lp4258
(I43
I1
tp4259
asVlater
p4260
(lp4261
(I62
I2
tp4262
asVconstant
p4263
(lp4264
(I43
I1
tp4265
asVpin
p4266
(lp4267
(I16
I1
tp4268
a(I21
I1
tp4269
a(I40
I1
tp4270
a(I43
I1
tp4271
a(I53
I1
tp4272
a(I62
I1
tp4273
a(I72
I1
tp4274
asVclassic
p4275
(lp4276
(I21
I4
tp4277
asVunderwater
p4278
(lp4279
(I43
I1
tp4280
asVrather
p4281
(lp4282
(I53
I2
tp4283
asVforgot
p4284
(lp4285
(I27
I4
tp4286
a(I40
I4
tp4287
a(I94
I4
tp4288
asVforecast.io
p4289
(lp4290
(I72
I1
tp4291
asVsales
p4292
(lp4293
(I16
I1
tp4294
asVdeep
p4295
(lp4296
(I16
I1
tp4297
asVpersistent
p4298
(lp4299
(I72
I1
tp4300
asV''
p4301
(lp4302
(I21
I1
tp4303
a(I40
I3
tp4304
a(I43
I10
tp4305
a(I53
I1
tp4306
a(I62
I1
tp4307
asVproper
p4308
(lp4309
(I40
I1
tp4310
asVsingle
p4311
(lp4312
(I16
I52
tp4313
asVscanned
p4314
(lp4315
(I40
I1
tp4316
asVwebsites
p4317
(lp4318
(I72
I1
tp4319
asVfile
p4320
(lp4321
(I72
I2
tp4322
asVacer
p4323
(lp4324
(I53
I52
tp4325
a(I94
I50
tp4326
asV20
p4327
(lp4328
(I43
I1
tp4329
asVcommuting
p4330
(lp4331
(I43
I1
tp4332
asVcheck
p4333
(lp4334
(I21
I1
tp4335
asVfilm
p4336
(lp4337
(I62
I1
tp4338
asVcotton
p4339
(lp4340
(I21
I1
tp4341
asV4.5
p4342
(lp4343
(I53
I1
tp4344
asVtraditional
p4345
(lp4346
(I21
I1
tp4347
asVradically
p4348
(lp4349
(I43
I2
tp4350
asVnewsletter
p4351
(lp4352
(I27
I1
tp4353
a(I40
I1
tp4354
a(I94
I1
tp4355
asV'll
p4356
(lp4357
(I16
I1
tp4358
a(I27
I2
tp4359
a(I40
I3
tp4360
a(I94
I2
tp4361
asVthree-row
p4362
(lp4363
(I21
I1
tp4364
asVagreeing
p4365
(lp4366
(I27
I1
tp4367
a(I40
I1
tp4368
a(I62
I1
tp4369
a(I94
I1
tp4370
asValerts
p4371
(lp4372
(I72
I1
tp4373
asVpercent
p4374
(lp4375
(I43
I2
tp4376
asVreality
p4377
(lp4378
(I40
I1
tp4379
asVoccasional
p4380
(lp4381
(I27
I1
tp4382
a(I40
I1
tp4383
a(I94
I1
tp4384
asVrole
p4385
(lp4386
(I16
I1
tp4387
asVdetails
p4388
(lp4389
(I16
I1
tp4390
asVbrings
p4391
(lp4392
(I72
I1
tp4393
asVdepartment
p4394
(lp4395
(I43
I2
tp4396
asVannouncements
p4397
(lp4398
(I40
I1
tp4399
asVnotifications
p4400
(lp4401
(I72
I1
tp4402
asV10
p4403
(lp4404
(I16
I1
tp4405
a(I21
I1
tp4406
a(I43
I1
tp4407
a(I72
I52
tp4408
asVresponded
p4409
(lp4410
(I53
I1
tp4411
asVfrancisco
p4412
(lp4413
(I43
I1
tp4414
asV's
p4415
(lp4416
(I16
I10
tp4417
a(I21
I64
tp4418
a(I40
I2
tp4419
a(I43
I16
tp4420
a(I53
I10
tp4421
a(I62
I6
tp4422
a(I72
I25
tp4423
asVoutsold
p4424
(lp4425
(I16
I1
tp4426
asVprovided
p4427
(lp4428
(I72
I1
tp4429
asVcorrected
p4430
(lp4431
(I62
I1
tp4432
asVresembles
p4433
(lp4434
(I40
I1
tp4435
asVproblems
p4436
(lp4437
(I43
I3
tp4438
asVrobots
p4439
(lp4440
(I40
I1
tp4441
asVincludes
p4442
(lp4443
(I53
I1
tp4444
a(I62
I1
tp4445
asVregulations
p4446
(lp4447
(I43
I1
tp4448
asVhardware
p4449
(lp4450
(I21
I2
tp4451
a(I62
I1
tp4452
asV'd
p4453
(lp4454
(I21
I1
tp4455
a(I43
I1
tp4456
a(I53
I1
tp4457
a(I62
I3
tp4458
a(I72
I2
tp4459
asVaccounts
p4460
(lp4461
(I72
I3
tp4462
asVthroughout
p4463
(lp4464
(I72
I1
tp4465
asVhighlighting
p4466
(lp4467
(I43
I1
tp4468
asV'm
p4469
(lp4470
(I21
I1
tp4471
asVseeing
p4472
(lp4473
(I72
I1
tp4474
asVago
p4475
(lp4476
(I40
I1
tp4477
asVworsted
p4478
(lp4479
(I21
I1
tp4480
asVyounger
p4481
(lp4482
(I43
I1
tp4483
asVe
p4484
(lp4485
(I53
I1
tp4486
asVfaster
p4487
(lp4488
(I21
I1
tp4489
asVcalls
p4490
(lp4491
(I43
I1
tp4492
asVwife
p4493
(lp4494
(I16
I1
tp4495
asVrequires
p4496
(lp4497
(I21
I1
tp4498
a(I72
I1
tp4499
asVage
p4500
(lp4501
(I62
I51
tp4502
a(I72
I1
tp4503
asVrequired
p4504
(lp4505
(I27
I1
tp4506
a(I40
I1
tp4507
a(I94
I1
tp4508
asVyoutube
p4509
(lp4510
(I40
I1
tp4511
asVsave
p4512
(lp4513
(I62
I1
tp4514
asVdaily
p4515
(lp4516
(I27
I1
tp4517
a(I40
I1
tp4518
a(I94
I1
tp4519
asVstrings
p4520
(lp4521
(I43
I1
tp4522
asVmoment
p4523
(lp4524
(I62
I1
tp4525
asVcooked
p4526
(lp4527
(I62
I1
tp4528
asVsituations
p4529
(lp4530
(I53
I1
tp4531
asVtime
p4532
(lp4533
(I16
I2
tp4534
a(I21
I1
tp4535
a(I43
I1
tp4536
a(I62
I1
tp4537
a(I72
I3
tp4538
asVfresh
p4539
(lp4540
(I72
I2
tp4541
asVyell
p4542
(lp4543
(I53
I1
tp4544
asVsurprised
p4545
(lp4546
(I62
I1
tp4547
asVstarting
p4548
(lp4549
(I21
I2
tp4550
asVoriginal
p4551
(lp4552
(I16
I1
tp4553
a(I21
I4
tp4554
asVunspeakable
p4555
(lp4556
(I40
I1
tp4557
as.None
