ccollections
defaultdict
p0
(c__builtin__
list
p1
tp2
Rp3
Vlimited
p4
(lp5
(I87
I1
tp6
asVpre-sold
p7
(lp8
(I26
I1
tp9
asVdynamic
p10
(lp11
(I87
I1
tp12
asV110,000
p13
(lp14
(I99
I1
tp15
asVfour
p16
(lp17
(I26
I1
tp18
a(I83
I2
tp19
a(I99
I1
tp20
asVappetite
p21
(lp22
(I87
I1
tp23
asVpayoff
p24
(lp25
(I60
I1
tp26
asVscanadu
p27
(lp28
(I26
I1
tp29
asVparis
p30
(lp31
(I19
I1
tp32
asVtweet
p33
(lp34
(I19
I1
tp35
a(I26
I1
tp36
a(I50
I1
tp37
a(I60
I1
tp38
a(I83
I1
tp39
a(I87
I1
tp40
a(I96
I1
tp41
asVmistakes
p42
(lp43
(I96
I1
tp44
asVpatched
p45
(lp46
(I87
I1
tp47
asVswap
p48
(lp49
(I26
I1
tp50
a(I87
I1
tp51
asVworth
p52
(lp53
(I19
I1
tp54
asV@
p55
(lp56
(I87
I2
tp57
asVupdated
p58
(lp59
(I60
I1
tp60
asVrisk
p61
(lp62
(I87
I3
tp63
asVvoid
p64
(lp65
(I50
I1
tp66
asVlurk
p67
(lp68
(I50
I1
tp69
asVsuggesting
p70
(lp71
(I26
I1
tp72
asVevery
p73
(lp74
(I19
I2
tp75
a(I60
I1
tp76
a(I83
I1
tp77
a(I87
I2
tp78
a(I96
I1
tp79
asVupdates
p80
(lp81
(I96
I1
tp82
asVjacob
p83
(lp84
(I87
I1
tp85
asVaffect
p86
(lp87
(I19
I1
tp88
asVbringing
p89
(lp90
(I99
I1
tp91
asVmemes
p92
(lp93
(I87
I1
tp94
asVprize
p95
(lp96
(I87
I2
tp97
asVskills
p98
(lp99
(I87
I2
tp100
asVloneliness
p101
(lp102
(I50
I1
tp103
asVcompanies
p104
(lp105
(I19
I1
tp106
a(I26
I3
tp107
a(I83
I2
tp108
a(I87
I16
tp109
a(I96
I4
tp110
a(I99
I1
tp111
asVsolution
p112
(lp113
(I19
I1
tp114
asVbrowsers
p115
(lp116
(I99
I51
tp117
asVannounced
p118
(lp119
(I19
I1
tp120
a(I87
I1
tp121
asVdebuting
p122
(lp123
(I26
I1
tp124
asVcommented
p125
(lp126
(I19
I1
tp127
asVchew
p128
(lp129
(I26
I1
tp130
asVexpanded
p131
(lp132
(I87
I1
tp133
asVforce
p134
(lp135
(I26
I1
tp136
asVphones
p137
(lp138
(I60
I1
tp139
asVsecond
p140
(lp141
(I19
I64
tp142
a(I26
I1
tp143
a(I60
I2
tp144
a(I99
I1
tp145
asVamazon\u2019s
p146
(lp147
(I96
I1
tp148
asVemptiness
p149
(lp150
(I50
I1
tp151
asVrazer
p152
(lp153
(I26
I4
tp154
asVeven
p155
(lp156
(I26
I1
tp157
a(I83
I3
tp158
a(I87
I3
tp159
asVestablished
p160
(lp161
(I96
I1
tp162
asVpace
p163
(lp164
(I19
I1
tp165
a(I96
I1
tp166
asVcomplexities
p167
(lp168
(I96
I1
tp169
asVbounties
p170
(lp171
(I87
I6
tp172
asVfingers
p173
(lp174
(I26
I1
tp175
asVnew
p176
(lp177
(I26
I1
tp178
a(I30
I50
tp179
a(I50
I1
tp180
a(I60
I50
tp181
a(I83
I51
tp182
a(I84
I50
tp183
a(I87
I56
tp184
a(I96
I8
tp185
asVofficially
p186
(lp187
(I81
I50
tp188
asVtold
p189
(lp190
(I83
I1
tp191
a(I87
I1
tp192
asVcrunch
p193
(lp194
(I87
I1
tp195
asVhero
p196
(lp197
(I84
I50
tp198
asVnever
p199
(lp200
(I19
I1
tp201
a(I26
I1
tp202
a(I87
I2
tp203
asVreported
p204
(lp205
(I19
I1
tp206
a(I26
I1
tp207
asVchina
p208
(lp209
(I96
I2
tp210
asVpursuit
p211
(lp212
(I50
I1
tp213
asVpath
p214
(lp215
(I19
I1
tp216
asVdigits
p217
(lp218
(I19
I1
tp219
asVrests
p220
(lp221
(I50
I1
tp222
asVstudy
p223
(lp224
(I83
I1
tp225
asVvulnerability
p226
(lp227
(I60
I1
tp228
a(I87
I1
tp229
asVapproaches
p230
(lp231
(I87
I1
tp232
asVreports
p233
(lp234
(I19
I1
tp235
a(I87
I3
tp236
asVpinning
p237
(lp238
(I50
I1
tp239
asVcredit
p240
(lp241
(I83
I54
tp242
asVexacting
p243
(lp244
(I60
I1
tp245
asVchanges
p246
(lp247
(I19
I1
tp248
a(I26
I1
tp249
a(I60
I1
tp250
asVbiometric
p251
(lp252
(I26
I3
tp253
asVcriticism
p254
(lp255
(I50
I1
tp256
asVappropriately
p257
(lp258
(I50
I1
tp259
asVsecure
p260
(lp261
(I87
I1
tp262
asVcampaign
p263
(lp264
(I26
I2
tp265
a(I96
I3
tp266
asVexplained
p267
(lp268
(I19
I1
tp269
asVtotal
p270
(lp271
(I87
I1
tp272
a(I99
I3
tp273
asVforums
p274
(lp275
(I83
I2
tp276
asVunit
p277
(lp278
(I96
I3
tp279
asVcriminals
p280
(lp281
(I83
I2
tp282
asVwould
p283
(lp284
(I19
I3
tp285
a(I26
I3
tp286
a(I30
I1
tp287
a(I55
I1
tp288
a(I60
I2
tp289
a(I69
I1
tp290
a(I81
I1
tp291
a(I83
I1
tp292
a(I84
I1
tp293
a(I87
I6
tp294
a(I96
I2
tp295
asVchargers
p296
(lp297
(I26
I1
tp298
asVcall
p299
(lp300
(I19
I1
tp301
asVtelegraph
p302
(lp303
(I19
I1
tp304
asVstrike
p305
(lp306
(I87
I1
tp307
asVrobertson
p308
(lp309
(I96
I10
tp310
asVtype
p311
(lp312
(I26
I1
tp313
asVsuccessful
p314
(lp315
(I60
I1
tp316
asVphony
p317
(lp318
(I83
I1
tp319
asVaware
p320
(lp321
(I96
I1
tp322
asVwarn
p323
(lp324
(I87
I1
tp325
asVphone
p326
(lp327
(I26
I2
tp328
a(I60
I6
tp329
a(I83
I2
tp330
asVwe\u2019ll
p331
(lp332
(I87
I1
tp333
asVmust
p334
(lp335
(I50
I1
tp336
asVkumar
p337
(lp338
(I87
I1
tp339
asVlocked
p340
(lp341
(I50
I1
tp342
a(I96
I1
tp343
asVroom
p344
(lp345
(I83
I1
tp346
asVwork
p347
(lp348
(I87
I2
tp349
a(I96
I4
tp350
asVregrets
p351
(lp352
(I87
I1
tp353
asVhansen
p354
(lp355
(I87
I1
tp356
asVexample
p357
(lp358
(I19
I1
tp359
a(I87
I1
tp360
asVdecorative
p361
(lp362
(I26
I1
tp363
asVindicated
p364
(lp365
(I83
I1
tp366
asVgive
p367
(lp368
(I26
I1
tp369
a(I60
I2
tp370
a(I87
I3
tp371
asVindia
p372
(lp373
(I87
I1
tp374
asV10,000
p375
(lp376
(I60
I2
tp377
a(I96
I1
tp378
asVwant
p379
(lp380
(I26
I1
tp381
a(I50
I1
tp382
asVover-promising
p383
(lp384
(I96
I1
tp385
asVkeep
p386
(lp387
(I19
I2
tp388
a(I87
I1
tp389
a(I96
I2
tp390
asVguarantee
p391
(lp392
(I96
I1
tp393
asVilia
p394
(lp395
(I87
I1
tp396
asVend
p397
(lp398
(I19
I1
tp399
a(I50
I2
tp400
a(I83
I1
tp401
a(I99
I1
tp402
asVtitular
p403
(lp404
(I50
I1
tp405
asVturn
p406
(lp407
(I19
I1
tp408
asVprovide
p409
(lp410
(I30
I2
tp411
a(I55
I2
tp412
a(I69
I2
tp413
a(I81
I2
tp414
a(I84
I2
tp415
asV23:59:60
p416
(lp417
(I19
I1
tp418
asVtravel
p419
(lp420
(I83
I1
tp421
asVfeature
p422
(lp423
(I60
I1
tp424
asVeyeballs
p425
(lp426
(I26
I1
tp427
asVgaming
p428
(lp429
(I26
I1
tp430
asVpoker
p431
(lp432
(I87
I2
tp433
asVearlier
p434
(lp435
(I60
I1
tp436
a(I83
I2
tp437
a(I96
I1
tp438
asVlab
p439
(lp440
(I96
I1
tp441
asVwrong
p442
(lp443
(I60
I3
tp444
asVdestined
p445
(lp446
(I26
I1
tp447
asVthey're
p448
(lp449
(I19
I1
tp450
asV8.1.1
p451
(lp452
(I60
I1
tp453
asVthird
p454
(lp455
(I26
I1
tp456
asVdescends
p457
(lp458
(I50
I1
tp459
asVfictional
p460
(lp461
(I50
I2
tp462
asVdiscontinued
p463
(lp464
(I96
I1
tp465
asVcomplexity
p466
(lp467
(I96
I1
tp468
asValgorithms
p469
(lp470
(I26
I1
tp471
asVultimate
p472
(lp473
(I26
I1
tp474
asVcapitalist
p475
(lp476
(I87
I1
tp477
asVanti-fraud
p478
(lp479
(I83
I1
tp480
asVtantalizing
p481
(lp482
(I26
I1
tp483
asVrewards
p484
(lp485
(I87
I5
tp486
asVvapor
p487
(lp488
(I26
I4
tp489
asVorder
p490
(lp491
(I30
I1
tp492
a(I55
I1
tp493
a(I60
I1
tp494
a(I69
I1
tp495
a(I81
I1
tp496
a(I84
I1
tp497
asVoperations
p498
(lp499
(I19
I1
tp500
asVoffice
p501
(lp502
(I50
I2
tp503
asVundetected
p504
(lp505
(I83
I1
tp506
asVmalfunctioned
p507
(lp508
(I96
I1
tp509
asVkeyboard
p510
(lp511
(I26
I3
tp512
asVhip-hop
p513
(lp514
(I30
I50
tp515
asVsomewhere
p516
(lp517
(I26
I1
tp518
a(I50
I1
tp519
asVfix
p520
(lp521
(I19
I1
tp522
asV,
p523
(lp524
(I19
I42
tp525
a(I26
I70
tp526
a(I30
I9
tp527
a(I50
I104
tp528
a(I55
I9
tp529
a(I60
I16
tp530
a(I69
I59
tp531
a(I81
I9
tp532
a(I83
I35
tp533
a(I84
I9
tp534
a(I87
I115
tp535
a(I96
I65
tp536
a(I99
I15
tp537
asVwriting
p538
(lp539
(I87
I1
tp540
asVbetter
p541
(lp542
(I26
I1
tp543
a(I30
I1
tp544
a(I50
I1
tp545
a(I55
I1
tp546
a(I60
I1
tp547
a(I69
I1
tp548
a(I81
I1
tp549
a(I84
I1
tp550
asVproduction
p551
(lp552
(I26
I1
tp553
a(I96
I2
tp554
asVhidden
p555
(lp556
(I83
I1
tp557
asVeventually
p558
(lp559
(I19
I1
tp560
asVcoffee
p561
(lp562
(I26
I1
tp563
asVaffected
p564
(lp565
(I60
I1
tp566
asVweakness
p567
(lp568
(I87
I1
tp569
asVbreak
p570
(lp571
(I26
I1
tp572
asVhiring
p573
(lp574
(I87
I1
tp575
asVvaping
p576
(lp577
(I26
I1
tp578
asVbank
p579
(lp580
(I87
I1
tp581
asValex
p582
(lp583
(I87
I1
tp584
asVregularly
p585
(lp586
(I96
I1
tp587
asVdetroit
p588
(lp589
(I50
I1
tp590
asVreasonable
p591
(lp592
(I87
I1
tp593
asVwent
p594
(lp595
(I26
I52
tp596
a(I83
I2
tp597
asVoperatives
p598
(lp599
(I87
I1
tp600
asVside
p601
(lp602
(I26
I1
tp603
asVmean
p604
(lp605
(I19
I1
tp606
asVadobe
p607
(lp608
(I99
I1
tp609
asVwoes
p610
(lp611
(I87
I1
tp612
asVfairly
p613
(lp614
(I96
I1
tp615
asVlaying
p616
(lp617
(I26
I1
tp618
asVforgot
p619
(lp620
(I30
I4
tp621
a(I55
I4
tp622
a(I69
I4
tp623
a(I81
I4
tp624
a(I84
I4
tp625
asV399
p626
(lp627
(I26
I1
tp628
asVsounds
p629
(lp630
(I50
I1
tp631
asVnetwork
p632
(lp633
(I19
I1
tp634
a(I83
I1
tp635
asVcrowdcurity\u2019s
p636
(lp637
(I87
I1
tp638
asVencourage
p639
(lp640
(I87
I1
tp641
asVdaniel
p642
(lp643
(I87
I1
tp644
asVgot
p645
(lp646
(I19
I1
tp647
a(I26
I1
tp648
a(I87
I1
tp649
a(I96
I1
tp650
asVmillions
p651
(lp652
(I87
I52
tp653
asVsluggish
p654
(lp655
(I83
I1
tp656
asVturning
p657
(lp658
(I60
I1
tp659
asVfree
p660
(lp661
(I50
I1
tp662
a(I87
I3
tp663
asVstandard
p664
(lp665
(I26
I1
tp666
asVscanadu\u2019s
p667
(lp668
(I26
I1
tp669
asVstruggle
p670
(lp671
(I83
I1
tp672
a(I96
I2
tp673
asVestimate
p674
(lp675
(I26
I1
tp676
asVwanted
p677
(lp678
(I26
I1
tp679
asVlogging
p680
(lp681
(I26
I1
tp682
asVcreated
p683
(lp684
(I83
I1
tp685
a(I96
I1
tp686
asVstarts
p687
(lp688
(I87
I2
tp689
asVsynack
p690
(lp691
(I87
I5
tp692
asVdays
p693
(lp694
(I83
I6
tp695
a(I87
I1
tp696
a(I96
I1
tp697
a(I99
I1
tp698
asVcreates
p699
(lp700
(I19
I1
tp701
asVshipped
p702
(lp703
(I96
I2
tp704
asVtempting
p705
(lp706
(I50
I1
tp707
asVpasscode
p708
(lp709
(I60
I1
tp710
asVonto
p711
(lp712
(I26
I1
tp713
a(I50
I1
tp714
a(I83
I3
tp715
asVuser
p716
(lp717
(I30
I2
tp718
a(I55
I2
tp719
a(I69
I2
tp720
a(I81
I2
tp721
a(I84
I2
tp722
asVsize
p723
(lp724
(I87
I3
tp725
asValready
p726
(lp727
(I19
I1
tp728
a(I83
I1
tp729
a(I87
I1
tp730
a(I96
I1
tp731
asVfeatures
p732
(lp733
(I96
I2
tp734
asVthey\u2019ll
p735
(lp736
(I19
I1
tp737
asVpre-orders
p738
(lp739
(I96
I3
tp740
asVdownside
p741
(lp742
(I87
I1
tp743
asVanother
p744
(lp745
(I19
I1
tp746
a(I26
I3
tp747
a(I30
I2
tp748
a(I55
I2
tp749
a(I69
I2
tp750
a(I81
I2
tp751
a(I83
I1
tp752
a(I84
I2
tp753
a(I96
I1
tp754
asVthick
p755
(lp756
(I96
I1
tp757
asVbitten
p758
(lp759
(I26
I1
tp760
asVservice
p761
(lp762
(I19
I1
tp763
a(I87
I2
tp764
asVtor
p765
(lp766
(I83
I1
tp767
asVtop
p768
(lp769
(I87
I2
tp770
a(I96
I1
tp771
asVwe\u2019d
p772
(lp773
(I26
I1
tp774
asVelevator
p775
(lp776
(I50
I1
tp777
asVfiction
p778
(lp779
(I50
I2
tp780
asVplentiful
p781
(lp782
(I87
I1
tp783
asVneeded
p784
(lp785
(I19
I1
tp786
a(I96
I1
tp787
asVconfirming
p788
(lp789
(I30
I1
tp790
a(I55
I1
tp791
a(I69
I1
tp792
a(I81
I1
tp793
a(I84
I1
tp794
asVton
p795
(lp796
(I87
I1
tp797
asVurban
p798
(lp799
(I50
I1
tp800
asVmurder
p801
(lp802
(I87
I1
tp803
asVserve
p804
(lp805
(I87
I1
tp806
asVwasted
p807
(lp808
(I87
I1
tp809
asVtwo-odd
p810
(lp811
(I96
I1
tp812
asVtrek
p813
(lp814
(I26
I1
tp815
asVtarget
p816
(lp817
(I83
I1
tp818
asVshowed
p819
(lp820
(I26
I3
tp821
a(I96
I1
tp822
asVlikely
p823
(lp824
(I19
I1
tp825
a(I83
I1
tp826
a(I87
I2
tp827
asVproject
p828
(lp829
(I26
I4
tp830
asVfriend
p831
(lp832
(I50
I1
tp833
asVdesign
p834
(lp835
(I26
I1
tp836
asVhacking
p837
(lp838
(I26
I1
tp839
a(I87
I1
tp840
a(I99
I50
tp841
asVbugcrowd
p842
(lp843
(I87
I3
tp844
asVbridge
p845
(lp846
(I87
I1
tp847
asVsees
p848
(lp849
(I60
I1
tp850
asVran
p851
(lp852
(I96
I3
tp853
asV500,000
p854
(lp855
(I26
I1
tp856
asVseen
p857
(lp858
(I83
I1
tp859
asVrelatively
p860
(lp861
(I26
I1
tp862
a(I83
I1
tp863
asVforced
p864
(lp865
(I19
I1
tp866
asVsnow
p867
(lp868
(I50
I2
tp869
asVassigns
p870
(lp871
(I87
I1
tp872
asVrides
p873
(lp874
(I50
I1
tp875
asVthough
p876
(lp877
(I19
I1
tp878
a(I26
I3
tp879
asVregular
p880
(lp881
(I19
I1
tp882
asVletter
p883
(lp884
(I87
I1
tp885
asVmacbook
p886
(lp887
(I69
I50
tp888
asVupend
p889
(lp890
(I26
I1
tp891
asVmedical
p892
(lp893
(I26
I1
tp894
asVpoints
p895
(lp896
(I83
I1
tp897
a(I87
I4
tp898
asVtech
p899
(lp900
(I87
I2
tp901
asVtakako
p902
(lp903
(I50
I1
tp904
asVbackorder
p905
(lp906
(I96
I1
tp907
asVenterprise
p908
(lp909
(I83
I1
tp910
asVconsumer
p911
(lp912
(I26
I52
tp913
asVcame
p914
(lp915
(I26
I2
tp916
a(I99
I1
tp917
asVincorporate
p918
(lp919
(I50
I1
tp920
asVcontacted
p921
(lp922
(I87
I1
tp923
asVtrewgrip
p924
(lp925
(I26
I1
tp926
asVcolors
p927
(lp928
(I26
I1
tp929
asVearth
p930
(lp931
(I19
I2
tp932
asVavailability
p933
(lp934
(I26
I1
tp935
asVminnesota
p936
(lp937
(I50
I1
tp938
asVwasting
p939
(lp940
(I87
I2
tp941
asVscreening
p942
(lp943
(I50
I1
tp944
asVannounce
p945
(lp946
(I87
I1
tp947
asVrice
p948
(lp949
(I87
I1
tp950
asVdisconnecting
p951
(lp952
(I60
I1
tp953
asVprofessionals
p954
(lp955
(I87
I1
tp956
asVwatch
p957
(lp958
(I26
I1
tp959
a(I50
I1
tp960
asVshutting
p961
(lp962
(I60
I1
tp963
asVchristopher
p964
(lp965
(I19
I1
tp966
asValtogether
p967
(lp968
(I19
I1
tp969
asVreport
p970
(lp971
(I83
I1
tp972
a(I87
I2
tp973
a(I96
I1
tp974
asVtoolbox
p975
(lp976
(I87
I1
tp977
asV14
p978
(lp979
(I96
I1
tp980
asVcountries
p981
(lp982
(I83
I2
tp983
a(I87
I1
tp984
asVzellner
p985
(lp986
(I50
I1
tp987
asVpatch
p988
(lp989
(I87
I1
tp990
asVbad
p991
(lp992
(I26
I1
tp993
a(I60
I1
tp994
a(I87
I1
tp995
asVshots
p996
(lp997
(I50
I1
tp998
asVrelease
p999
(lp1000
(I26
I1
tp1001
a(I83
I1
tp1002
asVadapters
p1003
(lp1004
(I26
I1
tp1005
asVrespond
p1006
(lp1007
(I83
I1
tp1008
asVblew
p1009
(lp1010
(I83
I1
tp1011
asVdecides
p1012
(lp1013
(I50
I1
tp1014
asVdisaster
p1015
(lp1016
(I96
I51
tp1017
asVfair
p1018
(lp1019
(I26
I1
tp1020
asVtesting
p1021
(lp1022
(I96
I5
tp1023
asVunexpectedly
p1024
(lp1025
(I19
I1
tp1026
asVdecided
p1027
(lp1028
(I83
I1
tp1029
asVfail
p1030
(lp1031
(I87
I1
tp1032
asVbest
p1033
(lp1034
(I30
I1
tp1035
a(I55
I1
tp1036
a(I69
I1
tp1037
a(I81
I1
tp1038
a(I84
I1
tp1039
a(I87
I3
tp1040
asVsaid
p1041
(lp1042
(I26
I2
tp1043
a(I87
I2
tp1044
a(I96
I1
tp1045
asVslotted
p1046
(lp1047
(I26
I1
tp1048
asVpasscodes
p1049
(lp1050
(I60
I1
tp1051
asVscore
p1052
(lp1053
(I50
I1
tp1054
asVhopefully
p1055
(lp1056
(I96
I1
tp1057
asVapproach
p1058
(lp1059
(I60
I1
tp1060
a(I87
I3
tp1061
asV360
p1062
(lp1063
(I26
I2
tp1064
asVreddit
p1065
(lp1066
(I19
I2
tp1067
asVterms
p1068
(lp1069
(I30
I1
tp1070
a(I55
I1
tp1071
a(I69
I1
tp1072
a(I81
I1
tp1073
a(I84
I1
tp1074
asVwears
p1075
(lp1076
(I50
I1
tp1077
asVnature
p1078
(lp1079
(I87
I1
tp1080
asVhowever
p1081
(lp1082
(I19
I1
tp1083
asVboss
p1084
(lp1085
(I50
I1
tp1086
asVwear
p1087
(lp1088
(I26
I1
tp1089
asVclues
p1090
(lp1091
(I50
I1
tp1092
asVnews
p1093
(lp1094
(I26
I1
tp1095
a(I83
I1
tp1096
asVranges
p1097
(lp1098
(I87
I1
tp1099
asVprotect
p1100
(lp1101
(I60
I1
tp1102
asVill
p1103
(lp1104
(I50
I1
tp1105
asVadventurer
p1106
(lp1107
(I50
I1
tp1108
asVbeacon
p1109
(lp1110
(I83
I4
tp1111
asVparticipating
p1112
(lp1113
(I99
I1
tp1114
asVplanned
p1115
(lp1116
(I26
I2
tp1117
asVreceives
p1118
(lp1119
(I87
I1
tp1120
asVlogin
p1121
(lp1122
(I30
I6
tp1123
a(I55
I6
tp1124
a(I69
I6
tp1125
a(I81
I6
tp1126
a(I84
I6
tp1127
asVasked
p1128
(lp1129
(I96
I1
tp1130
asV30th
p1131
(lp1132
(I19
I3
tp1133
asVsprings
p1134
(lp1135
(I26
I1
tp1136
asVhumming
p1137
(lp1138
(I87
I1
tp1139
asVtrust
p1140
(lp1141
(I87
I3
tp1142
asVbilling
p1143
(lp1144
(I87
I1
tp1145
asVbasis
p1146
(lp1147
(I87
I2
tp1148
asVchrome
p1149
(lp1150
(I87
I1
tp1151
a(I99
I4
tp1152
asVropes
p1153
(lp1154
(I87
I1
tp1155
asVthree
p1156
(lp1157
(I26
I2
tp1158
a(I96
I2
tp1159
a(I99
I2
tp1160
asVtiny
p1161
(lp1162
(I19
I1
tp1163
a(I60
I1
tp1164
asV.
p1165
(lp1166
(I19
I21
tp1167
a(I26
I58
tp1168
a(I30
I11
tp1169
a(I50
I33
tp1170
a(I55
I11
tp1171
a(I60
I13
tp1172
a(I69
I11
tp1173
a(I81
I11
tp1174
a(I83
I24
tp1175
a(I84
I11
tp1176
a(I87
I104
tp1177
a(I96
I54
tp1178
a(I99
I7
tp1179
asVcommission
p1180
(lp1181
(I87
I1
tp1182
asVtrigger
p1183
(lp1184
(I60
I1
tp1185
asVinterest
p1186
(lp1187
(I26
I1
tp1188
asVexpected
p1189
(lp1190
(I96
I1
tp1191
asVwebsite
p1192
(lp1193
(I19
I1
tp1194
a(I87
I1
tp1195
a(I96
I1
tp1196
asVlife
p1197
(lp1198
(I26
I1
tp1199
a(I50
I6
tp1200
a(I96
I1
tp1201
asVworker
p1202
(lp1203
(I50
I1
tp1204
asVlift
p1205
(lp1206
(I50
I1
tp1207
asVchild
p1208
(lp1209
(I50
I1
tp1210
asVworked
p1211
(lp1212
(I87
I1
tp1213
a(I96
I4
tp1214
asVapplied
p1215
(lp1216
(I96
I1
tp1217
asVexception
p1218
(lp1219
(I26
I1
tp1220
asVpublicly
p1221
(lp1222
(I99
I1
tp1223
asVair
p1224
(lp1225
(I69
I50
tp1226
asVaim
p1227
(lp1228
(I26
I1
tp1229
asVleaves
p1230
(lp1231
(I50
I1
tp1232
asVlaunched
p1233
(lp1234
(I26
I1
tp1235
a(I87
I2
tp1236
asVchanged
p1237
(lp1238
(I87
I3
tp1239
asVip
p1240
(lp1241
(I83
I2
tp1242
asVplayer
p1243
(lp1244
(I50
I1
tp1245
asVexperts
p1246
(lp1247
(I87
I1
tp1248
asVlinkedin
p1249
(lp1250
(I19
I1
tp1251
asVmarch
p1252
(lp1253
(I26
I1
tp1254
a(I96
I2
tp1255
asVtrusted
p1256
(lp1257
(I87
I2
tp1258
asVthings
p1259
(lp1260
(I19
I1
tp1261
a(I26
I2
tp1262
a(I96
I1
tp1263
asVmake
p1264
(lp1265
(I26
I1
tp1266
a(I50
I1
tp1267
a(I87
I52
tp1268
asVdebuted
p1269
(lp1270
(I26
I2
tp1271
asVsent
p1272
(lp1273
(I96
I1
tp1274
asVhaphazard
p1275
(lp1276
(I87
I1
tp1277
asVcomplex
p1278
(lp1279
(I96
I1
tp1280
asVsplit
p1281
(lp1282
(I60
I1
tp1283
asVunfortunate
p1284
(lp1285
(I96
I2
tp1286
asVsuccess
p1287
(lp1288
(I96
I2
tp1289
asVseveral
p1290
(lp1291
(I96
I1
tp1292
asVcouple
p1293
(lp1294
(I96
I1
tp1295
asVindependent
p1296
(lp1297
(I50
I1
tp1298
asVsocial
p1299
(lp1300
(I83
I2
tp1301
a(I87
I1
tp1302
asVhang
p1303
(lp1304
(I50
I1
tp1305
asVinsulating
p1306
(lp1307
(I87
I1
tp1308
asVscale
p1309
(lp1310
(I87
I1
tp1311
asVcharacters
p1312
(lp1313
(I50
I1
tp1314
asVtune
p1315
(lp1316
(I87
I1
tp1317
asVcycle
p1318
(lp1319
(I60
I1
tp1320
asVkept
p1321
(lp1322
(I26
I1
tp1323
asVintrusion
p1324
(lp1325
(I83
I1
tp1326
asVprograms
p1327
(lp1328
(I87
I9
tp1329
asVsettled
p1330
(lp1331
(I96
I1
tp1332
asV1972
p1333
(lp1334
(I19
I1
tp1335
asVmaterials
p1336
(lp1337
(I26
I1
tp1338
asVmother
p1339
(lp1340
(I50
I2
tp1341
asVclaims
p1342
(lp1343
(I26
I1
tp1344
asV800
p1345
(lp1346
(I83
I1
tp1347
asVmusical
p1348
(lp1349
(I55
I50
tp1350
asVprotocol
p1351
(lp1352
(I19
I1
tp1353
asVlaptop
p1354
(lp1355
(I26
I1
tp1356
a(I87
I3
tp1357
asVunfair
p1358
(lp1359
(I96
I1
tp1360
asVgrades
p1361
(lp1362
(I87
I1
tp1363
asVsedatives
p1364
(lp1365
(I50
I1
tp1366
asVyes
p1367
(lp1368
(I30
I2
tp1369
a(I55
I2
tp1370
a(I69
I2
tp1371
a(I81
I2
tp1372
a(I84
I2
tp1373
asVyet
p1374
(lp1375
(I26
I1
tp1376
a(I87
I1
tp1377
asVbuyers
p1378
(lp1379
(I26
I1
tp1380
asVblowback
p1381
(lp1382
(I87
I2
tp1383
asVphillips
p1384
(lp1385
(I26
I1
tp1386
asVpatching
p1387
(lp1388
(I87
I1
tp1389
asVbelongs
p1390
(lp1391
(I50
I1
tp1392
a(I81
I50
tp1393
asVhat
p1394
(lp1395
(I87
I3
tp1396
asVpossible
p1397
(lp1398
(I30
I1
tp1399
a(I55
I1
tp1400
a(I60
I1
tp1401
a(I69
I1
tp1402
a(I81
I1
tp1403
a(I83
I1
tp1404
a(I84
I1
tp1405
a(I87
I1
tp1406
asVdiscreet
p1407
(lp1408
(I96
I1
tp1409
asVprogresses
p1410
(lp1411
(I50
I1
tp1412
asVapart
p1413
(lp1414
(I87
I1
tp1415
asVhunt
p1416
(lp1417
(I87
I1
tp1418
asV50
p1419
(lp1420
(I87
I1
tp1421
a(I96
I1
tp1422
asVspecific
p1423
(lp1424
(I30
I1
tp1425
a(I55
I1
tp1426
a(I69
I1
tp1427
a(I81
I1
tp1428
a(I83
I2
tp1429
a(I84
I1
tp1430
asVsteps
p1431
(lp1432
(I60
I1
tp1433
asVofficer
p1434
(lp1435
(I87
I1
tp1436
asVhoming
p1437
(lp1438
(I83
I3
tp1439
asVsecurity
p1440
(lp1441
(I60
I3
tp1442
a(I83
I4
tp1443
a(I87
I13
tp1444
a(I99
I1
tp1445
asVmaximize
p1446
(lp1447
(I87
I1
tp1448
asVright
p1449
(lp1450
(I26
I3
tp1451
a(I60
I1
tp1452
a(I87
I1
tp1453
asVold
p1454
(lp1455
(I96
I1
tp1456
asVpeople
p1457
(lp1458
(I50
I3
tp1459
a(I83
I1
tp1460
a(I87
I8
tp1461
a(I96
I5
tp1462
asVdead
p1463
(lp1464
(I50
I1
tp1465
asVconsultants
p1466
(lp1467
(I87
I1
tp1468
asVescape
p1469
(lp1470
(I50
I1
tp1471
asVmultiple
p1472
(lp1473
(I96
I1
tp1474
asVnotification
p1475
(lp1476
(I26
I1
tp1477
a(I60
I1
tp1478
asV/
p1479
(lp1480
(I87
I2
tp1481
asVeverything
p1482
(lp1483
(I26
I1
tp1484
a(I60
I1
tp1485
a(I87
I1
tp1486
asV1900
p1487
(lp1488
(I19
I1
tp1489
asVcan\u2019t
p1490
(lp1491
(I87
I1
tp1492
asVpalatable
p1493
(lp1494
(I26
I1
tp1495
asVknew
p1496
(lp1497
(I83
I1
tp1498
asVmarketing
p1499
(lp1500
(I87
I1
tp1501
asVdisappeared
p1502
(lp1503
(I26
I1
tp1504
asVprotagonist
p1505
(lp1506
(I50
I1
tp1507
asVbolt
p1508
(lp1509
(I96
I2
tp1510
asVscarves
p1511
(lp1512
(I50
I1
tp1513
asVeye
p1514
(lp1515
(I19
I1
tp1516
a(I50
I1
tp1517
asVpost
p1518
(lp1519
(I19
I1
tp1520
a(I96
I1
tp1521
asVmanufacturing
p1522
(lp1523
(I96
I2
tp1524
asVsuper
p1525
(lp1526
(I96
I1
tp1527
asVplug
p1528
(lp1529
(I26
I1
tp1530
asVincreasingly
p1531
(lp1532
(I99
I1
tp1533
asVattacks
p1534
(lp1535
(I87
I1
tp1536
asVdollars
p1537
(lp1538
(I60
I1
tp1539
a(I87
I1
tp1540
a(I96
I1
tp1541
a(I99
I1
tp1542
asVmonths
p1543
(lp1544
(I26
I4
tp1545
a(I83
I3
tp1546
a(I87
I1
tp1547
a(I96
I1
tp1548
asVcosts
p1549
(lp1550
(I26
I1
tp1551
asV'if
p1552
(lp1553
(I87
I1
tp1554
asVlogistical
p1555
(lp1556
(I87
I1
tp1557
asVconnected
p1558
(lp1559
(I96
I1
tp1560
asVpresence
p1561
(lp1562
(I50
I1
tp1563
asVcivil
p1564
(lp1565
(I19
I1
tp1566
asVstop
p1567
(lp1568
(I19
I1
tp1569
a(I87
I1
tp1570
asVrespectable
p1571
(lp1572
(I87
I1
tp1573
asVrely
p1574
(lp1575
(I87
I1
tp1576
asVundiscovered
p1577
(lp1578
(I83
I1
tp1579
asVconstantly
p1580
(lp1581
(I87
I1
tp1582
asVgig
p1583
(lp1584
(I87
I1
tp1585
asVfraction
p1586
(lp1587
(I60
I1
tp1588
asVfactions
p1589
(lp1590
(I19
I1
tp1591
asVwar
p1592
(lp1593
(I87
I1
tp1594
asVlaunching
p1595
(lp1596
(I26
I1
tp1597
asVhead
p1598
(lp1599
(I50
I1
tp1600
a(I87
I3
tp1601
asVoffering
p1602
(lp1603
(I26
I2
tp1604
asVoffer
p1605
(lp1606
(I87
I1
tp1607
asVbecoming
p1608
(lp1609
(I30
I1
tp1610
a(I55
I1
tp1611
a(I69
I1
tp1612
a(I81
I1
tp1613
a(I84
I1
tp1614
asVpaypal
p1615
(lp1616
(I87
I2
tp1617
asV26th
p1618
(lp1619
(I19
I1
tp1620
asVmysterious
p1621
(lp1622
(I50
I2
tp1623
asVsolar
p1624
(lp1625
(I19
I2
tp1626
asVtrue
p1627
(lp1628
(I50
I1
tp1629
asVanalyst
p1630
(lp1631
(I87
I1
tp1632
asVwatermarking
p1633
(lp1634
(I83
I1
tp1635
asVreset
p1636
(lp1637
(I30
I1
tp1638
a(I55
I1
tp1639
a(I69
I1
tp1640
a(I81
I1
tp1641
a(I84
I1
tp1642
asVbypassing
p1643
(lp1644
(I60
I1
tp1645
a(I83
I1
tp1646
asVportions
p1647
(lp1648
(I19
I1
tp1649
asVmyopic
p1650
(lp1651
(I50
I1
tp1652
asVinside
p1653
(lp1654
(I26
I1
tp1655
a(I50
I1
tp1656
asVdevices
p1657
(lp1658
(I26
I1
tp1659
asVwhat\u2019s
p1660
(lp1661
(I26
I1
tp1662
a(I87
I1
tp1663
asVduet
p1664
(lp1665
(I26
I2
tp1666
asVtrim
p1667
(lp1668
(I96
I1
tp1669
asVfulfills
p1670
(lp1671
(I96
I1
tp1672
asVtrio
p1673
(lp1674
(I26
I1
tp1675
asVguesses
p1676
(lp1677
(I60
I2
tp1678
asVclassic
p1679
(lp1680
(I19
I1
tp1681
asVone-third
p1682
(lp1683
(I96
I1
tp1684
asVcovers
p1685
(lp1686
(I26
I1
tp1687
asVevidence
p1688
(lp1689
(I83
I1
tp1690
asV''
p1691
(lp1692
(I19
I8
tp1693
a(I26
I3
tp1694
a(I83
I3
tp1695
a(I87
I40
tp1696
a(I96
I22
tp1697
a(I99
I1
tp1698
asVsometime
p1699
(lp1700
(I26
I5
tp1701
asVexpertise
p1702
(lp1703
(I87
I1
tp1704
a(I96
I1
tp1705
asVpromised
p1706
(lp1707
(I26
I4
tp1708
a(I96
I1
tp1709
asVship
p1710
(lp1711
(I26
I1
tp1712
a(I69
I50
tp1713
a(I96
I1
tp1714
asVannoying
p1715
(lp1716
(I19
I1
tp1717
asVcheck
p1718
(lp1719
(I26
I1
tp1720
a(I87
I1
tp1721
asVconstructed
p1722
(lp1723
(I50
I2
tp1724
asVagreeing
p1725
(lp1726
(I30
I1
tp1727
a(I55
I1
tp1728
a(I69
I1
tp1729
a(I81
I1
tp1730
a(I84
I1
tp1731
asVwhereas
p1732
(lp1733
(I26
I1
tp1734
asVexcel
p1735
(lp1736
(I83
I3
tp1737
asVreality
p1738
(lp1739
(I87
I1
tp1740
asVsetting
p1741
(lp1742
(I19
I1
tp1743
asVambitious
p1744
(lp1745
(I96
I1
tp1746
asVtest
p1747
(lp1748
(I83
I1
tp1749
a(I87
I2
tp1750
a(I96
I1
tp1751
asVdepot
p1752
(lp1753
(I83
I1
tp1754
asV's
p1755
(lp1756
(I19
I52
tp1757
a(I26
I52
tp1758
a(I50
I6
tp1759
a(I60
I56
tp1760
a(I81
I50
tp1761
a(I83
I11
tp1762
a(I96
I2
tp1763
a(I99
I3
tp1764
asVmodels
p1765
(lp1766
(I26
I1
tp1767
asVoutage
p1768
(lp1769
(I19
I1
tp1770
asVasterisk
p1771
(lp1772
(I87
I1
tp1773
asVyahoo
p1774
(lp1775
(I87
I2
tp1776
asV'd
p1777
(lp1778
(I50
I1
tp1779
asVintent
p1780
(lp1781
(I87
I1
tp1782
asV99
p1783
(lp1784
(I96
I1
tp1785
asVfaster
p1786
(lp1787
(I83
I1
tp1788
asVbullet
p1789
(lp1790
(I87
I1
tp1791
asVglass
p1792
(lp1793
(I26
I2
tp1794
asVassume
p1795
(lp1796
(I50
I1
tp1797
asVdaily
p1798
(lp1799
(I30
I1
tp1800
a(I55
I1
tp1801
a(I69
I1
tp1802
a(I81
I1
tp1803
a(I84
I1
tp1804
asVtime
p1805
(lp1806
(I19
I13
tp1807
a(I26
I3
tp1808
a(I60
I1
tp1809
a(I83
I1
tp1810
a(I87
I10
tp1811
a(I96
I1
tp1812
asVserious
p1813
(lp1814
(I87
I1
tp1815
asVstacks
p1816
(lp1817
(I50
I1
tp1818
asVconcept
p1819
(lp1820
(I19
I2
tp1821
a(I26
I1
tp1822
asVmanaged
p1823
(lp1824
(I87
I1
tp1825
a(I96
I2
tp1826
asVremarkable
p1827
(lp1828
(I26
I1
tp1829
asVglobal
p1830
(lp1831
(I87
I1
tp1832
asVleads
p1833
(lp1834
(I87
I1
tp1835
asVtheaters
p1836
(lp1837
(I50
I1
tp1838
asVnon-tech
p1839
(lp1840
(I87
I1
tp1841
asVdisplaying
p1842
(lp1843
(I60
I1
tp1844
asVlayers
p1845
(lp1846
(I50
I1
tp1847
asVcertainly
p1848
(lp1849
(I50
I1
tp1850
a(I96
I1
tp1851
asVsuicide
p1852
(lp1853
(I50
I1
tp1854
asVflash
p1855
(lp1856
(I99
I1
tp1857
asVenvironment
p1858
(lp1859
(I50
I1
tp1860
asVanswered
p1861
(lp1862
(I26
I1
tp1863
asVfinally
p1864
(lp1865
(I96
I1
tp1866
asVfoursquare
p1867
(lp1868
(I19
I1
tp1869
asVdevotes
p1870
(lp1871
(I50
I1
tp1872
asVcircumstances
p1873
(lp1874
(I96
I1
tp1875
asVveterans
p1876
(lp1877
(I87
I1
tp1878
asVsmartphone
p1879
(lp1880
(I26
I2
tp1881
a(I87
I1
tp1882
asVbroadly
p1883
(lp1884
(I19
I1
tp1885
a(I60
I1
tp1886
asVorthogonal
p1887
(lp1888
(I87
I1
tp1889
asV557,500
p1890
(lp1891
(I99
I1
tp1892
asVsponsors
p1893
(lp1894
(I30
I1
tp1895
a(I55
I1
tp1896
a(I69
I1
tp1897
a(I81
I1
tp1898
a(I84
I1
tp1899
asVchoice
p1900
(lp1901
(I50
I1
tp1902
asVanonymous
p1903
(lp1904
(I87
I1
tp1905
asVtrouble
p1906
(lp1907
(I19
I2
tp1908
asVcorp.
p1909
(lp1910
(I26
I2
tp1911
asVcool
p1912
(lp1913
(I26
I1
tp1914
asVimpressive
p1915
(lp1916
(I26
I1
tp1917
asVsolves
p1918
(lp1919
(I19
I1
tp1920
asVpresented
p1921
(lp1922
(I26
I1
tp1923
asVgun
p1924
(lp1925
(I87
I2
tp1926
asVleave
p1927
(lp1928
(I26
I1
tp1929
a(I50
I1
tp1930
asVitem
p1931
(lp1932
(I87
I1
tp1933
a(I96
I1
tp1934
asVsubway
p1935
(lp1936
(I50
I1
tp1937
asVteam
p1938
(lp1939
(I26
I1
tp1940
asVquick
p1941
(lp1942
(I87
I1
tp1943
asVround
p1944
(lp1945
(I87
I1
tp1946
asVunexpected
p1947
(lp1948
(I50
I1
tp1949
asVsays
p1950
(lp1951
(I19
I2
tp1952
a(I26
I2
tp1953
a(I69
I50
tp1954
a(I87
I17
tp1955
a(I96
I11
tp1956
asVtrend
p1957
(lp1958
(I87
I1
tp1959
asVdiscover
p1960
(lp1961
(I99
I1
tp1962
asVsign
p1963
(lp1964
(I26
I1
tp1965
a(I30
I1
tp1966
a(I55
I1
tp1967
a(I60
I1
tp1968
a(I69
I1
tp1969
a(I81
I1
tp1970
a(I84
I1
tp1971
asVkumiko\u2019s
p1972
(lp1973
(I50
I3
tp1974
asVgnawed
p1975
(lp1976
(I50
I1
tp1977
asVcost
p1978
(lp1979
(I96
I1
tp1980
asVupped
p1981
(lp1982
(I87
I1
tp1983
asVwe\u2019re
p1984
(lp1985
(I96
I1
tp1986
asV2.7million
p1987
(lp1988
(I87
I1
tp1989
asVheadset
p1990
(lp1991
(I26
I1
tp1992
asVadds
p1993
(lp1994
(I60
I1
tp1995
asVappear
p1996
(lp1997
(I83
I2
tp1998
asVcurrent
p1999
(lp2000
(I50
I1
tp2001
asVgoes
p2002
(lp2003
(I50
I1
tp2004
a(I87
I1
tp2005
asVshared
p2006
(lp2007
(I50
I1
tp2008
asVunderstanding
p2009
(lp2010
(I83
I1
tp2011
asVpause
p2012
(lp2013
(I19
I1
tp2014
a(I60
I1
tp2015
asVgroups
p2016
(lp2017
(I83
I3
tp2018
asVaddress
p2019
(lp2020
(I87
I1
tp2021
asValong
p2022
(lp2023
(I26
I1
tp2024
a(I83
I1
tp2025
asVchange
p2026
(lp2027
(I19
I1
tp2028
a(I26
I2
tp2029
a(I60
I1
tp2030
asVwait
p2031
(lp2032
(I96
I1
tp2033
asVbox
p2034
(lp2035
(I87
I2
tp2036
asVpreorder
p2037
(lp2038
(I26
I1
tp2039
asVjay
p2040
(lp2041
(I87
I1
tp2042
asVfunded
p2043
(lp2044
(I87
I1
tp2045
asVbow
p2046
(lp2047
(I26
I1
tp2048
asVdescended
p2049
(lp2050
(I99
I1
tp2051
asVexams
p2052
(lp2053
(I87
I1
tp2054
asVhigh-tech
p2055
(lp2056
(I87
I1
tp2057
asVstudies
p2058
(lp2059
(I87
I1
tp2060
asVnowhere
p2061
(lp2062
(I26
I51
tp2063
asVteenage
p2064
(lp2065
(I87
I2
tp2066
asVextra
p2067
(lp2068
(I19
I54
tp2069
a(I99
I1
tp2070
asVverge
p2071
(lp2072
(I19
I50
tp2073
a(I26
I52
tp2074
a(I30
I51
tp2075
a(I50
I50
tp2076
a(I55
I51
tp2077
a(I60
I50
tp2078
a(I69
I51
tp2079
a(I81
I51
tp2080
a(I83
I51
tp2081
a(I84
I51
tp2082
a(I87
I52
tp2083
a(I96
I51
tp2084
a(I99
I50
tp2085
asV1st
p2086
(lp2087
(I19
I1
tp2088
asVmarket
p2089
(lp2090
(I26
I1
tp2091
a(I83
I2
tp2092
a(I87
I6
tp2093
asVbulbs
p2094
(lp2095
(I26
I1
tp2096
asVwealth
p2097
(lp2098
(I87
I1
tp2099
asVworking
p2100
(lp2101
(I26
I2
tp2102
a(I87
I2
tp2103
a(I96
I2
tp2104
asVcrowdsourcing
p2105
(lp2106
(I87
I1
tp2107
asVlive
p2108
(lp2109
(I50
I1
tp2110
asViphone
p2111
(lp2112
(I26
I1
tp2113
a(I60
I53
tp2114
asVtoday
p2115
(lp2116
(I87
I1
tp2117
a(I96
I2
tp2118
asV``
p2119
(lp2120
(I19
I8
tp2121
a(I26
I3
tp2122
a(I83
I3
tp2123
a(I87
I39
tp2124
a(I96
I22
tp2125
a(I99
I1
tp2126
asVsharing
p2127
(lp2128
(I30
I1
tp2129
a(I55
I1
tp2130
a(I69
I1
tp2131
a(I81
I1
tp2132
a(I84
I1
tp2133
asVsymptomatic
p2134
(lp2135
(I96
I1
tp2136
asVclients
p2137
(lp2138
(I87
I1
tp2139
asVcasey
p2140
(lp2141
(I87
I1
tp2142
asVvisual
p2143
(lp2144
(I30
I50
tp2145
asVw-9s
p2146
(lp2147
(I87
I1
tp2148
asVindiegogo
p2149
(lp2150
(I26
I1
tp2151
asVcases
p2152
(lp2153
(I83
I1
tp2154
asVorganizations
p2155
(lp2156
(I87
I1
tp2157
asVfictionalized
p2158
(lp2159
(I50
I1
tp2160
asVtokyo
p2161
(lp2162
(I50
I4
tp2163
asVavoiding
p2164
(lp2165
(I87
I1
tp2166
asVoriginally
p2167
(lp2168
(I26
I2
tp2169
asVbelieves
p2170
(lp2171
(I50
I1
tp2172
asVreviews
p2173
(lp2174
(I87
I1
tp2175
asVfollowing
p2176
(lp2177
(I26
I1
tp2178
asVmaking
p2179
(lp2180
(I26
I4
tp2181
a(I87
I1
tp2182
asVarrive
p2183
(lp2184
(I26
I1
tp2185
asVphotographs
p2186
(lp2187
(I50
I1
tp2188
asVcrazy
p2189
(lp2190
(I50
I2
tp2191
asVfigure
p2192
(lp2193
(I83
I1
tp2194
asVpredict
p2195
(lp2196
(I26
I1
tp2197
asVdecember
p2198
(lp2199
(I87
I1
tp2200
asVnewsletters
p2201
(lp2202
(I30
I1
tp2203
a(I55
I1
tp2204
a(I69
I1
tp2205
a(I81
I1
tp2206
a(I84
I1
tp2207
asVthere\u2019s
p2208
(lp2209
(I26
I1
tp2210
a(I50
I1
tp2211
asVlocks
p2212
(lp2213
(I96
I3
tp2214
asVdropped
p2215
(lp2216
(I83
I1
tp2217
asVunveiled
p2218
(lp2219
(I26
I1
tp2220
asVwinter
p2221
(lp2222
(I50
I1
tp2223
asVwatching
p2224
(lp2225
(I60
I1
tp2226
asVwrite
p2227
(lp2228
(I19
I1
tp2229
asVsundance
p2230
(lp2231
(I50
I1
tp2232
asVvancouver
p2233
(lp2234
(I99
I1
tp2235
asV!
p2236
(lp2237
(I30
I1
tp2238
a(I55
I1
tp2239
a(I69
I1
tp2240
a(I81
I1
tp2241
a(I84
I1
tp2242
a(I99
I50
tp2243
asVproduct
p2244
(lp2245
(I26
I3
tp2246
a(I96
I4
tp2247
asVexplorer
p2248
(lp2249
(I99
I2
tp2250
asVcocktail
p2251
(lp2252
(I50
I1
tp2253
asVhuge
p2254
(lp2255
(I87
I2
tp2256
asVmay
p2257
(lp2258
(I87
I4
tp2259
a(I96
I1
tp2260
asVsteadily
p2261
(lp2262
(I87
I1
tp2263
asVcrashed
p2264
(lp2265
(I19
I1
tp2266
asVproduce
p2267
(lp2268
(I96
I1
tp2269
asVdesigned
p2270
(lp2271
(I26
I1
tp2272
asVdrastic
p2273
(lp2274
(I26
I1
tp2275
asVdata
p2276
(lp2277
(I30
I2
tp2278
a(I55
I2
tp2279
a(I69
I2
tp2280
a(I81
I2
tp2281
a(I83
I63
tp2282
a(I84
I2
tp2283
asVremember
p2284
(lp2285
(I26
I1
tp2286
asVliquid
p2287
(lp2288
(I83
I2
tp2289
asVmaybe
p2290
(lp2291
(I87
I1
tp2292
asVpulled
p2293
(lp2294
(I83
I1
tp2295
asVtalk
p2296
(lp2297
(I87
I1
tp2298
asVframing
p2299
(lp2300
(I96
I1
tp2301
asVpointed
p2302
(lp2303
(I99
I1
tp2304
asVmidnight
p2305
(lp2306
(I19
I1
tp2307
asVyears
p2308
(lp2309
(I26
I1
tp2310
a(I87
I5
tp2311
a(I96
I5
tp2312
asVplayful
p2313
(lp2314
(I87
I1
tp2315
asVcourse
p2316
(lp2317
(I19
I2
tp2318
a(I26
I2
tp2319
a(I96
I1
tp2320
asVcuts
p2321
(lp2322
(I60
I1
tp2323
asVfrequents
p2324
(lp2325
(I50
I1
tp2326
asVstill
p2327
(lp2328
(I26
I3
tp2329
a(I60
I2
tp2330
a(I83
I3
tp2331
a(I87
I1
tp2332
asVgroup
p2333
(lp2334
(I87
I2
tp2335
asVthank
p2336
(lp2337
(I87
I2
tp2338
asVinteresting
p2339
(lp2340
(I26
I2
tp2341
asVplatform
p2342
(lp2343
(I26
I1
tp2344
asVwindow
p2345
(lp2346
(I50
I1
tp2347
a(I83
I1
tp2348
asVoffers
p2349
(lp2350
(I99
I1
tp2351
asVpolicy
p2352
(lp2353
(I30
I1
tp2354
a(I55
I1
tp2355
a(I69
I1
tp2356
a(I81
I1
tp2357
a(I84
I1
tp2358
a(I96
I1
tp2359
asVcoordinated
p2360
(lp2361
(I83
I1
tp2362
asVfeats
p2363
(lp2364
(I26
I1
tp2365
asVhappened
p2366
(lp2367
(I87
I2
tp2368
asVhalf-phone
p2369
(lp2370
(I26
I1
tp2371
asVdisparate
p2372
(lp2373
(I83
I1
tp2374
a(I87
I1
tp2375
asVviews
p2376
(lp2377
(I83
I3
tp2378
asVrecords
p2379
(lp2380
(I26
I2
tp2381
asVsafari
p2382
(lp2383
(I99
I1
tp2384
asVhalf
p2385
(lp2386
(I26
I1
tp2387
a(I87
I2
tp2388
a(I99
I1
tp2389
asVaspirations
p2390
(lp2391
(I50
I1
tp2392
asVkilled
p2393
(lp2394
(I26
I1
tp2395
asVservant
p2396
(lp2397
(I50
I1
tp2398
asVjanuary
p2399
(lp2400
(I26
I3
tp2401
asVdrop
p2402
(lp2403
(I19
I1
tp2404
asVfinsix
p2405
(lp2406
(I26
I2
tp2407
asVhowl
p2408
(lp2409
(I50
I1
tp2410
asVentirely
p2411
(lp2412
(I50
I2
tp2413
a(I96
I1
tp2414
asVvpns
p2415
(lp2416
(I83
I1
tp2417
asVdomain
p2418
(lp2419
(I96
I1
tp2420
asVchallenges
p2421
(lp2422
(I96
I1
tp2423
asVunlock
p2424
(lp2425
(I96
I1
tp2426
asVfarewell
p2427
(lp2428
(I26
I1
tp2429
asVbegun
p2430
(lp2431
(I83
I1
tp2432
asVyear
p2433
(lp2434
(I19
I1
tp2435
a(I26
I60
tp2436
a(I83
I1
tp2437
a(I87
I2
tp2438
a(I96
I1
tp2439
a(I99
I2
tp2440
asVdistributor
p2441
(lp2442
(I26
I1
tp2443
asVhappen
p2444
(lp2445
(I19
I1
tp2446
a(I87
I1
tp2447
asVweaponize
p2448
(lp2449
(I87
I1
tp2450
asVobsession
p2451
(lp2452
(I50
I1
tp2453
asVhacker
p2454
(lp2455
(I87
I2
tp2456
asVshown
p2457
(lp2458
(I26
I1
tp2459
asVopened
p2460
(lp2461
(I83
I2
tp2462
a(I87
I1
tp2463
asV3rd
p2464
(lp2465
(I30
I4
tp2466
a(I55
I4
tp2467
a(I69
I4
tp2468
a(I81
I4
tp2469
a(I84
I4
tp2470
asVcommunicating
p2471
(lp2472
(I96
I1
tp2473
asVfactory
p2474
(lp2475
(I96
I1
tp2476
asVlooking
p2477
(lp2478
(I26
I1
tp2479
a(I87
I2
tp2480
asVinvestigation
p2481
(lp2482
(I50
I1
tp2483
asVinternet
p2484
(lp2485
(I19
I50
tp2486
a(I99
I2
tp2487
asVfargo
p2488
(lp2489
(I50
I56
tp2490
asVreceiving
p2491
(lp2492
(I96
I1
tp2493
asVsensor
p2494
(lp2495
(I26
I1
tp2496
a(I96
I1
tp2497
asVshows
p2498
(lp2499
(I50
I1
tp2500
asVjunghoon
p2501
(lp2502
(I99
I1
tp2503
asVmillion
p2504
(lp2505
(I83
I1
tp2506
a(I87
I1
tp2507
a(I96
I3
tp2508
a(I99
I1
tp2509
asVseventh
p2510
(lp2511
(I87
I1
tp2512
asVquite
p2513
(lp2514
(I26
I1
tp2515
a(I87
I1
tp2516
asVlucrative
p2517
(lp2518
(I99
I2
tp2519
asVinviting
p2520
(lp2521
(I87
I1
tp2522
asVwi-fi
p2523
(lp2524
(I96
I1
tp2525
asVcard
p2526
(lp2527
(I83
I52
tp2528
asVcare
p2529
(lp2530
(I50
I1
tp2531
a(I87
I1
tp2532
asVpartner
p2533
(lp2534
(I96
I3
tp2535
asVtraining
p2536
(lp2537
(I87
I1
tp2538
asVharnessed
p2539
(lp2540
(I50
I1
tp2541
asVmdsec
p2542
(lp2543
(I60
I4
tp2544
asVthing
p2545
(lp2546
(I26
I1
tp2547
a(I96
I2
tp2548
asVbest-known
p2549
(lp2550
(I19
I1
tp2551
asVlockscreen
p2552
(lp2553
(I60
I54
tp2554
asVplace
p2555
(lp2556
(I19
I1
tp2557
a(I50
I1
tp2558
asVrouter
p2559
(lp2560
(I96
I2
tp2561
asVthink
p2562
(lp2563
(I26
I1
tp2564
a(I50
I2
tp2565
a(I87
I5
tp2566
asVwaited
p2567
(lp2568
(I83
I1
tp2569
a(I96
I1
tp2570
asVfirst
p2571
(lp2572
(I19
I1
tp2573
a(I26
I1
tp2574
a(I50
I1
tp2575
a(I60
I1
tp2576
a(I83
I4
tp2577
a(I87
I5
tp2578
a(I96
I6
tp2579
asVarchos
p2580
(lp2581
(I26
I2
tp2582
asVone
p2583
(lp2584
(I19
I2
tp2585
a(I26
I4
tp2586
a(I50
I2
tp2587
a(I83
I3
tp2588
a(I87
I5
tp2589
a(I96
I2
tp2590
a(I99
I2
tp2591
asVworld\u2019s
p2592
(lp2593
(I19
I1
tp2594
asVlong
p2595
(lp2596
(I87
I1
tp2597
asVresearcher
p2598
(lp2599
(I99
I51
tp2600
asVimpossible
p2601
(lp2602
(I87
I1
tp2603
asVmessage
p2604
(lp2605
(I26
I1
tp2606
asVdrove
p2607
(lp2608
(I96
I1
tp2609
asVopen
p2610
(lp2611
(I60
I1
tp2612
a(I83
I1
tp2613
a(I87
I3
tp2614
asVengineer
p2615
(lp2616
(I19
I1
tp2617
asVcity
p2618
(lp2619
(I50
I2
tp2620
asVlittle
p2621
(lp2622
(I83
I2
tp2623
asVchecked
p2624
(lp2625
(I19
I1
tp2626
asVworkaround
p2627
(lp2628
(I19
I1
tp2629
asVcaught
p2630
(lp2631
(I50
I1
tp2632
a(I96
I1
tp2633
asVbreed
p2634
(lp2635
(I87
I52
tp2636
asVremotely
p2637
(lp2638
(I96
I1
tp2639
asVanyone
p2640
(lp2641
(I99
I1
tp2642
asV2
p2643
(lp2644
(I96
I1
tp2645
asVbounty
p2646
(lp2647
(I87
I20
tp2648
a(I99
I1
tp2649
asVlegally
p2650
(lp2651
(I87
I51
tp2652
a(I99
I50
tp2653
asVwhite
p2654
(lp2655
(I87
I1
tp2656
asVspeaking
p2657
(lp2658
(I19
I1
tp2659
asVhue
p2660
(lp2661
(I26
I2
tp2662
asVway
p2663
(lp2664
(I60
I4
tp2665
a(I87
I5
tp2666
asVseason
p2667
(lp2668
(I26
I1
tp2669
a(I96
I1
tp2670
asVinstalling
p2671
(lp2672
(I87
I1
tp2673
asVcopy
p2674
(lp2675
(I50
I1
tp2676
asV10
p2677
(lp2678
(I60
I1
tp2679
a(I83
I1
tp2680
a(I87
I2
tp2681
asV13
p2682
(lp2683
(I26
I51
tp2684
asV12
p2685
(lp2686
(I26
I1
tp2687
a(I83
I1
tp2688
asVnathan
p2689
(lp2690
(I50
I1
tp2691
asVunfortunately
p2692
(lp2693
(I19
I1
tp2694
a(I26
I2
tp2695
a(I83
I1
tp2696
a(I87
I1
tp2697
asVrival
p2698
(lp2699
(I87
I1
tp2700
asVexhibitors
p2701
(lp2702
(I26
I1
tp2703
asVcrossroads
p2704
(lp2705
(I50
I1
tp2706
asVfuture
p2707
(lp2708
(I26
I2
tp2709
asVglossy
p2710
(lp2711
(I50
I1
tp2712
asVventure
p2713
(lp2714
(I87
I1
tp2715
asVcards
p2716
(lp2717
(I83
I2
tp2718
asVrussia
p2719
(lp2720
(I83
I1
tp2721
asVhandup
p2722
(lp2723
(I96
I1
tp2724
asVturned
p2725
(lp2726
(I83
I1
tp2727
asVlocations
p2728
(lp2729
(I83
I1
tp2730
asVprestigious
p2731
(lp2732
(I96
I1
tp2733
asVburied
p2734
(lp2735
(I50
I52
tp2736
asVdistorted
p2737
(lp2738
(I50
I1
tp2739
asVsupercut
p2740
(lp2741
(I26
I1
tp2742
asVslab
p2743
(lp2744
(I26
I1
tp2745
asVleaderboards
p2746
(lp2747
(I87
I1
tp2748
asVform
p2749
(lp2750
(I26
I1
tp2751
asVindustries
p2752
(lp2753
(I87
I1
tp2754
asVideas
p2755
(lp2756
(I26
I1
tp2757
a(I50
I1
tp2758
asVequipment
p2759
(lp2760
(I60
I1
tp2761
asVideal
p2762
(lp2763
(I96
I2
tp2764
asVpotential
p2765
(lp2766
(I96
I1
tp2767
asVtake
p2768
(lp2769
(I60
I1
tp2770
a(I87
I1
tp2771
a(I96
I1
tp2772
asVonline
p2773
(lp2774
(I83
I1
tp2775
a(I87
I3
tp2776
asVbutterfly
p2777
(lp2778
(I50
I1
tp2779
asV200
p2780
(lp2781
(I83
I2
tp2782
a(I87
I1
tp2783
asVbegin
p2784
(lp2785
(I50
I1
tp2786
asVretina
p2787
(lp2788
(I69
I50
tp2789
asVpain
p2790
(lp2791
(I87
I1
tp2792
asVnormal
p2793
(lp2794
(I19
I1
tp2795
asVtrack
p2796
(lp2797
(I26
I2
tp2798
asVtallies
p2799
(lp2800
(I60
I1
tp2801
asVenter
p2802
(lp2803
(I26
I1
tp2804
asVpaid
p2805
(lp2806
(I87
I1
tp2807
a(I99
I1
tp2808
asVbeta
p2809
(lp2810
(I26
I1
tp2811
a(I96
I1
tp2812
a(I99
I1
tp2813
asVimportantly
p2814
(lp2815
(I87
I1
tp2816
asVendure
p2817
(lp2818
(I96
I1
tp2819
asVnot-too-distant
p2820
(lp2821
(I26
I1
tp2822
asVforever
p2823
(lp2824
(I19
I1
tp2825
asVespecially
p2826
(lp2827
(I50
I1
tp2828
a(I87
I1
tp2829
asVsurprising
p2830
(lp2831
(I83
I1
tp2832
asVnotifications
p2833
(lp2834
(I26
I1
tp2835
asVlater
p2836
(lp2837
(I26
I2
tp2838
asVsale
p2839
(lp2840
(I96
I1
tp2841
asVpremiered
p2842
(lp2843
(I50
I1
tp2844
asV30,000
p2845
(lp2846
(I87
I1
tp2847
asVtypically
p2848
(lp2849
(I60
I1
tp2850
a(I87
I1
tp2851
asVliquidity
p2852
(lp2853
(I87
I1
tp2854
asVyear\u2019s
p2855
(lp2856
(I19
I1
tp2857
a(I26
I3
tp2858
asVprecise
p2859
(lp2860
(I19
I1
tp2861
asVshow
p2862
(lp2863
(I26
I55
tp2864
a(I50
I1
tp2865
asVcheap
p2866
(lp2867
(I83
I1
tp2868
asVoutsourcing
p2869
(lp2870
(I87
I1
tp2871
asVdiscovered
p2872
(lp2873
(I87
I1
tp2874
asVhack
p2875
(lp2876
(I60
I50
tp2877
asVhigh-profile
p2878
(lp2879
(I87
I1
tp2880
asVdoesn\u2019t
p2881
(lp2882
(I87
I1
tp2883
asVtreasure
p2884
(lp2885
(I50
I57
tp2886
asVbehind
p2887
(lp2888
(I50
I2
tp2889
asVgoing
p2890
(lp2891
(I87
I1
tp2892
a(I96
I1
tp2893
asVblack
p2894
(lp2895
(I87
I4
tp2896
asVisn\u2019t
p2897
(lp2898
(I26
I1
tp2899
asVclosed
p2900
(lp2901
(I87
I1
tp2902
asVget
p2903
(lp2904
(I19
I2
tp2905
a(I26
I1
tp2906
a(I50
I1
tp2907
a(I87
I7
tp2908
a(I96
I2
tp2909
asV8-10
p2910
(lp2911
(I26
I1
tp2912
asVtruly
p2913
(lp2914
(I50
I1
tp2915
asVloath
p2916
(lp2917
(I87
I1
tp2918
asVnearly
p2919
(lp2920
(I87
I1
tp2921
asVlighter
p2922
(lp2923
(I26
I1
tp2924
asVhumbled
p2925
(lp2926
(I96
I1
tp2927
asVmorning
p2928
(lp2929
(I19
I1
tp2930
asVcrowdfunded
p2931
(lp2932
(I96
I53
tp2933
asVvision
p2934
(lp2935
(I26
I1
tp2936
asVaffordable
p2937
(lp2938
(I96
I1
tp2939
asVphysically
p2940
(lp2941
(I50
I1
tp2942
a(I60
I1
tp2943
asVsigns
p2944
(lp2945
(I50
I1
tp2946
asVcollege
p2947
(lp2948
(I87
I1
tp2949
asVsurfaces
p2950
(lp2951
(I87
I2
tp2952
asVdetect
p2953
(lp2954
(I83
I2
tp2955
asVenlightening
p2956
(lp2957
(I83
I1
tp2958
asVways
p2959
(lp2960
(I99
I1
tp2961
asVfascinated
p2962
(lp2963
(I50
I1
tp2964
asVsites
p2965
(lp2966
(I19
I1
tp2967
a(I87
I1
tp2968
asVoutside
p2969
(lp2970
(I50
I1
tp2971
a(I83
I1
tp2972
asVstumbledupon
p2973
(lp2974
(I19
I1
tp2975
asVsurfaced
p2976
(lp2977
(I83
I1
tp2978
asVaffecting
p2979
(lp2980
(I83
I1
tp2981
a(I99
I1
tp2982
asVacross
p2983
(lp2984
(I87
I1
tp2985
asVcorridors
p2986
(lp2987
(I50
I1
tp2988
asVnotice
p2989
(lp2990
(I26
I1
tp2991
asVaugust
p2992
(lp2993
(I26
I2
tp2994
a(I96
I1
tp2995
asVoriginated
p2996
(lp2997
(I87
I1
tp2998
asVscreen
p2999
(lp3000
(I26
I1
tp3001
a(I60
I2
tp3002
asVlockitron
p3003
(lp3004
(I96
I16
tp3005
asVguitar
p3006
(lp3007
(I84
I50
tp3008
asV20
p3009
(lp3010
(I87
I1
tp3011
asVcome
p3012
(lp3013
(I19
I1
tp3014
a(I26
I1
tp3015
a(I87
I2
tp3016
a(I96
I1
tp3017
asVdates
p3018
(lp3019
(I26
I1
tp3020
asVmob
p3021
(lp3022
(I87
I1
tp3023
asVmany
p3024
(lp3025
(I26
I1
tp3026
a(I83
I1
tp3027
a(I87
I2
tp3028
a(I96
I3
tp3029
asVregion
p3030
(lp3031
(I83
I1
tp3032
asVcalled
p3033
(lp3034
(I87
I1
tp3035
a(I96
I1
tp3036
a(I99
I1
tp3037
asVpersonal
p3038
(lp3039
(I83
I1
tp3040
asVremake
p3041
(lp3042
(I50
I1
tp3043
asVgroundhog
p3044
(lp3045
(I55
I50
tp3046
asVcomes
p3047
(lp3048
(I19
I1
tp3049
asVpakistan
p3050
(lp3051
(I87
I1
tp3052
asVbricks
p3053
(lp3054
(I60
I1
tp3055
asVpromises
p3056
(lp3057
(I96
I1
tp3058
asVpop
p3059
(lp3060
(I26
I1
tp3061
a(I50
I2
tp3062
asVexpectations
p3063
(lp3064
(I50
I2
tp3065
asVexploit
p3066
(lp3067
(I99
I2
tp3068
asVshowcases
p3069
(lp3070
(I30
I50
tp3071
asVlearning
p3072
(lp3073
(I26
I1
tp3074
asVcancel
p3075
(lp3076
(I87
I1
tp3077
asVevangelists
p3078
(lp3079
(I50
I1
tp3080
asVunusual
p3081
(lp3082
(I26
I1
tp3083
asVcycling
p3084
(lp3085
(I60
I1
tp3086
asVcapable
p3087
(lp3088
(I26
I1
tp3089
asVdon\u2019t
p3090
(lp3091
(I87
I4
tp3092
asVtechnical
p3093
(lp3094
(I87
I1
tp3095
asVprototype
p3096
(lp3097
(I26
I4
tp3098
a(I96
I1
tp3099
asVdisclosed
p3100
(lp3101
(I87
I1
tp3102
a(I99
I1
tp3103
asVwants
p3104
(lp3105
(I50
I2
tp3106
a(I87
I1
tp3107
asVoffered
p3108
(lp3109
(I96
I1
tp3110
asVsquash
p3111
(lp3112
(I87
I2
tp3113
asVwake
p3114
(lp3115
(I83
I1
tp3116
asVproven
p3117
(lp3118
(I60
I1
tp3119
a(I87
I1
tp3120
asVasks
p3121
(lp3122
(I87
I1
tp3123
asVformer
p3124
(lp3125
(I50
I1
tp3126
a(I87
I2
tp3127
asVpilot
p3128
(lp3129
(I96
I1
tp3130
asVcase
p3131
(lp3132
(I19
I3
tp3133
a(I26
I3
tp3134
a(I83
I1
tp3135
asVtrello\u2019s
p3136
(lp3137
(I87
I1
tp3138
asVdeveloping
p3139
(lp3140
(I26
I2
tp3141
a(I87
I1
tp3142
asVsingle
p3143
(lp3144
(I19
I2
tp3145
a(I50
I2
tp3146
a(I99
I51
tp3147
asVprofiles
p3148
(lp3149
(I83
I1
tp3150
asVn't
p3151
(lp3152
(I83
I2
tp3153
a(I87
I1
tp3154
a(I96
I6
tp3155
asVcancelled
p3156
(lp3157
(I26
I1
tp3158
asVsituation
p3159
(lp3160
(I87
I1
tp3161
asVhunts
p3162
(lp3163
(I87
I2
tp3164
asVmixtape
p3165
(lp3166
(I30
I50
tp3167
asVcanceled
p3168
(lp3169
(I96
I1
tp3170
asVsomeone
p3171
(lp3172
(I87
I1
tp3173
a(I96
I1
tp3174
asVsomebody
p3175
(lp3176
(I96
I1
tp3177
asVtechnology
p3178
(lp3179
(I26
I2
tp3180
a(I83
I1
tp3181
a(I87
I2
tp3182
asVdifferent
p3183
(lp3184
(I26
I2
tp3185
a(I50
I1
tp3186
a(I83
I2
tp3187
a(I87
I1
tp3188
asVvagaries
p3189
(lp3190
(I19
I1
tp3191
asVharsh
p3192
(lp3193
(I50
I1
tp3194
asVpay
p3195
(lp3196
(I87
I7
tp3197
asVlocking
p3198
(lp3199
(I60
I1
tp3200
asVfiguring
p3201
(lp3202
(I96
I1
tp3203
asVheartbreak
p3204
(lp3205
(I87
I1
tp3206
asV\u203a
p3207
(lp3208
(I26
I1
tp3209
asVcramming
p3210
(lp3211
(I87
I1
tp3212
asVweek
p3213
(lp3214
(I19
I1
tp3215
a(I26
I1
tp3216
a(I60
I1
tp3217
a(I83
I1
tp3218
a(I87
I2
tp3219
a(I96
I1
tp3220
a(I99
I50
tp3221
asVthat\u2019s
p3222
(lp3223
(I26
I2
tp3224
a(I87
I1
tp3225
asVnest
p3226
(lp3227
(I50
I1
tp3228
asVthird-party
p3229
(lp3230
(I87
I1
tp3231
asVleaks
p3232
(lp3233
(I83
I1
tp3234
asVrunning
p3235
(lp3236
(I60
I2
tp3237
a(I87
I2
tp3238
asVfruit
p3239
(lp3240
(I87
I1
tp3241
asVwired
p3242
(lp3243
(I19
I1
tp3244
asVfootprint
p3245
(lp3246
(I83
I1
tp3247
asVchanging
p3248
(lp3249
(I87
I1
tp3250
a(I96
I1
tp3251
asVmentally
p3252
(lp3253
(I50
I1
tp3254
asVdrain
p3255
(lp3256
(I96
I1
tp3257
asVlargely
p3258
(lp3259
(I87
I2
tp3260
asV1,081
p3261
(lp3262
(I83
I2
tp3263
asVroughly
p3264
(lp3265
(I60
I1
tp3266
a(I96
I1
tp3267
asVwithout
p3268
(lp3269
(I50
I1
tp3270
a(I60
I1
tp3271
asVcomponents
p3272
(lp3273
(I26
I2
tp3274
a(I96
I1
tp3275
asVlow-volume
p3276
(lp3277
(I96
I1
tp3278
asVinability
p3279
(lp3280
(I50
I1
tp3281
asVmodel
p3282
(lp3283
(I87
I1
tp3284
asVreward
p3285
(lp3286
(I87
I1
tp3287
asVresearchers
p3288
(lp3289
(I60
I1
tp3290
a(I87
I5
tp3291
a(I99
I2
tp3292
asVsummer
p3293
(lp3294
(I19
I1
tp3295
a(I26
I2
tp3296
a(I96
I1
tp3297
asVmoney
p3298
(lp3299
(I87
I5
tp3300
a(I96
I1
tp3301
a(I99
I1
tp3302
asVkausik
p3303
(lp3304
(I83
I1
tp3305
asVvaluable
p3306
(lp3307
(I83
I1
tp3308
asVpre-production
p3309
(lp3310
(I26
I1
tp3311
asVkill
p3312
(lp3313
(I26
I1
tp3314
asVtouch
p3315
(lp3316
(I26
I1
tp3317
asVmeasure
p3318
(lp3319
(I26
I2
tp3320
asVseems
p3321
(lp3322
(I60
I1
tp3323
a(I83
I1
tp3324
asVscrewdrivers
p3325
(lp3326
(I26
I1
tp3327
asVblog
p3328
(lp3329
(I19
I1
tp3330
a(I87
I1
tp3331
a(I96
I1
tp3332
asVcolor
p3333
(lp3334
(I26
I2
tp3335
asVinterested
p3336
(lp3337
(I87
I1
tp3338
a(I96
I2
tp3339
asVpile
p3340
(lp3341
(I87
I4
tp3342
asVphys.org
p3343
(lp3344
(I19
I1
tp3345
asVscrapbook
p3346
(lp3347
(I50
I1
tp3348
asVcrowdcurity
p3349
(lp3350
(I87
I2
tp3351
asVreal
p3352
(lp3353
(I26
I1
tp3354
a(I50
I3
tp3355
a(I87
I2
tp3356
a(I96
I3
tp3357
asVaround
p3358
(lp3359
(I19
I1
tp3360
a(I26
I2
tp3361
a(I87
I2
tp3362
a(I96
I2
tp3363
asVdesperately
p3364
(lp3365
(I50
I1
tp3366
asVread
p3367
(lp3368
(I30
I1
tp3369
a(I50
I1
tp3370
a(I55
I1
tp3371
a(I69
I1
tp3372
a(I81
I1
tp3373
a(I84
I1
tp3374
a(I96
I1
tp3375
asVdart
p3376
(lp3377
(I26
I2
tp3378
asVearly
p3379
(lp3380
(I26
I2
tp3381
a(I50
I1
tp3382
a(I96
I3
tp3383
asVdispatch
p3384
(lp3385
(I26
I1
tp3386
asVmom
p3387
(lp3388
(I50
I1
tp3389
asVconfined
p3390
(lp3391
(I83
I1
tp3392
asVworld
p3393
(lp3394
(I26
I2
tp3395
a(I50
I3
tp3396
a(I87
I1
tp3397
a(I96
I3
tp3398
asVstranger
p3399
(lp3400
(I50
I1
tp3401
asVidentifying
p3402
(lp3403
(I87
I1
tp3404
asVsuppliers
p3405
(lp3406
(I26
I1
tp3407
asVchamber
p3408
(lp3409
(I99
I1
tp3410
asVaudience
p3411
(lp3412
(I30
I1
tp3413
a(I55
I1
tp3414
a(I69
I1
tp3415
a(I81
I1
tp3416
a(I84
I1
tp3417
asVdonations
p3418
(lp3419
(I96
I1
tp3420
asVgoogle\u2019s
p3421
(lp3422
(I19
I2
tp3423
a(I26
I2
tp3424
a(I87
I1
tp3425
asVcrafted
p3426
(lp3427
(I87
I1
tp3428
asVarchos\u2019
p3429
(lp3430
(I26
I1
tp3431
asVcompetition
p3432
(lp3433
(I87
I1
tp3434
asVhacks
p3435
(lp3436
(I87
I1
tp3437
asVshadowbox
p3438
(lp3439
(I50
I1
tp3440
asVbooming
p3441
(lp3442
(I87
I1
tp3443
asVellis
p3444
(lp3445
(I87
I1
tp3446
asVtwo-minute
p3447
(lp3448
(I99
I1
tp3449
asVrecorded
p3450
(lp3451
(I26
I1
tp3452
asVlegal
p3453
(lp3454
(I87
I1
tp3455
a(I99
I1
tp3456
asVconservative
p3457
(lp3458
(I87
I1
tp3459
asVcritical
p3460
(lp3461
(I87
I2
tp3462
asVclaustrophobic
p3463
(lp3464
(I50
I1
tp3465
asV916
p3466
(lp3467
(I99
I1
tp3468
asVfelt
p3469
(lp3470
(I87
I2
tp3471
asVyou\u2019ll
p3472
(lp3473
(I26
I1
tp3474
asVbusiness
p3475
(lp3476
(I83
I1
tp3477
a(I87
I3
tp3478
asVseconds
p3479
(lp3480
(I19
I3
tp3481
a(I60
I1
tp3482
asVthrow
p3483
(lp3484
(I19
I1
tp3485
asVhelping
p3486
(lp3487
(I87
I51
tp3488
a(I96
I2
tp3489
asVy2k
p3490
(lp3491
(I19
I2
tp3492
asVsmear
p3493
(lp3494
(I19
I2
tp3495
asVindustry
p3496
(lp3497
(I87
I2
tp3498
asVresource-constrained
p3499
(lp3500
(I96
I1
tp3501
asVdrag
p3502
(lp3503
(I19
I2
tp3504
asVact
p3505
(lp3506
(I87
I1
tp3507
asVluck
p3508
(lp3509
(I87
I2
tp3510
asVheadsets
p3511
(lp3512
(I26
I1
tp3513
asVimage
p3514
(lp3515
(I50
I1
tp3516
asVhomeless
p3517
(lp3518
(I96
I1
tp3519
asVpre-ordered
p3520
(lp3521
(I96
I1
tp3522
asV\u221e
p3523
(lp3524
(I87
I1
tp3525
asVarea
p3526
(lp3527
(I50
I1
tp3528
asVstart
p3529
(lp3530
(I87
I3
tp3531
a(I96
I3
tp3532
asVlow
p3533
(lp3534
(I26
I1
tp3535
asVlot
p3536
(lp3537
(I26
I1
tp3538
a(I60
I1
tp3539
a(I87
I2
tp3540
a(I96
I1
tp3541
asVseries
p3542
(lp3543
(I50
I2
tp3544
asVcompany\u2019s
p3545
(lp3546
(I19
I1
tp3547
a(I26
I3
tp3548
a(I87
I1
tp3549
asVcomplete
p3550
(lp3551
(I30
I1
tp3552
a(I55
I1
tp3553
a(I69
I1
tp3554
a(I81
I1
tp3555
a(I83
I2
tp3556
a(I84
I1
tp3557
a(I96
I51
tp3558
asVfanatic
p3559
(lp3560
(I50
I1
tp3561
asVdelayed
p3562
(lp3563
(I26
I1
tp3564
asVearth\u2019s
p3565
(lp3566
(I19
I1
tp3567
asVknow-how
p3568
(lp3569
(I26
I1
tp3570
asVunreliable
p3571
(lp3572
(I96
I1
tp3573
asVpitched
p3574
(lp3575
(I26
I2
tp3576
asVtrying
p3577
(lp3578
(I83
I1
tp3579
a(I96
I2
tp3580
asVhappening
p3581
(lp3582
(I26
I1
tp3583
asVpull
p3584
(lp3585
(I60
I1
tp3586
asVrush
p3587
(lp3588
(I96
I1
tp3589
asVvhs
p3590
(lp3591
(I50
I1
tp3592
asVgrasp
p3593
(lp3594
(I83
I1
tp3595
asVaffection
p3596
(lp3597
(I50
I1
tp3598
asVgone
p3599
(lp3600
(I26
I2
tp3601
asVcertain
p3602
(lp3603
(I50
I1
tp3604
asVdescribe
p3605
(lp3606
(I96
I1
tp3607
asVwatches
p3608
(lp3609
(I26
I1
tp3610
asVgeneral
p3611
(lp3612
(I83
I1
tp3613
asVreliability
p3614
(lp3615
(I19
I1
tp3616
asVfile
p3617
(lp3618
(I83
I10
tp3619
asVfilm
p3620
(lp3621
(I50
I17
tp3622
asVincorrect
p3623
(lp3624
(I60
I1
tp3625
asVfield
p3626
(lp3627
(I50
I1
tp3628
a(I87
I1
tp3629
a(I96
I2
tp3630
asV5
p3631
(lp3632
(I87
I2
tp3633
asVpreoccupation
p3634
(lp3635
(I50
I2
tp3636
asVflaws
p3637
(lp3638
(I87
I1
tp3639
asVcustom-made
p3640
(lp3641
(I96
I1
tp3642
asVandrew
p3643
(lp3644
(I87
I2
tp3645
asVobsesses
p3646
(lp3647
(I50
I1
tp3648
asVimportant
p3649
(lp3650
(I83
I1
tp3651
a(I87
I1
tp3652
asVmechanical
p3653
(lp3654
(I96
I2
tp3655
asVincluded
p3656
(lp3657
(I26
I1
tp3658
asVdropbox
p3659
(lp3660
(I83
I1
tp3661
asVpool
p3662
(lp3663
(I87
I3
tp3664
asVbuilding
p3665
(lp3666
(I87
I1
tp3667
a(I96
I1
tp3668
asVinvest
p3669
(lp3670
(I87
I1
tp3671
asVcurve
p3672
(lp3673
(I26
I1
tp3674
asVmass
p3675
(lp3676
(I87
I1
tp3677
a(I96
I1
tp3678
asVoriginal
p3679
(lp3680
(I50
I1
tp3681
a(I96
I2
tp3682
asVhigh-stakes
p3683
(lp3684
(I99
I1
tp3685
asVfounder
p3686
(lp3687
(I87
I2
tp3688
asVduplicates
p3689
(lp3690
(I87
I2
tp3691
asVnone
p3692
(lp3693
(I87
I1
tp3694
a(I96
I1
tp3695
asVmonth
p3696
(lp3697
(I26
I1
tp3698
a(I83
I1
tp3699
a(I87
I1
tp3700
asVfounded
p3701
(lp3702
(I87
I1
tp3703
asVceased
p3704
(lp3705
(I26
I1
tp3706
asVsystemic
p3707
(lp3708
(I87
I1
tp3709
asVfillled
p3710
(lp3711
(I50
I1
tp3712
asVcameron
p3713
(lp3714
(I96
I1
tp3715
asVrevealed
p3716
(lp3717
(I50
I1
tp3718
a(I99
I1
tp3719
asVchildren
p3720
(lp3721
(I26
I1
tp3722
a(I50
I1
tp3723
asVcauses
p3724
(lp3725
(I19
I1
tp3726
asVhunting
p3727
(lp3728
(I87
I2
tp3729
asVrealities
p3730
(lp3731
(I96
I1
tp3732
asVprogram
p3733
(lp3734
(I87
I7
tp3735
a(I96
I1
tp3736
a(I99
I1
tp3737
asVsafety
p3738
(lp3739
(I26
I1
tp3740
asVpresentation
p3741
(lp3742
(I99
I1
tp3743
asVpaying
p3744
(lp3745
(I87
I2
tp3746
asVwoman
p3747
(lp3748
(I50
I53
tp3749
asVsitting
p3750
(lp3751
(I96
I1
tp3752
asVfar
p3753
(lp3754
(I83
I1
tp3755
a(I96
I1
tp3756
asVticked
p3757
(lp3758
(I19
I1
tp3759
asV1,500
p3760
(lp3761
(I87
I1
tp3762
asVscout
p3763
(lp3764
(I26
I2
tp3765
asVdecide
p3766
(lp3767
(I26
I1
tp3768
a(I50
I1
tp3769
asVsony
p3770
(lp3771
(I87
I1
tp3772
asVdifference
p3773
(lp3774
(I26
I1
tp3775
asVlecheminant
p3776
(lp3777
(I87
I1
tp3778
asVmothers
p3779
(lp3780
(I50
I2
tp3781
asVforth
p3782
(lp3783
(I26
I1
tp3784
asVwsj
p3785
(lp3786
(I69
I50
tp3787
asVlist
p3788
(lp3789
(I26
I1
tp3790
asVlarge
p3791
(lp3792
(I87
I3
tp3793
asVsmall
p3794
(lp3795
(I26
I3
tp3796
a(I87
I1
tp3797
asVdamper
p3798
(lp3799
(I26
I1
tp3800
asVauthenticating
p3801
(lp3802
(I30
I1
tp3803
a(I55
I1
tp3804
a(I69
I1
tp3805
a(I81
I1
tp3806
a(I84
I1
tp3807
asVsync
p3808
(lp3809
(I19
I1
tp3810
asVpast
p3811
(lp3812
(I26
I2
tp3813
a(I87
I2
tp3814
a(I96
I2
tp3815
a(I99
I1
tp3816
asVtimescales
p3817
(lp3818
(I19
I1
tp3819
asVpass
p3820
(lp3821
(I50
I1
tp3822
asVinefficiency
p3823
(lp3824
(I87
I1
tp3825
asVclock
p3826
(lp3827
(I26
I3
tp3828
asVversion
p3829
(lp3830
(I26
I3
tp3831
a(I50
I1
tp3832
a(I96
I2
tp3833
a(I99
I2
tp3834
asVimperceptibly
p3835
(lp3836
(I19
I1
tp3837
asVscientists
p3838
(lp3839
(I19
I1
tp3840
asVlearned
p3841
(lp3842
(I87
I1
tp3843
a(I96
I1
tp3844
asVnon-jailbroken
p3845
(lp3846
(I60
I1
tp3847
asVpublic
p3848
(lp3849
(I83
I1
tp3850
a(I87
I3
tp3851
asVfull
p3852
(lp3853
(I26
I1
tp3854
a(I87
I1
tp3855
asVchristian
p3856
(lp3857
(I50
I1
tp3858
asVdoorframe
p3859
(lp3860
(I50
I1
tp3861
asVempower
p3862
(lp3863
(I87
I1
tp3864
asVportrays
p3865
(lp3866
(I50
I1
tp3867
asVhours
p3868
(lp3869
(I26
I1
tp3870
a(I87
I2
tp3871
asVtracks
p3872
(lp3873
(I83
I50
tp3874
asVuneven
p3875
(lp3876
(I87
I1
tp3877
asVoperating
p3878
(lp3879
(I26
I1
tp3880
a(I83
I1
tp3881
asVdirections
p3882
(lp3883
(I26
I1
tp3884
asVlegend
p3885
(lp3886
(I50
I1
tp3887
asVsearch
p3888
(lp3889
(I50
I1
tp3890
asVinspired
p3891
(lp3892
(I50
I1
tp3893
asVallows
p3894
(lp3895
(I60
I1
tp3896
asVexperience
p3897
(lp3898
(I30
I2
tp3899
a(I55
I2
tp3900
a(I69
I2
tp3901
a(I81
I2
tp3902
a(I84
I2
tp3903
asVamount
p3904
(lp3905
(I87
I2
tp3906
asVactivision
p3907
(lp3908
(I84
I50
tp3909
asVuncharted
p3910
(lp3911
(I19
I1
tp3912
asVpick
p3913
(lp3914
(I26
I1
tp3915
a(I87
I1
tp3916
asVvets
p3917
(lp3918
(I87
I1
tp3919
asVoptions
p3920
(lp3921
(I26
I1
tp3922
asVvaporizer
p3923
(lp3924
(I26
I2
tp3925
asVvia
p3926
(lp3927
(I96
I1
tp3928
asVsuddenly
p3929
(lp3930
(I83
I1
tp3931
asVput
p3932
(lp3933
(I26
I1
tp3934
a(I60
I1
tp3935
a(I87
I1
tp3936
a(I99
I1
tp3937
asVaimed
p3938
(lp3939
(I26
I1
tp3940
a(I96
I1
tp3941
asVplug-and-play
p3942
(lp3943
(I26
I1
tp3944
asVpulls
p3945
(lp3946
(I50
I1
tp3947
asVselect
p3948
(lp3949
(I50
I1
tp3950
a(I87
I1
tp3951
asVevernote
p3952
(lp3953
(I26
I1
tp3954
asVtakes
p3955
(lp3956
(I60
I1
tp3957
asVdestination
p3958
(lp3959
(I50
I1
tp3960
asVtwo
p3961
(lp3962
(I19
I2
tp3963
a(I26
I2
tp3964
a(I83
I1
tp3965
a(I87
I1
tp3966
a(I96
I5
tp3967
a(I99
I1
tp3968
asVsplash
p3969
(lp3970
(I26
I1
tp3971
asVarchives
p3972
(lp3973
(I26
I2
tp3974
a(I96
I1
tp3975
asVtaken
p3976
(lp3977
(I19
I1
tp3978
a(I96
I1
tp3979
asVflat
p3980
(lp3981
(I87
I1
tp3982
asVflaw
p3983
(lp3984
(I87
I2
tp3985
asVdoor
p3986
(lp3987
(I96
I3
tp3988
asVstylistic
p3989
(lp3990
(I50
I1
tp3991
asVcompany
p3992
(lp3993
(I19
I1
tp3994
a(I26
I11
tp3995
a(I83
I4
tp3996
a(I87
I4
tp3997
a(I96
I8
tp3998
asVsite
p3999
(lp4000
(I19
I1
tp4001
asVtested
p4002
(lp4003
(I19
I1
tp4004
a(I96
I1
tp4005
asVbasically
p4006
(lp4007
(I19
I1
tp4008
a(I26
I1
tp4009
asVknown
p4010
(lp4011
(I87
I1
tp4012
a(I99
I1
tp4013
asVproducing
p4014
(lp4015
(I96
I1
tp4016
asVhardware
p4017
(lp4018
(I26
I2
tp4019
a(I87
I1
tp4020
a(I96
I3
tp4021
asVkeeping
p4022
(lp4023
(I19
I1
tp4024
asVhour
p4025
(lp4026
(I19
I1
tp4027
asVshelves
p4028
(lp4029
(I26
I1
tp4030
asV12-inch
p4031
(lp4032
(I69
I50
tp4033
asVkaminsky
p4034
(lp4035
(I87
I1
tp4036
asVindicating
p4037
(lp4038
(I60
I1
tp4039
asVlearn
p4040
(lp4041
(I30
I1
tp4042
a(I55
I1
tp4043
a(I69
I1
tp4044
a(I81
I1
tp4045
a(I84
I1
tp4046
a(I87
I2
tp4047
asVhacker\u2019s
p4048
(lp4049
(I87
I1
tp4050
asVspecialized
p4051
(lp4052
(I96
I1
tp4053
asVhistory
p4054
(lp4055
(I30
I50
tp4056
asVbeautiful
p4057
(lp4058
(I50
I1
tp4059
asVscan
p4060
(lp4061
(I26
I1
tp4062
asVshare
p4063
(lp4064
(I19
I3
tp4065
a(I26
I3
tp4066
a(I30
I1
tp4067
a(I50
I3
tp4068
a(I55
I1
tp4069
a(I60
I3
tp4070
a(I69
I1
tp4071
a(I81
I1
tp4072
a(I83
I3
tp4073
a(I84
I1
tp4074
a(I87
I3
tp4075
a(I96
I3
tp4076
asVpushed
p4077
(lp4078
(I26
I1
tp4079
asVdownloading
p4080
(lp4081
(I87
I1
tp4082
asVnumbers
p4083
(lp4084
(I83
I4
tp4085
asVsense
p4086
(lp4087
(I50
I1
tp4088
asVterrestrial
p4089
(lp4090
(I19
I1
tp4091
asVinformation
p4092
(lp4093
(I26
I2
tp4094
a(I30
I1
tp4095
a(I55
I1
tp4096
a(I69
I1
tp4097
a(I81
I1
tp4098
a(I83
I2
tp4099
a(I84
I1
tp4100
asVgoal
p4101
(lp4102
(I26
I3
tp4103
asVrather
p4104
(lp4105
(I83
I1
tp4106
asVbreaking
p4107
(lp4108
(I87
I1
tp4109
asVstayed
p4110
(lp4111
(I83
I1
tp4112
asVmaps
p4113
(lp4114
(I50
I1
tp4115
asVearnings
p4116
(lp4117
(I87
I1
tp4118
a(I99
I1
tp4119
asVexplains
p4120
(lp4121
(I87
I1
tp4122
a(I96
I51
tp4123
asVsprinkle
p4124
(lp4125
(I19
I1
tp4126
asVokay
p4127
(lp4128
(I87
I1
tp4129
asVplans
p4130
(lp4131
(I26
I1
tp4132
asVcrowdfunding
p4133
(lp4134
(I26
I2
tp4135
a(I96
I55
tp4136
asVshe\u2019s
p4137
(lp4138
(I50
I1
tp4139
asVadvice
p4140
(lp4141
(I96
I1
tp4142
asVweaknesses
p4143
(lp4144
(I87
I2
tp4145
a(I99
I1
tp4146
asVsoundtrack
p4147
(lp4148
(I50
I1
tp4149
asVadventure
p4150
(lp4151
(I50
I3
tp4152
asVcoming
p4153
(lp4154
(I19
I1
tp4155
a(I87
I1
tp4156
asVdevelop
p4157
(lp4158
(I87
I1
tp4159
asVresponse
p4160
(lp4161
(I83
I1
tp4162
a(I96
I1
tp4163
asVshort
p4164
(lp4165
(I96
I1
tp4166
asVcrowded
p4167
(lp4168
(I87
I1
tp4169
asVregister
p4170
(lp4171
(I26
I1
tp4172
asVbugs
p4173
(lp4174
(I87
I7
tp4175
a(I99
I7
tp4176
asV)
p4177
(lp4178
(I19
I1
tp4179
a(I26
I2
tp4180
a(I50
I1
tp4181
a(I87
I1
tp4182
a(I96
I2
tp4183
a(I99
I51
tp4184
asVfundamental
p4185
(lp4186
(I19
I1
tp4187
asVlasting
p4188
(lp4189
(I96
I1
tp4190
asVegg
p4191
(lp4192
(I87
I1
tp4193
asVplaying
p4194
(lp4195
(I19
I1
tp4196
a(I87
I1
tp4197
asVhelp
p4198
(lp4199
(I26
I1
tp4200
a(I87
I1
tp4201
a(I96
I1
tp4202
asVosstmm
p4203
(lp4204
(I87
I1
tp4205
asV499
p4206
(lp4207
(I26
I1
tp4208
asVameliorated
p4209
(lp4210
(I87
I1
tp4211
asVcommitted
p4212
(lp4213
(I50
I1
tp4214
asVbroadway
p4215
(lp4216
(I55
I50
tp4217
asV24
p4218
(lp4219
(I83
I1
tp4220
asV26
p4221
(lp4222
(I87
I1
tp4223
asVpens
p4224
(lp4225
(I26
I1
tp4226
asV21
p4227
(lp4228
(I99
I2
tp4229
asV22
p4230
(lp4231
(I83
I2
tp4232
asVhandheld
p4233
(lp4234
(I26
I1
tp4235
asVactually
p4236
(lp4237
(I26
I3
tp4238
a(I96
I1
tp4239
asVlate
p4240
(lp4241
(I26
I1
tp4242
a(I87
I1
tp4243
asVgrade
p4244
(lp4245
(I87
I1
tp4246
asVsystems
p4247
(lp4248
(I19
I1
tp4249
asVbypass
p4250
(lp4251
(I60
I54
tp4252
asVfounders
p4253
(lp4254
(I87
I1
tp4255
asVmight
p4256
(lp4257
(I50
I1
tp4258
a(I60
I1
tp4259
a(I83
I1
tp4260
asVally
p4261
(lp4262
(I50
I1
tp4263
asVgood
p4264
(lp4265
(I87
I3
tp4266
a(I96
I1
tp4267
asVreturn
p4268
(lp4269
(I50
I1
tp4270
asVceo
p4271
(lp4272
(I83
I1
tp4273
a(I87
I3
tp4274
asVgadget
p4275
(lp4276
(I26
I1
tp4277
asVhunter
p4278
(lp4279
(I50
I53
tp4280
asVawarding
p4281
(lp4282
(I87
I1
tp4283
asVunits
p4284
(lp4285
(I96
I4
tp4286
asVwalls
p4287
(lp4288
(I96
I1
tp4289
asVces
p4290
(lp4291
(I26
I7
tp4292
asVsweeping
p4293
(lp4294
(I87
I1
tp4295
asVtop-dollar
p4296
(lp4297
(I99
I1
tp4298
asVdetach
p4299
(lp4300
(I19
I1
tp4301
asVeasily
p4302
(lp4303
(I26
I1
tp4304
asVhabits
p4305
(lp4306
(I83
I1
tp4307
asVfound
p4308
(lp4309
(I50
I1
tp4310
a(I60
I2
tp4311
a(I87
I2
tp4312
a(I96
I2
tp4313
a(I99
I1
tp4314
asVreferred
p4315
(lp4316
(I87
I1
tp4317
asVsubsystem
p4318
(lp4319
(I19
I1
tp4320
asVeveryone
p4321
(lp4322
(I50
I1
tp4323
asVmental
p4324
(lp4325
(I50
I1
tp4326
asVhouse
p4327
(lp4328
(I26
I1
tp4329
asVhard
p4330
(lp4331
(I26
I1
tp4332
asVidea
p4333
(lp4334
(I26
I2
tp4335
asVclockwork
p4336
(lp4337
(I96
I1
tp4338
asVexpect
p4339
(lp4340
(I19
I1
tp4341
asVundertake
p4342
(lp4343
(I83
I1
tp4344
asVwe\u2019ve
p4345
(lp4346
(I26
I1
tp4347
a(I87
I1
tp4348
asVbeyond
p4349
(lp4350
(I19
I1
tp4351
asVevent
p4352
(lp4353
(I50
I1
tp4354
asVreally
p4355
(lp4356
(I19
I1
tp4357
a(I83
I2
tp4358
a(I87
I1
tp4359
a(I96
I1
tp4360
asVtravels
p4361
(lp4362
(I83
I51
tp4363
asVmarketplaces
p4364
(lp4365
(I87
I1
tp4366
asValcohol
p4367
(lp4368
(I50
I1
tp4369
asVsuspicious.bug
p4370
(lp4371
(I87
I1
tp4372
asVsince
p4373
(lp4374
(I26
I1
tp4375
a(I83
I1
tp4376
a(I87
I1
tp4377
asVresearch
p4378
(lp4379
(I60
I1
tp4380
asVmisses
p4381
(lp4382
(I50
I1
tp4383
asVdominated
p4384
(lp4385
(I50
I1
tp4386
asVglass-like
p4387
(lp4388
(I26
I2
tp4389
asVdiy
p4390
(lp4391
(I96
I1
tp4392
asVstory
p4393
(lp4394
(I50
I3
tp4395
asVask
p4396
(lp4397
(I30
I1
tp4398
a(I55
I1
tp4399
a(I69
I1
tp4400
a(I81
I1
tp4401
a(I84
I1
tp4402
a(I96
I1
tp4403
asVcontorts
p4404
(lp4405
(I50
I1
tp4406
asVbenefits
p4407
(lp4408
(I87
I1
tp4409
asVlaunch
p4410
(lp4411
(I26
I2
tp4412
a(I87
I3
tp4413
asVasus\u2019
p4414
(lp4415
(I26
I1
tp4416
asVcomputers
p4417
(lp4418
(I19
I1
tp4419
asVterrible
p4420
(lp4421
(I87
I1
tp4422
asVenough
p4423
(lp4424
(I26
I1
tp4425
a(I60
I1
tp4426
a(I87
I4
tp4427
asVfallen
p4428
(lp4429
(I96
I1
tp4430
asVanagnos
p4431
(lp4432
(I87
I2
tp4433
asVmajor
p4434
(lp4435
(I87
I1
tp4436
asVfeel
p4437
(lp4438
(I87
I1
tp4439
asVnumber
p4440
(lp4441
(I83
I1
tp4442
a(I87
I2
tp4443
asVtraveled
p4444
(lp4445
(I83
I1
tp4446
asVfeet
p4447
(lp4448
(I96
I1
tp4449
asVtalked
p4450
(lp4451
(I87
I1
tp4452
asVdone
p4453
(lp4454
(I19
I1
tp4455
a(I30
I1
tp4456
a(I55
I1
tp4457
a(I60
I1
tp4458
a(I69
I1
tp4459
a(I81
I1
tp4460
a(I84
I1
tp4461
a(I87
I1
tp4462
asVguess
p4463
(lp4464
(I60
I5
tp4465
asVvimeo\u2019s
p4466
(lp4467
(I87
I1
tp4468
asVheads
p4469
(lp4470
(I26
I1
tp4471
asVintroduction
p4472
(lp4473
(I26
I1
tp4474
asVleading
p4475
(lp4476
(I60
I1
tp4477
asVleast
p4478
(lp4479
(I83
I1
tp4480
a(I87
I1
tp4481
asVpassed
p4482
(lp4483
(I87
I1
tp4484
asVnigeria
p4485
(lp4486
(I83
I1
tp4487
asVhundred
p4488
(lp4489
(I60
I1
tp4490
a(I87
I1
tp4491
a(I96
I2
tp4492
asVstore
p4493
(lp4494
(I26
I1
tp4495
a(I30
I1
tp4496
a(I55
I1
tp4497
a(I69
I1
tp4498
a(I81
I1
tp4499
a(I84
I1
tp4500
asVheadache
p4501
(lp4502
(I19
I1
tp4503
asVunmooring
p4504
(lp4505
(I19
I1
tp4506
asVcross-stitching
p4507
(lp4508
(I50
I1
tp4509
asVpart
p4510
(lp4511
(I26
I1
tp4512
a(I50
I1
tp4513
a(I60
I1
tp4514
a(I87
I2
tp4515
asVcartridges
p4516
(lp4517
(I26
I1
tp4518
asVfocusing
p4519
(lp4520
(I26
I1
tp4521
asVkind
p4522
(lp4523
(I26
I1
tp4524
a(I50
I1
tp4525
a(I87
I1
tp4526
asVobservatory
p4527
(lp4528
(I19
I1
tp4529
asVaren\u2019t
p4530
(lp4531
(I87
I2
tp4532
asVgotten
p4533
(lp4534
(I87
I1
tp4535
asVgrey
p4536
(lp4537
(I87
I1
tp4538
asVrisks
p4539
(lp4540
(I87
I1
tp4541
asVcharger
p4542
(lp4543
(I26
I1
tp4544
asVelaborate
p4545
(lp4546
(I60
I1
tp4547
asVunrelenting
p4548
(lp4549
(I50
I1
tp4550
asVambitiously
p4551
(lp4552
(I50
I1
tp4553
asVheadwear
p4554
(lp4555
(I26
I1
tp4556
asVsubstantial
p4557
(lp4558
(I60
I1
tp4559
asVorders
p4560
(lp4561
(I96
I6
tp4562
asVsell
p4563
(lp4564
(I87
I1
tp4565
a(I96
I1
tp4566
asVnights
p4567
(lp4568
(I87
I1
tp4569
asVbuilt
p4570
(lp4571
(I87
I1
tp4572
a(I96
I2
tp4573
asVvulnerabilities
p4574
(lp4575
(I87
I4
tp4576
a(I99
I1
tp4577
asVself
p4578
(lp4579
(I50
I1
tp4580
asVhackerone
p4581
(lp4582
(I87
I6
tp4583
asValso
p4584
(lp4585
(I19
I1
tp4586
a(I26
I3
tp4587
a(I30
I1
tp4588
a(I55
I1
tp4589
a(I60
I1
tp4590
a(I69
I1
tp4591
a(I81
I1
tp4592
a(I84
I1
tp4593
a(I87
I1
tp4594
a(I96
I1
tp4595
a(I99
I1
tp4596
asVinternal
p4597
(lp4598
(I60
I1
tp4599
asVbuild
p4600
(lp4601
(I87
I2
tp4602
a(I96
I1
tp4603
asVtorvalds
p4604
(lp4605
(I19
I1
tp4606
asVfinding
p4607
(lp4608
(I26
I1
tp4609
a(I87
I2
tp4610
asVtransparent
p4611
(lp4612
(I96
I1
tp4613
asVadded
p4614
(lp4615
(I19
I3
tp4616
asVenticing
p4617
(lp4618
(I50
I1
tp4619
asVmeasures
p4620
(lp4621
(I83
I1
tp4622
asVreach
p4623
(lp4624
(I83
I1
tp4625
asVcharge
p4626
(lp4627
(I96
I2
tp4628
asVsignificant
p4629
(lp4630
(I87
I1
tp4631
asVservices
p4632
(lp4633
(I26
I1
tp4634
a(I87
I1
tp4635
asVmeasured
p4636
(lp4637
(I19
I3
tp4638
a(I83
I1
tp4639
asVarchery
p4640
(lp4641
(I26
I1
tp4642
asVwindows
p4643
(lp4644
(I26
I1
tp4645
a(I99
I1
tp4646
asVclear
p4647
(lp4648
(I50
I1
tp4649
asVsometimes
p4650
(lp4651
(I87
I1
tp4652
asVactionable
p4653
(lp4654
(I87
I1
tp4655
asVpart-time
p4656
(lp4657
(I87
I1
tp4658
asVasus
p4659
(lp4660
(I26
I1
tp4661
asVusual
p4662
(lp4663
(I19
I1
tp4664
asVmicrosoft
p4665
(lp4666
(I26
I1
tp4667
a(I81
I50
tp4668
asVparticularly
p4669
(lp4670
(I60
I1
tp4671
a(I99
I2
tp4672
asVmeticulously
p4673
(lp4674
(I50
I1
tp4675
asVregisters
p4676
(lp4677
(I60
I1
tp4678
asVfind
p4679
(lp4680
(I19
I3
tp4681
a(I26
I2
tp4682
a(I50
I3
tp4683
a(I87
I1
tp4684
a(I96
I1
tp4685
asVgiant
p4686
(lp4687
(I26
I1
tp4688
asVsecuring
p4689
(lp4690
(I60
I1
tp4691
asVfailed
p4692
(lp4693
(I26
I1
tp4694
a(I60
I1
tp4695
asVcassette
p4696
(lp4697
(I50
I1
tp4698
asVpretty
p4699
(lp4700
(I26
I1
tp4701
asVpwnium
p4702
(lp4703
(I87
I1
tp4704
asVtouchscreen
p4705
(lp4706
(I26
I2
tp4707
asVhit
p4708
(lp4709
(I26
I1
tp4710
a(I55
I50
tp4711
asVcapital
p4712
(lp4713
(I96
I2
tp4714
asVcheaper
p4715
(lp4716
(I87
I1
tp4717
asVfeels
p4718
(lp4719
(I50
I1
tp4720
asVgrew
p4721
(lp4722
(I50
I1
tp4723
a(I87
I1
tp4724
asVinternational
p4725
(lp4726
(I19
I1
tp4727
asVfirms
p4728
(lp4729
(I83
I1
tp4730
a(I87
I1
tp4731
asVweeks\u2019
p4732
(lp4733
(I26
I1
tp4734
asVclocks
p4735
(lp4736
(I19
I5
tp4737
asVguinea
p4738
(lp4739
(I96
I2
tp4740
asVwrote
p4741
(lp4742
(I87
I1
tp4743
asVkeyless
p4744
(lp4745
(I96
I1
tp4746
asVset
p4747
(lp4748
(I26
I2
tp4749
a(I87
I1
tp4750
a(I96
I2
tp4751
asVart
p4752
(lp4753
(I30
I50
tp4754
a(I50
I1
tp4755
asVindiegogo\u2019s
p4756
(lp4757
(I26
I1
tp4758
asVcreator
p4759
(lp4760
(I19
I1
tp4761
a(I87
I1
tp4762
asVthrowing
p4763
(lp4764
(I87
I1
tp4765
asVstartup
p4766
(lp4767
(I96
I52
tp4768
asVscenes
p4769
(lp4770
(I50
I1
tp4771
asVplausible
p4772
(lp4773
(I60
I1
tp4774
asVculture
p4775
(lp4776
(I50
I2
tp4777
a(I87
I1
tp4778
asVsee
p4779
(lp4780
(I19
I1
tp4781
a(I26
I1
tp4782
a(I50
I2
tp4783
asVindividual
p4784
(lp4785
(I50
I1
tp4786
asVcategories
p4787
(lp4788
(I96
I1
tp4789
asVunsettling
p4790
(lp4791
(I50
I1
tp4792
asVmovie
p4793
(lp4794
(I50
I1
tp4795
asVcurrently
p4796
(lp4797
(I87
I1
tp4798
asVplease
p4799
(lp4800
(I30
I4
tp4801
a(I55
I4
tp4802
a(I69
I4
tp4803
a(I81
I4
tp4804
a(I84
I4
tp4805
asVconditions
p4806
(lp4807
(I19
I1
tp4808
a(I96
I1
tp4809
asVsupposed
p4810
(lp4811
(I87
I1
tp4812
asVknowing
p4813
(lp4814
(I83
I1
tp4815
asVrecently
p4816
(lp4817
(I87
I2
tp4818
asVcreating
p4819
(lp4820
(I87
I2
tp4821
asVmissing
p4822
(lp4823
(I96
I1
tp4824
asVattention
p4825
(lp4826
(I96
I1
tp4827
asVpremise
p4828
(lp4829
(I50
I1
tp4830
asVdistinguish
p4831
(lp4832
(I50
I1
tp4833
asVcyberboyindia
p4834
(lp4835
(I87
I2
tp4836
asVobserver
p4837
(lp4838
(I99
I1
tp4839
asVfull-time
p4840
(lp4841
(I87
I1
tp4842
asVlast
p4843
(lp4844
(I19
I1
tp4845
a(I26
I55
tp4846
a(I87
I2
tp4847
a(I96
I1
tp4848
asVbecame
p4849
(lp4850
(I19
I1
tp4851
a(I96
I2
tp4852
asVwhole
p4853
(lp4854
(I26
I1
tp4855
asVfinds
p4856
(lp4857
(I87
I1
tp4858
asVhackers
p4859
(lp4860
(I83
I1
tp4861
a(I87
I60
tp4862
asVpoint
p4863
(lp4864
(I26
I1
tp4865
a(I50
I2
tp4866
a(I87
I1
tp4867
asVsimple
p4868
(lp4869
(I26
I1
tp4870
a(I96
I1
tp4871
asVwhatever
p4872
(lp4873
(I96
I1
tp4874
asViphones
p4875
(lp4876
(I60
I1
tp4877
asVsimply
p4878
(lp4879
(I26
I1
tp4880
a(I60
I1
tp4881
a(I87
I1
tp4882
asVshutdown
p4883
(lp4884
(I60
I2
tp4885
asVlinux
p4886
(lp4887
(I19
I2
tp4888
asVthroughout
p4889
(lp4890
(I19
I1
tp4891
a(I50
I1
tp4892
asVlinus
p4893
(lp4894
(I19
I1
tp4895
asVpr
p4896
(lp4897
(I87
I1
tp4898
asVraise
p4899
(lp4900
(I26
I1
tp4901
asVduo
p4902
(lp4903
(I50
I1
tp4904
asVmonthly
p4905
(lp4906
(I87
I1
tp4907
asVcreate
p4908
(lp4909
(I19
I1
tp4910
a(I87
I1
tp4911
a(I96
I1
tp4912
asVpf
p4913
(lp4914
(I83
I1
tp4915
asVskewing
p4916
(lp4917
(I19
I1
tp4918
asVcheckbook
p4919
(lp4920
(I87
I1
tp4921
asVthreaten
p4922
(lp4923
(I19
I1
tp4924
asVempty
p4925
(lp4926
(I50
I1
tp4927
asVfirm
p4928
(lp4929
(I60
I1
tp4930
a(I83
I1
tp4931
a(I87
I1
tp4932
asVkolochenko
p4933
(lp4934
(I87
I1
tp4935
asVprecision
p4936
(lp4937
(I50
I1
tp4938
asVelse
p4939
(lp4940
(I50
I1
tp4941
a(I87
I1
tp4942
asVawake
p4943
(lp4944
(I87
I1
tp4945
asVcompromised
p4946
(lp4947
(I87
I1
tp4948
asVdemand
p4949
(lp4950
(I87
I1
tp4951
asVprices
p4952
(lp4953
(I87
I1
tp4954
asVpatriarchy
p4955
(lp4956
(I50
I1
tp4957
asVstolen
p4958
(lp4959
(I83
I1
tp4960
asVlook
p4961
(lp4962
(I26
I1
tp4963
a(I99
I1
tp4964
asVkumiko
p4965
(lp4966
(I50
I66
tp4967
asVbill
p4968
(lp4969
(I87
I1
tp4970
asVbatch
p4971
(lp4972
(I96
I1
tp4973
asV33
p4974
(lp4975
(I83
I1
tp4976
asVreplaced
p4977
(lp4978
(I96
I1
tp4979
asVclient\u2019s
p4980
(lp4981
(I87
I1
tp4982
asVfun
p4983
(lp4984
(I87
I1
tp4985
asVloot
p4986
(lp4987
(I50
I51
tp4988
asVengineers
p4989
(lp4990
(I19
I1
tp4991
asVready
p4992
(lp4993
(I26
I1
tp4994
a(I96
I2
tp4995
asVglassup
p4996
(lp4997
(I26
I3
tp4998
asVi\u2019m
p4999
(lp5000
(I87
I1
tp5001
asVwidely
p5002
(lp5003
(I99
I1
tp5004
asVgrand
p5005
(lp5006
(I50
I1
tp5007
asVsurvey
p5008
(lp5009
(I96
I2
tp5010
asVdozen
p5011
(lp5012
(I87
I1
tp5013
asVdevelopment
p5014
(lp5015
(I26
I1
tp5016
asVused
p5017
(lp5018
(I19
I1
tp5019
a(I26
I1
tp5020
a(I83
I1
tp5021
a(I87
I2
tp5022
a(I96
I2
tp5023
a(I99
I1
tp5024
asVkeys
p5025
(lp5026
(I26
I2
tp5027
asVmoment
p5028
(lp5029
(I87
I2
tp5030
asVlevels
p5031
(lp5032
(I26
I1
tp5033
asVuses
p5034
(lp5035
(I87
I2
tp5036
a(I96
I1
tp5037
asVpurpose
p5038
(lp5039
(I50
I1
tp5040
asVrobust
p5041
(lp5042
(I87
I1
tp5043
a(I96
I1
tp5044
asVchang
p5045
(lp5046
(I83
I1
tp5047
asVdark
p5048
(lp5049
(I26
I1
tp5050
a(I50
I1
tp5051
a(I83
I1
tp5052
asVrules
p5053
(lp5054
(I87
I1
tp5055
asVredesigned
p5056
(lp5057
(I96
I1
tp5058
asVspent
p5059
(lp5060
(I87
I1
tp5061
asVmagnified
p5062
(lp5063
(I96
I1
tp5064
asVedge
p5065
(lp5066
(I26
I1
tp5067
asV14,000
p5068
(lp5069
(I96
I1
tp5070
asVorganization
p5071
(lp5072
(I87
I2
tp5073
asVspend
p5074
(lp5075
(I87
I1
tp5076
asVprevention
p5077
(lp5078
(I83
I1
tp5079
asVcompetitive
p5080
(lp5081
(I87
I1
tp5082
asVatomic
p5083
(lp5084
(I19
I2
tp5085
asVquestions
p5086
(lp5087
(I26
I1
tp5088
asVusing
p5089
(lp5090
(I26
I2
tp5091
a(I30
I5
tp5092
a(I55
I5
tp5093
a(I60
I1
tp5094
a(I69
I5
tp5095
a(I81
I5
tp5096
a(I83
I1
tp5097
a(I84
I5
tp5098
a(I87
I1
tp5099
a(I96
I1
tp5100
asVstartups
p5101
(lp5102
(I87
I58
tp5103
a(I96
I1
tp5104
asVaddresses
p5105
(lp5106
(I83
I3
tp5107
a(I96
I1
tp5108
asVcut
p5109
(lp5110
(I19
I1
tp5111
asV$
p5112
(lp5113
(I26
I3
tp5114
a(I87
I4
tp5115
a(I96
I3
tp5116
a(I99
I54
tp5117
asVtablet
p5118
(lp5119
(I26
I3
tp5120
asVreaders
p5121
(lp5122
(I26
I1
tp5123
asVinformal
p5124
(lp5125
(I87
I1
tp5126
asVeager
p5127
(lp5128
(I87
I1
tp5129
asVsubmissions
p5130
(lp5131
(I87
I3
tp5132
asVsurprised
p5133
(lp5134
(I87
I1
tp5135
asVcustomers
p5136
(lp5137
(I96
I8
tp5138
asVsmartwatches
p5139
(lp5140
(I26
I2
tp5141
asVdemands
p5142
(lp5143
(I50
I1
tp5144
asVbig
p5145
(lp5146
(I26
I3
tp5147
a(I87
I5
tp5148
a(I96
I4
tp5149
asVshowing
p5150
(lp5151
(I26
I1
tp5152
asVchalking
p5153
(lp5154
(I83
I1
tp5155
asVunlimited
p5156
(lp5157
(I60
I1
tp5158
asVgame
p5159
(lp5160
(I26
I1
tp5161
asVbitglass
p5162
(lp5163
(I83
I8
tp5164
asVbit
p5165
(lp5166
(I19
I51
tp5167
asVchristine
p5168
(lp5169
(I26
I2
tp5170
asVsubmission
p5171
(lp5172
(I87
I1
tp5173
asVlibrary\u2019s
p5174
(lp5175
(I50
I1
tp5176
asVinterestingly
p5177
(lp5178
(I87
I1
tp5179
asVcollect
p5180
(lp5181
(I96
I1
tp5182
asVexploiting
p5183
(lp5184
(I87
I1
tp5185
asVpopular
p5186
(lp5187
(I50
I1
tp5188
a(I99
I2
tp5189
asVprivately
p5190
(lp5191
(I99
I1
tp5192
asVgoogle
p5193
(lp5194
(I19
I1
tp5195
a(I26
I3
tp5196
a(I87
I4
tp5197
asVoften
p5198
(lp5199
(I26
I1
tp5200
a(I50
I3
tp5201
a(I87
I1
tp5202
a(I96
I1
tp5203
asVspring
p5204
(lp5205
(I26
I1
tp5206
asVfake
p5207
(lp5208
(I83
I1
tp5209
asVback
p5210
(lp5211
(I19
I5
tp5212
a(I26
I9
tp5213
a(I83
I1
tp5214
a(I87
I1
tp5215
asVnewsletter
p5216
(lp5217
(I30
I1
tp5218
a(I55
I1
tp5219
a(I69
I1
tp5220
a(I81
I1
tp5221
a(I84
I1
tp5222
asVdelivered
p5223
(lp5224
(I96
I1
tp5225
asVgradually
p5226
(lp5227
(I50
I1
tp5228
asVand/or
p5229
(lp5230
(I30
I1
tp5231
a(I55
I1
tp5232
a(I69
I1
tp5233
a(I81
I1
tp5234
a(I84
I1
tp5235
asVtransactions
p5236
(lp5237
(I96
I1
tp5238
asVper
p5239
(lp5240
(I99
I1
tp5241
asVticking
p5242
(lp5243
(I19
I1
tp5244
asVinnovation
p5245
(lp5246
(I96
I1
tp5247
asVdigitized
p5248
(lp5249
(I50
I1
tp5250
asVrun
p5251
(lp5252
(I19
I1
tp5253
a(I26
I2
tp5254
a(I87
I4
tp5255
asVlakes
p5256
(lp5257
(I50
I1
tp5258
asVrestrictive
p5259
(lp5260
(I50
I1
tp5261
asVstep
p5262
(lp5263
(I19
I1
tp5264
asVconcealed
p5265
(lp5266
(I83
I1
tp5267
asVvitals
p5268
(lp5269
(I26
I1
tp5270
asVtidal
p5271
(lp5272
(I19
I2
tp5273
asVobscured
p5274
(lp5275
(I50
I1
tp5276
asVhandled
p5277
(lp5278
(I87
I1
tp5279
asVfaith
p5280
(lp5281
(I96
I1
tp5282
asVhousekeeping
p5283
(lp5284
(I87
I1
tp5285
asVdrama
p5286
(lp5287
(I50
I1
tp5288
asVseeing
p5289
(lp5290
(I26
I1
tp5291
asVplenty
p5292
(lp5293
(I87
I1
tp5294
asVgarbage
p5295
(lp5296
(I87
I1
tp5297
asVnsa
p5298
(lp5299
(I87
I2
tp5300
asVwithin
p5301
(lp5302
(I83
I4
tp5303
asVretailer
p5304
(lp5305
(I87
I1
tp5306
asVnothing
p5307
(lp5308
(I87
I1
tp5309
a(I96
I1
tp5310
asVrolls
p5311
(lp5312
(I19
I1
tp5313
asVspan
p5314
(lp5315
(I26
I1
tp5316
asVfeatureless
p5317
(lp5318
(I50
I1
tp5319
asVextremely
p5320
(lp5321
(I26
I1
tp5322
asVquestion
p5323
(lp5324
(I83
I1
tp5325
a(I96
I1
tp5326
asVhandles
p5327
(lp5328
(I87
I1
tp5329
asVfast
p5330
(lp5331
(I26
I1
tp5332
a(I83
I1
tp5333
a(I96
I1
tp5334
asVvendors
p5335
(lp5336
(I87
I1
tp5337
a(I99
I1
tp5338
asVforward
p5339
(lp5340
(I50
I1
tp5341
a(I96
I1
tp5342
asV:
p5343
(lp5344
(I19
I3
tp5345
a(I26
I3
tp5346
a(I50
I1
tp5347
a(I87
I3
tp5348
a(I96
I1
tp5349
asVmanufacture
p5350
(lp5351
(I26
I1
tp5352
asVregistered
p5353
(lp5354
(I30
I1
tp5355
a(I55
I1
tp5356
a(I69
I1
tp5357
a(I81
I1
tp5358
a(I84
I1
tp5359
asVtally
p5360
(lp5361
(I60
I1
tp5362
asVt-shirt
p5363
(lp5364
(I87
I2
tp5365
asVproperly
p5366
(lp5367
(I87
I1
tp5368
asVlink
p5369
(lp5370
(I30
I1
tp5371
a(I55
I1
tp5372
a(I69
I1
tp5373
a(I81
I1
tp5374
a(I84
I1
tp5375
asVlibrary
p5376
(lp5377
(I50
I2
tp5378
a(I96
I1
tp5379
asVnewer
p5380
(lp5381
(I26
I1
tp5382
asVrussian
p5383
(lp5384
(I87
I1
tp5385
asVline
p5386
(lp5387
(I50
I1
tp5388
a(I60
I1
tp5389
a(I96
I1
tp5390
asVreel
p5391
(lp5392
(I87
I1
tp5393
asVposted
p5394
(lp5395
(I83
I2
tp5396
asVus
p5397
(lp5398
(I19
I1
tp5399
a(I87
I3
tp5400
asVplanet
p5401
(lp5402
(I19
I1
tp5403
asVpaired
p5404
(lp5405
(I96
I1
tp5406
asV're
p5407
(lp5408
(I19
I1
tp5409
a(I96
I4
tp5410
asVhighlight
p5411
(lp5412
(I87
I2
tp5413
asVsimilar
p5414
(lp5415
(I83
I1
tp5416
asVlifelogger\u2019s
p5417
(lp5418
(I26
I1
tp5419
asVstoring
p5420
(lp5421
(I26
I1
tp5422
asVordered
p5423
(lp5424
(I96
I1
tp5425
asVhobby
p5426
(lp5427
(I87
I1
tp5428
asVdefined
p5429
(lp5430
(I50
I2
tp5431
asVengineering
p5432
(lp5433
(I19
I2
tp5434
a(I87
I2
tp5435
asVdiverse
p5436
(lp5437
(I87
I1
tp5438
asVnecks
p5439
(lp5440
(I50
I1
tp5441
asVchat
p5442
(lp5443
(I83
I1
tp5444
asVhome
p5445
(lp5446
(I50
I1
tp5447
a(I83
I2
tp5448
asVmalicious
p5449
(lp5450
(I87
I1
tp5451
asVoccasional
p5452
(lp5453
(I30
I1
tp5454
a(I55
I1
tp5455
a(I69
I1
tp5456
a(I81
I1
tp5457
a(I84
I1
tp5458
a(I87
I2
tp5459
asVreputation
p5460
(lp5461
(I87
I1
tp5462
asVnat
p5463
(lp5464
(I83
I1
tp5465
asVshashank
p5466
(lp5467
(I87
I7
tp5468
asVusers
p5469
(lp5470
(I19
I1
tp5471
a(I30
I1
tp5472
a(I55
I1
tp5473
a(I60
I1
tp5474
a(I69
I1
tp5475
a(I81
I1
tp5476
a(I84
I1
tp5477
a(I96
I1
tp5478
asVreportedly
p5479
(lp5480
(I26
I1
tp5481
asVproblems
p5482
(lp5483
(I19
I1
tp5484
asVlens
p5485
(lp5486
(I26
I1
tp5487
asVmeaning
p5488
(lp5489
(I50
I1
tp5490
asVallowing
p5491
(lp5492
(I60
I1
tp5493
a(I87
I1
tp5494
a(I96
I1
tp5495
asVprepares
p5496
(lp5497
(I87
I1
tp5498
asVsides
p5499
(lp5500
(I87
I1
tp5501
asVstructure
p5502
(lp5503
(I50
I1
tp5504
asVago
p5505
(lp5506
(I26
I1
tp5507
a(I87
I1
tp5508
a(I96
I1
tp5509
asVe
p5510
(lp5511
(I26
I5
tp5512
asVrequired
p5513
(lp5514
(I26
I1
tp5515
a(I30
I1
tp5516
a(I55
I1
tp5517
a(I69
I1
tp5518
a(I81
I1
tp5519
a(I84
I1
tp5520
a(I87
I1
tp5521
asVbacked
p5522
(lp5523
(I96
I1
tp5524
asVshoutout
p5525
(lp5526
(I87
I1
tp5527
asV2000
p5528
(lp5529
(I19
I1
tp5530
asVpebble-like
p5531
(lp5532
(I26
I1
tp5533
asVbroad
p5534
(lp5535
(I83
I1
tp5536
asVrequires
p5537
(lp5538
(I26
I1
tp5539
a(I60
I1
tp5540
asVcode
p5541
(lp5542
(I19
I1
tp5543
a(I87
I2
tp5544
asVsaying
p5545
(lp5546
(I26
I1
tp5547
a(I87
I1
tp5548
asVscratch
p5549
(lp5550
(I87
I1
tp5551
a(I96
I1
tp5552
asVresults
p5553
(lp5554
(I83
I1
tp5555
a(I96
I1
tp5556
asVexisting
p5557
(lp5558
(I96
I1
tp5559
asVbroader
p5560
(lp5561
(I87
I1
tp5562
asVgo
p5563
(lp5564
(I26
I2
tp5565
a(I83
I1
tp5566
a(I87
I1
tp5567
asVissues
p5568
(lp5569
(I26
I2
tp5570
a(I87
I1
tp5571
a(I96
I1
tp5572
asVseemed
p5573
(lp5574
(I96
I1
tp5575
asVyoung
p5576
(lp5577
(I50
I1
tp5578
a(I96
I2
tp5579
asVsend
p5580
(lp5581
(I26
I1
tp5582
a(I96
I1
tp5583
asVattackers
p5584
(lp5585
(I60
I1
tp5586
a(I99
I1
tp5587
asVbreaches
p5588
(lp5589
(I83
I2
tp5590
asVbreach
p5591
(lp5592
(I83
I8
tp5593
asVdramatically
p5594
(lp5595
(I87
I1
tp5596
asVresources
p5597
(lp5598
(I19
I1
tp5599
asVdidn\u2019t
p5600
(lp5601
(I87
I4
tp5602
a(I96
I1
tp5603
asVfacebook
p5604
(lp5605
(I19
I1
tp5606
a(I26
I1
tp5607
a(I30
I6
tp5608
a(I50
I1
tp5609
a(I55
I6
tp5610
a(I60
I1
tp5611
a(I69
I6
tp5612
a(I81
I6
tp5613
a(I83
I1
tp5614
a(I84
I6
tp5615
a(I87
I2
tp5616
a(I96
I1
tp5617
asVtelling
p5618
(lp5619
(I50
I1
tp5620
a(I96
I1
tp5621
asVgurley
p5622
(lp5623
(I87
I1
tp5624
asVentire
p5625
(lp5626
(I26
I2
tp5627
asVmagic
p5628
(lp5629
(I87
I1
tp5630
asVdiverging
p5631
(lp5632
(I19
I1
tp5633
asVprototypes
p5634
(lp5635
(I96
I1
tp5636
asVtry
p5637
(lp5638
(I30
I2
tp5639
a(I55
I2
tp5640
a(I60
I1
tp5641
a(I69
I2
tp5642
a(I81
I2
tp5643
a(I84
I2
tp5644
a(I87
I1
tp5645
asVrack
p5646
(lp5647
(I26
I2
tp5648
asVsmaller
p5649
(lp5650
(I26
I1
tp5651
a(I87
I1
tp5652
asVvideo
p5653
(lp5654
(I26
I4
tp5655
a(I96
I2
tp5656
asVpicked
p5657
(lp5658
(I83
I1
tp5659
asVodd
p5660
(lp5661
(I19
I1
tp5662
asVmakers
p5663
(lp5664
(I26
I1
tp5665
a(I87
I1
tp5666
asVplays
p5667
(lp5668
(I50
I1
tp5669
asVpower
p5670
(lp5671
(I60
I4
tp5672
asVaccess
p5673
(lp5674
(I99
I1
tp5675
asVrazer\u2019s
p5676
(lp5677
(I26
I1
tp5678
asVexperiment
p5679
(lp5680
(I83
I52
tp5681
asVflowing
p5682
(lp5683
(I87
I1
tp5684
asV;
p5685
(lp5686
(I19
I1
tp5687
a(I26
I1
tp5688
a(I50
I5
tp5689
a(I87
I1
tp5690
a(I96
I1
tp5691
asVproliferation
p5692
(lp5693
(I87
I1
tp5694
asVlee
p5695
(lp5696
(I99
I3
tp5697
asVdegree
p5698
(lp5699
(I87
I1
tp5700
asVexchange
p5701
(lp5702
(I87
I1
tp5703
asV225,000
p5704
(lp5705
(I99
I51
tp5706
asVpushing
p5707
(lp5708
(I87
I1
tp5709
asVcommercial
p5710
(lp5711
(I26
I1
tp5712
asVlet
p5713
(lp5714
(I26
I2
tp5715
a(I60
I50
tp5716
asVsafer
p5717
(lp5718
(I26
I1
tp5719
asVabbreviating
p5720
(lp5721
(I19
I1
tp5722
asVextreme
p5723
(lp5724
(I50
I1
tp5725
asVgreat
p5726
(lp5727
(I30
I1
tp5728
a(I55
I1
tp5729
a(I69
I1
tp5730
a(I81
I1
tp5731
a(I84
I1
tp5732
asVtalent
p5733
(lp5734
(I87
I2
tp5735
asVxam
p5736
(lp5737
(I87
I1
tp5738
asVreceive
p5739
(lp5740
(I30
I1
tp5741
a(I55
I1
tp5742
a(I69
I1
tp5743
a(I81
I1
tp5744
a(I84
I1
tp5745
a(I87
I1
tp5746
asVinvolved
p5747
(lp5748
(I87
I2
tp5749
a(I99
I1
tp5750
asVhaunts
p5751
(lp5752
(I50
I1
tp5753
asVproducts
p5754
(lp5755
(I26
I53
tp5756
a(I96
I2
tp5757
asVimplement
p5758
(lp5759
(I19
I1
tp5760
asVcto
p5761
(lp5762
(I87
I1
tp5763
asVmaker
p5764
(lp5765
(I26
I1
tp5766
asVthats
p5767
(lp5768
(I87
I1
tp5769
asVnamed
p5770
(lp5771
(I26
I1
tp5772
a(I99
I1
tp5773
asVfirefox
p5774
(lp5775
(I87
I1
tp5776
a(I99
I1
tp5777
asVapple
p5778
(lp5779
(I60
I1
tp5780
asVblack-and-white
p5781
(lp5782
(I26
I1
tp5783
asVdedicated
p5784
(lp5785
(I26
I1
tp5786
a(I30
I1
tp5787
a(I55
I1
tp5788
a(I69
I1
tp5789
a(I81
I1
tp5790
a(I84
I1
tp5791
asVprivate
p5792
(lp5793
(I83
I1
tp5794
a(I87
I3
tp5795
asVherzog
p5796
(lp5797
(I87
I3
tp5798
asVnames
p5799
(lp5800
(I83
I1
tp5801
asVtools
p5802
(lp5803
(I87
I1
tp5804
asVcloud
p5805
(lp5806
(I26
I1
tp5807
asVuse
p5808
(lp5809
(I26
I1
tp5810
a(I87
I2
tp5811
asVfee
p5812
(lp5813
(I87
I1
tp5814
asVmetaphor
p5815
(lp5816
(I50
I1
tp5817
asVusb
p5818
(lp5819
(I60
I1
tp5820
asV&
p5821
(lp5822
(I87
I1
tp5823
asVnext
p5824
(lp5825
(I26
I1
tp5826
a(I50
I1
tp5827
a(I83
I1
tp5828
asVduplicate
p5829
(lp5830
(I87
I4
tp5831
asVcamera
p5832
(lp5833
(I26
I7
tp5834
a(I50
I1
tp5835
asVexceptionally
p5836
(lp5837
(I60
I1
tp5838
asVexpanding
p5839
(lp5840
(I87
I1
tp5841
asVmilliseconds
p5842
(lp5843
(I19
I2
tp5844
asVsort
p5845
(lp5846
(I19
I1
tp5847
a(I96
I1
tp5848
asVclever
p5849
(lp5850
(I19
I1
tp5851
a(I87
I1
tp5852
asVstarted
p5853
(lp5854
(I96
I2
tp5855
asVdupes
p5856
(lp5857
(I87
I2
tp5858
asVconfused
p5859
(lp5860
(I19
I2
tp5861
asVprizes
p5862
(lp5863
(I99
I1
tp5864
asVwomen
p5865
(lp5866
(I50
I3
tp5867
asVmajority
p5868
(lp5869
(I87
I1
tp5870
asVaccount
p5871
(lp5872
(I19
I1
tp5873
a(I30
I4
tp5874
a(I55
I4
tp5875
a(I69
I4
tp5876
a(I81
I4
tp5877
a(I83
I1
tp5878
a(I84
I4
tp5879
a(I87
I1
tp5880
asVannouncing
p5881
(lp5882
(I96
I1
tp5883
asVchallenge
p5884
(lp5885
(I26
I2
tp5886
asV19-year-old
p5887
(lp5888
(I87
I1
tp5889
asVsensus
p5890
(lp5891
(I26
I2
tp5892
asVy-combinator
p5893
(lp5894
(I96
I1
tp5895
asVcybercrime
p5896
(lp5897
(I83
I1
tp5898
asVtap
p5899
(lp5900
(I87
I2
tp5901
asVproviders
p5902
(lp5903
(I87
I1
tp5904
asVprocess
p5905
(lp5906
(I60
I1
tp5907
asVlock
p5908
(lp5909
(I96
I5
tp5910
asVhigh
p5911
(lp5912
(I50
I1
tp5913
a(I87
I1
tp5914
asVeffectively
p5915
(lp5916
(I60
I2
tp5917
asVreserves
p5918
(lp5919
(I87
I1
tp5920
asVsomething
p5921
(lp5922
(I19
I2
tp5923
a(I26
I3
tp5924
a(I87
I5
tp5925
a(I96
I6
tp5926
asVdocumenting
p5927
(lp5928
(I87
I1
tp5929
asVmalware
p5930
(lp5931
(I87
I1
tp5932
asVwares
p5933
(lp5934
(I26
I1
tp5935
asVstruggles
p5936
(lp5937
(I96
I2
tp5938
asVsic
p5939
(lp5940
(I87
I2
tp5941
asVinstead
p5942
(lp5943
(I19
I1
tp5944
a(I26
I3
tp5945
a(I30
I4
tp5946
a(I55
I4
tp5947
a(I69
I4
tp5948
a(I81
I4
tp5949
a(I84
I4
tp5950
a(I87
I5
tp5951
a(I96
I1
tp5952
asVprofile
p5953
(lp5954
(I50
I2
tp5955
asVkickstarter
p5956
(lp5957
(I96
I3
tp5958
asVtwelve24
p5959
(lp5960
(I26
I2
tp5961
asVnotebook
p5962
(lp5963
(I26
I1
tp5964
asVwrist
p5965
(lp5966
(I26
I1
tp5967
asVoverreacting
p5968
(lp5969
(I87
I1
tp5970
asVrealized
p5971
(lp5972
(I96
I1
tp5973
asVphysical
p5974
(lp5975
(I87
I1
tp5976
asVlight
p5977
(lp5978
(I26
I3
tp5979
a(I83
I1
tp5980
asVlines
p5981
(lp5982
(I50
I1
tp5983
asVamazon
p5984
(lp5985
(I96
I2
tp5986
asVchief
p5987
(lp5988
(I87
I1
tp5989
asVcounted
p5990
(lp5991
(I60
I1
tp5992
asVsix
p5993
(lp5994
(I26
I1
tp5995
asVastronomical
p5996
(lp5997
(I19
I1
tp5998
asVdespite
p5999
(lp6000
(I87
I1
tp6001
asVsymbols
p6002
(lp6003
(I50
I1
tp6004
asVincluding
p6005
(lp6006
(I99
I1
tp6007
asVlooks
p6008
(lp6009
(I26
I1
tp6010
a(I50
I51
tp6011
asVhand-built
p6012
(lp6013
(I96
I1
tp6014
asVbunch
p6015
(lp6016
(I26
I1
tp6017
asVperfect
p6018
(lp6019
(I83
I1
tp6020
asVchosen
p6021
(lp6022
(I87
I1
tp6023
asVbackers
p6024
(lp6025
(I26
I3
tp6026
a(I96
I4
tp6027
asVthieves
p6028
(lp6029
(I60
I51
tp6030
asVchoose
p6031
(lp6032
(I30
I1
tp6033
a(I55
I1
tp6034
a(I69
I1
tp6035
a(I81
I1
tp6036
a(I84
I1
tp6037
a(I87
I1
tp6038
asV2015
p6039
(lp6040
(I19
I51
tp6041
a(I26
I2
tp6042
asVclusters
p6043
(lp6044
(I83
I1
tp6045
asV2017
p6046
(lp6047
(I55
I50
tp6048
asVcriminal
p6049
(lp6050
(I83
I51
tp6051
asV2013
p6052
(lp6053
(I26
I1
tp6054
a(I87
I1
tp6055
a(I96
I2
tp6056
asV2012
p6057
(lp6058
(I19
I2
tp6059
a(I26
I3
tp6060
asVrepercussions
p6061
(lp6062
(I87
I1
tp6063
asVinvitations
p6064
(lp6065
(I87
I1
tp6066
asVdock
p6067
(lp6068
(I26
I1
tp6069
asVcutting
p6070
(lp6071
(I19
I1
tp6072
asVambition
p6073
(lp6074
(I96
I1
tp6075
asVfront
p6076
(lp6077
(I26
I2
tp6078
a(I87
I1
tp6079
asVrotation
p6080
(lp6081
(I19
I3
tp6082
asVinvestor
p6083
(lp6084
(I87
I1
tp6085
asVday
p6086
(lp6087
(I19
I5
tp6088
a(I55
I50
tp6089
a(I87
I1
tp6090
asVnfc
p6091
(lp6092
(I96
I1
tp6093
asVtraced
p6094
(lp6095
(I19
I1
tp6096
asVidentified
p6097
(lp6098
(I26
I1
tp6099
asVunpredictable
p6100
(lp6101
(I19
I1
tp6102
asVtrap
p6103
(lp6104
(I96
I1
tp6105
asV70,000
p6106
(lp6107
(I96
I3
tp6108
asVbeneath
p6109
(lp6110
(I50
I2
tp6111
asVupward
p6112
(lp6113
(I50
I1
tp6114
asVactivate
p6115
(lp6116
(I26
I1
tp6117
asVproliferating
p6118
(lp6119
(I87
I1
tp6120
asVrelated
p6121
(lp6122
(I83
I1
tp6123
asVbluetooth
p6124
(lp6125
(I26
I1
tp6126
a(I96
I1
tp6127
asVfilmmaking
p6128
(lp6129
(I50
I1
tp6130
asVcategory
p6131
(lp6132
(I26
I1
tp6133
asV'
p6134
(lp6135
(I81
I50
tp6136
a(I83
I1
tp6137
a(I87
I1
tp6138
a(I96
I1
tp6139
asVchaos
p6140
(lp6141
(I87
I2
tp6142
asVelectronics
p6143
(lp6144
(I26
I52
tp6145
asVred
p6146
(lp6147
(I50
I2
tp6148
asVwatermark
p6149
(lp6150
(I83
I1
tp6151
asVcompletely
p6152
(lp6153
(I26
I1
tp6154
a(I96
I1
tp6155
asVapplications
p6156
(lp6157
(I87
I1
tp6158
asVcould
p6159
(lp6160
(I19
I1
tp6161
a(I26
I7
tp6162
a(I60
I50
tp6163
a(I83
I3
tp6164
a(I87
I2
tp6165
a(I96
I3
tp6166
asVtimes
p6167
(lp6168
(I26
I4
tp6169
a(I50
I1
tp6170
a(I83
I1
tp6171
a(I87
I1
tp6172
asVpigs
p6173
(lp6174
(I96
I2
tp6175
asV23:59:59
p6176
(lp6177
(I19
I1
tp6178
asVtacked
p6179
(lp6180
(I50
I1
tp6181
asVscene
p6182
(lp6183
(I50
I1
tp6184
asVlokihardt
p6185
(lp6186
(I99
I1
tp6187
asVhurdle
p6188
(lp6189
(I96
I1
tp6190
asVthree-tiered
p6191
(lp6192
(I87
I1
tp6193
asVprecisely
p6194
(lp6195
(I19
I1
tp6196
asVsockets
p6197
(lp6198
(I26
I1
tp6199
asVco-founder
p6200
(lp6201
(I87
I1
tp6202
a(I96
I1
tp6203
asVdump
p6204
(lp6205
(I83
I1
tp6206
asVprivacy
p6207
(lp6208
(I30
I1
tp6209
a(I55
I1
tp6210
a(I69
I1
tp6211
a(I81
I1
tp6212
a(I84
I1
tp6213
asVfestival
p6214
(lp6215
(I50
I1
tp6216
asVunknown
p6217
(lp6218
(I50
I1
tp6219
asVsystem
p6220
(lp6221
(I19
I1
tp6222
a(I26
I4
tp6223
a(I60
I4
tp6224
a(I87
I4
tp6225
a(I99
I2
tp6226
asVfinal
p6227
(lp6228
(I87
I1
tp6229
asVpainful
p6230
(lp6231
(I50
I2
tp6232
asVadopts
p6233
(lp6234
(I50
I1
tp6235
asVgeonaute
p6236
(lp6237
(I26
I2
tp6238
asVjuly
p6239
(lp6240
(I19
I1
tp6241
asVoverwhelming
p6242
(lp6243
(I96
I1
tp6244
asVupdating
p6245
(lp6246
(I96
I1
tp6247
asVsubmitted
p6248
(lp6249
(I87
I1
tp6250
asVmid-development
p6251
(lp6252
(I26
I1
tp6253
asVdefense
p6254
(lp6255
(I87
I1
tp6256
asVlover
p6257
(lp6258
(I50
I1
tp6259
asVpwn2own
p6260
(lp6261
(I99
I1
tp6262
asVpartnership
p6263
(lp6264
(I96
I1
tp6265
asVcomfortable
p6266
(lp6267
(I87
I2
tp6268
asVbliq
p6269
(lp6270
(I26
I3
tp6271
asV2.2
p6272
(lp6273
(I96
I2
tp6274
asVneed
p6275
(lp6276
(I50
I1
tp6277
a(I87
I3
tp6278
asVcurved
p6279
(lp6280
(I26
I1
tp6281
asVclearly
p6282
(lp6283
(I87
I1
tp6284
asVafraid
p6285
(lp6286
(I87
I1
tp6287
asVmin
p6288
(lp6289
(I87
I1
tp6290
asVable
p6291
(lp6292
(I26
I2
tp6293
a(I83
I1
tp6294
a(I96
I1
tp6295
a(I99
I1
tp6296
asVinstance
p6297
(lp6298
(I19
I1
tp6299
asVbonanza
p6300
(lp6301
(I87
I1
tp6302
asVskeptics
p6303
(lp6304
(I87
I1
tp6305
asVkaplan
p6306
(lp6307
(I87
I2
tp6308
asVunless
p6309
(lp6310
(I26
I1
tp6311
asVweren\u2019t
p6312
(lp6313
(I87
I1
tp6314
asVeight
p6315
(lp6316
(I83
I2
tp6317
asVcracking
p6318
(lp6319
(I60
I1
tp6320
asVdevice
p6321
(lp6322
(I26
I4
tp6323
a(I60
I2
tp6324
a(I96
I2
tp6325
asVpayment
p6326
(lp6327
(I87
I1
tp6328
asVcellphone
p6329
(lp6330
(I50
I1
tp6331
asVplacement
p6332
(lp6333
(I87
I1
tp6334
asVface
p6335
(lp6336
(I96
I2
tp6337
asVlooked
p6338
(lp6339
(I26
I1
tp6340
asVpictures
p6341
(lp6342
(I87
I1
tp6343
asVlife-fulfilling
p6344
(lp6345
(I50
I1
tp6346
asVaway
p6347
(lp6348
(I87
I1
tp6349
a(I96
I1
tp6350
a(I99
I1
tp6351
asVfact
p6352
(lp6353
(I50
I2
tp6354
a(I96
I1
tp6355
asVchances
p6356
(lp6357
(I96
I1
tp6358
asVtext
p6359
(lp6360
(I50
I1
tp6361
asVsupported
p6362
(lp6363
(I26
I1
tp6364
asVbring
p6365
(lp6366
(I26
I1
tp6367
asVchicken
p6368
(lp6369
(I87
I1
tp6370
asVpartners
p6371
(lp6372
(I30
I1
tp6373
a(I55
I1
tp6374
a(I69
I1
tp6375
a(I81
I1
tp6376
a(I84
I1
tp6377
asVq2
p6378
(lp6379
(I69
I50
tp6380
asVbased
p6381
(lp6382
(I26
I1
tp6383
asVearned
p6384
(lp6385
(I87
I1
tp6386
asV(
p6387
(lp6388
(I19
I1
tp6389
a(I26
I2
tp6390
a(I50
I1
tp6391
a(I87
I1
tp6392
a(I96
I2
tp6393
a(I99
I51
tp6394
asVit\u2019s
p6395
(lp6396
(I19
I3
tp6397
a(I26
I4
tp6398
a(I50
I3
tp6399
a(I87
I6
tp6400
a(I96
I1
tp6401
asVemployee
p6402
(lp6403
(I87
I2
tp6404
asV8,000
p6405
(lp6406
(I26
I1
tp6407
asVin-house
p6408
(lp6409
(I87
I1
tp6410
asVmeant
p6411
(lp6412
(I26
I1
tp6413
asVhandle
p6414
(lp6415
(I87
I2
tp6416
asVmeans
p6417
(lp6418
(I19
I1
tp6419
a(I60
I2
tp6420
asVdisplayed
p6421
(lp6422
(I26
I1
tp6423
asVoverall
p6424
(lp6425
(I30
I1
tp6426
a(I55
I1
tp6427
a(I69
I1
tp6428
a(I81
I1
tp6429
a(I84
I1
tp6430
asVbeam
p6431
(lp6432
(I26
I1
tp6433
asVones
p6434
(lp6435
(I87
I1
tp6436
asVwords
p6437
(lp6438
(I87
I1
tp6439
a(I96
I1
tp6440
asVtiming
p6441
(lp6442
(I26
I1
tp6443
asVendless
p6444
(lp6445
(I87
I1
tp6446
asVprocesses
p6447
(lp6448
(I60
I1
tp6449
asVwrong-password
p6450
(lp6451
(I60
I1
tp6452
asVended
p6453
(lp6454
(I26
I1
tp6455
a(I87
I1
tp6456
a(I96
I1
tp6457
asVmarried
p6458
(lp6459
(I50
I1
tp6460
asVlow-value
p6461
(lp6462
(I87
I1
tp6463
asVmotherhood
p6464
(lp6465
(I50
I3
tp6466
asVshelling
p6467
(lp6468
(I87
I1
tp6469
asVfixed
p6470
(lp6471
(I87
I2
tp6472
asVview
p6473
(lp6474
(I50
I1
tp6475
asVspotted
p6476
(lp6477
(I87
I1
tp6478
asVavailable
p6479
(lp6480
(I26
I2
tp6481
a(I30
I1
tp6482
a(I55
I1
tp6483
a(I69
I1
tp6484
a(I81
I1
tp6485
a(I84
I1
tp6486
asVshedding
p6487
(lp6488
(I83
I1
tp6489
asVframe
p6490
(lp6491
(I50
I1
tp6492
asVhumans
p6493
(lp6494
(I50
I1
tp6495
asVyou\u2019re
p6496
(lp6497
(I87
I1
tp6498
asVcomputer
p6499
(lp6500
(I19
I2
tp6501
a(I26
I2
tp6502
a(I87
I1
tp6503
asVcatalogs
p6504
(lp6505
(I87
I1
tp6506
asVexploited
p6507
(lp6508
(I87
I1
tp6509
asVclearing
p6510
(lp6511
(I83
I1
tp6512
asVnightmare
p6513
(lp6514
(I87
I2
tp6515
asVstate
p6516
(lp6517
(I83
I1
tp6518
asVcorrectly
p6519
(lp6520
(I19
I1
tp6521
asVprogress
p6522
(lp6523
(I96
I1
tp6524
asVneither
p6525
(lp6526
(I26
I1
tp6527
asVemail
p6528
(lp6529
(I19
I1
tp6530
a(I30
I4
tp6531
a(I55
I4
tp6532
a(I69
I4
tp6533
a(I81
I4
tp6534
a(I84
I4
tp6535
a(I87
I1
tp6536
a(I96
I1
tp6537
asVdefacing
p6538
(lp6539
(I87
I1
tp6540
asVimbalance
p6541
(lp6542
(I50
I1
tp6543
asVability
p6544
(lp6545
(I50
I2
tp6546
a(I87
I1
tp6547
asVopening
p6548
(lp6549
(I60
I1
tp6550
asVdeliver
p6551
(lp6552
(I26
I1
tp6553
a(I96
I3
tp6554
asVwilling
p6555
(lp6556
(I87
I1
tp6557
asVjob
p6558
(lp6559
(I50
I1
tp6560
asVprobing
p6561
(lp6562
(I87
I1
tp6563
asVdavid
p6564
(lp6565
(I50
I1
tp6566
asVweeks
p6567
(lp6568
(I96
I1
tp6569
asVtaking
p6570
(lp6571
(I26
I1
tp6572
a(I87
I2
tp6573
a(I96
I1
tp6574
asVadmit
p6575
(lp6576
(I87
I1
tp6577
asVbusted
p6578
(lp6579
(I50
I1
tp6580
asVfigures
p6581
(lp6582
(I50
I1
tp6583
asVcanopy
p6584
(lp6585
(I26
I2
tp6586
asVwall
p6587
(lp6588
(I26
I2
tp6589
a(I50
I1
tp6590
asVships
p6591
(lp6592
(I96
I1
tp6593
asVteasing
p6594
(lp6595
(I84
I50
tp6596
asVworldly
p6597
(lp6598
(I19
I1
tp6599
asV11,000
p6600
(lp6601
(I96
I1
tp6602
asVtable
p6603
(lp6604
(I26
I1
tp6605
asVearning
p6606
(lp6607
(I99
I1
tp6608
asV8.1
p6609
(lp6610
(I60
I1
tp6611
asVdeep
p6612
(lp6613
(I50
I1
tp6614
asVaddition
p6615
(lp6616
(I19
I2
tp6617
asVhunters
p6618
(lp6619
(I87
I1
tp6620
asVgopro
p6621
(lp6622
(I26
I1
tp6623
asVtransformer
p6624
(lp6625
(I26
I2
tp6626
asVslowly
p6627
(lp6628
(I50
I1
tp6629
a(I83
I1
tp6630
a(I87
I1
tp6631
asVwaste
p6632
(lp6633
(I87
I1
tp6634
asVkanishi
p6635
(lp6636
(I50
I3
tp6637
asVusername
p6638
(lp6639
(I30
I3
tp6640
a(I55
I3
tp6641
a(I69
I3
tp6642
a(I81
I3
tp6643
a(I84
I3
tp6644
asVdiversity
p6645
(lp6646
(I96
I1
tp6647
asVreceived
p6648
(lp6649
(I96
I1
tp6650
asVessentially
p6651
(lp6652
(I19
I1
tp6653
a(I87
I1
tp6654
asVcrappy
p6655
(lp6656
(I96
I2
tp6657
asVensuring
p6658
(lp6659
(I96
I1
tp6660
asVminneapolis
p6661
(lp6662
(I26
I1
tp6663
asV2014
p6664
(lp6665
(I26
I2
tp6666
a(I50
I1
tp6667
asVholiday
p6668
(lp6669
(I26
I1
tp6670
asVunlike
p6671
(lp6672
(I26
I1
tp6673
a(I96
I1
tp6674
asVvimeo
p6675
(lp6676
(I87
I4
tp6677
asVvalue
p6678
(lp6679
(I96
I1
tp6680
asVchoices
p6681
(lp6682
(I50
I1
tp6683
asV'minecraft
p6684
(lp6685
(I81
I50
tp6686
asVgoogle-sponsored
p6687
(lp6688
(I99
I1
tp6689
asVmemorizing
p6690
(lp6691
(I26
I1
tp6692
asVwild
p6693
(lp6694
(I83
I1
tp6695
a(I96
I1
tp6696
asVrevisited
p6697
(lp6698
(I50
I1
tp6699
asVone\u2019s
p6700
(lp6701
(I50
I2
tp6702
asValmost
p6703
(lp6704
(I19
I1
tp6705
a(I30
I1
tp6706
a(I50
I1
tp6707
a(I55
I1
tp6708
a(I69
I1
tp6709
a(I81
I1
tp6710
a(I83
I1
tp6711
a(I84
I1
tp6712
a(I87
I1
tp6713
asVdemo
p6714
(lp6715
(I26
I1
tp6716
a(I96
I1
tp6717
asVvape
p6718
(lp6719
(I26
I2
tp6720
asVthus
p6721
(lp6722
(I19
I1
tp6723
asVcaptors
p6724
(lp6725
(I50
I1
tp6726
asVsurface
p6727
(lp6728
(I50
I1
tp6729
asVhelped
p6730
(lp6731
(I87
I1
tp6732
asVpascoe
p6733
(lp6734
(I19
I3
tp6735
asVvr
p6736
(lp6737
(I26
I1
tp6738
asVclaimed
p6739
(lp6740
(I50
I1
tp6741
asVbucks
p6742
(lp6743
(I87
I1
tp6744
asVsits
p6745
(lp6746
(I87
I1
tp6747
asVsynack\u2019s
p6748
(lp6749
(I87
I1
tp6750
asVwatchful
p6751
(lp6752
(I50
I1
tp6753
asVperhaps
p6754
(lp6755
(I19
I1
tp6756
a(I50
I1
tp6757
a(I87
I1
tp6758
asV00:00:00
p6759
(lp6760
(I19
I1
tp6761
asVmember
p6762
(lp6763
(I26
I1
tp6764
asVstrange
p6765
(lp6766
(I50
I1
tp6767
asVunderground
p6768
(lp6769
(I83
I1
tp6770
asVparty
p6771
(lp6772
(I30
I4
tp6773
a(I55
I4
tp6774
a(I69
I4
tp6775
a(I81
I4
tp6776
a(I84
I4
tp6777
asVandroid
p6778
(lp6779
(I26
I2
tp6780
asVgets
p6781
(lp6782
(I96
I1
tp6783
asVdan
p6784
(lp6785
(I87
I1
tp6786
asVdifficult
p6787
(lp6788
(I60
I1
tp6789
asVinfinity
p6790
(lp6791
(I87
I1
tp6792
asVreporting
p6793
(lp6794
(I87
I2
tp6795
asVios
p6796
(lp6797
(I60
I1
tp6798
asVpleasantly
p6799
(lp6800
(I87
I1
tp6801
asVdisclosures
p6802
(lp6803
(I99
I1
tp6804
asVcenter
p6805
(lp6806
(I50
I1
tp6807
asVweapon
p6808
(lp6809
(I87
I1
tp6810
asVtricorder
p6811
(lp6812
(I26
I1
tp6813
asVwell
p6814
(lp6815
(I26
I1
tp6816
a(I87
I3
tp6817
a(I96
I2
tp6818
asVpatterns
p6819
(lp6820
(I83
I1
tp6821
asVaudio
p6822
(lp6823
(I50
I1
tp6824
asVlatest
p6825
(lp6826
(I26
I3
tp6827
asVstores
p6828
(lp6829
(I26
I1
tp6830
asVless
p6831
(lp6832
(I87
I2
tp6833
a(I96
I1
tp6834
asVmoments
p6835
(lp6836
(I26
I1
tp6837
asVproximity
p6838
(lp6839
(I96
I1
tp6840
asVstored
p6841
(lp6842
(I19
I1
tp6843
asV\u2014
p6844
(lp6845
(I19
I2
tp6846
a(I26
I2
tp6847
a(I50
I5
tp6848
a(I81
I50
tp6849
a(I83
I4
tp6850
a(I87
I52
tp6851
a(I96
I2
tp6852
a(I99
I2
tp6853
asVday-to-day
p6854
(lp6855
(I83
I1
tp6856
asVskill
p6857
(lp6858
(I60
I1
tp6859
asVhappiness
p6860
(lp6861
(I50
I1
tp6862
asVweb
p6863
(lp6864
(I83
I53
tp6865
a(I87
I1
tp6866
asVwell-worn
p6867
(lp6868
(I96
I1
tp6869
asVsupply
p6870
(lp6871
(I60
I1
tp6872
a(I87
I1
tp6873
asVrealize
p6874
(lp6875
(I26
I1
tp6876
a(I87
I1
tp6877
asVbattery
p6878
(lp6879
(I26
I1
tp6880
a(I60
I1
tp6881
a(I96
I3
tp6882
asVadd
p6883
(lp6884
(I19
I1
tp6885
a(I87
I1
tp6886
asV1,568
p6887
(lp6888
(I83
I1
tp6889
asVski
p6890
(lp6891
(I50
I1
tp6892
asVearthquakes
p6893
(lp6894
(I19
I2
tp6895
asVlifelogger
p6896
(lp6897
(I26
I1
tp6898
asVco-founders
p6899
(lp6900
(I96
I1
tp6901
asVincreased
p6902
(lp6903
(I87
I1
tp6904
asVample
p6905
(lp6906
(I60
I1
tp6907
asVgovernment
p6908
(lp6909
(I87
I1
tp6910
asVmid-run
p6911
(lp6912
(I26
I1
tp6913
asVthey\u2019ve
p6914
(lp6915
(I26
I2
tp6916
asVfive
p6917
(lp6918
(I87
I1
tp6919
a(I99
I1
tp6920
asVknow
p6921
(lp6922
(I81
I50
tp6923
a(I87
I1
tp6924
a(I96
I2
tp6925
asVpress
p6926
(lp6927
(I96
I1
tp6928
asVimmediately
p6929
(lp6930
(I50
I1
tp6931
asVpassword
p6932
(lp6933
(I30
I2
tp6934
a(I55
I2
tp6935
a(I69
I2
tp6936
a(I81
I2
tp6937
a(I84
I2
tp6938
asVprominent
p6939
(lp6940
(I96
I1
tp6941
asVlike
p6942
(lp6943
(I19
I3
tp6944
a(I26
I7
tp6945
a(I30
I5
tp6946
a(I50
I5
tp6947
a(I55
I5
tp6948
a(I69
I5
tp6949
a(I81
I5
tp6950
a(I83
I1
tp6951
a(I84
I5
tp6952
a(I87
I13
tp6953
a(I96
I7
tp6954
a(I99
I1
tp6955
asVlost
p6956
(lp6957
(I50
I1
tp6958
asVgus
p6959
(lp6960
(I87
I1
tp6961
asVbecome
p6962
(lp6963
(I26
I1
tp6964
a(I87
I1
tp6965
a(I99
I1
tp6966
asVworks
p6967
(lp6968
(I60
I1
tp6969
a(I87
I2
tp6970
asVlends
p6971
(lp6972
(I50
I1
tp6973
asVaccessible
p6974
(lp6975
(I26
I1
tp6976
asVtwitter
p6977
(lp6978
(I30
I4
tp6979
a(I55
I4
tp6980
a(I69
I4
tp6981
a(I81
I4
tp6982
a(I84
I4
tp6983
a(I87
I2
tp6984
asVauthority
p6985
(lp6986
(I50
I1
tp6987
asVstar
p6988
(lp6989
(I26
I1
tp6990
asVpeter
p6991
(lp6992
(I87
I1
tp6993
asVhappens
p6994
(lp6995
(I19
I1
tp6996
a(I83
I1
tp6997
asVlead
p6998
(lp6999
(I50
I2
tp7000
asVhallways
p7001
(lp7002
(I50
I1
tp7003
asVleap
p7004
(lp7005
(I19
I10
tp7006
asVpassion
p7007
(lp7008
(I87
I1
tp7009
asVleader
p7010
(lp7011
(I87
I1
tp7012
asV?
p7013
(lp7014
(I19
I5
tp7015
a(I26
I5
tp7016
a(I30
I6
tp7017
a(I50
I1
tp7018
a(I55
I6
tp7019
a(I69
I6
tp7020
a(I81
I6
tp7021
a(I83
I4
tp7022
a(I84
I6
tp7023
a(I87
I1
tp7024
asVnoise
p7025
(lp7026
(I87
I1
tp7027
asVpressure
p7028
(lp7029
(I26
I1
tp7030
asValthough
p7031
(lp7032
(I87
I3
tp7033
asVwouldn\u2019t
p7034
(lp7035
(I26
I1
tp7036
asVboards
p7037
(lp7038
(I87
I1
tp7039
asVgetting
p7040
(lp7041
(I19
I50
tp7042
a(I87
I1
tp7043
a(I96
I1
tp7044
asVfreedom
p7045
(lp7046
(I50
I2
tp7047
asVshipping
p7048
(lp7049
(I96
I3
tp7050
asVintroduced
p7051
(lp7052
(I26
I1
tp7053
a(I87
I1
tp7054
asVsoftware
p7055
(lp7056
(I26
I2
tp7057
a(I87
I3
tp7058
a(I99
I1
tp7059
asVadopters
p7060
(lp7061
(I96
I1
tp7062
asVfunctional
p7063
(lp7064
(I96
I1
tp7065
asVweather
p7066
(lp7067
(I19
I2
tp7068
asVpromise
p7069
(lp7070
(I26
I3
tp7071
a(I96
I1
tp7072
asVquickly
p7073
(lp7074
(I60
I1
tp7075
asVadditional
p7076
(lp7077
(I26
I1
tp7078
asVapps
p7079
(lp7080
(I26
I1
tp7081
asVawarded
p7082
(lp7083
(I87
I1
tp7084
asVintention
p7085
(lp7086
(I26
I1
tp7087
asVmuch
p7088
(lp7089
(I19
I1
tp7090
a(I50
I1
tp7091
a(I87
I3
tp7092
asVbiggest
p7093
(lp7094
(I87
I1
tp7095
asVnaturally
p7096
(lp7097
(I26
I1
tp7098
asVbuy
p7099
(lp7100
(I26
I2
tp7101
asVhalf-keyboard
p7102
(lp7103
(I26
I1
tp7104
asVvolume
p7105
(lp7106
(I87
I1
tp7107
asVautomated
p7108
(lp7109
(I87
I1
tp7110
asVbookshelf
p7111
(lp7112
(I26
I1
tp7113
asVbug
p7114
(lp7115
(I19
I1
tp7116
a(I60
I1
tp7117
a(I87
I23
tp7118
a(I99
I4
tp7119
asVcount
p7120
(lp7121
(I26
I1
tp7122
asVmade
p7123
(lp7124
(I26
I2
tp7125
a(I87
I2
tp7126
a(I96
I2
tp7127
a(I99
I50
tp7128
asVplaces
p7129
(lp7130
(I50
I1
tp7131
a(I87
I1
tp7132
asVwhether
p7133
(lp7134
(I50
I1
tp7135
asVwish
p7136
(lp7137
(I50
I1
tp7138
asVofficial
p7139
(lp7140
(I87
I2
tp7141
asVsigned
p7142
(lp7143
(I30
I4
tp7144
a(I55
I4
tp7145
a(I69
I4
tp7146
a(I81
I4
tp7147
a(I84
I4
tp7148
asVrecord
p7149
(lp7150
(I99
I1
tp7151
asVproblem
p7152
(lp7153
(I19
I54
tp7154
a(I87
I6
tp7155
asVminutes
p7156
(lp7157
(I83
I1
tp7158
asVmarketplace
p7159
(lp7160
(I83
I1
tp7161
asVentering
p7162
(lp7163
(I87
I1
tp7164
asVpin
p7165
(lp7166
(I19
I1
tp7167
a(I26
I1
tp7168
a(I50
I1
tp7169
a(I60
I1
tp7170
a(I83
I1
tp7171
a(I87
I1
tp7172
a(I96
I1
tp7173
asVsmartphones
p7174
(lp7175
(I26
I1
tp7176
asVslowing
p7177
(lp7178
(I19
I1
tp7179
asV3,200
p7180
(lp7181
(I26
I1
tp7182
asVink
p7183
(lp7184
(I26
I4
tp7185
asVeducation
p7186
(lp7187
(I87
I1
tp7188
asV'll
p7189
(lp7190
(I19
I1
tp7191
a(I30
I2
tp7192
a(I55
I2
tp7193
a(I69
I2
tp7194
a(I81
I2
tp7195
a(I84
I2
tp7196
asVcontest
p7197
(lp7198
(I87
I1
tp7199
a(I99
I4
tp7200
asVpercent
p7201
(lp7202
(I87
I1
tp7203
a(I96
I1
tp7204
asV40
p7205
(lp7206
(I60
I1
tp7207
asV41
p7208
(lp7209
(I96
I1
tp7210
asVbook
p7211
(lp7212
(I26
I2
tp7213
a(I30
I50
tp7214
asVconclusion
p7215
(lp7216
(I50
I1
tp7217
asVkinds
p7218
(lp7219
(I50
I1
tp7220
asVjune
p7221
(lp7222
(I19
I3
tp7223
a(I26
I2
tp7224
asVstay
p7225
(lp7226
(I87
I1
tp7227
a(I96
I1
tp7228
asVchance
p7229
(lp7230
(I19
I1
tp7231
asVdetours
p7232
(lp7233
(I96
I1
tp7234
asVfriends
p7235
(lp7236
(I87
I1
tp7237
asVsearches
p7238
(lp7239
(I50
I1
tp7240
asVband-aid
p7241
(lp7242
(I87
I1
tp7243
asVrule
p7244
(lp7245
(I26
I1
tp7246
asVcpu
p7247
(lp7248
(I26
I1
tp7249
asVportion
p7250
(lp7251
(I87
I1
tp7252
as.None
